ARM GAS  C:\usertemp\cciqQ4xe.s 			page 1


   1              		.cpu cortex-m7
   2              		.arch armv7e-m
   3              		.fpu fpv5-d16
   4              		.eabi_attribute 28, 1
   5              		.eabi_attribute 20, 1
   6              		.eabi_attribute 21, 1
   7              		.eabi_attribute 23, 3
   8              		.eabi_attribute 24, 1
   9              		.eabi_attribute 25, 1
  10              		.eabi_attribute 26, 1
  11              		.eabi_attribute 30, 1
  12              		.eabi_attribute 34, 1
  13              		.eabi_attribute 18, 4
  14              		.file	"arm_rfft_fast_init_f32.c"
  15              		.text
  16              	.Ltext0:
  17              		.cfi_sections	.debug_frame
  18              		.file 1 "Drivers/CMSIS/DSP/Source/TransformFunctions/arm_rfft_fast_init_f32.c"
  19              		.section	.text.arm_rfft_32_fast_init_f32,"ax",%progbits
  20              		.align	1
  21              		.global	arm_rfft_32_fast_init_f32
  22              		.syntax unified
  23              		.thumb
  24              		.thumb_func
  26              	arm_rfft_32_fast_init_f32:
  27              	.LVL0:
  28              	.LFB145:
   1:Drivers/CMSIS/DSP/Source/TransformFunctions/arm_rfft_fast_init_f32.c **** /* ----------------------------------------------------------------------
   2:Drivers/CMSIS/DSP/Source/TransformFunctions/arm_rfft_fast_init_f32.c ****  * Project:      CMSIS DSP Library
   3:Drivers/CMSIS/DSP/Source/TransformFunctions/arm_rfft_fast_init_f32.c ****  * Title:        arm_cfft_init_f32.c
   4:Drivers/CMSIS/DSP/Source/TransformFunctions/arm_rfft_fast_init_f32.c ****  * Description:  Split Radix Decimation in Frequency CFFT Floating point processing function
   5:Drivers/CMSIS/DSP/Source/TransformFunctions/arm_rfft_fast_init_f32.c ****  *
   6:Drivers/CMSIS/DSP/Source/TransformFunctions/arm_rfft_fast_init_f32.c ****  * $Date:        18. March 2019
   7:Drivers/CMSIS/DSP/Source/TransformFunctions/arm_rfft_fast_init_f32.c ****  * $Revision:    V1.6.0
   8:Drivers/CMSIS/DSP/Source/TransformFunctions/arm_rfft_fast_init_f32.c ****  *
   9:Drivers/CMSIS/DSP/Source/TransformFunctions/arm_rfft_fast_init_f32.c ****  * Target Processor: Cortex-M cores
  10:Drivers/CMSIS/DSP/Source/TransformFunctions/arm_rfft_fast_init_f32.c ****  * -------------------------------------------------------------------- */
  11:Drivers/CMSIS/DSP/Source/TransformFunctions/arm_rfft_fast_init_f32.c **** /*
  12:Drivers/CMSIS/DSP/Source/TransformFunctions/arm_rfft_fast_init_f32.c ****  * Copyright (C) 2010-2019 ARM Limited or its affiliates. All rights reserved.
  13:Drivers/CMSIS/DSP/Source/TransformFunctions/arm_rfft_fast_init_f32.c ****  *
  14:Drivers/CMSIS/DSP/Source/TransformFunctions/arm_rfft_fast_init_f32.c ****  * SPDX-License-Identifier: Apache-2.0
  15:Drivers/CMSIS/DSP/Source/TransformFunctions/arm_rfft_fast_init_f32.c ****  *
  16:Drivers/CMSIS/DSP/Source/TransformFunctions/arm_rfft_fast_init_f32.c ****  * Licensed under the Apache License, Version 2.0 (the License); you may
  17:Drivers/CMSIS/DSP/Source/TransformFunctions/arm_rfft_fast_init_f32.c ****  * not use this file except in compliance with the License.
  18:Drivers/CMSIS/DSP/Source/TransformFunctions/arm_rfft_fast_init_f32.c ****  * You may obtain a copy of the License at
  19:Drivers/CMSIS/DSP/Source/TransformFunctions/arm_rfft_fast_init_f32.c ****  *
  20:Drivers/CMSIS/DSP/Source/TransformFunctions/arm_rfft_fast_init_f32.c ****  * www.apache.org/licenses/LICENSE-2.0
  21:Drivers/CMSIS/DSP/Source/TransformFunctions/arm_rfft_fast_init_f32.c ****  *
  22:Drivers/CMSIS/DSP/Source/TransformFunctions/arm_rfft_fast_init_f32.c ****  * Unless required by applicable law or agreed to in writing, software
  23:Drivers/CMSIS/DSP/Source/TransformFunctions/arm_rfft_fast_init_f32.c ****  * distributed under the License is distributed on an AS IS BASIS, WITHOUT
  24:Drivers/CMSIS/DSP/Source/TransformFunctions/arm_rfft_fast_init_f32.c ****  * WARRANTIES OR CONDITIONS OF ANY KIND, either express or implied.
  25:Drivers/CMSIS/DSP/Source/TransformFunctions/arm_rfft_fast_init_f32.c ****  * See the License for the specific language governing permissions and
  26:Drivers/CMSIS/DSP/Source/TransformFunctions/arm_rfft_fast_init_f32.c ****  * limitations under the License.
  27:Drivers/CMSIS/DSP/Source/TransformFunctions/arm_rfft_fast_init_f32.c ****  */
  28:Drivers/CMSIS/DSP/Source/TransformFunctions/arm_rfft_fast_init_f32.c **** 
  29:Drivers/CMSIS/DSP/Source/TransformFunctions/arm_rfft_fast_init_f32.c **** #include "arm_math.h"
  30:Drivers/CMSIS/DSP/Source/TransformFunctions/arm_rfft_fast_init_f32.c **** #include "arm_common_tables.h"
ARM GAS  C:\usertemp\cciqQ4xe.s 			page 2


  31:Drivers/CMSIS/DSP/Source/TransformFunctions/arm_rfft_fast_init_f32.c **** 
  32:Drivers/CMSIS/DSP/Source/TransformFunctions/arm_rfft_fast_init_f32.c **** /**
  33:Drivers/CMSIS/DSP/Source/TransformFunctions/arm_rfft_fast_init_f32.c ****   @ingroup groupTransforms
  34:Drivers/CMSIS/DSP/Source/TransformFunctions/arm_rfft_fast_init_f32.c ****  */
  35:Drivers/CMSIS/DSP/Source/TransformFunctions/arm_rfft_fast_init_f32.c **** 
  36:Drivers/CMSIS/DSP/Source/TransformFunctions/arm_rfft_fast_init_f32.c **** /**
  37:Drivers/CMSIS/DSP/Source/TransformFunctions/arm_rfft_fast_init_f32.c ****   @addtogroup RealFFT
  38:Drivers/CMSIS/DSP/Source/TransformFunctions/arm_rfft_fast_init_f32.c ****   @{
  39:Drivers/CMSIS/DSP/Source/TransformFunctions/arm_rfft_fast_init_f32.c ****  */
  40:Drivers/CMSIS/DSP/Source/TransformFunctions/arm_rfft_fast_init_f32.c **** 
  41:Drivers/CMSIS/DSP/Source/TransformFunctions/arm_rfft_fast_init_f32.c **** #if !defined(ARM_DSP_CONFIG_TABLES) || defined(ARM_ALL_FFT_TABLES) || (defined(ARM_TABLE_TWIDDLECOE
  42:Drivers/CMSIS/DSP/Source/TransformFunctions/arm_rfft_fast_init_f32.c **** 
  43:Drivers/CMSIS/DSP/Source/TransformFunctions/arm_rfft_fast_init_f32.c **** /**
  44:Drivers/CMSIS/DSP/Source/TransformFunctions/arm_rfft_fast_init_f32.c ****   @brief         Initialization function for the 32pt floating-point real FFT.
  45:Drivers/CMSIS/DSP/Source/TransformFunctions/arm_rfft_fast_init_f32.c ****   @param[in,out] S  points to an arm_rfft_fast_instance_f32 structure
  46:Drivers/CMSIS/DSP/Source/TransformFunctions/arm_rfft_fast_init_f32.c ****   @return        execution status
  47:Drivers/CMSIS/DSP/Source/TransformFunctions/arm_rfft_fast_init_f32.c ****                    - \ref ARM_MATH_SUCCESS        : Operation successful
  48:Drivers/CMSIS/DSP/Source/TransformFunctions/arm_rfft_fast_init_f32.c ****                    - \ref ARM_MATH_ARGUMENT_ERROR : an error is detected
  49:Drivers/CMSIS/DSP/Source/TransformFunctions/arm_rfft_fast_init_f32.c ****  */
  50:Drivers/CMSIS/DSP/Source/TransformFunctions/arm_rfft_fast_init_f32.c **** 
  51:Drivers/CMSIS/DSP/Source/TransformFunctions/arm_rfft_fast_init_f32.c **** arm_status arm_rfft_32_fast_init_f32( arm_rfft_fast_instance_f32 * S ) {
  29              		.loc 1 51 72 view -0
  30              		.cfi_startproc
  31              		@ args = 0, pretend = 0, frame = 0
  32              		@ frame_needed = 0, uses_anonymous_args = 0
  33              		@ link register save eliminated.
  52:Drivers/CMSIS/DSP/Source/TransformFunctions/arm_rfft_fast_init_f32.c **** 
  53:Drivers/CMSIS/DSP/Source/TransformFunctions/arm_rfft_fast_init_f32.c ****   arm_cfft_instance_f32 * Sint;
  34              		.loc 1 53 3 view .LVU1
  54:Drivers/CMSIS/DSP/Source/TransformFunctions/arm_rfft_fast_init_f32.c **** 
  55:Drivers/CMSIS/DSP/Source/TransformFunctions/arm_rfft_fast_init_f32.c ****   if( !S ) return ARM_MATH_ARGUMENT_ERROR;
  35              		.loc 1 55 3 view .LVU2
  36              		.loc 1 55 5 is_stmt 0 view .LVU3
  37 0000 68B1     		cbz	r0, .L3
  56:Drivers/CMSIS/DSP/Source/TransformFunctions/arm_rfft_fast_init_f32.c **** 
  57:Drivers/CMSIS/DSP/Source/TransformFunctions/arm_rfft_fast_init_f32.c ****   Sint = &(S->Sint);
  38              		.loc 1 57 3 is_stmt 1 view .LVU4
  39              	.LVL1:
  58:Drivers/CMSIS/DSP/Source/TransformFunctions/arm_rfft_fast_init_f32.c ****   Sint->fftLen = 16U;
  40              		.loc 1 58 3 view .LVU5
  41              		.loc 1 58 16 is_stmt 0 view .LVU6
  42 0002 1022     		movs	r2, #16
  43 0004 0280     		strh	r2, [r0]	@ movhi
  59:Drivers/CMSIS/DSP/Source/TransformFunctions/arm_rfft_fast_init_f32.c ****   S->fftLenRFFT = 32U;
  44              		.loc 1 59 3 is_stmt 1 view .LVU7
  45              		.loc 1 59 17 is_stmt 0 view .LVU8
  46 0006 2022     		movs	r2, #32
  47 0008 0282     		strh	r2, [r0, #16]	@ movhi
  60:Drivers/CMSIS/DSP/Source/TransformFunctions/arm_rfft_fast_init_f32.c **** 
  61:Drivers/CMSIS/DSP/Source/TransformFunctions/arm_rfft_fast_init_f32.c ****   Sint->bitRevLength = ARMBITREVINDEXTABLE_16_TABLE_LENGTH;
  48              		.loc 1 61 3 is_stmt 1 view .LVU9
  49              		.loc 1 61 22 is_stmt 0 view .LVU10
  50 000a 1422     		movs	r2, #20
  51 000c 8281     		strh	r2, [r0, #12]	@ movhi
  62:Drivers/CMSIS/DSP/Source/TransformFunctions/arm_rfft_fast_init_f32.c ****   Sint->pBitRevTable = (uint16_t *)armBitRevIndexTable16;
  52              		.loc 1 62 3 is_stmt 1 view .LVU11
  53              		.loc 1 62 22 is_stmt 0 view .LVU12
ARM GAS  C:\usertemp\cciqQ4xe.s 			page 3


  54 000e 054A     		ldr	r2, .L4
  55 0010 8260     		str	r2, [r0, #8]
  63:Drivers/CMSIS/DSP/Source/TransformFunctions/arm_rfft_fast_init_f32.c ****   Sint->pTwiddle     = (float32_t *) twiddleCoef_16;
  56              		.loc 1 63 3 is_stmt 1 view .LVU13
  57              		.loc 1 63 22 is_stmt 0 view .LVU14
  58 0012 054A     		ldr	r2, .L4+4
  59 0014 4260     		str	r2, [r0, #4]
  64:Drivers/CMSIS/DSP/Source/TransformFunctions/arm_rfft_fast_init_f32.c ****   S->pTwiddleRFFT    = (float32_t *) twiddleCoef_rfft_32;
  60              		.loc 1 64 3 is_stmt 1 view .LVU15
  61              		.loc 1 64 22 is_stmt 0 view .LVU16
  62 0016 054A     		ldr	r2, .L4+8
  63 0018 4261     		str	r2, [r0, #20]
  65:Drivers/CMSIS/DSP/Source/TransformFunctions/arm_rfft_fast_init_f32.c **** 
  66:Drivers/CMSIS/DSP/Source/TransformFunctions/arm_rfft_fast_init_f32.c ****   return ARM_MATH_SUCCESS;
  64              		.loc 1 66 3 is_stmt 1 view .LVU17
  65              		.loc 1 66 10 is_stmt 0 view .LVU18
  66 001a 0020     		movs	r0, #0
  67              	.LVL2:
  68              		.loc 1 66 10 view .LVU19
  69 001c 7047     		bx	lr
  70              	.LVL3:
  71              	.L3:
  55:Drivers/CMSIS/DSP/Source/TransformFunctions/arm_rfft_fast_init_f32.c **** 
  72              		.loc 1 55 19 discriminator 1 view .LVU20
  73 001e 4FF0FF30 		mov	r0, #-1
  74              	.LVL4:
  67:Drivers/CMSIS/DSP/Source/TransformFunctions/arm_rfft_fast_init_f32.c **** }
  75              		.loc 1 67 1 view .LVU21
  76 0022 7047     		bx	lr
  77              	.L5:
  78              		.align	2
  79              	.L4:
  80 0024 00000000 		.word	armBitRevIndexTable16
  81 0028 00000000 		.word	twiddleCoef_16
  82 002c 00000000 		.word	twiddleCoef_rfft_32
  83              		.cfi_endproc
  84              	.LFE145:
  86              		.section	.text.arm_rfft_64_fast_init_f32,"ax",%progbits
  87              		.align	1
  88              		.global	arm_rfft_64_fast_init_f32
  89              		.syntax unified
  90              		.thumb
  91              		.thumb_func
  93              	arm_rfft_64_fast_init_f32:
  94              	.LVL5:
  95              	.LFB146:
  68:Drivers/CMSIS/DSP/Source/TransformFunctions/arm_rfft_fast_init_f32.c **** #endif 
  69:Drivers/CMSIS/DSP/Source/TransformFunctions/arm_rfft_fast_init_f32.c **** 
  70:Drivers/CMSIS/DSP/Source/TransformFunctions/arm_rfft_fast_init_f32.c **** #if !defined(ARM_DSP_CONFIG_TABLES) || defined(ARM_ALL_FFT_TABLES) || (defined(ARM_TABLE_TWIDDLECOE
  71:Drivers/CMSIS/DSP/Source/TransformFunctions/arm_rfft_fast_init_f32.c **** 
  72:Drivers/CMSIS/DSP/Source/TransformFunctions/arm_rfft_fast_init_f32.c **** /**
  73:Drivers/CMSIS/DSP/Source/TransformFunctions/arm_rfft_fast_init_f32.c ****   @brief         Initialization function for the 64pt floating-point real FFT.
  74:Drivers/CMSIS/DSP/Source/TransformFunctions/arm_rfft_fast_init_f32.c ****   @param[in,out] S  points to an arm_rfft_fast_instance_f32 structure
  75:Drivers/CMSIS/DSP/Source/TransformFunctions/arm_rfft_fast_init_f32.c ****   @return        execution status
  76:Drivers/CMSIS/DSP/Source/TransformFunctions/arm_rfft_fast_init_f32.c ****                    - \ref ARM_MATH_SUCCESS        : Operation successful
  77:Drivers/CMSIS/DSP/Source/TransformFunctions/arm_rfft_fast_init_f32.c ****                    - \ref ARM_MATH_ARGUMENT_ERROR : an error is detected
  78:Drivers/CMSIS/DSP/Source/TransformFunctions/arm_rfft_fast_init_f32.c ****  */
ARM GAS  C:\usertemp\cciqQ4xe.s 			page 4


  79:Drivers/CMSIS/DSP/Source/TransformFunctions/arm_rfft_fast_init_f32.c **** 
  80:Drivers/CMSIS/DSP/Source/TransformFunctions/arm_rfft_fast_init_f32.c **** arm_status arm_rfft_64_fast_init_f32( arm_rfft_fast_instance_f32 * S ) {
  96              		.loc 1 80 72 is_stmt 1 view -0
  97              		.cfi_startproc
  98              		@ args = 0, pretend = 0, frame = 0
  99              		@ frame_needed = 0, uses_anonymous_args = 0
 100              		@ link register save eliminated.
  81:Drivers/CMSIS/DSP/Source/TransformFunctions/arm_rfft_fast_init_f32.c **** 
  82:Drivers/CMSIS/DSP/Source/TransformFunctions/arm_rfft_fast_init_f32.c ****   arm_cfft_instance_f32 * Sint;
 101              		.loc 1 82 3 view .LVU23
  83:Drivers/CMSIS/DSP/Source/TransformFunctions/arm_rfft_fast_init_f32.c **** 
  84:Drivers/CMSIS/DSP/Source/TransformFunctions/arm_rfft_fast_init_f32.c ****   if( !S ) return ARM_MATH_ARGUMENT_ERROR;
 102              		.loc 1 84 3 view .LVU24
 103              		.loc 1 84 5 is_stmt 0 view .LVU25
 104 0000 68B1     		cbz	r0, .L8
  85:Drivers/CMSIS/DSP/Source/TransformFunctions/arm_rfft_fast_init_f32.c **** 
  86:Drivers/CMSIS/DSP/Source/TransformFunctions/arm_rfft_fast_init_f32.c ****   Sint = &(S->Sint);
 105              		.loc 1 86 3 is_stmt 1 view .LVU26
 106              	.LVL6:
  87:Drivers/CMSIS/DSP/Source/TransformFunctions/arm_rfft_fast_init_f32.c ****   Sint->fftLen = 32U;
 107              		.loc 1 87 3 view .LVU27
 108              		.loc 1 87 16 is_stmt 0 view .LVU28
 109 0002 2022     		movs	r2, #32
 110 0004 0280     		strh	r2, [r0]	@ movhi
  88:Drivers/CMSIS/DSP/Source/TransformFunctions/arm_rfft_fast_init_f32.c ****   S->fftLenRFFT = 64U;
 111              		.loc 1 88 3 is_stmt 1 view .LVU29
 112              		.loc 1 88 17 is_stmt 0 view .LVU30
 113 0006 4022     		movs	r2, #64
 114 0008 0282     		strh	r2, [r0, #16]	@ movhi
  89:Drivers/CMSIS/DSP/Source/TransformFunctions/arm_rfft_fast_init_f32.c **** 
  90:Drivers/CMSIS/DSP/Source/TransformFunctions/arm_rfft_fast_init_f32.c ****   Sint->bitRevLength = ARMBITREVINDEXTABLE_32_TABLE_LENGTH;
 115              		.loc 1 90 3 is_stmt 1 view .LVU31
 116              		.loc 1 90 22 is_stmt 0 view .LVU32
 117 000a 3022     		movs	r2, #48
 118 000c 8281     		strh	r2, [r0, #12]	@ movhi
  91:Drivers/CMSIS/DSP/Source/TransformFunctions/arm_rfft_fast_init_f32.c ****   Sint->pBitRevTable = (uint16_t *)armBitRevIndexTable32;
 119              		.loc 1 91 3 is_stmt 1 view .LVU33
 120              		.loc 1 91 22 is_stmt 0 view .LVU34
 121 000e 054A     		ldr	r2, .L9
 122 0010 8260     		str	r2, [r0, #8]
  92:Drivers/CMSIS/DSP/Source/TransformFunctions/arm_rfft_fast_init_f32.c ****   Sint->pTwiddle     = (float32_t *) twiddleCoef_32;
 123              		.loc 1 92 3 is_stmt 1 view .LVU35
 124              		.loc 1 92 22 is_stmt 0 view .LVU36
 125 0012 054A     		ldr	r2, .L9+4
 126 0014 4260     		str	r2, [r0, #4]
  93:Drivers/CMSIS/DSP/Source/TransformFunctions/arm_rfft_fast_init_f32.c ****   S->pTwiddleRFFT    = (float32_t *) twiddleCoef_rfft_64;
 127              		.loc 1 93 3 is_stmt 1 view .LVU37
 128              		.loc 1 93 22 is_stmt 0 view .LVU38
 129 0016 054A     		ldr	r2, .L9+8
 130 0018 4261     		str	r2, [r0, #20]
  94:Drivers/CMSIS/DSP/Source/TransformFunctions/arm_rfft_fast_init_f32.c **** 
  95:Drivers/CMSIS/DSP/Source/TransformFunctions/arm_rfft_fast_init_f32.c ****   return ARM_MATH_SUCCESS;
 131              		.loc 1 95 3 is_stmt 1 view .LVU39
 132              		.loc 1 95 10 is_stmt 0 view .LVU40
 133 001a 0020     		movs	r0, #0
 134              	.LVL7:
 135              		.loc 1 95 10 view .LVU41
ARM GAS  C:\usertemp\cciqQ4xe.s 			page 5


 136 001c 7047     		bx	lr
 137              	.LVL8:
 138              	.L8:
  84:Drivers/CMSIS/DSP/Source/TransformFunctions/arm_rfft_fast_init_f32.c **** 
 139              		.loc 1 84 19 discriminator 1 view .LVU42
 140 001e 4FF0FF30 		mov	r0, #-1
 141              	.LVL9:
  96:Drivers/CMSIS/DSP/Source/TransformFunctions/arm_rfft_fast_init_f32.c **** }
 142              		.loc 1 96 1 view .LVU43
 143 0022 7047     		bx	lr
 144              	.L10:
 145              		.align	2
 146              	.L9:
 147 0024 00000000 		.word	armBitRevIndexTable32
 148 0028 00000000 		.word	twiddleCoef_32
 149 002c 00000000 		.word	twiddleCoef_rfft_64
 150              		.cfi_endproc
 151              	.LFE146:
 153              		.section	.text.arm_rfft_256_fast_init_f32,"ax",%progbits
 154              		.align	1
 155              		.global	arm_rfft_256_fast_init_f32
 156              		.syntax unified
 157              		.thumb
 158              		.thumb_func
 160              	arm_rfft_256_fast_init_f32:
 161              	.LVL10:
 162              	.LFB148:
  97:Drivers/CMSIS/DSP/Source/TransformFunctions/arm_rfft_fast_init_f32.c **** #endif 
  98:Drivers/CMSIS/DSP/Source/TransformFunctions/arm_rfft_fast_init_f32.c **** 
  99:Drivers/CMSIS/DSP/Source/TransformFunctions/arm_rfft_fast_init_f32.c **** #if !defined(ARM_DSP_CONFIG_TABLES) || defined(ARM_ALL_FFT_TABLES) || (defined(ARM_TABLE_TWIDDLECOE
 100:Drivers/CMSIS/DSP/Source/TransformFunctions/arm_rfft_fast_init_f32.c **** 
 101:Drivers/CMSIS/DSP/Source/TransformFunctions/arm_rfft_fast_init_f32.c **** /**
 102:Drivers/CMSIS/DSP/Source/TransformFunctions/arm_rfft_fast_init_f32.c ****   @brief         Initialization function for the 128pt floating-point real FFT.
 103:Drivers/CMSIS/DSP/Source/TransformFunctions/arm_rfft_fast_init_f32.c ****   @param[in,out] S  points to an arm_rfft_fast_instance_f32 structure
 104:Drivers/CMSIS/DSP/Source/TransformFunctions/arm_rfft_fast_init_f32.c ****   @return        execution status
 105:Drivers/CMSIS/DSP/Source/TransformFunctions/arm_rfft_fast_init_f32.c ****                    - \ref ARM_MATH_SUCCESS        : Operation successful
 106:Drivers/CMSIS/DSP/Source/TransformFunctions/arm_rfft_fast_init_f32.c ****                    - \ref ARM_MATH_ARGUMENT_ERROR : an error is detected
 107:Drivers/CMSIS/DSP/Source/TransformFunctions/arm_rfft_fast_init_f32.c ****  */
 108:Drivers/CMSIS/DSP/Source/TransformFunctions/arm_rfft_fast_init_f32.c **** 
 109:Drivers/CMSIS/DSP/Source/TransformFunctions/arm_rfft_fast_init_f32.c **** arm_status arm_rfft_128_fast_init_f32( arm_rfft_fast_instance_f32 * S ) {
 110:Drivers/CMSIS/DSP/Source/TransformFunctions/arm_rfft_fast_init_f32.c **** 
 111:Drivers/CMSIS/DSP/Source/TransformFunctions/arm_rfft_fast_init_f32.c ****   arm_cfft_instance_f32 * Sint;
 112:Drivers/CMSIS/DSP/Source/TransformFunctions/arm_rfft_fast_init_f32.c **** 
 113:Drivers/CMSIS/DSP/Source/TransformFunctions/arm_rfft_fast_init_f32.c ****   if( !S ) return ARM_MATH_ARGUMENT_ERROR;
 114:Drivers/CMSIS/DSP/Source/TransformFunctions/arm_rfft_fast_init_f32.c **** 
 115:Drivers/CMSIS/DSP/Source/TransformFunctions/arm_rfft_fast_init_f32.c ****   Sint = &(S->Sint);
 116:Drivers/CMSIS/DSP/Source/TransformFunctions/arm_rfft_fast_init_f32.c ****   Sint->fftLen = 64U;
 117:Drivers/CMSIS/DSP/Source/TransformFunctions/arm_rfft_fast_init_f32.c ****   S->fftLenRFFT = 128U;
 118:Drivers/CMSIS/DSP/Source/TransformFunctions/arm_rfft_fast_init_f32.c **** 
 119:Drivers/CMSIS/DSP/Source/TransformFunctions/arm_rfft_fast_init_f32.c ****   Sint->bitRevLength = ARMBITREVINDEXTABLE_64_TABLE_LENGTH;
 120:Drivers/CMSIS/DSP/Source/TransformFunctions/arm_rfft_fast_init_f32.c ****   Sint->pBitRevTable = (uint16_t *)armBitRevIndexTable64;
 121:Drivers/CMSIS/DSP/Source/TransformFunctions/arm_rfft_fast_init_f32.c ****   Sint->pTwiddle     = (float32_t *) twiddleCoef_64;
 122:Drivers/CMSIS/DSP/Source/TransformFunctions/arm_rfft_fast_init_f32.c ****   S->pTwiddleRFFT    = (float32_t *) twiddleCoef_rfft_128;
 123:Drivers/CMSIS/DSP/Source/TransformFunctions/arm_rfft_fast_init_f32.c **** 
 124:Drivers/CMSIS/DSP/Source/TransformFunctions/arm_rfft_fast_init_f32.c ****   return ARM_MATH_SUCCESS;
 125:Drivers/CMSIS/DSP/Source/TransformFunctions/arm_rfft_fast_init_f32.c **** }
 126:Drivers/CMSIS/DSP/Source/TransformFunctions/arm_rfft_fast_init_f32.c **** #endif 
ARM GAS  C:\usertemp\cciqQ4xe.s 			page 6


 127:Drivers/CMSIS/DSP/Source/TransformFunctions/arm_rfft_fast_init_f32.c **** 
 128:Drivers/CMSIS/DSP/Source/TransformFunctions/arm_rfft_fast_init_f32.c **** #if !defined(ARM_DSP_CONFIG_TABLES) || defined(ARM_ALL_FFT_TABLES) || (defined(ARM_TABLE_TWIDDLECOE
 129:Drivers/CMSIS/DSP/Source/TransformFunctions/arm_rfft_fast_init_f32.c **** 
 130:Drivers/CMSIS/DSP/Source/TransformFunctions/arm_rfft_fast_init_f32.c **** /**
 131:Drivers/CMSIS/DSP/Source/TransformFunctions/arm_rfft_fast_init_f32.c ****   @brief         Initialization function for the 256pt floating-point real FFT.
 132:Drivers/CMSIS/DSP/Source/TransformFunctions/arm_rfft_fast_init_f32.c ****   @param[in,out] S  points to an arm_rfft_fast_instance_f32 structure
 133:Drivers/CMSIS/DSP/Source/TransformFunctions/arm_rfft_fast_init_f32.c ****   @return        execution status
 134:Drivers/CMSIS/DSP/Source/TransformFunctions/arm_rfft_fast_init_f32.c ****                    - \ref ARM_MATH_SUCCESS        : Operation successful
 135:Drivers/CMSIS/DSP/Source/TransformFunctions/arm_rfft_fast_init_f32.c ****                    - \ref ARM_MATH_ARGUMENT_ERROR : an error is detected
 136:Drivers/CMSIS/DSP/Source/TransformFunctions/arm_rfft_fast_init_f32.c **** */
 137:Drivers/CMSIS/DSP/Source/TransformFunctions/arm_rfft_fast_init_f32.c **** 
 138:Drivers/CMSIS/DSP/Source/TransformFunctions/arm_rfft_fast_init_f32.c **** arm_status arm_rfft_256_fast_init_f32( arm_rfft_fast_instance_f32 * S ) {
 163              		.loc 1 138 73 is_stmt 1 view -0
 164              		.cfi_startproc
 165              		@ args = 0, pretend = 0, frame = 0
 166              		@ frame_needed = 0, uses_anonymous_args = 0
 167              		@ link register save eliminated.
 139:Drivers/CMSIS/DSP/Source/TransformFunctions/arm_rfft_fast_init_f32.c **** 
 140:Drivers/CMSIS/DSP/Source/TransformFunctions/arm_rfft_fast_init_f32.c ****   arm_cfft_instance_f32 * Sint;
 168              		.loc 1 140 3 view .LVU45
 141:Drivers/CMSIS/DSP/Source/TransformFunctions/arm_rfft_fast_init_f32.c **** 
 142:Drivers/CMSIS/DSP/Source/TransformFunctions/arm_rfft_fast_init_f32.c ****   if( !S ) return ARM_MATH_ARGUMENT_ERROR;
 169              		.loc 1 142 3 view .LVU46
 170              		.loc 1 142 5 is_stmt 0 view .LVU47
 171 0000 70B1     		cbz	r0, .L13
 143:Drivers/CMSIS/DSP/Source/TransformFunctions/arm_rfft_fast_init_f32.c **** 
 144:Drivers/CMSIS/DSP/Source/TransformFunctions/arm_rfft_fast_init_f32.c ****   Sint = &(S->Sint);
 172              		.loc 1 144 3 is_stmt 1 view .LVU48
 173              	.LVL11:
 145:Drivers/CMSIS/DSP/Source/TransformFunctions/arm_rfft_fast_init_f32.c ****   Sint->fftLen = 128U;
 174              		.loc 1 145 3 view .LVU49
 175              		.loc 1 145 16 is_stmt 0 view .LVU50
 176 0002 8022     		movs	r2, #128
 177 0004 0280     		strh	r2, [r0]	@ movhi
 146:Drivers/CMSIS/DSP/Source/TransformFunctions/arm_rfft_fast_init_f32.c ****   S->fftLenRFFT = 256U;
 178              		.loc 1 146 3 is_stmt 1 view .LVU51
 179              		.loc 1 146 17 is_stmt 0 view .LVU52
 180 0006 4FF48072 		mov	r2, #256
 181 000a 0282     		strh	r2, [r0, #16]	@ movhi
 147:Drivers/CMSIS/DSP/Source/TransformFunctions/arm_rfft_fast_init_f32.c **** 
 148:Drivers/CMSIS/DSP/Source/TransformFunctions/arm_rfft_fast_init_f32.c ****   Sint->bitRevLength = ARMBITREVINDEXTABLE_128_TABLE_LENGTH;
 182              		.loc 1 148 3 is_stmt 1 view .LVU53
 183              		.loc 1 148 22 is_stmt 0 view .LVU54
 184 000c D022     		movs	r2, #208
 185 000e 8281     		strh	r2, [r0, #12]	@ movhi
 149:Drivers/CMSIS/DSP/Source/TransformFunctions/arm_rfft_fast_init_f32.c ****   Sint->pBitRevTable = (uint16_t *)armBitRevIndexTable128;
 186              		.loc 1 149 3 is_stmt 1 view .LVU55
 187              		.loc 1 149 22 is_stmt 0 view .LVU56
 188 0010 054A     		ldr	r2, .L14
 189 0012 8260     		str	r2, [r0, #8]
 150:Drivers/CMSIS/DSP/Source/TransformFunctions/arm_rfft_fast_init_f32.c ****   Sint->pTwiddle     = (float32_t *) twiddleCoef_128;
 190              		.loc 1 150 3 is_stmt 1 view .LVU57
 191              		.loc 1 150 22 is_stmt 0 view .LVU58
 192 0014 054A     		ldr	r2, .L14+4
 193 0016 4260     		str	r2, [r0, #4]
 151:Drivers/CMSIS/DSP/Source/TransformFunctions/arm_rfft_fast_init_f32.c ****   S->pTwiddleRFFT    = (float32_t *) twiddleCoef_rfft_256;
 194              		.loc 1 151 3 is_stmt 1 view .LVU59
ARM GAS  C:\usertemp\cciqQ4xe.s 			page 7


 195              		.loc 1 151 22 is_stmt 0 view .LVU60
 196 0018 054A     		ldr	r2, .L14+8
 197 001a 4261     		str	r2, [r0, #20]
 152:Drivers/CMSIS/DSP/Source/TransformFunctions/arm_rfft_fast_init_f32.c **** 
 153:Drivers/CMSIS/DSP/Source/TransformFunctions/arm_rfft_fast_init_f32.c ****   return ARM_MATH_SUCCESS;
 198              		.loc 1 153 3 is_stmt 1 view .LVU61
 199              		.loc 1 153 10 is_stmt 0 view .LVU62
 200 001c 0020     		movs	r0, #0
 201              	.LVL12:
 202              		.loc 1 153 10 view .LVU63
 203 001e 7047     		bx	lr
 204              	.LVL13:
 205              	.L13:
 142:Drivers/CMSIS/DSP/Source/TransformFunctions/arm_rfft_fast_init_f32.c **** 
 206              		.loc 1 142 19 discriminator 1 view .LVU64
 207 0020 4FF0FF30 		mov	r0, #-1
 208              	.LVL14:
 154:Drivers/CMSIS/DSP/Source/TransformFunctions/arm_rfft_fast_init_f32.c **** }
 209              		.loc 1 154 1 view .LVU65
 210 0024 7047     		bx	lr
 211              	.L15:
 212 0026 00BF     		.align	2
 213              	.L14:
 214 0028 00000000 		.word	armBitRevIndexTable128
 215 002c 00000000 		.word	twiddleCoef_128
 216 0030 00000000 		.word	twiddleCoef_rfft_256
 217              		.cfi_endproc
 218              	.LFE148:
 220              		.section	.text.arm_rfft_512_fast_init_f32,"ax",%progbits
 221              		.align	1
 222              		.global	arm_rfft_512_fast_init_f32
 223              		.syntax unified
 224              		.thumb
 225              		.thumb_func
 227              	arm_rfft_512_fast_init_f32:
 228              	.LVL15:
 229              	.LFB149:
 155:Drivers/CMSIS/DSP/Source/TransformFunctions/arm_rfft_fast_init_f32.c **** #endif 
 156:Drivers/CMSIS/DSP/Source/TransformFunctions/arm_rfft_fast_init_f32.c **** 
 157:Drivers/CMSIS/DSP/Source/TransformFunctions/arm_rfft_fast_init_f32.c **** #if !defined(ARM_DSP_CONFIG_TABLES) || defined(ARM_ALL_FFT_TABLES) || (defined(ARM_TABLE_TWIDDLECOE
 158:Drivers/CMSIS/DSP/Source/TransformFunctions/arm_rfft_fast_init_f32.c **** 
 159:Drivers/CMSIS/DSP/Source/TransformFunctions/arm_rfft_fast_init_f32.c **** /**
 160:Drivers/CMSIS/DSP/Source/TransformFunctions/arm_rfft_fast_init_f32.c ****   @brief         Initialization function for the 512pt floating-point real FFT.
 161:Drivers/CMSIS/DSP/Source/TransformFunctions/arm_rfft_fast_init_f32.c ****   @param[in,out] S  points to an arm_rfft_fast_instance_f32 structure
 162:Drivers/CMSIS/DSP/Source/TransformFunctions/arm_rfft_fast_init_f32.c ****   @return        execution status
 163:Drivers/CMSIS/DSP/Source/TransformFunctions/arm_rfft_fast_init_f32.c ****                    - \ref ARM_MATH_SUCCESS        : Operation successful
 164:Drivers/CMSIS/DSP/Source/TransformFunctions/arm_rfft_fast_init_f32.c ****                    - \ref ARM_MATH_ARGUMENT_ERROR : an error is detected
 165:Drivers/CMSIS/DSP/Source/TransformFunctions/arm_rfft_fast_init_f32.c ****  */
 166:Drivers/CMSIS/DSP/Source/TransformFunctions/arm_rfft_fast_init_f32.c **** 
 167:Drivers/CMSIS/DSP/Source/TransformFunctions/arm_rfft_fast_init_f32.c **** arm_status arm_rfft_512_fast_init_f32( arm_rfft_fast_instance_f32 * S ) {
 230              		.loc 1 167 73 is_stmt 1 view -0
 231              		.cfi_startproc
 232              		@ args = 0, pretend = 0, frame = 0
 233              		@ frame_needed = 0, uses_anonymous_args = 0
 234              		@ link register save eliminated.
 168:Drivers/CMSIS/DSP/Source/TransformFunctions/arm_rfft_fast_init_f32.c **** 
 169:Drivers/CMSIS/DSP/Source/TransformFunctions/arm_rfft_fast_init_f32.c ****   arm_cfft_instance_f32 * Sint;
ARM GAS  C:\usertemp\cciqQ4xe.s 			page 8


 235              		.loc 1 169 3 view .LVU67
 170:Drivers/CMSIS/DSP/Source/TransformFunctions/arm_rfft_fast_init_f32.c **** 
 171:Drivers/CMSIS/DSP/Source/TransformFunctions/arm_rfft_fast_init_f32.c ****   if( !S ) return ARM_MATH_ARGUMENT_ERROR;
 236              		.loc 1 171 3 view .LVU68
 237              		.loc 1 171 5 is_stmt 0 view .LVU69
 238 0000 80B1     		cbz	r0, .L18
 172:Drivers/CMSIS/DSP/Source/TransformFunctions/arm_rfft_fast_init_f32.c **** 
 173:Drivers/CMSIS/DSP/Source/TransformFunctions/arm_rfft_fast_init_f32.c ****   Sint = &(S->Sint);
 239              		.loc 1 173 3 is_stmt 1 view .LVU70
 240              	.LVL16:
 174:Drivers/CMSIS/DSP/Source/TransformFunctions/arm_rfft_fast_init_f32.c ****   Sint->fftLen = 256U;
 241              		.loc 1 174 3 view .LVU71
 242              		.loc 1 174 16 is_stmt 0 view .LVU72
 243 0002 4FF48072 		mov	r2, #256
 244 0006 0280     		strh	r2, [r0]	@ movhi
 175:Drivers/CMSIS/DSP/Source/TransformFunctions/arm_rfft_fast_init_f32.c ****   S->fftLenRFFT = 512U;
 245              		.loc 1 175 3 is_stmt 1 view .LVU73
 246              		.loc 1 175 17 is_stmt 0 view .LVU74
 247 0008 4FF40072 		mov	r2, #512
 248 000c 0282     		strh	r2, [r0, #16]	@ movhi
 176:Drivers/CMSIS/DSP/Source/TransformFunctions/arm_rfft_fast_init_f32.c **** 
 177:Drivers/CMSIS/DSP/Source/TransformFunctions/arm_rfft_fast_init_f32.c ****   Sint->bitRevLength = ARMBITREVINDEXTABLE_256_TABLE_LENGTH;
 249              		.loc 1 177 3 is_stmt 1 view .LVU75
 250              		.loc 1 177 22 is_stmt 0 view .LVU76
 251 000e 4FF4DC72 		mov	r2, #440
 252 0012 8281     		strh	r2, [r0, #12]	@ movhi
 178:Drivers/CMSIS/DSP/Source/TransformFunctions/arm_rfft_fast_init_f32.c ****   Sint->pBitRevTable = (uint16_t *)armBitRevIndexTable256;
 253              		.loc 1 178 3 is_stmt 1 view .LVU77
 254              		.loc 1 178 22 is_stmt 0 view .LVU78
 255 0014 054A     		ldr	r2, .L19
 256 0016 8260     		str	r2, [r0, #8]
 179:Drivers/CMSIS/DSP/Source/TransformFunctions/arm_rfft_fast_init_f32.c ****   Sint->pTwiddle     = (float32_t *) twiddleCoef_256;
 257              		.loc 1 179 3 is_stmt 1 view .LVU79
 258              		.loc 1 179 22 is_stmt 0 view .LVU80
 259 0018 054A     		ldr	r2, .L19+4
 260 001a 4260     		str	r2, [r0, #4]
 180:Drivers/CMSIS/DSP/Source/TransformFunctions/arm_rfft_fast_init_f32.c ****   S->pTwiddleRFFT    = (float32_t *) twiddleCoef_rfft_512;
 261              		.loc 1 180 3 is_stmt 1 view .LVU81
 262              		.loc 1 180 22 is_stmt 0 view .LVU82
 263 001c 054A     		ldr	r2, .L19+8
 264 001e 4261     		str	r2, [r0, #20]
 181:Drivers/CMSIS/DSP/Source/TransformFunctions/arm_rfft_fast_init_f32.c **** 
 182:Drivers/CMSIS/DSP/Source/TransformFunctions/arm_rfft_fast_init_f32.c ****   return ARM_MATH_SUCCESS;
 265              		.loc 1 182 3 is_stmt 1 view .LVU83
 266              		.loc 1 182 10 is_stmt 0 view .LVU84
 267 0020 0020     		movs	r0, #0
 268              	.LVL17:
 269              		.loc 1 182 10 view .LVU85
 270 0022 7047     		bx	lr
 271              	.LVL18:
 272              	.L18:
 171:Drivers/CMSIS/DSP/Source/TransformFunctions/arm_rfft_fast_init_f32.c **** 
 273              		.loc 1 171 19 discriminator 1 view .LVU86
 274 0024 4FF0FF30 		mov	r0, #-1
 275              	.LVL19:
 183:Drivers/CMSIS/DSP/Source/TransformFunctions/arm_rfft_fast_init_f32.c **** }
 276              		.loc 1 183 1 view .LVU87
ARM GAS  C:\usertemp\cciqQ4xe.s 			page 9


 277 0028 7047     		bx	lr
 278              	.L20:
 279 002a 00BF     		.align	2
 280              	.L19:
 281 002c 00000000 		.word	armBitRevIndexTable256
 282 0030 00000000 		.word	twiddleCoef_256
 283 0034 00000000 		.word	twiddleCoef_rfft_512
 284              		.cfi_endproc
 285              	.LFE149:
 287              		.section	.text.arm_rfft_1024_fast_init_f32,"ax",%progbits
 288              		.align	1
 289              		.global	arm_rfft_1024_fast_init_f32
 290              		.syntax unified
 291              		.thumb
 292              		.thumb_func
 294              	arm_rfft_1024_fast_init_f32:
 295              	.LVL20:
 296              	.LFB150:
 184:Drivers/CMSIS/DSP/Source/TransformFunctions/arm_rfft_fast_init_f32.c **** #endif 
 185:Drivers/CMSIS/DSP/Source/TransformFunctions/arm_rfft_fast_init_f32.c **** 
 186:Drivers/CMSIS/DSP/Source/TransformFunctions/arm_rfft_fast_init_f32.c **** #if !defined(ARM_DSP_CONFIG_TABLES) || defined(ARM_ALL_FFT_TABLES) || (defined(ARM_TABLE_TWIDDLECOE
 187:Drivers/CMSIS/DSP/Source/TransformFunctions/arm_rfft_fast_init_f32.c **** /**
 188:Drivers/CMSIS/DSP/Source/TransformFunctions/arm_rfft_fast_init_f32.c ****   @brief         Initialization function for the 1024pt floating-point real FFT.
 189:Drivers/CMSIS/DSP/Source/TransformFunctions/arm_rfft_fast_init_f32.c ****   @param[in,out] S  points to an arm_rfft_fast_instance_f32 structure
 190:Drivers/CMSIS/DSP/Source/TransformFunctions/arm_rfft_fast_init_f32.c ****   @return        execution status
 191:Drivers/CMSIS/DSP/Source/TransformFunctions/arm_rfft_fast_init_f32.c ****                    - \ref ARM_MATH_SUCCESS        : Operation successful
 192:Drivers/CMSIS/DSP/Source/TransformFunctions/arm_rfft_fast_init_f32.c ****                    - \ref ARM_MATH_ARGUMENT_ERROR : an error is detected
 193:Drivers/CMSIS/DSP/Source/TransformFunctions/arm_rfft_fast_init_f32.c ****  */
 194:Drivers/CMSIS/DSP/Source/TransformFunctions/arm_rfft_fast_init_f32.c **** 
 195:Drivers/CMSIS/DSP/Source/TransformFunctions/arm_rfft_fast_init_f32.c **** arm_status arm_rfft_1024_fast_init_f32( arm_rfft_fast_instance_f32 * S ) {
 297              		.loc 1 195 74 is_stmt 1 view -0
 298              		.cfi_startproc
 299              		@ args = 0, pretend = 0, frame = 0
 300              		@ frame_needed = 0, uses_anonymous_args = 0
 301              		@ link register save eliminated.
 196:Drivers/CMSIS/DSP/Source/TransformFunctions/arm_rfft_fast_init_f32.c **** 
 197:Drivers/CMSIS/DSP/Source/TransformFunctions/arm_rfft_fast_init_f32.c ****   arm_cfft_instance_f32 * Sint;
 302              		.loc 1 197 3 view .LVU89
 198:Drivers/CMSIS/DSP/Source/TransformFunctions/arm_rfft_fast_init_f32.c **** 
 199:Drivers/CMSIS/DSP/Source/TransformFunctions/arm_rfft_fast_init_f32.c ****   if( !S ) return ARM_MATH_ARGUMENT_ERROR;
 303              		.loc 1 199 3 view .LVU90
 304              		.loc 1 199 5 is_stmt 0 view .LVU91
 305 0000 80B1     		cbz	r0, .L23
 200:Drivers/CMSIS/DSP/Source/TransformFunctions/arm_rfft_fast_init_f32.c **** 
 201:Drivers/CMSIS/DSP/Source/TransformFunctions/arm_rfft_fast_init_f32.c ****   Sint = &(S->Sint);
 306              		.loc 1 201 3 is_stmt 1 view .LVU92
 307              	.LVL21:
 202:Drivers/CMSIS/DSP/Source/TransformFunctions/arm_rfft_fast_init_f32.c ****   Sint->fftLen = 512U;
 308              		.loc 1 202 3 view .LVU93
 309              		.loc 1 202 16 is_stmt 0 view .LVU94
 310 0002 4FF40072 		mov	r2, #512
 311 0006 0280     		strh	r2, [r0]	@ movhi
 203:Drivers/CMSIS/DSP/Source/TransformFunctions/arm_rfft_fast_init_f32.c ****   S->fftLenRFFT = 1024U;
 312              		.loc 1 203 3 is_stmt 1 view .LVU95
 313              		.loc 1 203 17 is_stmt 0 view .LVU96
 314 0008 4FF48062 		mov	r2, #1024
 315 000c 0282     		strh	r2, [r0, #16]	@ movhi
ARM GAS  C:\usertemp\cciqQ4xe.s 			page 10


 204:Drivers/CMSIS/DSP/Source/TransformFunctions/arm_rfft_fast_init_f32.c **** 
 205:Drivers/CMSIS/DSP/Source/TransformFunctions/arm_rfft_fast_init_f32.c ****   Sint->bitRevLength = ARMBITREVINDEXTABLE_512_TABLE_LENGTH;
 316              		.loc 1 205 3 is_stmt 1 view .LVU97
 317              		.loc 1 205 22 is_stmt 0 view .LVU98
 318 000e 4FF4E072 		mov	r2, #448
 319 0012 8281     		strh	r2, [r0, #12]	@ movhi
 206:Drivers/CMSIS/DSP/Source/TransformFunctions/arm_rfft_fast_init_f32.c ****   Sint->pBitRevTable = (uint16_t *)armBitRevIndexTable512;
 320              		.loc 1 206 3 is_stmt 1 view .LVU99
 321              		.loc 1 206 22 is_stmt 0 view .LVU100
 322 0014 054A     		ldr	r2, .L24
 323 0016 8260     		str	r2, [r0, #8]
 207:Drivers/CMSIS/DSP/Source/TransformFunctions/arm_rfft_fast_init_f32.c ****   Sint->pTwiddle     = (float32_t *) twiddleCoef_512;
 324              		.loc 1 207 3 is_stmt 1 view .LVU101
 325              		.loc 1 207 22 is_stmt 0 view .LVU102
 326 0018 054A     		ldr	r2, .L24+4
 327 001a 4260     		str	r2, [r0, #4]
 208:Drivers/CMSIS/DSP/Source/TransformFunctions/arm_rfft_fast_init_f32.c ****   S->pTwiddleRFFT    = (float32_t *) twiddleCoef_rfft_1024;
 328              		.loc 1 208 3 is_stmt 1 view .LVU103
 329              		.loc 1 208 22 is_stmt 0 view .LVU104
 330 001c 054A     		ldr	r2, .L24+8
 331 001e 4261     		str	r2, [r0, #20]
 209:Drivers/CMSIS/DSP/Source/TransformFunctions/arm_rfft_fast_init_f32.c **** 
 210:Drivers/CMSIS/DSP/Source/TransformFunctions/arm_rfft_fast_init_f32.c ****   return ARM_MATH_SUCCESS;
 332              		.loc 1 210 3 is_stmt 1 view .LVU105
 333              		.loc 1 210 10 is_stmt 0 view .LVU106
 334 0020 0020     		movs	r0, #0
 335              	.LVL22:
 336              		.loc 1 210 10 view .LVU107
 337 0022 7047     		bx	lr
 338              	.LVL23:
 339              	.L23:
 199:Drivers/CMSIS/DSP/Source/TransformFunctions/arm_rfft_fast_init_f32.c **** 
 340              		.loc 1 199 19 discriminator 1 view .LVU108
 341 0024 4FF0FF30 		mov	r0, #-1
 342              	.LVL24:
 211:Drivers/CMSIS/DSP/Source/TransformFunctions/arm_rfft_fast_init_f32.c **** }
 343              		.loc 1 211 1 view .LVU109
 344 0028 7047     		bx	lr
 345              	.L25:
 346 002a 00BF     		.align	2
 347              	.L24:
 348 002c 00000000 		.word	armBitRevIndexTable512
 349 0030 00000000 		.word	twiddleCoef_512
 350 0034 00000000 		.word	twiddleCoef_rfft_1024
 351              		.cfi_endproc
 352              	.LFE150:
 354              		.section	.text.arm_rfft_2048_fast_init_f32,"ax",%progbits
 355              		.align	1
 356              		.global	arm_rfft_2048_fast_init_f32
 357              		.syntax unified
 358              		.thumb
 359              		.thumb_func
 361              	arm_rfft_2048_fast_init_f32:
 362              	.LVL25:
 363              	.LFB151:
 212:Drivers/CMSIS/DSP/Source/TransformFunctions/arm_rfft_fast_init_f32.c **** #endif
 213:Drivers/CMSIS/DSP/Source/TransformFunctions/arm_rfft_fast_init_f32.c **** 
ARM GAS  C:\usertemp\cciqQ4xe.s 			page 11


 214:Drivers/CMSIS/DSP/Source/TransformFunctions/arm_rfft_fast_init_f32.c **** #if !defined(ARM_DSP_CONFIG_TABLES) || defined(ARM_ALL_FFT_TABLES) || (defined(ARM_TABLE_TWIDDLECOE
 215:Drivers/CMSIS/DSP/Source/TransformFunctions/arm_rfft_fast_init_f32.c **** /**
 216:Drivers/CMSIS/DSP/Source/TransformFunctions/arm_rfft_fast_init_f32.c ****   @brief         Initialization function for the 2048pt floating-point real FFT.
 217:Drivers/CMSIS/DSP/Source/TransformFunctions/arm_rfft_fast_init_f32.c ****   @param[in,out] S  points to an arm_rfft_fast_instance_f32 structure
 218:Drivers/CMSIS/DSP/Source/TransformFunctions/arm_rfft_fast_init_f32.c ****   @return        execution status
 219:Drivers/CMSIS/DSP/Source/TransformFunctions/arm_rfft_fast_init_f32.c ****                    - \ref ARM_MATH_SUCCESS        : Operation successful
 220:Drivers/CMSIS/DSP/Source/TransformFunctions/arm_rfft_fast_init_f32.c ****                    - \ref ARM_MATH_ARGUMENT_ERROR : an error is detected
 221:Drivers/CMSIS/DSP/Source/TransformFunctions/arm_rfft_fast_init_f32.c ****  */
 222:Drivers/CMSIS/DSP/Source/TransformFunctions/arm_rfft_fast_init_f32.c **** arm_status arm_rfft_2048_fast_init_f32( arm_rfft_fast_instance_f32 * S ) {
 364              		.loc 1 222 74 is_stmt 1 view -0
 365              		.cfi_startproc
 366              		@ args = 0, pretend = 0, frame = 0
 367              		@ frame_needed = 0, uses_anonymous_args = 0
 368              		@ link register save eliminated.
 223:Drivers/CMSIS/DSP/Source/TransformFunctions/arm_rfft_fast_init_f32.c **** 
 224:Drivers/CMSIS/DSP/Source/TransformFunctions/arm_rfft_fast_init_f32.c ****   arm_cfft_instance_f32 * Sint;
 369              		.loc 1 224 3 view .LVU111
 225:Drivers/CMSIS/DSP/Source/TransformFunctions/arm_rfft_fast_init_f32.c **** 
 226:Drivers/CMSIS/DSP/Source/TransformFunctions/arm_rfft_fast_init_f32.c ****   if( !S ) return ARM_MATH_ARGUMENT_ERROR;
 370              		.loc 1 226 3 view .LVU112
 371              		.loc 1 226 5 is_stmt 0 view .LVU113
 372 0000 80B1     		cbz	r0, .L28
 227:Drivers/CMSIS/DSP/Source/TransformFunctions/arm_rfft_fast_init_f32.c **** 
 228:Drivers/CMSIS/DSP/Source/TransformFunctions/arm_rfft_fast_init_f32.c ****   Sint = &(S->Sint);
 373              		.loc 1 228 3 is_stmt 1 view .LVU114
 374              	.LVL26:
 229:Drivers/CMSIS/DSP/Source/TransformFunctions/arm_rfft_fast_init_f32.c ****   Sint->fftLen = 1024U;
 375              		.loc 1 229 3 view .LVU115
 376              		.loc 1 229 16 is_stmt 0 view .LVU116
 377 0002 4FF48062 		mov	r2, #1024
 378 0006 0280     		strh	r2, [r0]	@ movhi
 230:Drivers/CMSIS/DSP/Source/TransformFunctions/arm_rfft_fast_init_f32.c ****   S->fftLenRFFT = 2048U;
 379              		.loc 1 230 3 is_stmt 1 view .LVU117
 380              		.loc 1 230 17 is_stmt 0 view .LVU118
 381 0008 4FF40062 		mov	r2, #2048
 382 000c 0282     		strh	r2, [r0, #16]	@ movhi
 231:Drivers/CMSIS/DSP/Source/TransformFunctions/arm_rfft_fast_init_f32.c **** 
 232:Drivers/CMSIS/DSP/Source/TransformFunctions/arm_rfft_fast_init_f32.c ****   Sint->bitRevLength = ARMBITREVINDEXTABLE_1024_TABLE_LENGTH;
 383              		.loc 1 232 3 is_stmt 1 view .LVU119
 384              		.loc 1 232 22 is_stmt 0 view .LVU120
 385 000e 4FF4E162 		mov	r2, #1800
 386 0012 8281     		strh	r2, [r0, #12]	@ movhi
 233:Drivers/CMSIS/DSP/Source/TransformFunctions/arm_rfft_fast_init_f32.c ****   Sint->pBitRevTable = (uint16_t *)armBitRevIndexTable1024;
 387              		.loc 1 233 3 is_stmt 1 view .LVU121
 388              		.loc 1 233 22 is_stmt 0 view .LVU122
 389 0014 054A     		ldr	r2, .L29
 390 0016 8260     		str	r2, [r0, #8]
 234:Drivers/CMSIS/DSP/Source/TransformFunctions/arm_rfft_fast_init_f32.c ****   Sint->pTwiddle     = (float32_t *) twiddleCoef_1024;
 391              		.loc 1 234 3 is_stmt 1 view .LVU123
 392              		.loc 1 234 22 is_stmt 0 view .LVU124
 393 0018 054A     		ldr	r2, .L29+4
 394 001a 4260     		str	r2, [r0, #4]
 235:Drivers/CMSIS/DSP/Source/TransformFunctions/arm_rfft_fast_init_f32.c ****   S->pTwiddleRFFT    = (float32_t *) twiddleCoef_rfft_2048;
 395              		.loc 1 235 3 is_stmt 1 view .LVU125
 396              		.loc 1 235 22 is_stmt 0 view .LVU126
 397 001c 054A     		ldr	r2, .L29+8
 398 001e 4261     		str	r2, [r0, #20]
ARM GAS  C:\usertemp\cciqQ4xe.s 			page 12


 236:Drivers/CMSIS/DSP/Source/TransformFunctions/arm_rfft_fast_init_f32.c **** 
 237:Drivers/CMSIS/DSP/Source/TransformFunctions/arm_rfft_fast_init_f32.c ****   return ARM_MATH_SUCCESS;
 399              		.loc 1 237 3 is_stmt 1 view .LVU127
 400              		.loc 1 237 10 is_stmt 0 view .LVU128
 401 0020 0020     		movs	r0, #0
 402              	.LVL27:
 403              		.loc 1 237 10 view .LVU129
 404 0022 7047     		bx	lr
 405              	.LVL28:
 406              	.L28:
 226:Drivers/CMSIS/DSP/Source/TransformFunctions/arm_rfft_fast_init_f32.c **** 
 407              		.loc 1 226 19 discriminator 1 view .LVU130
 408 0024 4FF0FF30 		mov	r0, #-1
 409              	.LVL29:
 238:Drivers/CMSIS/DSP/Source/TransformFunctions/arm_rfft_fast_init_f32.c **** }
 410              		.loc 1 238 1 view .LVU131
 411 0028 7047     		bx	lr
 412              	.L30:
 413 002a 00BF     		.align	2
 414              	.L29:
 415 002c 00000000 		.word	armBitRevIndexTable1024
 416 0030 00000000 		.word	twiddleCoef_1024
 417 0034 00000000 		.word	twiddleCoef_rfft_2048
 418              		.cfi_endproc
 419              	.LFE151:
 421              		.section	.text.arm_rfft_4096_fast_init_f32,"ax",%progbits
 422              		.align	1
 423              		.global	arm_rfft_4096_fast_init_f32
 424              		.syntax unified
 425              		.thumb
 426              		.thumb_func
 428              	arm_rfft_4096_fast_init_f32:
 429              	.LVL30:
 430              	.LFB152:
 239:Drivers/CMSIS/DSP/Source/TransformFunctions/arm_rfft_fast_init_f32.c **** #endif
 240:Drivers/CMSIS/DSP/Source/TransformFunctions/arm_rfft_fast_init_f32.c **** 
 241:Drivers/CMSIS/DSP/Source/TransformFunctions/arm_rfft_fast_init_f32.c **** #if !defined(ARM_DSP_CONFIG_TABLES) || defined(ARM_ALL_FFT_TABLES) || (defined(ARM_TABLE_TWIDDLECOE
 242:Drivers/CMSIS/DSP/Source/TransformFunctions/arm_rfft_fast_init_f32.c **** /**
 243:Drivers/CMSIS/DSP/Source/TransformFunctions/arm_rfft_fast_init_f32.c **** * @brief         Initialization function for the 4096pt floating-point real FFT.
 244:Drivers/CMSIS/DSP/Source/TransformFunctions/arm_rfft_fast_init_f32.c **** * @param[in,out] S  points to an arm_rfft_fast_instance_f32 structure
 245:Drivers/CMSIS/DSP/Source/TransformFunctions/arm_rfft_fast_init_f32.c ****   @return        execution status
 246:Drivers/CMSIS/DSP/Source/TransformFunctions/arm_rfft_fast_init_f32.c ****                    - \ref ARM_MATH_SUCCESS        : Operation successful
 247:Drivers/CMSIS/DSP/Source/TransformFunctions/arm_rfft_fast_init_f32.c ****                    - \ref ARM_MATH_ARGUMENT_ERROR : an error is detected
 248:Drivers/CMSIS/DSP/Source/TransformFunctions/arm_rfft_fast_init_f32.c ****  */
 249:Drivers/CMSIS/DSP/Source/TransformFunctions/arm_rfft_fast_init_f32.c **** 
 250:Drivers/CMSIS/DSP/Source/TransformFunctions/arm_rfft_fast_init_f32.c **** arm_status arm_rfft_4096_fast_init_f32( arm_rfft_fast_instance_f32 * S ) {
 431              		.loc 1 250 74 is_stmt 1 view -0
 432              		.cfi_startproc
 433              		@ args = 0, pretend = 0, frame = 0
 434              		@ frame_needed = 0, uses_anonymous_args = 0
 435              		@ link register save eliminated.
 251:Drivers/CMSIS/DSP/Source/TransformFunctions/arm_rfft_fast_init_f32.c **** 
 252:Drivers/CMSIS/DSP/Source/TransformFunctions/arm_rfft_fast_init_f32.c ****   arm_cfft_instance_f32 * Sint;
 436              		.loc 1 252 3 view .LVU133
 253:Drivers/CMSIS/DSP/Source/TransformFunctions/arm_rfft_fast_init_f32.c **** 
 254:Drivers/CMSIS/DSP/Source/TransformFunctions/arm_rfft_fast_init_f32.c ****   if( !S ) return ARM_MATH_ARGUMENT_ERROR;
 437              		.loc 1 254 3 view .LVU134
ARM GAS  C:\usertemp\cciqQ4xe.s 			page 13


 438              		.loc 1 254 5 is_stmt 0 view .LVU135
 439 0000 80B1     		cbz	r0, .L33
 255:Drivers/CMSIS/DSP/Source/TransformFunctions/arm_rfft_fast_init_f32.c **** 
 256:Drivers/CMSIS/DSP/Source/TransformFunctions/arm_rfft_fast_init_f32.c ****   Sint = &(S->Sint);
 440              		.loc 1 256 3 is_stmt 1 view .LVU136
 441              	.LVL31:
 257:Drivers/CMSIS/DSP/Source/TransformFunctions/arm_rfft_fast_init_f32.c ****   Sint->fftLen = 2048U;
 442              		.loc 1 257 3 view .LVU137
 443              		.loc 1 257 16 is_stmt 0 view .LVU138
 444 0002 4FF40062 		mov	r2, #2048
 445 0006 0280     		strh	r2, [r0]	@ movhi
 258:Drivers/CMSIS/DSP/Source/TransformFunctions/arm_rfft_fast_init_f32.c ****   S->fftLenRFFT = 4096U;
 446              		.loc 1 258 3 is_stmt 1 view .LVU139
 447              		.loc 1 258 17 is_stmt 0 view .LVU140
 448 0008 4FF48052 		mov	r2, #4096
 449 000c 0282     		strh	r2, [r0, #16]	@ movhi
 259:Drivers/CMSIS/DSP/Source/TransformFunctions/arm_rfft_fast_init_f32.c **** 
 260:Drivers/CMSIS/DSP/Source/TransformFunctions/arm_rfft_fast_init_f32.c ****   Sint->bitRevLength = ARMBITREVINDEXTABLE_2048_TABLE_LENGTH;
 450              		.loc 1 260 3 is_stmt 1 view .LVU141
 451              		.loc 1 260 22 is_stmt 0 view .LVU142
 452 000e 4FF46E62 		mov	r2, #3808
 453 0012 8281     		strh	r2, [r0, #12]	@ movhi
 261:Drivers/CMSIS/DSP/Source/TransformFunctions/arm_rfft_fast_init_f32.c ****   Sint->pBitRevTable = (uint16_t *)armBitRevIndexTable2048;
 454              		.loc 1 261 3 is_stmt 1 view .LVU143
 455              		.loc 1 261 22 is_stmt 0 view .LVU144
 456 0014 054A     		ldr	r2, .L34
 457 0016 8260     		str	r2, [r0, #8]
 262:Drivers/CMSIS/DSP/Source/TransformFunctions/arm_rfft_fast_init_f32.c ****   Sint->pTwiddle     = (float32_t *) twiddleCoef_2048;
 458              		.loc 1 262 3 is_stmt 1 view .LVU145
 459              		.loc 1 262 22 is_stmt 0 view .LVU146
 460 0018 054A     		ldr	r2, .L34+4
 461 001a 4260     		str	r2, [r0, #4]
 263:Drivers/CMSIS/DSP/Source/TransformFunctions/arm_rfft_fast_init_f32.c ****   S->pTwiddleRFFT    = (float32_t *) twiddleCoef_rfft_4096;
 462              		.loc 1 263 3 is_stmt 1 view .LVU147
 463              		.loc 1 263 22 is_stmt 0 view .LVU148
 464 001c 054A     		ldr	r2, .L34+8
 465 001e 4261     		str	r2, [r0, #20]
 264:Drivers/CMSIS/DSP/Source/TransformFunctions/arm_rfft_fast_init_f32.c **** 
 265:Drivers/CMSIS/DSP/Source/TransformFunctions/arm_rfft_fast_init_f32.c ****   return ARM_MATH_SUCCESS;
 466              		.loc 1 265 3 is_stmt 1 view .LVU149
 467              		.loc 1 265 10 is_stmt 0 view .LVU150
 468 0020 0020     		movs	r0, #0
 469              	.LVL32:
 470              		.loc 1 265 10 view .LVU151
 471 0022 7047     		bx	lr
 472              	.LVL33:
 473              	.L33:
 254:Drivers/CMSIS/DSP/Source/TransformFunctions/arm_rfft_fast_init_f32.c **** 
 474              		.loc 1 254 19 discriminator 1 view .LVU152
 475 0024 4FF0FF30 		mov	r0, #-1
 476              	.LVL34:
 266:Drivers/CMSIS/DSP/Source/TransformFunctions/arm_rfft_fast_init_f32.c **** }
 477              		.loc 1 266 1 view .LVU153
 478 0028 7047     		bx	lr
 479              	.L35:
 480 002a 00BF     		.align	2
 481              	.L34:
ARM GAS  C:\usertemp\cciqQ4xe.s 			page 14


 482 002c 00000000 		.word	armBitRevIndexTable2048
 483 0030 00000000 		.word	twiddleCoef_2048
 484 0034 00000000 		.word	twiddleCoef_rfft_4096
 485              		.cfi_endproc
 486              	.LFE152:
 488              		.section	.text.arm_rfft_128_fast_init_f32,"ax",%progbits
 489              		.align	1
 490              		.global	arm_rfft_128_fast_init_f32
 491              		.syntax unified
 492              		.thumb
 493              		.thumb_func
 495              	arm_rfft_128_fast_init_f32:
 496              	.LVL35:
 497              	.LFB147:
 109:Drivers/CMSIS/DSP/Source/TransformFunctions/arm_rfft_fast_init_f32.c **** 
 498              		.loc 1 109 73 is_stmt 1 view -0
 499              		.cfi_startproc
 500              		@ args = 0, pretend = 0, frame = 0
 501              		@ frame_needed = 0, uses_anonymous_args = 0
 502              		@ link register save eliminated.
 111:Drivers/CMSIS/DSP/Source/TransformFunctions/arm_rfft_fast_init_f32.c **** 
 503              		.loc 1 111 3 view .LVU155
 113:Drivers/CMSIS/DSP/Source/TransformFunctions/arm_rfft_fast_init_f32.c **** 
 504              		.loc 1 113 3 view .LVU156
 113:Drivers/CMSIS/DSP/Source/TransformFunctions/arm_rfft_fast_init_f32.c **** 
 505              		.loc 1 113 5 is_stmt 0 view .LVU157
 506 0000 68B1     		cbz	r0, .L38
 115:Drivers/CMSIS/DSP/Source/TransformFunctions/arm_rfft_fast_init_f32.c ****   Sint->fftLen = 64U;
 507              		.loc 1 115 3 is_stmt 1 view .LVU158
 508              	.LVL36:
 116:Drivers/CMSIS/DSP/Source/TransformFunctions/arm_rfft_fast_init_f32.c ****   S->fftLenRFFT = 128U;
 509              		.loc 1 116 3 view .LVU159
 116:Drivers/CMSIS/DSP/Source/TransformFunctions/arm_rfft_fast_init_f32.c ****   S->fftLenRFFT = 128U;
 510              		.loc 1 116 16 is_stmt 0 view .LVU160
 511 0002 4022     		movs	r2, #64
 512 0004 0280     		strh	r2, [r0]	@ movhi
 117:Drivers/CMSIS/DSP/Source/TransformFunctions/arm_rfft_fast_init_f32.c **** 
 513              		.loc 1 117 3 is_stmt 1 view .LVU161
 117:Drivers/CMSIS/DSP/Source/TransformFunctions/arm_rfft_fast_init_f32.c **** 
 514              		.loc 1 117 17 is_stmt 0 view .LVU162
 515 0006 8022     		movs	r2, #128
 516 0008 0282     		strh	r2, [r0, #16]	@ movhi
 119:Drivers/CMSIS/DSP/Source/TransformFunctions/arm_rfft_fast_init_f32.c ****   Sint->pBitRevTable = (uint16_t *)armBitRevIndexTable64;
 517              		.loc 1 119 3 is_stmt 1 view .LVU163
 119:Drivers/CMSIS/DSP/Source/TransformFunctions/arm_rfft_fast_init_f32.c ****   Sint->pBitRevTable = (uint16_t *)armBitRevIndexTable64;
 518              		.loc 1 119 22 is_stmt 0 view .LVU164
 519 000a 3822     		movs	r2, #56
 520 000c 8281     		strh	r2, [r0, #12]	@ movhi
 120:Drivers/CMSIS/DSP/Source/TransformFunctions/arm_rfft_fast_init_f32.c ****   Sint->pTwiddle     = (float32_t *) twiddleCoef_64;
 521              		.loc 1 120 3 is_stmt 1 view .LVU165
 120:Drivers/CMSIS/DSP/Source/TransformFunctions/arm_rfft_fast_init_f32.c ****   Sint->pTwiddle     = (float32_t *) twiddleCoef_64;
 522              		.loc 1 120 22 is_stmt 0 view .LVU166
 523 000e 054A     		ldr	r2, .L39
 524 0010 8260     		str	r2, [r0, #8]
 121:Drivers/CMSIS/DSP/Source/TransformFunctions/arm_rfft_fast_init_f32.c ****   S->pTwiddleRFFT    = (float32_t *) twiddleCoef_rfft_128;
 525              		.loc 1 121 3 is_stmt 1 view .LVU167
 121:Drivers/CMSIS/DSP/Source/TransformFunctions/arm_rfft_fast_init_f32.c ****   S->pTwiddleRFFT    = (float32_t *) twiddleCoef_rfft_128;
ARM GAS  C:\usertemp\cciqQ4xe.s 			page 15


 526              		.loc 1 121 22 is_stmt 0 view .LVU168
 527 0012 054A     		ldr	r2, .L39+4
 528 0014 4260     		str	r2, [r0, #4]
 122:Drivers/CMSIS/DSP/Source/TransformFunctions/arm_rfft_fast_init_f32.c **** 
 529              		.loc 1 122 3 is_stmt 1 view .LVU169
 122:Drivers/CMSIS/DSP/Source/TransformFunctions/arm_rfft_fast_init_f32.c **** 
 530              		.loc 1 122 22 is_stmt 0 view .LVU170
 531 0016 054A     		ldr	r2, .L39+8
 532 0018 4261     		str	r2, [r0, #20]
 124:Drivers/CMSIS/DSP/Source/TransformFunctions/arm_rfft_fast_init_f32.c **** }
 533              		.loc 1 124 3 is_stmt 1 view .LVU171
 124:Drivers/CMSIS/DSP/Source/TransformFunctions/arm_rfft_fast_init_f32.c **** }
 534              		.loc 1 124 10 is_stmt 0 view .LVU172
 535 001a 0020     		movs	r0, #0
 536              	.LVL37:
 124:Drivers/CMSIS/DSP/Source/TransformFunctions/arm_rfft_fast_init_f32.c **** }
 537              		.loc 1 124 10 view .LVU173
 538 001c 7047     		bx	lr
 539              	.LVL38:
 540              	.L38:
 113:Drivers/CMSIS/DSP/Source/TransformFunctions/arm_rfft_fast_init_f32.c **** 
 541              		.loc 1 113 19 discriminator 1 view .LVU174
 542 001e 4FF0FF30 		mov	r0, #-1
 543              	.LVL39:
 125:Drivers/CMSIS/DSP/Source/TransformFunctions/arm_rfft_fast_init_f32.c **** #endif 
 544              		.loc 1 125 1 view .LVU175
 545 0022 7047     		bx	lr
 546              	.L40:
 547              		.align	2
 548              	.L39:
 549 0024 00000000 		.word	armBitRevIndexTable64
 550 0028 00000000 		.word	twiddleCoef_64
 551 002c 00000000 		.word	twiddleCoef_rfft_128
 552              		.cfi_endproc
 553              	.LFE147:
 555              		.section	.text.arm_rfft_fast_init_f32,"ax",%progbits
 556              		.align	1
 557              		.global	arm_rfft_fast_init_f32
 558              		.syntax unified
 559              		.thumb
 560              		.thumb_func
 562              	arm_rfft_fast_init_f32:
 563              	.LVL40:
 564              	.LFB153:
 267:Drivers/CMSIS/DSP/Source/TransformFunctions/arm_rfft_fast_init_f32.c **** #endif 
 268:Drivers/CMSIS/DSP/Source/TransformFunctions/arm_rfft_fast_init_f32.c **** 
 269:Drivers/CMSIS/DSP/Source/TransformFunctions/arm_rfft_fast_init_f32.c **** /**
 270:Drivers/CMSIS/DSP/Source/TransformFunctions/arm_rfft_fast_init_f32.c ****   @brief         Initialization function for the floating-point real FFT.
 271:Drivers/CMSIS/DSP/Source/TransformFunctions/arm_rfft_fast_init_f32.c ****   @param[in,out] S       points to an arm_rfft_fast_instance_f32 structure
 272:Drivers/CMSIS/DSP/Source/TransformFunctions/arm_rfft_fast_init_f32.c ****   @param[in]     fftLen  length of the Real Sequence
 273:Drivers/CMSIS/DSP/Source/TransformFunctions/arm_rfft_fast_init_f32.c ****   @return        execution status
 274:Drivers/CMSIS/DSP/Source/TransformFunctions/arm_rfft_fast_init_f32.c ****                    - \ref ARM_MATH_SUCCESS        : Operation successful
 275:Drivers/CMSIS/DSP/Source/TransformFunctions/arm_rfft_fast_init_f32.c ****                    - \ref ARM_MATH_ARGUMENT_ERROR : <code>fftLen</code> is not a supported length
 276:Drivers/CMSIS/DSP/Source/TransformFunctions/arm_rfft_fast_init_f32.c **** 
 277:Drivers/CMSIS/DSP/Source/TransformFunctions/arm_rfft_fast_init_f32.c ****   @par           Description
 278:Drivers/CMSIS/DSP/Source/TransformFunctions/arm_rfft_fast_init_f32.c ****                    The parameter <code>fftLen</code> specifies the length of RFFT/CIFFT process.
 279:Drivers/CMSIS/DSP/Source/TransformFunctions/arm_rfft_fast_init_f32.c ****                    Supported FFT Lengths are 32, 64, 128, 256, 512, 1024, 2048, 4096.
ARM GAS  C:\usertemp\cciqQ4xe.s 			page 16


 280:Drivers/CMSIS/DSP/Source/TransformFunctions/arm_rfft_fast_init_f32.c ****   @par
 281:Drivers/CMSIS/DSP/Source/TransformFunctions/arm_rfft_fast_init_f32.c ****                    This Function also initializes Twiddle factor table pointer and Bit reversal tab
 282:Drivers/CMSIS/DSP/Source/TransformFunctions/arm_rfft_fast_init_f32.c ****  */
 283:Drivers/CMSIS/DSP/Source/TransformFunctions/arm_rfft_fast_init_f32.c **** 
 284:Drivers/CMSIS/DSP/Source/TransformFunctions/arm_rfft_fast_init_f32.c **** arm_status arm_rfft_fast_init_f32(
 285:Drivers/CMSIS/DSP/Source/TransformFunctions/arm_rfft_fast_init_f32.c ****   arm_rfft_fast_instance_f32 * S,
 286:Drivers/CMSIS/DSP/Source/TransformFunctions/arm_rfft_fast_init_f32.c ****   uint16_t fftLen)
 287:Drivers/CMSIS/DSP/Source/TransformFunctions/arm_rfft_fast_init_f32.c **** {
 565              		.loc 1 287 1 is_stmt 1 view -0
 566              		.cfi_startproc
 567              		@ args = 0, pretend = 0, frame = 0
 568              		@ frame_needed = 0, uses_anonymous_args = 0
 569              		.loc 1 287 1 is_stmt 0 view .LVU177
 570 0000 08B5     		push	{r3, lr}
 571              	.LCFI0:
 572              		.cfi_def_cfa_offset 8
 573              		.cfi_offset 3, -8
 574              		.cfi_offset 14, -4
 288:Drivers/CMSIS/DSP/Source/TransformFunctions/arm_rfft_fast_init_f32.c ****   typedef arm_status(*fft_init_ptr)( arm_rfft_fast_instance_f32 *);
 575              		.loc 1 288 3 is_stmt 1 view .LVU178
 289:Drivers/CMSIS/DSP/Source/TransformFunctions/arm_rfft_fast_init_f32.c ****   fft_init_ptr fptr = 0x0;
 576              		.loc 1 289 3 view .LVU179
 577              	.LVL41:
 290:Drivers/CMSIS/DSP/Source/TransformFunctions/arm_rfft_fast_init_f32.c **** 
 291:Drivers/CMSIS/DSP/Source/TransformFunctions/arm_rfft_fast_init_f32.c ****   switch (fftLen)
 578              		.loc 1 291 3 view .LVU180
 579 0002 B1F5007F 		cmp	r1, #512
 580 0006 18D0     		beq	.L45
 581 0008 0BD8     		bhi	.L43
 582 000a 4029     		cmp	r1, #64
 583 000c 17D0     		beq	.L46
 584 000e B1F5807F 		cmp	r1, #256
 585 0012 16D0     		beq	.L47
 586 0014 2029     		cmp	r1, #32
 587 0016 01D1     		bne	.L53
 292:Drivers/CMSIS/DSP/Source/TransformFunctions/arm_rfft_fast_init_f32.c ****   {
 293:Drivers/CMSIS/DSP/Source/TransformFunctions/arm_rfft_fast_init_f32.c **** #if !defined(ARM_DSP_CONFIG_TABLES) || defined(ARM_ALL_FFT_TABLES) || (defined(ARM_TABLE_TWIDDLECOE
 294:Drivers/CMSIS/DSP/Source/TransformFunctions/arm_rfft_fast_init_f32.c ****   case 4096U:
 295:Drivers/CMSIS/DSP/Source/TransformFunctions/arm_rfft_fast_init_f32.c ****     fptr = arm_rfft_4096_fast_init_f32;
 296:Drivers/CMSIS/DSP/Source/TransformFunctions/arm_rfft_fast_init_f32.c ****     break;
 297:Drivers/CMSIS/DSP/Source/TransformFunctions/arm_rfft_fast_init_f32.c **** #endif
 298:Drivers/CMSIS/DSP/Source/TransformFunctions/arm_rfft_fast_init_f32.c **** #if !defined(ARM_DSP_CONFIG_TABLES) || defined(ARM_ALL_FFT_TABLES) || (defined(ARM_TABLE_TWIDDLECOE
 299:Drivers/CMSIS/DSP/Source/TransformFunctions/arm_rfft_fast_init_f32.c ****   case 2048U:
 300:Drivers/CMSIS/DSP/Source/TransformFunctions/arm_rfft_fast_init_f32.c ****     fptr = arm_rfft_2048_fast_init_f32;
 301:Drivers/CMSIS/DSP/Source/TransformFunctions/arm_rfft_fast_init_f32.c ****     break;
 302:Drivers/CMSIS/DSP/Source/TransformFunctions/arm_rfft_fast_init_f32.c **** #endif
 303:Drivers/CMSIS/DSP/Source/TransformFunctions/arm_rfft_fast_init_f32.c **** #if !defined(ARM_DSP_CONFIG_TABLES) || defined(ARM_ALL_FFT_TABLES) || (defined(ARM_TABLE_TWIDDLECOE
 304:Drivers/CMSIS/DSP/Source/TransformFunctions/arm_rfft_fast_init_f32.c ****   case 1024U:
 305:Drivers/CMSIS/DSP/Source/TransformFunctions/arm_rfft_fast_init_f32.c ****     fptr = arm_rfft_1024_fast_init_f32;
 306:Drivers/CMSIS/DSP/Source/TransformFunctions/arm_rfft_fast_init_f32.c ****     break;
 307:Drivers/CMSIS/DSP/Source/TransformFunctions/arm_rfft_fast_init_f32.c **** #endif
 308:Drivers/CMSIS/DSP/Source/TransformFunctions/arm_rfft_fast_init_f32.c **** #if !defined(ARM_DSP_CONFIG_TABLES) || defined(ARM_ALL_FFT_TABLES) || (defined(ARM_TABLE_TWIDDLECOE
 309:Drivers/CMSIS/DSP/Source/TransformFunctions/arm_rfft_fast_init_f32.c ****   case 512U:
 310:Drivers/CMSIS/DSP/Source/TransformFunctions/arm_rfft_fast_init_f32.c ****     fptr = arm_rfft_512_fast_init_f32;
 311:Drivers/CMSIS/DSP/Source/TransformFunctions/arm_rfft_fast_init_f32.c ****     break;
 312:Drivers/CMSIS/DSP/Source/TransformFunctions/arm_rfft_fast_init_f32.c **** #endif
 313:Drivers/CMSIS/DSP/Source/TransformFunctions/arm_rfft_fast_init_f32.c **** #if !defined(ARM_DSP_CONFIG_TABLES) || defined(ARM_ALL_FFT_TABLES) || (defined(ARM_TABLE_TWIDDLECOE
ARM GAS  C:\usertemp\cciqQ4xe.s 			page 17


 314:Drivers/CMSIS/DSP/Source/TransformFunctions/arm_rfft_fast_init_f32.c ****   case 256U:
 315:Drivers/CMSIS/DSP/Source/TransformFunctions/arm_rfft_fast_init_f32.c ****     fptr = arm_rfft_256_fast_init_f32;
 316:Drivers/CMSIS/DSP/Source/TransformFunctions/arm_rfft_fast_init_f32.c ****     break;
 317:Drivers/CMSIS/DSP/Source/TransformFunctions/arm_rfft_fast_init_f32.c **** #endif
 318:Drivers/CMSIS/DSP/Source/TransformFunctions/arm_rfft_fast_init_f32.c **** #if (defined(ARM_TABLE_TWIDDLECOEF_F32_64) && defined(ARM_TABLE_BITREVIDX_FLT_64) && defined(ARM_TA
 319:Drivers/CMSIS/DSP/Source/TransformFunctions/arm_rfft_fast_init_f32.c ****   case 128U:
 320:Drivers/CMSIS/DSP/Source/TransformFunctions/arm_rfft_fast_init_f32.c ****     fptr = arm_rfft_128_fast_init_f32;
 321:Drivers/CMSIS/DSP/Source/TransformFunctions/arm_rfft_fast_init_f32.c ****     break;
 322:Drivers/CMSIS/DSP/Source/TransformFunctions/arm_rfft_fast_init_f32.c **** #endif
 323:Drivers/CMSIS/DSP/Source/TransformFunctions/arm_rfft_fast_init_f32.c **** #if !defined(ARM_DSP_CONFIG_TABLES) || defined(ARM_ALL_FFT_TABLES) || (defined(ARM_TABLE_TWIDDLECOE
 324:Drivers/CMSIS/DSP/Source/TransformFunctions/arm_rfft_fast_init_f32.c ****   case 64U:
 325:Drivers/CMSIS/DSP/Source/TransformFunctions/arm_rfft_fast_init_f32.c ****     fptr = arm_rfft_64_fast_init_f32;
 326:Drivers/CMSIS/DSP/Source/TransformFunctions/arm_rfft_fast_init_f32.c ****     break;
 327:Drivers/CMSIS/DSP/Source/TransformFunctions/arm_rfft_fast_init_f32.c **** #endif
 328:Drivers/CMSIS/DSP/Source/TransformFunctions/arm_rfft_fast_init_f32.c **** #if !defined(ARM_DSP_CONFIG_TABLES) || defined(ARM_ALL_FFT_TABLES) || (defined(ARM_TABLE_TWIDDLECOE
 329:Drivers/CMSIS/DSP/Source/TransformFunctions/arm_rfft_fast_init_f32.c ****   case 32U:
 330:Drivers/CMSIS/DSP/Source/TransformFunctions/arm_rfft_fast_init_f32.c ****     fptr = arm_rfft_32_fast_init_f32;
 588              		.loc 1 330 10 is_stmt 0 view .LVU181
 589 0018 0E4B     		ldr	r3, .L54
 590 001a 0CE0     		b	.L42
 591              	.L53:
 291:Drivers/CMSIS/DSP/Source/TransformFunctions/arm_rfft_fast_init_f32.c ****   {
 592              		.loc 1 291 3 view .LVU182
 593 001c 4FF0FF30 		mov	r0, #-1
 594              	.LVL42:
 291:Drivers/CMSIS/DSP/Source/TransformFunctions/arm_rfft_fast_init_f32.c ****   {
 595              		.loc 1 291 3 view .LVU183
 596 0020 0AE0     		b	.L44
 597              	.LVL43:
 598              	.L43:
 291:Drivers/CMSIS/DSP/Source/TransformFunctions/arm_rfft_fast_init_f32.c ****   {
 599              		.loc 1 291 3 view .LVU184
 600 0022 B1F5006F 		cmp	r1, #2048
 601 0026 0ED0     		beq	.L49
 602 0028 B1F5805F 		cmp	r1, #4096
 603 002c 0DD0     		beq	.L50
 604 002e B1F5806F 		cmp	r1, #1024
 605 0032 0CD1     		bne	.L51
 305:Drivers/CMSIS/DSP/Source/TransformFunctions/arm_rfft_fast_init_f32.c ****     break;
 606              		.loc 1 305 10 view .LVU185
 607 0034 084B     		ldr	r3, .L54+4
 608              	.L42:
 609              	.LVL44:
 331:Drivers/CMSIS/DSP/Source/TransformFunctions/arm_rfft_fast_init_f32.c ****     break;
 332:Drivers/CMSIS/DSP/Source/TransformFunctions/arm_rfft_fast_init_f32.c **** #endif
 333:Drivers/CMSIS/DSP/Source/TransformFunctions/arm_rfft_fast_init_f32.c ****   default:
 334:Drivers/CMSIS/DSP/Source/TransformFunctions/arm_rfft_fast_init_f32.c ****     return ARM_MATH_ARGUMENT_ERROR;
 335:Drivers/CMSIS/DSP/Source/TransformFunctions/arm_rfft_fast_init_f32.c ****   }
 336:Drivers/CMSIS/DSP/Source/TransformFunctions/arm_rfft_fast_init_f32.c **** 
 337:Drivers/CMSIS/DSP/Source/TransformFunctions/arm_rfft_fast_init_f32.c ****   if( ! fptr ) return ARM_MATH_ARGUMENT_ERROR;
 338:Drivers/CMSIS/DSP/Source/TransformFunctions/arm_rfft_fast_init_f32.c ****   return fptr( S );
 610              		.loc 1 338 3 is_stmt 1 view .LVU186
 611              		.loc 1 338 10 is_stmt 0 view .LVU187
 612 0036 9847     		blx	r3
 613              	.LVL45:
 614              	.L44:
 339:Drivers/CMSIS/DSP/Source/TransformFunctions/arm_rfft_fast_init_f32.c **** 
ARM GAS  C:\usertemp\cciqQ4xe.s 			page 18


 340:Drivers/CMSIS/DSP/Source/TransformFunctions/arm_rfft_fast_init_f32.c **** }
 615              		.loc 1 340 1 view .LVU188
 616 0038 08BD     		pop	{r3, pc}
 617              	.LVL46:
 618              	.L45:
 310:Drivers/CMSIS/DSP/Source/TransformFunctions/arm_rfft_fast_init_f32.c ****     break;
 619              		.loc 1 310 10 view .LVU189
 620 003a 084B     		ldr	r3, .L54+8
 621 003c FBE7     		b	.L42
 622              	.L46:
 325:Drivers/CMSIS/DSP/Source/TransformFunctions/arm_rfft_fast_init_f32.c ****     break;
 623              		.loc 1 325 10 view .LVU190
 624 003e 084B     		ldr	r3, .L54+12
 625 0040 F9E7     		b	.L42
 626              	.L47:
 315:Drivers/CMSIS/DSP/Source/TransformFunctions/arm_rfft_fast_init_f32.c ****     break;
 627              		.loc 1 315 10 view .LVU191
 628 0042 084B     		ldr	r3, .L54+16
 629 0044 F7E7     		b	.L42
 630              	.L49:
 300:Drivers/CMSIS/DSP/Source/TransformFunctions/arm_rfft_fast_init_f32.c ****     break;
 631              		.loc 1 300 10 view .LVU192
 632 0046 084B     		ldr	r3, .L54+20
 633 0048 F5E7     		b	.L42
 634              	.L50:
 291:Drivers/CMSIS/DSP/Source/TransformFunctions/arm_rfft_fast_init_f32.c ****   {
 635              		.loc 1 291 3 view .LVU193
 636 004a 084B     		ldr	r3, .L54+24
 637 004c F3E7     		b	.L42
 638              	.L51:
 639 004e 4FF0FF30 		mov	r0, #-1
 640              	.LVL47:
 291:Drivers/CMSIS/DSP/Source/TransformFunctions/arm_rfft_fast_init_f32.c ****   {
 641              		.loc 1 291 3 view .LVU194
 642 0052 F1E7     		b	.L44
 643              	.L55:
 644              		.align	2
 645              	.L54:
 646 0054 00000000 		.word	arm_rfft_32_fast_init_f32
 647 0058 00000000 		.word	arm_rfft_1024_fast_init_f32
 648 005c 00000000 		.word	arm_rfft_512_fast_init_f32
 649 0060 00000000 		.word	arm_rfft_64_fast_init_f32
 650 0064 00000000 		.word	arm_rfft_256_fast_init_f32
 651 0068 00000000 		.word	arm_rfft_2048_fast_init_f32
 652 006c 00000000 		.word	arm_rfft_4096_fast_init_f32
 653              		.cfi_endproc
 654              	.LFE153:
 656              		.text
 657              	.Letext0:
 658              		.file 2 "D:/armtoolchain/arm-gnu-toolchain-13.3.rel1-mingw-w64-i686-arm-none-eabi/arm-none-eabi/in
 659              		.file 3 "D:/armtoolchain/arm-gnu-toolchain-13.3.rel1-mingw-w64-i686-arm-none-eabi/arm-none-eabi/in
 660              		.file 4 "Drivers/CMSIS/DSP/Include/arm_math.h"
 661              		.file 5 "Drivers/CMSIS/DSP/Include/arm_common_tables.h"
ARM GAS  C:\usertemp\cciqQ4xe.s 			page 19


DEFINED SYMBOLS
                            *ABS*:00000000 arm_rfft_fast_init_f32.c
C:\usertemp\cciqQ4xe.s:20     .text.arm_rfft_32_fast_init_f32:00000000 $t
C:\usertemp\cciqQ4xe.s:26     .text.arm_rfft_32_fast_init_f32:00000000 arm_rfft_32_fast_init_f32
C:\usertemp\cciqQ4xe.s:80     .text.arm_rfft_32_fast_init_f32:00000024 $d
C:\usertemp\cciqQ4xe.s:87     .text.arm_rfft_64_fast_init_f32:00000000 $t
C:\usertemp\cciqQ4xe.s:93     .text.arm_rfft_64_fast_init_f32:00000000 arm_rfft_64_fast_init_f32
C:\usertemp\cciqQ4xe.s:147    .text.arm_rfft_64_fast_init_f32:00000024 $d
C:\usertemp\cciqQ4xe.s:154    .text.arm_rfft_256_fast_init_f32:00000000 $t
C:\usertemp\cciqQ4xe.s:160    .text.arm_rfft_256_fast_init_f32:00000000 arm_rfft_256_fast_init_f32
C:\usertemp\cciqQ4xe.s:214    .text.arm_rfft_256_fast_init_f32:00000028 $d
C:\usertemp\cciqQ4xe.s:221    .text.arm_rfft_512_fast_init_f32:00000000 $t
C:\usertemp\cciqQ4xe.s:227    .text.arm_rfft_512_fast_init_f32:00000000 arm_rfft_512_fast_init_f32
C:\usertemp\cciqQ4xe.s:281    .text.arm_rfft_512_fast_init_f32:0000002c $d
C:\usertemp\cciqQ4xe.s:288    .text.arm_rfft_1024_fast_init_f32:00000000 $t
C:\usertemp\cciqQ4xe.s:294    .text.arm_rfft_1024_fast_init_f32:00000000 arm_rfft_1024_fast_init_f32
C:\usertemp\cciqQ4xe.s:348    .text.arm_rfft_1024_fast_init_f32:0000002c $d
C:\usertemp\cciqQ4xe.s:355    .text.arm_rfft_2048_fast_init_f32:00000000 $t
C:\usertemp\cciqQ4xe.s:361    .text.arm_rfft_2048_fast_init_f32:00000000 arm_rfft_2048_fast_init_f32
C:\usertemp\cciqQ4xe.s:415    .text.arm_rfft_2048_fast_init_f32:0000002c $d
C:\usertemp\cciqQ4xe.s:422    .text.arm_rfft_4096_fast_init_f32:00000000 $t
C:\usertemp\cciqQ4xe.s:428    .text.arm_rfft_4096_fast_init_f32:00000000 arm_rfft_4096_fast_init_f32
C:\usertemp\cciqQ4xe.s:482    .text.arm_rfft_4096_fast_init_f32:0000002c $d
C:\usertemp\cciqQ4xe.s:489    .text.arm_rfft_128_fast_init_f32:00000000 $t
C:\usertemp\cciqQ4xe.s:495    .text.arm_rfft_128_fast_init_f32:00000000 arm_rfft_128_fast_init_f32
C:\usertemp\cciqQ4xe.s:549    .text.arm_rfft_128_fast_init_f32:00000024 $d
C:\usertemp\cciqQ4xe.s:556    .text.arm_rfft_fast_init_f32:00000000 $t
C:\usertemp\cciqQ4xe.s:562    .text.arm_rfft_fast_init_f32:00000000 arm_rfft_fast_init_f32
C:\usertemp\cciqQ4xe.s:646    .text.arm_rfft_fast_init_f32:00000054 $d

UNDEFINED SYMBOLS
armBitRevIndexTable16
twiddleCoef_16
twiddleCoef_rfft_32
armBitRevIndexTable32
twiddleCoef_32
twiddleCoef_rfft_64
armBitRevIndexTable128
twiddleCoef_128
twiddleCoef_rfft_256
armBitRevIndexTable256
twiddleCoef_256
twiddleCoef_rfft_512
armBitRevIndexTable512
twiddleCoef_512
twiddleCoef_rfft_1024
armBitRevIndexTable1024
twiddleCoef_1024
twiddleCoef_rfft_2048
armBitRevIndexTable2048
twiddleCoef_2048
twiddleCoef_rfft_4096
armBitRevIndexTable64
twiddleCoef_64
twiddleCoef_rfft_128
