ARM GAS  C:\usertemp\ccZF9PWH.s 			page 1


   1              		.cpu cortex-m7
   2              		.arch armv7e-m
   3              		.fpu fpv5-d16
   4              		.eabi_attribute 28, 1
   5              		.eabi_attribute 20, 1
   6              		.eabi_attribute 21, 1
   7              		.eabi_attribute 23, 3
   8              		.eabi_attribute 24, 1
   9              		.eabi_attribute 25, 1
  10              		.eabi_attribute 26, 1
  11              		.eabi_attribute 30, 1
  12              		.eabi_attribute 34, 1
  13              		.eabi_attribute 18, 4
  14              		.file	"arm_cfft_radix2_init_q31.c"
  15              		.text
  16              	.Ltext0:
  17              		.cfi_sections	.debug_frame
  18              		.file 1 "Drivers/CMSIS/DSP/Source/TransformFunctions/arm_cfft_radix2_init_q31.c"
  19              		.section	.text.arm_cfft_radix2_init_q31,"ax",%progbits
  20              		.align	1
  21              		.global	arm_cfft_radix2_init_q31
  22              		.syntax unified
  23              		.thumb
  24              		.thumb_func
  26              	arm_cfft_radix2_init_q31:
  27              	.LVL0:
  28              	.LFB145:
   1:Drivers/CMSIS/DSP/Source/TransformFunctions/arm_cfft_radix2_init_q31.c **** /* ----------------------------------------------------------------------
   2:Drivers/CMSIS/DSP/Source/TransformFunctions/arm_cfft_radix2_init_q31.c ****  * Project:      CMSIS DSP Library
   3:Drivers/CMSIS/DSP/Source/TransformFunctions/arm_cfft_radix2_init_q31.c ****  * Title:        arm_cfft_radix2_init_q31.c
   4:Drivers/CMSIS/DSP/Source/TransformFunctions/arm_cfft_radix2_init_q31.c ****  * Description:  Radix-2 Decimation in Frequency Fixed-point CFFT & CIFFT Initialization function
   5:Drivers/CMSIS/DSP/Source/TransformFunctions/arm_cfft_radix2_init_q31.c ****  *
   6:Drivers/CMSIS/DSP/Source/TransformFunctions/arm_cfft_radix2_init_q31.c ****  * $Date:        18. March 2019
   7:Drivers/CMSIS/DSP/Source/TransformFunctions/arm_cfft_radix2_init_q31.c ****  * $Revision:    V1.6.0
   8:Drivers/CMSIS/DSP/Source/TransformFunctions/arm_cfft_radix2_init_q31.c ****  *
   9:Drivers/CMSIS/DSP/Source/TransformFunctions/arm_cfft_radix2_init_q31.c ****  * Target Processor: Cortex-M cores
  10:Drivers/CMSIS/DSP/Source/TransformFunctions/arm_cfft_radix2_init_q31.c ****  * -------------------------------------------------------------------- */
  11:Drivers/CMSIS/DSP/Source/TransformFunctions/arm_cfft_radix2_init_q31.c **** /*
  12:Drivers/CMSIS/DSP/Source/TransformFunctions/arm_cfft_radix2_init_q31.c ****  * Copyright (C) 2010-2019 ARM Limited or its affiliates. All rights reserved.
  13:Drivers/CMSIS/DSP/Source/TransformFunctions/arm_cfft_radix2_init_q31.c ****  *
  14:Drivers/CMSIS/DSP/Source/TransformFunctions/arm_cfft_radix2_init_q31.c ****  * SPDX-License-Identifier: Apache-2.0
  15:Drivers/CMSIS/DSP/Source/TransformFunctions/arm_cfft_radix2_init_q31.c ****  *
  16:Drivers/CMSIS/DSP/Source/TransformFunctions/arm_cfft_radix2_init_q31.c ****  * Licensed under the Apache License, Version 2.0 (the License); you may
  17:Drivers/CMSIS/DSP/Source/TransformFunctions/arm_cfft_radix2_init_q31.c ****  * not use this file except in compliance with the License.
  18:Drivers/CMSIS/DSP/Source/TransformFunctions/arm_cfft_radix2_init_q31.c ****  * You may obtain a copy of the License at
  19:Drivers/CMSIS/DSP/Source/TransformFunctions/arm_cfft_radix2_init_q31.c ****  *
  20:Drivers/CMSIS/DSP/Source/TransformFunctions/arm_cfft_radix2_init_q31.c ****  * www.apache.org/licenses/LICENSE-2.0
  21:Drivers/CMSIS/DSP/Source/TransformFunctions/arm_cfft_radix2_init_q31.c ****  *
  22:Drivers/CMSIS/DSP/Source/TransformFunctions/arm_cfft_radix2_init_q31.c ****  * Unless required by applicable law or agreed to in writing, software
  23:Drivers/CMSIS/DSP/Source/TransformFunctions/arm_cfft_radix2_init_q31.c ****  * distributed under the License is distributed on an AS IS BASIS, WITHOUT
  24:Drivers/CMSIS/DSP/Source/TransformFunctions/arm_cfft_radix2_init_q31.c ****  * WARRANTIES OR CONDITIONS OF ANY KIND, either express or implied.
  25:Drivers/CMSIS/DSP/Source/TransformFunctions/arm_cfft_radix2_init_q31.c ****  * See the License for the specific language governing permissions and
  26:Drivers/CMSIS/DSP/Source/TransformFunctions/arm_cfft_radix2_init_q31.c ****  * limitations under the License.
  27:Drivers/CMSIS/DSP/Source/TransformFunctions/arm_cfft_radix2_init_q31.c ****  */
  28:Drivers/CMSIS/DSP/Source/TransformFunctions/arm_cfft_radix2_init_q31.c **** 
  29:Drivers/CMSIS/DSP/Source/TransformFunctions/arm_cfft_radix2_init_q31.c **** #include "arm_math.h"
  30:Drivers/CMSIS/DSP/Source/TransformFunctions/arm_cfft_radix2_init_q31.c **** #include "arm_common_tables.h"
ARM GAS  C:\usertemp\ccZF9PWH.s 			page 2


  31:Drivers/CMSIS/DSP/Source/TransformFunctions/arm_cfft_radix2_init_q31.c **** 
  32:Drivers/CMSIS/DSP/Source/TransformFunctions/arm_cfft_radix2_init_q31.c **** /**
  33:Drivers/CMSIS/DSP/Source/TransformFunctions/arm_cfft_radix2_init_q31.c ****   @ingroup groupTransforms
  34:Drivers/CMSIS/DSP/Source/TransformFunctions/arm_cfft_radix2_init_q31.c ****  */
  35:Drivers/CMSIS/DSP/Source/TransformFunctions/arm_cfft_radix2_init_q31.c **** 
  36:Drivers/CMSIS/DSP/Source/TransformFunctions/arm_cfft_radix2_init_q31.c **** /**
  37:Drivers/CMSIS/DSP/Source/TransformFunctions/arm_cfft_radix2_init_q31.c ****   @addtogroup ComplexFFT
  38:Drivers/CMSIS/DSP/Source/TransformFunctions/arm_cfft_radix2_init_q31.c ****   @{
  39:Drivers/CMSIS/DSP/Source/TransformFunctions/arm_cfft_radix2_init_q31.c ****  */
  40:Drivers/CMSIS/DSP/Source/TransformFunctions/arm_cfft_radix2_init_q31.c **** 
  41:Drivers/CMSIS/DSP/Source/TransformFunctions/arm_cfft_radix2_init_q31.c **** /**
  42:Drivers/CMSIS/DSP/Source/TransformFunctions/arm_cfft_radix2_init_q31.c ****   @brief         Initialization function for the Q31 CFFT/CIFFT.
  43:Drivers/CMSIS/DSP/Source/TransformFunctions/arm_cfft_radix2_init_q31.c ****   @deprecated    Do not use this function. It has been superseded by \ref arm_cfft_q31 and will be 
  44:Drivers/CMSIS/DSP/Source/TransformFunctions/arm_cfft_radix2_init_q31.c ****   @param[in,out] S              points to an instance of the Q31 CFFT/CIFFT structure
  45:Drivers/CMSIS/DSP/Source/TransformFunctions/arm_cfft_radix2_init_q31.c ****   @param[in]     fftLen         length of the FFT
  46:Drivers/CMSIS/DSP/Source/TransformFunctions/arm_cfft_radix2_init_q31.c ****   @param[in]     ifftFlag       flag that selects transform direction
  47:Drivers/CMSIS/DSP/Source/TransformFunctions/arm_cfft_radix2_init_q31.c ****                    - value = 0: forward transform
  48:Drivers/CMSIS/DSP/Source/TransformFunctions/arm_cfft_radix2_init_q31.c ****                    - value = 1: inverse transform
  49:Drivers/CMSIS/DSP/Source/TransformFunctions/arm_cfft_radix2_init_q31.c ****   @param[in]     bitReverseFlag flag that enables / disables bit reversal of output
  50:Drivers/CMSIS/DSP/Source/TransformFunctions/arm_cfft_radix2_init_q31.c ****                    - value = 0: disables bit reversal of output
  51:Drivers/CMSIS/DSP/Source/TransformFunctions/arm_cfft_radix2_init_q31.c ****                    - value = 1: enables bit reversal of output
  52:Drivers/CMSIS/DSP/Source/TransformFunctions/arm_cfft_radix2_init_q31.c ****   @return        execution status
  53:Drivers/CMSIS/DSP/Source/TransformFunctions/arm_cfft_radix2_init_q31.c ****                    - \ref ARM_MATH_SUCCESS        : Operation successful
  54:Drivers/CMSIS/DSP/Source/TransformFunctions/arm_cfft_radix2_init_q31.c ****                    - \ref ARM_MATH_ARGUMENT_ERROR : <code>fftLen</code> is not a supported length
  55:Drivers/CMSIS/DSP/Source/TransformFunctions/arm_cfft_radix2_init_q31.c **** 
  56:Drivers/CMSIS/DSP/Source/TransformFunctions/arm_cfft_radix2_init_q31.c ****   @par           Details
  57:Drivers/CMSIS/DSP/Source/TransformFunctions/arm_cfft_radix2_init_q31.c ****                    The parameter <code>ifftFlag</code> controls whether a forward or inverse transf
  58:Drivers/CMSIS/DSP/Source/TransformFunctions/arm_cfft_radix2_init_q31.c ****                    Set(=1) ifftFlag for calculation of CIFFT otherwise CFFT is calculated
  59:Drivers/CMSIS/DSP/Source/TransformFunctions/arm_cfft_radix2_init_q31.c ****   @par
  60:Drivers/CMSIS/DSP/Source/TransformFunctions/arm_cfft_radix2_init_q31.c ****                    The parameter <code>bitReverseFlag</code> controls whether output is in normal o
  61:Drivers/CMSIS/DSP/Source/TransformFunctions/arm_cfft_radix2_init_q31.c ****                    Set(=1) bitReverseFlag for output to be in normal order otherwise output is in b
  62:Drivers/CMSIS/DSP/Source/TransformFunctions/arm_cfft_radix2_init_q31.c ****   @par
  63:Drivers/CMSIS/DSP/Source/TransformFunctions/arm_cfft_radix2_init_q31.c ****                    The parameter <code>fftLen</code> Specifies length of CFFT/CIFFT process. Suppor
  64:Drivers/CMSIS/DSP/Source/TransformFunctions/arm_cfft_radix2_init_q31.c ****   @par
  65:Drivers/CMSIS/DSP/Source/TransformFunctions/arm_cfft_radix2_init_q31.c ****                    This Function also initializes Twiddle factor table pointer and Bit reversal tab
  66:Drivers/CMSIS/DSP/Source/TransformFunctions/arm_cfft_radix2_init_q31.c **** */
  67:Drivers/CMSIS/DSP/Source/TransformFunctions/arm_cfft_radix2_init_q31.c **** 
  68:Drivers/CMSIS/DSP/Source/TransformFunctions/arm_cfft_radix2_init_q31.c **** arm_status arm_cfft_radix2_init_q31(
  69:Drivers/CMSIS/DSP/Source/TransformFunctions/arm_cfft_radix2_init_q31.c ****   arm_cfft_radix2_instance_q31 * S,
  70:Drivers/CMSIS/DSP/Source/TransformFunctions/arm_cfft_radix2_init_q31.c ****   uint16_t fftLen,
  71:Drivers/CMSIS/DSP/Source/TransformFunctions/arm_cfft_radix2_init_q31.c ****   uint8_t ifftFlag,
  72:Drivers/CMSIS/DSP/Source/TransformFunctions/arm_cfft_radix2_init_q31.c ****   uint8_t bitReverseFlag)
  73:Drivers/CMSIS/DSP/Source/TransformFunctions/arm_cfft_radix2_init_q31.c **** {
  29              		.loc 1 73 1 view -0
  30              		.cfi_startproc
  31              		@ args = 0, pretend = 0, frame = 0
  32              		@ frame_needed = 0, uses_anonymous_args = 0
  33              		@ link register save eliminated.
  34              		.loc 1 73 1 is_stmt 0 view .LVU1
  35 0000 10B4     		push	{r4}
  36              	.LCFI0:
  37              		.cfi_def_cfa_offset 4
  38              		.cfi_offset 4, -4
  74:Drivers/CMSIS/DSP/Source/TransformFunctions/arm_cfft_radix2_init_q31.c ****   /*  Initialise the default arm status */
  75:Drivers/CMSIS/DSP/Source/TransformFunctions/arm_cfft_radix2_init_q31.c ****   arm_status status = ARM_MATH_SUCCESS;
  39              		.loc 1 75 3 is_stmt 1 view .LVU2
  40              	.LVL1:
ARM GAS  C:\usertemp\ccZF9PWH.s 			page 3


  76:Drivers/CMSIS/DSP/Source/TransformFunctions/arm_cfft_radix2_init_q31.c **** 
  77:Drivers/CMSIS/DSP/Source/TransformFunctions/arm_cfft_radix2_init_q31.c ****   /*  Initialise the FFT length */
  78:Drivers/CMSIS/DSP/Source/TransformFunctions/arm_cfft_radix2_init_q31.c ****   S->fftLen = fftLen;
  41              		.loc 1 78 3 view .LVU3
  42              		.loc 1 78 13 is_stmt 0 view .LVU4
  43 0002 0180     		strh	r1, [r0]	@ movhi
  79:Drivers/CMSIS/DSP/Source/TransformFunctions/arm_cfft_radix2_init_q31.c **** 
  80:Drivers/CMSIS/DSP/Source/TransformFunctions/arm_cfft_radix2_init_q31.c ****   /*  Initialise the Twiddle coefficient pointer */
  81:Drivers/CMSIS/DSP/Source/TransformFunctions/arm_cfft_radix2_init_q31.c ****   S->pTwiddle = (q31_t *) twiddleCoef_4096_q31;
  44              		.loc 1 81 3 is_stmt 1 view .LVU5
  45              		.loc 1 81 15 is_stmt 0 view .LVU6
  46 0004 354C     		ldr	r4, .L20
  47 0006 4460     		str	r4, [r0, #4]
  82:Drivers/CMSIS/DSP/Source/TransformFunctions/arm_cfft_radix2_init_q31.c **** 
  83:Drivers/CMSIS/DSP/Source/TransformFunctions/arm_cfft_radix2_init_q31.c ****   /*  Initialise the Flag for selection of CFFT or CIFFT */
  84:Drivers/CMSIS/DSP/Source/TransformFunctions/arm_cfft_radix2_init_q31.c ****   S->ifftFlag = ifftFlag;
  48              		.loc 1 84 3 is_stmt 1 view .LVU7
  49              		.loc 1 84 15 is_stmt 0 view .LVU8
  50 0008 8270     		strb	r2, [r0, #2]
  85:Drivers/CMSIS/DSP/Source/TransformFunctions/arm_cfft_radix2_init_q31.c **** 
  86:Drivers/CMSIS/DSP/Source/TransformFunctions/arm_cfft_radix2_init_q31.c ****   /*  Initialise the Flag for calculation Bit reversal or not */
  87:Drivers/CMSIS/DSP/Source/TransformFunctions/arm_cfft_radix2_init_q31.c ****   S->bitReverseFlag = bitReverseFlag;
  51              		.loc 1 87 3 is_stmt 1 view .LVU9
  52              		.loc 1 87 21 is_stmt 0 view .LVU10
  53 000a C370     		strb	r3, [r0, #3]
  88:Drivers/CMSIS/DSP/Source/TransformFunctions/arm_cfft_radix2_init_q31.c **** 
  89:Drivers/CMSIS/DSP/Source/TransformFunctions/arm_cfft_radix2_init_q31.c ****   /*  Initializations of Instance structure depending on the FFT length */
  90:Drivers/CMSIS/DSP/Source/TransformFunctions/arm_cfft_radix2_init_q31.c ****   switch (S->fftLen)
  54              		.loc 1 90 3 is_stmt 1 view .LVU11
  55 000c B1F5807F 		cmp	r1, #256
  56 0010 4BD0     		beq	.L2
  57 0012 10D9     		bls	.L16
  58 0014 B1F5006F 		cmp	r1, #2048
  59 0018 39D0     		beq	.L10
  60 001a 2CD8     		bhi	.L11
  61 001c B1F5007F 		cmp	r1, #512
  62 0020 3CD0     		beq	.L12
  63 0022 B1F5806F 		cmp	r1, #1024
  64 0026 23D1     		bne	.L17
  91:Drivers/CMSIS/DSP/Source/TransformFunctions/arm_cfft_radix2_init_q31.c ****   {
  92:Drivers/CMSIS/DSP/Source/TransformFunctions/arm_cfft_radix2_init_q31.c ****     /*  Initializations of structure parameters for 4096 point FFT */
  93:Drivers/CMSIS/DSP/Source/TransformFunctions/arm_cfft_radix2_init_q31.c ****   case 4096U:
  94:Drivers/CMSIS/DSP/Source/TransformFunctions/arm_cfft_radix2_init_q31.c ****     /*  Initialise the twiddle coef modifier value */
  95:Drivers/CMSIS/DSP/Source/TransformFunctions/arm_cfft_radix2_init_q31.c ****     S->twidCoefModifier = 1U;
  96:Drivers/CMSIS/DSP/Source/TransformFunctions/arm_cfft_radix2_init_q31.c ****     /*  Initialise the bit reversal table modifier */
  97:Drivers/CMSIS/DSP/Source/TransformFunctions/arm_cfft_radix2_init_q31.c ****     S->bitRevFactor = 1U;
  98:Drivers/CMSIS/DSP/Source/TransformFunctions/arm_cfft_radix2_init_q31.c ****     /*  Initialise the bit reversal table pointer */
  99:Drivers/CMSIS/DSP/Source/TransformFunctions/arm_cfft_radix2_init_q31.c ****     S->pBitRevTable = (uint16_t *) armBitRevTable;
 100:Drivers/CMSIS/DSP/Source/TransformFunctions/arm_cfft_radix2_init_q31.c ****     break;
 101:Drivers/CMSIS/DSP/Source/TransformFunctions/arm_cfft_radix2_init_q31.c **** 
 102:Drivers/CMSIS/DSP/Source/TransformFunctions/arm_cfft_radix2_init_q31.c ****     /*  Initializations of structure parameters for 2048 point FFT */
 103:Drivers/CMSIS/DSP/Source/TransformFunctions/arm_cfft_radix2_init_q31.c ****   case 2048U:
 104:Drivers/CMSIS/DSP/Source/TransformFunctions/arm_cfft_radix2_init_q31.c ****     /*  Initialise the twiddle coef modifier value */
 105:Drivers/CMSIS/DSP/Source/TransformFunctions/arm_cfft_radix2_init_q31.c ****     S->twidCoefModifier = 2U;
 106:Drivers/CMSIS/DSP/Source/TransformFunctions/arm_cfft_radix2_init_q31.c ****     /*  Initialise the bit reversal table modifier */
 107:Drivers/CMSIS/DSP/Source/TransformFunctions/arm_cfft_radix2_init_q31.c ****     S->bitRevFactor = 2U;
 108:Drivers/CMSIS/DSP/Source/TransformFunctions/arm_cfft_radix2_init_q31.c ****     /*  Initialise the bit reversal table pointer */
ARM GAS  C:\usertemp\ccZF9PWH.s 			page 4


 109:Drivers/CMSIS/DSP/Source/TransformFunctions/arm_cfft_radix2_init_q31.c ****     S->pBitRevTable = (uint16_t *) & armBitRevTable[1];
 110:Drivers/CMSIS/DSP/Source/TransformFunctions/arm_cfft_radix2_init_q31.c ****     break;
 111:Drivers/CMSIS/DSP/Source/TransformFunctions/arm_cfft_radix2_init_q31.c **** 
 112:Drivers/CMSIS/DSP/Source/TransformFunctions/arm_cfft_radix2_init_q31.c ****     /*  Initializations of structure parameters for 1024 point FFT */
 113:Drivers/CMSIS/DSP/Source/TransformFunctions/arm_cfft_radix2_init_q31.c ****   case 1024U:
 114:Drivers/CMSIS/DSP/Source/TransformFunctions/arm_cfft_radix2_init_q31.c ****     /*  Initialise the twiddle coef modifier value */
 115:Drivers/CMSIS/DSP/Source/TransformFunctions/arm_cfft_radix2_init_q31.c ****     S->twidCoefModifier = 4U;
  65              		.loc 1 115 5 view .LVU12
  66              		.loc 1 115 25 is_stmt 0 view .LVU13
  67 0028 0423     		movs	r3, #4
  68              	.LVL2:
  69              		.loc 1 115 25 view .LVU14
  70 002a 8381     		strh	r3, [r0, #12]	@ movhi
 116:Drivers/CMSIS/DSP/Source/TransformFunctions/arm_cfft_radix2_init_q31.c ****     /*  Initialise the bit reversal table modifier */
 117:Drivers/CMSIS/DSP/Source/TransformFunctions/arm_cfft_radix2_init_q31.c ****     S->bitRevFactor = 4U;
  71              		.loc 1 117 5 is_stmt 1 view .LVU15
  72              		.loc 1 117 21 is_stmt 0 view .LVU16
  73 002c C381     		strh	r3, [r0, #14]	@ movhi
 118:Drivers/CMSIS/DSP/Source/TransformFunctions/arm_cfft_radix2_init_q31.c ****     /*  Initialise the bit reversal table pointer */
 119:Drivers/CMSIS/DSP/Source/TransformFunctions/arm_cfft_radix2_init_q31.c ****     S->pBitRevTable = (uint16_t *) & armBitRevTable[3];
  74              		.loc 1 119 5 is_stmt 1 view .LVU17
  75              		.loc 1 119 21 is_stmt 0 view .LVU18
  76 002e 2C4B     		ldr	r3, .L20+4
  77 0030 8360     		str	r3, [r0, #8]
 120:Drivers/CMSIS/DSP/Source/TransformFunctions/arm_cfft_radix2_init_q31.c ****     break;
  78              		.loc 1 120 5 is_stmt 1 view .LVU19
  75:Drivers/CMSIS/DSP/Source/TransformFunctions/arm_cfft_radix2_init_q31.c **** 
  79              		.loc 1 75 14 is_stmt 0 view .LVU20
  80 0032 0020     		movs	r0, #0
  81              	.LVL3:
  82              		.loc 1 120 5 view .LVU21
  83 0034 28E0     		b	.L8
  84              	.LVL4:
  85              	.L16:
  90:Drivers/CMSIS/DSP/Source/TransformFunctions/arm_cfft_radix2_init_q31.c ****   {
  86              		.loc 1 90 3 view .LVU22
  87 0036 4029     		cmp	r1, #64
  88 0038 3ED0     		beq	.L4
  89 003a 0DD8     		bhi	.L5
  90 003c 1029     		cmp	r1, #16
  91 003e 42D0     		beq	.L6
  92 0040 2029     		cmp	r1, #32
  93 0042 06D1     		bne	.L18
 121:Drivers/CMSIS/DSP/Source/TransformFunctions/arm_cfft_radix2_init_q31.c **** 
 122:Drivers/CMSIS/DSP/Source/TransformFunctions/arm_cfft_radix2_init_q31.c ****     /*  Initializations of structure parameters for 512 point FFT */
 123:Drivers/CMSIS/DSP/Source/TransformFunctions/arm_cfft_radix2_init_q31.c ****   case 512U:
 124:Drivers/CMSIS/DSP/Source/TransformFunctions/arm_cfft_radix2_init_q31.c ****     /*  Initialise the twiddle coef modifier value */
 125:Drivers/CMSIS/DSP/Source/TransformFunctions/arm_cfft_radix2_init_q31.c ****     S->twidCoefModifier = 8U;
 126:Drivers/CMSIS/DSP/Source/TransformFunctions/arm_cfft_radix2_init_q31.c ****     /*  Initialise the bit reversal table modifier */
 127:Drivers/CMSIS/DSP/Source/TransformFunctions/arm_cfft_radix2_init_q31.c ****     S->bitRevFactor = 8U;
 128:Drivers/CMSIS/DSP/Source/TransformFunctions/arm_cfft_radix2_init_q31.c ****     /*  Initialise the bit reversal table pointer */
 129:Drivers/CMSIS/DSP/Source/TransformFunctions/arm_cfft_radix2_init_q31.c ****     S->pBitRevTable = (uint16_t *) & armBitRevTable[7];
 130:Drivers/CMSIS/DSP/Source/TransformFunctions/arm_cfft_radix2_init_q31.c ****     break;
 131:Drivers/CMSIS/DSP/Source/TransformFunctions/arm_cfft_radix2_init_q31.c **** 
 132:Drivers/CMSIS/DSP/Source/TransformFunctions/arm_cfft_radix2_init_q31.c ****   case 256U:
 133:Drivers/CMSIS/DSP/Source/TransformFunctions/arm_cfft_radix2_init_q31.c ****     /*  Initializations of structure parameters for 256 point FFT */
 134:Drivers/CMSIS/DSP/Source/TransformFunctions/arm_cfft_radix2_init_q31.c ****     S->twidCoefModifier = 16U;
ARM GAS  C:\usertemp\ccZF9PWH.s 			page 5


 135:Drivers/CMSIS/DSP/Source/TransformFunctions/arm_cfft_radix2_init_q31.c ****     S->bitRevFactor = 16U;
 136:Drivers/CMSIS/DSP/Source/TransformFunctions/arm_cfft_radix2_init_q31.c ****     S->pBitRevTable = (uint16_t *) & armBitRevTable[15];
 137:Drivers/CMSIS/DSP/Source/TransformFunctions/arm_cfft_radix2_init_q31.c ****     break;
 138:Drivers/CMSIS/DSP/Source/TransformFunctions/arm_cfft_radix2_init_q31.c **** 
 139:Drivers/CMSIS/DSP/Source/TransformFunctions/arm_cfft_radix2_init_q31.c ****   case 128U:
 140:Drivers/CMSIS/DSP/Source/TransformFunctions/arm_cfft_radix2_init_q31.c ****     /*  Initializations of structure parameters for 128 point FFT */
 141:Drivers/CMSIS/DSP/Source/TransformFunctions/arm_cfft_radix2_init_q31.c ****     S->twidCoefModifier = 32U;
 142:Drivers/CMSIS/DSP/Source/TransformFunctions/arm_cfft_radix2_init_q31.c ****     S->bitRevFactor = 32U;
 143:Drivers/CMSIS/DSP/Source/TransformFunctions/arm_cfft_radix2_init_q31.c ****     S->pBitRevTable = (uint16_t *) & armBitRevTable[31];
 144:Drivers/CMSIS/DSP/Source/TransformFunctions/arm_cfft_radix2_init_q31.c ****     break;
 145:Drivers/CMSIS/DSP/Source/TransformFunctions/arm_cfft_radix2_init_q31.c **** 
 146:Drivers/CMSIS/DSP/Source/TransformFunctions/arm_cfft_radix2_init_q31.c ****   case 64U:
 147:Drivers/CMSIS/DSP/Source/TransformFunctions/arm_cfft_radix2_init_q31.c ****     /*  Initializations of structure parameters for 64 point FFT */
 148:Drivers/CMSIS/DSP/Source/TransformFunctions/arm_cfft_radix2_init_q31.c ****     S->twidCoefModifier = 64U;
 149:Drivers/CMSIS/DSP/Source/TransformFunctions/arm_cfft_radix2_init_q31.c ****     S->bitRevFactor = 64U;
 150:Drivers/CMSIS/DSP/Source/TransformFunctions/arm_cfft_radix2_init_q31.c ****     S->pBitRevTable = (uint16_t *) & armBitRevTable[63];
 151:Drivers/CMSIS/DSP/Source/TransformFunctions/arm_cfft_radix2_init_q31.c ****     break;
 152:Drivers/CMSIS/DSP/Source/TransformFunctions/arm_cfft_radix2_init_q31.c **** 
 153:Drivers/CMSIS/DSP/Source/TransformFunctions/arm_cfft_radix2_init_q31.c ****   case 32U:
 154:Drivers/CMSIS/DSP/Source/TransformFunctions/arm_cfft_radix2_init_q31.c ****     /*  Initializations of structure parameters for 32 point FFT */
 155:Drivers/CMSIS/DSP/Source/TransformFunctions/arm_cfft_radix2_init_q31.c ****     S->twidCoefModifier = 128U;
  94              		.loc 1 155 5 is_stmt 1 view .LVU23
  95              		.loc 1 155 25 is_stmt 0 view .LVU24
  96 0044 8023     		movs	r3, #128
  97              	.LVL5:
  98              		.loc 1 155 25 view .LVU25
  99 0046 8381     		strh	r3, [r0, #12]	@ movhi
 156:Drivers/CMSIS/DSP/Source/TransformFunctions/arm_cfft_radix2_init_q31.c ****     S->bitRevFactor = 128U;
 100              		.loc 1 156 5 is_stmt 1 view .LVU26
 101              		.loc 1 156 21 is_stmt 0 view .LVU27
 102 0048 C381     		strh	r3, [r0, #14]	@ movhi
 157:Drivers/CMSIS/DSP/Source/TransformFunctions/arm_cfft_radix2_init_q31.c ****     S->pBitRevTable = (uint16_t *) & armBitRevTable[127];
 103              		.loc 1 157 5 is_stmt 1 view .LVU28
 104              		.loc 1 157 21 is_stmt 0 view .LVU29
 105 004a 264B     		ldr	r3, .L20+8
 106 004c 8360     		str	r3, [r0, #8]
 158:Drivers/CMSIS/DSP/Source/TransformFunctions/arm_cfft_radix2_init_q31.c ****     break;
 107              		.loc 1 158 5 is_stmt 1 view .LVU30
  75:Drivers/CMSIS/DSP/Source/TransformFunctions/arm_cfft_radix2_init_q31.c **** 
 108              		.loc 1 75 14 is_stmt 0 view .LVU31
 109 004e 0020     		movs	r0, #0
 110              	.LVL6:
 111              		.loc 1 158 5 view .LVU32
 112 0050 1AE0     		b	.L8
 113              	.LVL7:
 114              	.L18:
  90:Drivers/CMSIS/DSP/Source/TransformFunctions/arm_cfft_radix2_init_q31.c ****   {
 115              		.loc 1 90 3 view .LVU33
 116 0052 4FF0FF30 		mov	r0, #-1
 117              	.LVL8:
  90:Drivers/CMSIS/DSP/Source/TransformFunctions/arm_cfft_radix2_init_q31.c ****   {
 118              		.loc 1 90 3 view .LVU34
 119 0056 17E0     		b	.L8
 120              	.LVL9:
 121              	.L5:
  90:Drivers/CMSIS/DSP/Source/TransformFunctions/arm_cfft_radix2_init_q31.c ****   {
 122              		.loc 1 90 3 view .LVU35
ARM GAS  C:\usertemp\ccZF9PWH.s 			page 6


 123 0058 8029     		cmp	r1, #128
 124 005a 06D1     		bne	.L19
 141:Drivers/CMSIS/DSP/Source/TransformFunctions/arm_cfft_radix2_init_q31.c ****     S->bitRevFactor = 32U;
 125              		.loc 1 141 5 is_stmt 1 view .LVU36
 141:Drivers/CMSIS/DSP/Source/TransformFunctions/arm_cfft_radix2_init_q31.c ****     S->bitRevFactor = 32U;
 126              		.loc 1 141 25 is_stmt 0 view .LVU37
 127 005c 2023     		movs	r3, #32
 128              	.LVL10:
 141:Drivers/CMSIS/DSP/Source/TransformFunctions/arm_cfft_radix2_init_q31.c ****     S->bitRevFactor = 32U;
 129              		.loc 1 141 25 view .LVU38
 130 005e 8381     		strh	r3, [r0, #12]	@ movhi
 142:Drivers/CMSIS/DSP/Source/TransformFunctions/arm_cfft_radix2_init_q31.c ****     S->pBitRevTable = (uint16_t *) & armBitRevTable[31];
 131              		.loc 1 142 5 is_stmt 1 view .LVU39
 142:Drivers/CMSIS/DSP/Source/TransformFunctions/arm_cfft_radix2_init_q31.c ****     S->pBitRevTable = (uint16_t *) & armBitRevTable[31];
 132              		.loc 1 142 21 is_stmt 0 view .LVU40
 133 0060 C381     		strh	r3, [r0, #14]	@ movhi
 143:Drivers/CMSIS/DSP/Source/TransformFunctions/arm_cfft_radix2_init_q31.c ****     break;
 134              		.loc 1 143 5 is_stmt 1 view .LVU41
 143:Drivers/CMSIS/DSP/Source/TransformFunctions/arm_cfft_radix2_init_q31.c ****     break;
 135              		.loc 1 143 21 is_stmt 0 view .LVU42
 136 0062 214B     		ldr	r3, .L20+12
 137 0064 8360     		str	r3, [r0, #8]
 144:Drivers/CMSIS/DSP/Source/TransformFunctions/arm_cfft_radix2_init_q31.c **** 
 138              		.loc 1 144 5 is_stmt 1 view .LVU43
  75:Drivers/CMSIS/DSP/Source/TransformFunctions/arm_cfft_radix2_init_q31.c **** 
 139              		.loc 1 75 14 is_stmt 0 view .LVU44
 140 0066 0020     		movs	r0, #0
 141              	.LVL11:
 144:Drivers/CMSIS/DSP/Source/TransformFunctions/arm_cfft_radix2_init_q31.c **** 
 142              		.loc 1 144 5 view .LVU45
 143 0068 0EE0     		b	.L8
 144              	.LVL12:
 145              	.L19:
  90:Drivers/CMSIS/DSP/Source/TransformFunctions/arm_cfft_radix2_init_q31.c ****   {
 146              		.loc 1 90 3 view .LVU46
 147 006a 4FF0FF30 		mov	r0, #-1
 148              	.LVL13:
  90:Drivers/CMSIS/DSP/Source/TransformFunctions/arm_cfft_radix2_init_q31.c ****   {
 149              		.loc 1 90 3 view .LVU47
 150 006e 0BE0     		b	.L8
 151              	.LVL14:
 152              	.L17:
  90:Drivers/CMSIS/DSP/Source/TransformFunctions/arm_cfft_radix2_init_q31.c ****   {
 153              		.loc 1 90 3 view .LVU48
 154 0070 4FF0FF30 		mov	r0, #-1
 155              	.LVL15:
  90:Drivers/CMSIS/DSP/Source/TransformFunctions/arm_cfft_radix2_init_q31.c ****   {
 156              		.loc 1 90 3 view .LVU49
 157 0074 08E0     		b	.L8
 158              	.LVL16:
 159              	.L11:
  90:Drivers/CMSIS/DSP/Source/TransformFunctions/arm_cfft_radix2_init_q31.c ****   {
 160              		.loc 1 90 3 view .LVU50
 161 0076 B1F5805F 		cmp	r1, #4096
 162 007a 2CD1     		bne	.L14
  95:Drivers/CMSIS/DSP/Source/TransformFunctions/arm_cfft_radix2_init_q31.c ****     /*  Initialise the bit reversal table modifier */
 163              		.loc 1 95 5 is_stmt 1 view .LVU51
ARM GAS  C:\usertemp\ccZF9PWH.s 			page 7


  95:Drivers/CMSIS/DSP/Source/TransformFunctions/arm_cfft_radix2_init_q31.c ****     /*  Initialise the bit reversal table modifier */
 164              		.loc 1 95 25 is_stmt 0 view .LVU52
 165 007c 0123     		movs	r3, #1
 166              	.LVL17:
  95:Drivers/CMSIS/DSP/Source/TransformFunctions/arm_cfft_radix2_init_q31.c ****     /*  Initialise the bit reversal table modifier */
 167              		.loc 1 95 25 view .LVU53
 168 007e 8381     		strh	r3, [r0, #12]	@ movhi
  97:Drivers/CMSIS/DSP/Source/TransformFunctions/arm_cfft_radix2_init_q31.c ****     /*  Initialise the bit reversal table pointer */
 169              		.loc 1 97 5 is_stmt 1 view .LVU54
  97:Drivers/CMSIS/DSP/Source/TransformFunctions/arm_cfft_radix2_init_q31.c ****     /*  Initialise the bit reversal table pointer */
 170              		.loc 1 97 21 is_stmt 0 view .LVU55
 171 0080 C381     		strh	r3, [r0, #14]	@ movhi
  99:Drivers/CMSIS/DSP/Source/TransformFunctions/arm_cfft_radix2_init_q31.c ****     break;
 172              		.loc 1 99 5 is_stmt 1 view .LVU56
  99:Drivers/CMSIS/DSP/Source/TransformFunctions/arm_cfft_radix2_init_q31.c ****     break;
 173              		.loc 1 99 21 is_stmt 0 view .LVU57
 174 0082 1A4B     		ldr	r3, .L20+16
 175 0084 8360     		str	r3, [r0, #8]
 100:Drivers/CMSIS/DSP/Source/TransformFunctions/arm_cfft_radix2_init_q31.c **** 
 176              		.loc 1 100 5 is_stmt 1 view .LVU58
  75:Drivers/CMSIS/DSP/Source/TransformFunctions/arm_cfft_radix2_init_q31.c **** 
 177              		.loc 1 75 14 is_stmt 0 view .LVU59
 178 0086 0020     		movs	r0, #0
 179              	.LVL18:
 180              	.L8:
 159:Drivers/CMSIS/DSP/Source/TransformFunctions/arm_cfft_radix2_init_q31.c **** 
 160:Drivers/CMSIS/DSP/Source/TransformFunctions/arm_cfft_radix2_init_q31.c ****   case 16U:
 161:Drivers/CMSIS/DSP/Source/TransformFunctions/arm_cfft_radix2_init_q31.c ****     /*  Initializations of structure parameters for 16 point FFT */
 162:Drivers/CMSIS/DSP/Source/TransformFunctions/arm_cfft_radix2_init_q31.c ****     S->twidCoefModifier = 256U;
 163:Drivers/CMSIS/DSP/Source/TransformFunctions/arm_cfft_radix2_init_q31.c ****     S->bitRevFactor = 256U;
 164:Drivers/CMSIS/DSP/Source/TransformFunctions/arm_cfft_radix2_init_q31.c ****     S->pBitRevTable = (uint16_t *) & armBitRevTable[255];
 165:Drivers/CMSIS/DSP/Source/TransformFunctions/arm_cfft_radix2_init_q31.c ****     break;
 166:Drivers/CMSIS/DSP/Source/TransformFunctions/arm_cfft_radix2_init_q31.c **** 
 167:Drivers/CMSIS/DSP/Source/TransformFunctions/arm_cfft_radix2_init_q31.c **** 
 168:Drivers/CMSIS/DSP/Source/TransformFunctions/arm_cfft_radix2_init_q31.c ****   default:
 169:Drivers/CMSIS/DSP/Source/TransformFunctions/arm_cfft_radix2_init_q31.c ****     /*  Reporting argument error if fftSize is not valid value */
 170:Drivers/CMSIS/DSP/Source/TransformFunctions/arm_cfft_radix2_init_q31.c ****     status = ARM_MATH_ARGUMENT_ERROR;
 171:Drivers/CMSIS/DSP/Source/TransformFunctions/arm_cfft_radix2_init_q31.c ****     break;
 172:Drivers/CMSIS/DSP/Source/TransformFunctions/arm_cfft_radix2_init_q31.c ****   }
 173:Drivers/CMSIS/DSP/Source/TransformFunctions/arm_cfft_radix2_init_q31.c **** 
 174:Drivers/CMSIS/DSP/Source/TransformFunctions/arm_cfft_radix2_init_q31.c ****   return (status);
 181              		.loc 1 174 3 is_stmt 1 view .LVU60
 175:Drivers/CMSIS/DSP/Source/TransformFunctions/arm_cfft_radix2_init_q31.c **** }
 182              		.loc 1 175 1 is_stmt 0 view .LVU61
 183 0088 5DF8044B 		ldr	r4, [sp], #4
 184              	.LCFI1:
 185              		.cfi_remember_state
 186              		.cfi_restore 4
 187              		.cfi_def_cfa_offset 0
 188 008c 7047     		bx	lr
 189              	.LVL19:
 190              	.L10:
 191              	.LCFI2:
 192              		.cfi_restore_state
 105:Drivers/CMSIS/DSP/Source/TransformFunctions/arm_cfft_radix2_init_q31.c ****     /*  Initialise the bit reversal table modifier */
 193              		.loc 1 105 5 is_stmt 1 view .LVU62
 105:Drivers/CMSIS/DSP/Source/TransformFunctions/arm_cfft_radix2_init_q31.c ****     /*  Initialise the bit reversal table modifier */
ARM GAS  C:\usertemp\ccZF9PWH.s 			page 8


 194              		.loc 1 105 25 is_stmt 0 view .LVU63
 195 008e 0223     		movs	r3, #2
 196              	.LVL20:
 105:Drivers/CMSIS/DSP/Source/TransformFunctions/arm_cfft_radix2_init_q31.c ****     /*  Initialise the bit reversal table modifier */
 197              		.loc 1 105 25 view .LVU64
 198 0090 8381     		strh	r3, [r0, #12]	@ movhi
 107:Drivers/CMSIS/DSP/Source/TransformFunctions/arm_cfft_radix2_init_q31.c ****     /*  Initialise the bit reversal table pointer */
 199              		.loc 1 107 5 is_stmt 1 view .LVU65
 107:Drivers/CMSIS/DSP/Source/TransformFunctions/arm_cfft_radix2_init_q31.c ****     /*  Initialise the bit reversal table pointer */
 200              		.loc 1 107 21 is_stmt 0 view .LVU66
 201 0092 C381     		strh	r3, [r0, #14]	@ movhi
 109:Drivers/CMSIS/DSP/Source/TransformFunctions/arm_cfft_radix2_init_q31.c ****     break;
 202              		.loc 1 109 5 is_stmt 1 view .LVU67
 109:Drivers/CMSIS/DSP/Source/TransformFunctions/arm_cfft_radix2_init_q31.c ****     break;
 203              		.loc 1 109 21 is_stmt 0 view .LVU68
 204 0094 164B     		ldr	r3, .L20+20
 205 0096 8360     		str	r3, [r0, #8]
 110:Drivers/CMSIS/DSP/Source/TransformFunctions/arm_cfft_radix2_init_q31.c **** 
 206              		.loc 1 110 5 is_stmt 1 view .LVU69
  75:Drivers/CMSIS/DSP/Source/TransformFunctions/arm_cfft_radix2_init_q31.c **** 
 207              		.loc 1 75 14 is_stmt 0 view .LVU70
 208 0098 0020     		movs	r0, #0
 209              	.LVL21:
 110:Drivers/CMSIS/DSP/Source/TransformFunctions/arm_cfft_radix2_init_q31.c **** 
 210              		.loc 1 110 5 view .LVU71
 211 009a F5E7     		b	.L8
 212              	.LVL22:
 213              	.L12:
 125:Drivers/CMSIS/DSP/Source/TransformFunctions/arm_cfft_radix2_init_q31.c ****     /*  Initialise the bit reversal table modifier */
 214              		.loc 1 125 5 is_stmt 1 view .LVU72
 125:Drivers/CMSIS/DSP/Source/TransformFunctions/arm_cfft_radix2_init_q31.c ****     /*  Initialise the bit reversal table modifier */
 215              		.loc 1 125 25 is_stmt 0 view .LVU73
 216 009c 0823     		movs	r3, #8
 217              	.LVL23:
 125:Drivers/CMSIS/DSP/Source/TransformFunctions/arm_cfft_radix2_init_q31.c ****     /*  Initialise the bit reversal table modifier */
 218              		.loc 1 125 25 view .LVU74
 219 009e 8381     		strh	r3, [r0, #12]	@ movhi
 127:Drivers/CMSIS/DSP/Source/TransformFunctions/arm_cfft_radix2_init_q31.c ****     /*  Initialise the bit reversal table pointer */
 220              		.loc 1 127 5 is_stmt 1 view .LVU75
 127:Drivers/CMSIS/DSP/Source/TransformFunctions/arm_cfft_radix2_init_q31.c ****     /*  Initialise the bit reversal table pointer */
 221              		.loc 1 127 21 is_stmt 0 view .LVU76
 222 00a0 C381     		strh	r3, [r0, #14]	@ movhi
 129:Drivers/CMSIS/DSP/Source/TransformFunctions/arm_cfft_radix2_init_q31.c ****     break;
 223              		.loc 1 129 5 is_stmt 1 view .LVU77
 129:Drivers/CMSIS/DSP/Source/TransformFunctions/arm_cfft_radix2_init_q31.c ****     break;
 224              		.loc 1 129 21 is_stmt 0 view .LVU78
 225 00a2 144B     		ldr	r3, .L20+24
 226 00a4 8360     		str	r3, [r0, #8]
 130:Drivers/CMSIS/DSP/Source/TransformFunctions/arm_cfft_radix2_init_q31.c **** 
 227              		.loc 1 130 5 is_stmt 1 view .LVU79
  75:Drivers/CMSIS/DSP/Source/TransformFunctions/arm_cfft_radix2_init_q31.c **** 
 228              		.loc 1 75 14 is_stmt 0 view .LVU80
 229 00a6 0020     		movs	r0, #0
 230              	.LVL24:
 130:Drivers/CMSIS/DSP/Source/TransformFunctions/arm_cfft_radix2_init_q31.c **** 
 231              		.loc 1 130 5 view .LVU81
 232 00a8 EEE7     		b	.L8
ARM GAS  C:\usertemp\ccZF9PWH.s 			page 9


 233              	.LVL25:
 234              	.L2:
 134:Drivers/CMSIS/DSP/Source/TransformFunctions/arm_cfft_radix2_init_q31.c ****     S->bitRevFactor = 16U;
 235              		.loc 1 134 5 is_stmt 1 view .LVU82
 134:Drivers/CMSIS/DSP/Source/TransformFunctions/arm_cfft_radix2_init_q31.c ****     S->bitRevFactor = 16U;
 236              		.loc 1 134 25 is_stmt 0 view .LVU83
 237 00aa 1023     		movs	r3, #16
 238              	.LVL26:
 134:Drivers/CMSIS/DSP/Source/TransformFunctions/arm_cfft_radix2_init_q31.c ****     S->bitRevFactor = 16U;
 239              		.loc 1 134 25 view .LVU84
 240 00ac 8381     		strh	r3, [r0, #12]	@ movhi
 135:Drivers/CMSIS/DSP/Source/TransformFunctions/arm_cfft_radix2_init_q31.c ****     S->pBitRevTable = (uint16_t *) & armBitRevTable[15];
 241              		.loc 1 135 5 is_stmt 1 view .LVU85
 135:Drivers/CMSIS/DSP/Source/TransformFunctions/arm_cfft_radix2_init_q31.c ****     S->pBitRevTable = (uint16_t *) & armBitRevTable[15];
 242              		.loc 1 135 21 is_stmt 0 view .LVU86
 243 00ae C381     		strh	r3, [r0, #14]	@ movhi
 136:Drivers/CMSIS/DSP/Source/TransformFunctions/arm_cfft_radix2_init_q31.c ****     break;
 244              		.loc 1 136 5 is_stmt 1 view .LVU87
 136:Drivers/CMSIS/DSP/Source/TransformFunctions/arm_cfft_radix2_init_q31.c ****     break;
 245              		.loc 1 136 21 is_stmt 0 view .LVU88
 246 00b0 114B     		ldr	r3, .L20+28
 247 00b2 8360     		str	r3, [r0, #8]
 137:Drivers/CMSIS/DSP/Source/TransformFunctions/arm_cfft_radix2_init_q31.c **** 
 248              		.loc 1 137 5 is_stmt 1 view .LVU89
  75:Drivers/CMSIS/DSP/Source/TransformFunctions/arm_cfft_radix2_init_q31.c **** 
 249              		.loc 1 75 14 is_stmt 0 view .LVU90
 250 00b4 0020     		movs	r0, #0
 251              	.LVL27:
 137:Drivers/CMSIS/DSP/Source/TransformFunctions/arm_cfft_radix2_init_q31.c **** 
 252              		.loc 1 137 5 view .LVU91
 253 00b6 E7E7     		b	.L8
 254              	.LVL28:
 255              	.L4:
 148:Drivers/CMSIS/DSP/Source/TransformFunctions/arm_cfft_radix2_init_q31.c ****     S->bitRevFactor = 64U;
 256              		.loc 1 148 5 is_stmt 1 view .LVU92
 148:Drivers/CMSIS/DSP/Source/TransformFunctions/arm_cfft_radix2_init_q31.c ****     S->bitRevFactor = 64U;
 257              		.loc 1 148 25 is_stmt 0 view .LVU93
 258 00b8 4023     		movs	r3, #64
 259              	.LVL29:
 148:Drivers/CMSIS/DSP/Source/TransformFunctions/arm_cfft_radix2_init_q31.c ****     S->bitRevFactor = 64U;
 260              		.loc 1 148 25 view .LVU94
 261 00ba 8381     		strh	r3, [r0, #12]	@ movhi
 149:Drivers/CMSIS/DSP/Source/TransformFunctions/arm_cfft_radix2_init_q31.c ****     S->pBitRevTable = (uint16_t *) & armBitRevTable[63];
 262              		.loc 1 149 5 is_stmt 1 view .LVU95
 149:Drivers/CMSIS/DSP/Source/TransformFunctions/arm_cfft_radix2_init_q31.c ****     S->pBitRevTable = (uint16_t *) & armBitRevTable[63];
 263              		.loc 1 149 21 is_stmt 0 view .LVU96
 264 00bc C381     		strh	r3, [r0, #14]	@ movhi
 150:Drivers/CMSIS/DSP/Source/TransformFunctions/arm_cfft_radix2_init_q31.c ****     break;
 265              		.loc 1 150 5 is_stmt 1 view .LVU97
 150:Drivers/CMSIS/DSP/Source/TransformFunctions/arm_cfft_radix2_init_q31.c ****     break;
 266              		.loc 1 150 21 is_stmt 0 view .LVU98
 267 00be 0F4B     		ldr	r3, .L20+32
 268 00c0 8360     		str	r3, [r0, #8]
 151:Drivers/CMSIS/DSP/Source/TransformFunctions/arm_cfft_radix2_init_q31.c **** 
 269              		.loc 1 151 5 is_stmt 1 view .LVU99
  75:Drivers/CMSIS/DSP/Source/TransformFunctions/arm_cfft_radix2_init_q31.c **** 
 270              		.loc 1 75 14 is_stmt 0 view .LVU100
ARM GAS  C:\usertemp\ccZF9PWH.s 			page 10


 271 00c2 0020     		movs	r0, #0
 272              	.LVL30:
 151:Drivers/CMSIS/DSP/Source/TransformFunctions/arm_cfft_radix2_init_q31.c **** 
 273              		.loc 1 151 5 view .LVU101
 274 00c4 E0E7     		b	.L8
 275              	.LVL31:
 276              	.L6:
 162:Drivers/CMSIS/DSP/Source/TransformFunctions/arm_cfft_radix2_init_q31.c ****     S->bitRevFactor = 256U;
 277              		.loc 1 162 5 is_stmt 1 view .LVU102
 162:Drivers/CMSIS/DSP/Source/TransformFunctions/arm_cfft_radix2_init_q31.c ****     S->bitRevFactor = 256U;
 278              		.loc 1 162 25 is_stmt 0 view .LVU103
 279 00c6 4FF48073 		mov	r3, #256
 280              	.LVL32:
 162:Drivers/CMSIS/DSP/Source/TransformFunctions/arm_cfft_radix2_init_q31.c ****     S->bitRevFactor = 256U;
 281              		.loc 1 162 25 view .LVU104
 282 00ca 8381     		strh	r3, [r0, #12]	@ movhi
 163:Drivers/CMSIS/DSP/Source/TransformFunctions/arm_cfft_radix2_init_q31.c ****     S->pBitRevTable = (uint16_t *) & armBitRevTable[255];
 283              		.loc 1 163 5 is_stmt 1 view .LVU105
 163:Drivers/CMSIS/DSP/Source/TransformFunctions/arm_cfft_radix2_init_q31.c ****     S->pBitRevTable = (uint16_t *) & armBitRevTable[255];
 284              		.loc 1 163 21 is_stmt 0 view .LVU106
 285 00cc C381     		strh	r3, [r0, #14]	@ movhi
 164:Drivers/CMSIS/DSP/Source/TransformFunctions/arm_cfft_radix2_init_q31.c ****     break;
 286              		.loc 1 164 5 is_stmt 1 view .LVU107
 164:Drivers/CMSIS/DSP/Source/TransformFunctions/arm_cfft_radix2_init_q31.c ****     break;
 287              		.loc 1 164 21 is_stmt 0 view .LVU108
 288 00ce 0C4B     		ldr	r3, .L20+36
 289 00d0 8360     		str	r3, [r0, #8]
 165:Drivers/CMSIS/DSP/Source/TransformFunctions/arm_cfft_radix2_init_q31.c **** 
 290              		.loc 1 165 5 is_stmt 1 view .LVU109
  75:Drivers/CMSIS/DSP/Source/TransformFunctions/arm_cfft_radix2_init_q31.c **** 
 291              		.loc 1 75 14 is_stmt 0 view .LVU110
 292 00d2 0020     		movs	r0, #0
 293              	.LVL33:
 165:Drivers/CMSIS/DSP/Source/TransformFunctions/arm_cfft_radix2_init_q31.c **** 
 294              		.loc 1 165 5 view .LVU111
 295 00d4 D8E7     		b	.L8
 296              	.LVL34:
 297              	.L14:
  90:Drivers/CMSIS/DSP/Source/TransformFunctions/arm_cfft_radix2_init_q31.c ****   {
 298              		.loc 1 90 3 view .LVU112
 299 00d6 4FF0FF30 		mov	r0, #-1
 300              	.LVL35:
  90:Drivers/CMSIS/DSP/Source/TransformFunctions/arm_cfft_radix2_init_q31.c ****   {
 301              		.loc 1 90 3 view .LVU113
 302 00da D5E7     		b	.L8
 303              	.L21:
 304              		.align	2
 305              	.L20:
 306 00dc 00000000 		.word	twiddleCoef_4096_q31
 307 00e0 06000000 		.word	armBitRevTable+6
 308 00e4 FE000000 		.word	armBitRevTable+254
 309 00e8 3E000000 		.word	armBitRevTable+62
 310 00ec 00000000 		.word	armBitRevTable
 311 00f0 02000000 		.word	armBitRevTable+2
 312 00f4 0E000000 		.word	armBitRevTable+14
 313 00f8 1E000000 		.word	armBitRevTable+30
 314 00fc 7E000000 		.word	armBitRevTable+126
ARM GAS  C:\usertemp\ccZF9PWH.s 			page 11


 315 0100 FE010000 		.word	armBitRevTable+510
 316              		.cfi_endproc
 317              	.LFE145:
 319              		.text
 320              	.Letext0:
 321              		.file 2 "D:/armtoolchain/arm-gnu-toolchain-13.3.rel1-mingw-w64-i686-arm-none-eabi/arm-none-eabi/in
 322              		.file 3 "D:/armtoolchain/arm-gnu-toolchain-13.3.rel1-mingw-w64-i686-arm-none-eabi/arm-none-eabi/in
 323              		.file 4 "Drivers/CMSIS/DSP/Include/arm_math.h"
 324              		.file 5 "Drivers/CMSIS/DSP/Include/arm_common_tables.h"
ARM GAS  C:\usertemp\ccZF9PWH.s 			page 12


DEFINED SYMBOLS
                            *ABS*:00000000 arm_cfft_radix2_init_q31.c
C:\usertemp\ccZF9PWH.s:20     .text.arm_cfft_radix2_init_q31:00000000 $t
C:\usertemp\ccZF9PWH.s:26     .text.arm_cfft_radix2_init_q31:00000000 arm_cfft_radix2_init_q31
C:\usertemp\ccZF9PWH.s:306    .text.arm_cfft_radix2_init_q31:000000dc $d

UNDEFINED SYMBOLS
twiddleCoef_4096_q31
armBitRevTable
