ARM GAS  C:\usertemp\ccFjuKoB.s 			page 1


   1              		.cpu cortex-m7
   2              		.arch armv7e-m
   3              		.fpu fpv5-d16
   4              		.eabi_attribute 28, 1
   5              		.eabi_attribute 20, 1
   6              		.eabi_attribute 21, 1
   7              		.eabi_attribute 23, 3
   8              		.eabi_attribute 24, 1
   9              		.eabi_attribute 25, 1
  10              		.eabi_attribute 26, 1
  11              		.eabi_attribute 30, 1
  12              		.eabi_attribute 34, 1
  13              		.eabi_attribute 18, 4
  14              		.file	"arm_cmplx_conj_q15.c"
  15              		.text
  16              	.Ltext0:
  17              		.cfi_sections	.debug_frame
  18              		.file 1 "Drivers/CMSIS/DSP/Source/ComplexMathFunctions/arm_cmplx_conj_q15.c"
  19              		.section	.text.arm_cmplx_conj_q15,"ax",%progbits
  20              		.align	1
  21              		.global	arm_cmplx_conj_q15
  22              		.syntax unified
  23              		.thumb
  24              		.thumb_func
  26              	arm_cmplx_conj_q15:
  27              	.LVL0:
  28              	.LFB145:
   1:Drivers/CMSIS/DSP/Source/ComplexMathFunctions/arm_cmplx_conj_q15.c **** /* ----------------------------------------------------------------------
   2:Drivers/CMSIS/DSP/Source/ComplexMathFunctions/arm_cmplx_conj_q15.c ****  * Project:      CMSIS DSP Library
   3:Drivers/CMSIS/DSP/Source/ComplexMathFunctions/arm_cmplx_conj_q15.c ****  * Title:        arm_cmplx_conj_q15.c
   4:Drivers/CMSIS/DSP/Source/ComplexMathFunctions/arm_cmplx_conj_q15.c ****  * Description:  Q15 complex conjugate
   5:Drivers/CMSIS/DSP/Source/ComplexMathFunctions/arm_cmplx_conj_q15.c ****  *
   6:Drivers/CMSIS/DSP/Source/ComplexMathFunctions/arm_cmplx_conj_q15.c ****  * $Date:        18. March 2019
   7:Drivers/CMSIS/DSP/Source/ComplexMathFunctions/arm_cmplx_conj_q15.c ****  * $Revision:    V1.6.0
   8:Drivers/CMSIS/DSP/Source/ComplexMathFunctions/arm_cmplx_conj_q15.c ****  *
   9:Drivers/CMSIS/DSP/Source/ComplexMathFunctions/arm_cmplx_conj_q15.c ****  * Target Processor: Cortex-M cores
  10:Drivers/CMSIS/DSP/Source/ComplexMathFunctions/arm_cmplx_conj_q15.c ****  * -------------------------------------------------------------------- */
  11:Drivers/CMSIS/DSP/Source/ComplexMathFunctions/arm_cmplx_conj_q15.c **** /*
  12:Drivers/CMSIS/DSP/Source/ComplexMathFunctions/arm_cmplx_conj_q15.c ****  * Copyright (C) 2010-2019 ARM Limited or its affiliates. All rights reserved.
  13:Drivers/CMSIS/DSP/Source/ComplexMathFunctions/arm_cmplx_conj_q15.c ****  *
  14:Drivers/CMSIS/DSP/Source/ComplexMathFunctions/arm_cmplx_conj_q15.c ****  * SPDX-License-Identifier: Apache-2.0
  15:Drivers/CMSIS/DSP/Source/ComplexMathFunctions/arm_cmplx_conj_q15.c ****  *
  16:Drivers/CMSIS/DSP/Source/ComplexMathFunctions/arm_cmplx_conj_q15.c ****  * Licensed under the Apache License, Version 2.0 (the License); you may
  17:Drivers/CMSIS/DSP/Source/ComplexMathFunctions/arm_cmplx_conj_q15.c ****  * not use this file except in compliance with the License.
  18:Drivers/CMSIS/DSP/Source/ComplexMathFunctions/arm_cmplx_conj_q15.c ****  * You may obtain a copy of the License at
  19:Drivers/CMSIS/DSP/Source/ComplexMathFunctions/arm_cmplx_conj_q15.c ****  *
  20:Drivers/CMSIS/DSP/Source/ComplexMathFunctions/arm_cmplx_conj_q15.c ****  * www.apache.org/licenses/LICENSE-2.0
  21:Drivers/CMSIS/DSP/Source/ComplexMathFunctions/arm_cmplx_conj_q15.c ****  *
  22:Drivers/CMSIS/DSP/Source/ComplexMathFunctions/arm_cmplx_conj_q15.c ****  * Unless required by applicable law or agreed to in writing, software
  23:Drivers/CMSIS/DSP/Source/ComplexMathFunctions/arm_cmplx_conj_q15.c ****  * distributed under the License is distributed on an AS IS BASIS, WITHOUT
  24:Drivers/CMSIS/DSP/Source/ComplexMathFunctions/arm_cmplx_conj_q15.c ****  * WARRANTIES OR CONDITIONS OF ANY KIND, either express or implied.
  25:Drivers/CMSIS/DSP/Source/ComplexMathFunctions/arm_cmplx_conj_q15.c ****  * See the License for the specific language governing permissions and
  26:Drivers/CMSIS/DSP/Source/ComplexMathFunctions/arm_cmplx_conj_q15.c ****  * limitations under the License.
  27:Drivers/CMSIS/DSP/Source/ComplexMathFunctions/arm_cmplx_conj_q15.c ****  */
  28:Drivers/CMSIS/DSP/Source/ComplexMathFunctions/arm_cmplx_conj_q15.c **** 
  29:Drivers/CMSIS/DSP/Source/ComplexMathFunctions/arm_cmplx_conj_q15.c **** #include "arm_math.h"
  30:Drivers/CMSIS/DSP/Source/ComplexMathFunctions/arm_cmplx_conj_q15.c **** 
ARM GAS  C:\usertemp\ccFjuKoB.s 			page 2


  31:Drivers/CMSIS/DSP/Source/ComplexMathFunctions/arm_cmplx_conj_q15.c **** /**
  32:Drivers/CMSIS/DSP/Source/ComplexMathFunctions/arm_cmplx_conj_q15.c ****   @ingroup groupCmplxMath
  33:Drivers/CMSIS/DSP/Source/ComplexMathFunctions/arm_cmplx_conj_q15.c ****  */
  34:Drivers/CMSIS/DSP/Source/ComplexMathFunctions/arm_cmplx_conj_q15.c **** 
  35:Drivers/CMSIS/DSP/Source/ComplexMathFunctions/arm_cmplx_conj_q15.c **** /**
  36:Drivers/CMSIS/DSP/Source/ComplexMathFunctions/arm_cmplx_conj_q15.c ****   @addtogroup cmplx_conj
  37:Drivers/CMSIS/DSP/Source/ComplexMathFunctions/arm_cmplx_conj_q15.c ****   @{
  38:Drivers/CMSIS/DSP/Source/ComplexMathFunctions/arm_cmplx_conj_q15.c ****  */
  39:Drivers/CMSIS/DSP/Source/ComplexMathFunctions/arm_cmplx_conj_q15.c **** 
  40:Drivers/CMSIS/DSP/Source/ComplexMathFunctions/arm_cmplx_conj_q15.c **** /**
  41:Drivers/CMSIS/DSP/Source/ComplexMathFunctions/arm_cmplx_conj_q15.c ****   @brief         Q15 complex conjugate.
  42:Drivers/CMSIS/DSP/Source/ComplexMathFunctions/arm_cmplx_conj_q15.c ****   @param[in]     pSrc        points to the input vector
  43:Drivers/CMSIS/DSP/Source/ComplexMathFunctions/arm_cmplx_conj_q15.c ****   @param[out]    pDst        points to the output vector
  44:Drivers/CMSIS/DSP/Source/ComplexMathFunctions/arm_cmplx_conj_q15.c ****   @param[in]     numSamples  number of samples in each vector
  45:Drivers/CMSIS/DSP/Source/ComplexMathFunctions/arm_cmplx_conj_q15.c ****   @return        none
  46:Drivers/CMSIS/DSP/Source/ComplexMathFunctions/arm_cmplx_conj_q15.c **** 
  47:Drivers/CMSIS/DSP/Source/ComplexMathFunctions/arm_cmplx_conj_q15.c ****   @par           Scaling and Overflow Behavior
  48:Drivers/CMSIS/DSP/Source/ComplexMathFunctions/arm_cmplx_conj_q15.c ****                    The function uses saturating arithmetic.
  49:Drivers/CMSIS/DSP/Source/ComplexMathFunctions/arm_cmplx_conj_q15.c ****                    The Q15 value -1 (0x8000) is saturated to the maximum allowable positive value 0
  50:Drivers/CMSIS/DSP/Source/ComplexMathFunctions/arm_cmplx_conj_q15.c ****  */
  51:Drivers/CMSIS/DSP/Source/ComplexMathFunctions/arm_cmplx_conj_q15.c **** 
  52:Drivers/CMSIS/DSP/Source/ComplexMathFunctions/arm_cmplx_conj_q15.c **** void arm_cmplx_conj_q15(
  53:Drivers/CMSIS/DSP/Source/ComplexMathFunctions/arm_cmplx_conj_q15.c ****   const q15_t * pSrc,
  54:Drivers/CMSIS/DSP/Source/ComplexMathFunctions/arm_cmplx_conj_q15.c ****         q15_t * pDst,
  55:Drivers/CMSIS/DSP/Source/ComplexMathFunctions/arm_cmplx_conj_q15.c ****         uint32_t numSamples)
  56:Drivers/CMSIS/DSP/Source/ComplexMathFunctions/arm_cmplx_conj_q15.c **** {
  29              		.loc 1 56 1 view -0
  30              		.cfi_startproc
  31              		@ args = 0, pretend = 0, frame = 0
  32              		@ frame_needed = 0, uses_anonymous_args = 0
  57:Drivers/CMSIS/DSP/Source/ComplexMathFunctions/arm_cmplx_conj_q15.c ****         uint32_t blkCnt;                               /* Loop counter */
  33              		.loc 1 57 9 view .LVU1
  58:Drivers/CMSIS/DSP/Source/ComplexMathFunctions/arm_cmplx_conj_q15.c ****         q31_t in1;                                     /* Temporary input variable */
  34              		.loc 1 58 9 view .LVU2
  59:Drivers/CMSIS/DSP/Source/ComplexMathFunctions/arm_cmplx_conj_q15.c **** 
  60:Drivers/CMSIS/DSP/Source/ComplexMathFunctions/arm_cmplx_conj_q15.c **** #if defined (ARM_MATH_LOOPUNROLL) && defined (ARM_MATH_DSP)
  61:Drivers/CMSIS/DSP/Source/ComplexMathFunctions/arm_cmplx_conj_q15.c ****         q31_t in2, in3, in4;                           /* Temporary input variables */
  62:Drivers/CMSIS/DSP/Source/ComplexMathFunctions/arm_cmplx_conj_q15.c **** #endif
  63:Drivers/CMSIS/DSP/Source/ComplexMathFunctions/arm_cmplx_conj_q15.c **** 
  64:Drivers/CMSIS/DSP/Source/ComplexMathFunctions/arm_cmplx_conj_q15.c **** 
  65:Drivers/CMSIS/DSP/Source/ComplexMathFunctions/arm_cmplx_conj_q15.c **** #if defined (ARM_MATH_LOOPUNROLL)
  66:Drivers/CMSIS/DSP/Source/ComplexMathFunctions/arm_cmplx_conj_q15.c **** 
  67:Drivers/CMSIS/DSP/Source/ComplexMathFunctions/arm_cmplx_conj_q15.c ****   /* Loop unrolling: Compute 4 outputs at a time */
  68:Drivers/CMSIS/DSP/Source/ComplexMathFunctions/arm_cmplx_conj_q15.c ****   blkCnt = numSamples >> 2U;
  69:Drivers/CMSIS/DSP/Source/ComplexMathFunctions/arm_cmplx_conj_q15.c **** 
  70:Drivers/CMSIS/DSP/Source/ComplexMathFunctions/arm_cmplx_conj_q15.c ****   while (blkCnt > 0U)
  71:Drivers/CMSIS/DSP/Source/ComplexMathFunctions/arm_cmplx_conj_q15.c ****   {
  72:Drivers/CMSIS/DSP/Source/ComplexMathFunctions/arm_cmplx_conj_q15.c ****     /* C[0] + jC[1] = A[0]+ j(-1)A[1] */
  73:Drivers/CMSIS/DSP/Source/ComplexMathFunctions/arm_cmplx_conj_q15.c **** 
  74:Drivers/CMSIS/DSP/Source/ComplexMathFunctions/arm_cmplx_conj_q15.c ****     /* Calculate Complex Conjugate and store result in destination buffer. */
  75:Drivers/CMSIS/DSP/Source/ComplexMathFunctions/arm_cmplx_conj_q15.c **** 
  76:Drivers/CMSIS/DSP/Source/ComplexMathFunctions/arm_cmplx_conj_q15.c ****     #if defined (ARM_MATH_DSP)
  77:Drivers/CMSIS/DSP/Source/ComplexMathFunctions/arm_cmplx_conj_q15.c ****     in1 = read_q15x2_ia ((q15_t **) &pSrc);
  78:Drivers/CMSIS/DSP/Source/ComplexMathFunctions/arm_cmplx_conj_q15.c ****     in2 = read_q15x2_ia ((q15_t **) &pSrc);
  79:Drivers/CMSIS/DSP/Source/ComplexMathFunctions/arm_cmplx_conj_q15.c ****     in3 = read_q15x2_ia ((q15_t **) &pSrc);
  80:Drivers/CMSIS/DSP/Source/ComplexMathFunctions/arm_cmplx_conj_q15.c ****     in4 = read_q15x2_ia ((q15_t **) &pSrc);
  81:Drivers/CMSIS/DSP/Source/ComplexMathFunctions/arm_cmplx_conj_q15.c **** 
ARM GAS  C:\usertemp\ccFjuKoB.s 			page 3


  82:Drivers/CMSIS/DSP/Source/ComplexMathFunctions/arm_cmplx_conj_q15.c **** #ifndef ARM_MATH_BIG_ENDIAN
  83:Drivers/CMSIS/DSP/Source/ComplexMathFunctions/arm_cmplx_conj_q15.c ****     in1 = __QASX(0, in1);
  84:Drivers/CMSIS/DSP/Source/ComplexMathFunctions/arm_cmplx_conj_q15.c ****     in2 = __QASX(0, in2);
  85:Drivers/CMSIS/DSP/Source/ComplexMathFunctions/arm_cmplx_conj_q15.c ****     in3 = __QASX(0, in3);
  86:Drivers/CMSIS/DSP/Source/ComplexMathFunctions/arm_cmplx_conj_q15.c ****     in4 = __QASX(0, in4);
  87:Drivers/CMSIS/DSP/Source/ComplexMathFunctions/arm_cmplx_conj_q15.c **** #else
  88:Drivers/CMSIS/DSP/Source/ComplexMathFunctions/arm_cmplx_conj_q15.c ****     in1 = __QSAX(0, in1);
  89:Drivers/CMSIS/DSP/Source/ComplexMathFunctions/arm_cmplx_conj_q15.c ****     in2 = __QSAX(0, in2);
  90:Drivers/CMSIS/DSP/Source/ComplexMathFunctions/arm_cmplx_conj_q15.c ****     in3 = __QSAX(0, in3);
  91:Drivers/CMSIS/DSP/Source/ComplexMathFunctions/arm_cmplx_conj_q15.c ****     in4 = __QSAX(0, in4);
  92:Drivers/CMSIS/DSP/Source/ComplexMathFunctions/arm_cmplx_conj_q15.c **** #endif /* #ifndef ARM_MATH_BIG_ENDIAN */
  93:Drivers/CMSIS/DSP/Source/ComplexMathFunctions/arm_cmplx_conj_q15.c **** 
  94:Drivers/CMSIS/DSP/Source/ComplexMathFunctions/arm_cmplx_conj_q15.c ****     in1 = ((uint32_t) in1 >> 16) | ((uint32_t) in1 << 16);
  95:Drivers/CMSIS/DSP/Source/ComplexMathFunctions/arm_cmplx_conj_q15.c ****     in2 = ((uint32_t) in2 >> 16) | ((uint32_t) in2 << 16);
  96:Drivers/CMSIS/DSP/Source/ComplexMathFunctions/arm_cmplx_conj_q15.c ****     in3 = ((uint32_t) in3 >> 16) | ((uint32_t) in3 << 16);
  97:Drivers/CMSIS/DSP/Source/ComplexMathFunctions/arm_cmplx_conj_q15.c ****     in4 = ((uint32_t) in4 >> 16) | ((uint32_t) in4 << 16);
  98:Drivers/CMSIS/DSP/Source/ComplexMathFunctions/arm_cmplx_conj_q15.c **** 
  99:Drivers/CMSIS/DSP/Source/ComplexMathFunctions/arm_cmplx_conj_q15.c ****     write_q15x2_ia (&pDst, in1);
 100:Drivers/CMSIS/DSP/Source/ComplexMathFunctions/arm_cmplx_conj_q15.c ****     write_q15x2_ia (&pDst, in2);
 101:Drivers/CMSIS/DSP/Source/ComplexMathFunctions/arm_cmplx_conj_q15.c ****     write_q15x2_ia (&pDst, in3);
 102:Drivers/CMSIS/DSP/Source/ComplexMathFunctions/arm_cmplx_conj_q15.c ****     write_q15x2_ia (&pDst, in4);
 103:Drivers/CMSIS/DSP/Source/ComplexMathFunctions/arm_cmplx_conj_q15.c **** #else
 104:Drivers/CMSIS/DSP/Source/ComplexMathFunctions/arm_cmplx_conj_q15.c ****     *pDst++ =  *pSrc++;
 105:Drivers/CMSIS/DSP/Source/ComplexMathFunctions/arm_cmplx_conj_q15.c ****     in1 = *pSrc++;
 106:Drivers/CMSIS/DSP/Source/ComplexMathFunctions/arm_cmplx_conj_q15.c ****     *pDst++ = (in1 == (q15_t) 0x8000) ? (q15_t) 0x7fff : -in1;
 107:Drivers/CMSIS/DSP/Source/ComplexMathFunctions/arm_cmplx_conj_q15.c **** 
 108:Drivers/CMSIS/DSP/Source/ComplexMathFunctions/arm_cmplx_conj_q15.c ****     *pDst++ =  *pSrc++;
 109:Drivers/CMSIS/DSP/Source/ComplexMathFunctions/arm_cmplx_conj_q15.c ****     in1 = *pSrc++;
 110:Drivers/CMSIS/DSP/Source/ComplexMathFunctions/arm_cmplx_conj_q15.c ****     *pDst++ = (in1 == (q15_t) 0x8000) ? (q15_t) 0x7fff : -in1;
 111:Drivers/CMSIS/DSP/Source/ComplexMathFunctions/arm_cmplx_conj_q15.c **** 
 112:Drivers/CMSIS/DSP/Source/ComplexMathFunctions/arm_cmplx_conj_q15.c ****     *pDst++ =  *pSrc++;
 113:Drivers/CMSIS/DSP/Source/ComplexMathFunctions/arm_cmplx_conj_q15.c ****     in1 = *pSrc++;
 114:Drivers/CMSIS/DSP/Source/ComplexMathFunctions/arm_cmplx_conj_q15.c ****     *pDst++ = (in1 == (q15_t) 0x8000) ? (q15_t) 0x7fff : -in1;
 115:Drivers/CMSIS/DSP/Source/ComplexMathFunctions/arm_cmplx_conj_q15.c **** 
 116:Drivers/CMSIS/DSP/Source/ComplexMathFunctions/arm_cmplx_conj_q15.c ****     *pDst++ =  *pSrc++;
 117:Drivers/CMSIS/DSP/Source/ComplexMathFunctions/arm_cmplx_conj_q15.c ****     in1 = *pSrc++;
 118:Drivers/CMSIS/DSP/Source/ComplexMathFunctions/arm_cmplx_conj_q15.c ****     *pDst++ = (in1 == (q15_t) 0x8000) ? (q15_t) 0x7fff : -in1;
 119:Drivers/CMSIS/DSP/Source/ComplexMathFunctions/arm_cmplx_conj_q15.c **** 
 120:Drivers/CMSIS/DSP/Source/ComplexMathFunctions/arm_cmplx_conj_q15.c **** #endif /* #if defined (ARM_MATH_DSP) */
 121:Drivers/CMSIS/DSP/Source/ComplexMathFunctions/arm_cmplx_conj_q15.c **** 
 122:Drivers/CMSIS/DSP/Source/ComplexMathFunctions/arm_cmplx_conj_q15.c ****     /* Decrement loop counter */
 123:Drivers/CMSIS/DSP/Source/ComplexMathFunctions/arm_cmplx_conj_q15.c ****     blkCnt--;
 124:Drivers/CMSIS/DSP/Source/ComplexMathFunctions/arm_cmplx_conj_q15.c ****   }
 125:Drivers/CMSIS/DSP/Source/ComplexMathFunctions/arm_cmplx_conj_q15.c **** 
 126:Drivers/CMSIS/DSP/Source/ComplexMathFunctions/arm_cmplx_conj_q15.c ****   /* Loop unrolling: Compute remaining outputs */
 127:Drivers/CMSIS/DSP/Source/ComplexMathFunctions/arm_cmplx_conj_q15.c ****   blkCnt = numSamples % 0x4U;
 128:Drivers/CMSIS/DSP/Source/ComplexMathFunctions/arm_cmplx_conj_q15.c **** 
 129:Drivers/CMSIS/DSP/Source/ComplexMathFunctions/arm_cmplx_conj_q15.c **** #else
 130:Drivers/CMSIS/DSP/Source/ComplexMathFunctions/arm_cmplx_conj_q15.c **** 
 131:Drivers/CMSIS/DSP/Source/ComplexMathFunctions/arm_cmplx_conj_q15.c ****   /* Initialize blkCnt with number of samples */
 132:Drivers/CMSIS/DSP/Source/ComplexMathFunctions/arm_cmplx_conj_q15.c ****   blkCnt = numSamples;
  35              		.loc 1 132 3 view .LVU3
 133:Drivers/CMSIS/DSP/Source/ComplexMathFunctions/arm_cmplx_conj_q15.c **** 
 134:Drivers/CMSIS/DSP/Source/ComplexMathFunctions/arm_cmplx_conj_q15.c **** #endif /* #if defined (ARM_MATH_LOOPUNROLL) */
 135:Drivers/CMSIS/DSP/Source/ComplexMathFunctions/arm_cmplx_conj_q15.c **** 
 136:Drivers/CMSIS/DSP/Source/ComplexMathFunctions/arm_cmplx_conj_q15.c ****   while (blkCnt > 0U)
  36              		.loc 1 136 3 view .LVU4
ARM GAS  C:\usertemp\ccFjuKoB.s 			page 4


  37              		.loc 1 136 17 view .LVU5
  38 0000 9AB1     		cbz	r2, .L7
  56:Drivers/CMSIS/DSP/Source/ComplexMathFunctions/arm_cmplx_conj_q15.c ****         uint32_t blkCnt;                               /* Loop counter */
  39              		.loc 1 56 1 is_stmt 0 view .LVU6
  40 0002 00B5     		push	{lr}
  41              	.LCFI0:
  42              		.cfi_def_cfa_offset 4
  43              		.cfi_offset 14, -4
  44              	.LVL1:
  45              	.L3:
 137:Drivers/CMSIS/DSP/Source/ComplexMathFunctions/arm_cmplx_conj_q15.c ****   {
 138:Drivers/CMSIS/DSP/Source/ComplexMathFunctions/arm_cmplx_conj_q15.c ****     /* C[0] + jC[1] = A[0]+ j(-1)A[1] */
 139:Drivers/CMSIS/DSP/Source/ComplexMathFunctions/arm_cmplx_conj_q15.c **** 
 140:Drivers/CMSIS/DSP/Source/ComplexMathFunctions/arm_cmplx_conj_q15.c ****     /* Calculate Complex Conjugate and store result in destination buffer. */
 141:Drivers/CMSIS/DSP/Source/ComplexMathFunctions/arm_cmplx_conj_q15.c ****     *pDst++ =  *pSrc++;
  46              		.loc 1 141 5 is_stmt 1 view .LVU7
  47              		.loc 1 141 16 is_stmt 0 view .LVU8
  48 0004 8446     		mov	ip, r0
  49 0006 3CF9043B 		ldrsh	r3, [ip], #4
  50              		.loc 1 141 13 view .LVU9
  51 000a 8E46     		mov	lr, r1
  52 000c 2EF8043B 		strh	r3, [lr], #4	@ movhi
 142:Drivers/CMSIS/DSP/Source/ComplexMathFunctions/arm_cmplx_conj_q15.c ****     in1 = *pSrc++;
  53              		.loc 1 142 5 is_stmt 1 view .LVU10
  54              	.LVL2:
  55              		.loc 1 142 11 is_stmt 0 view .LVU11
  56 0010 B0F90230 		ldrsh	r3, [r0, #2]
  57              	.LVL3:
 143:Drivers/CMSIS/DSP/Source/ComplexMathFunctions/arm_cmplx_conj_q15.c **** #if defined (ARM_MATH_DSP)
 144:Drivers/CMSIS/DSP/Source/ComplexMathFunctions/arm_cmplx_conj_q15.c ****     *pDst++ = __SSAT(-in1, 16);
  58              		.loc 1 144 5 is_stmt 1 view .LVU12
  59              	.LBB2:
  60              		.loc 1 144 15 view .LVU13
  61 0014 5B42     		rsbs	r3, r3, #0
  62              	.LVL4:
  63              		.loc 1 144 15 view .LVU14
  64              		.syntax unified
  65              	@ 144 "Drivers/CMSIS/DSP/Source/ComplexMathFunctions/arm_cmplx_conj_q15.c" 1
  66 0016 03F30F03 		ssat r3, #16, r3
  67              	@ 0 "" 2
  68              	.LVL5:
  69              		.loc 1 144 15 view .LVU15
  70              		.loc 1 144 15 is_stmt 0 view .LVU16
  71              		.thumb
  72              		.syntax unified
  73              	.LBE2:
  74              		.loc 1 144 13 view .LVU17
  75 001a 4B80     		strh	r3, [r1, #2]	@ movhi
  76              	.LVL6:
 145:Drivers/CMSIS/DSP/Source/ComplexMathFunctions/arm_cmplx_conj_q15.c **** #else
 146:Drivers/CMSIS/DSP/Source/ComplexMathFunctions/arm_cmplx_conj_q15.c ****     *pDst++ = (in1 == (q15_t) 0x8000) ? (q15_t) 0x7fff : -in1;
 147:Drivers/CMSIS/DSP/Source/ComplexMathFunctions/arm_cmplx_conj_q15.c **** #endif
 148:Drivers/CMSIS/DSP/Source/ComplexMathFunctions/arm_cmplx_conj_q15.c **** 
 149:Drivers/CMSIS/DSP/Source/ComplexMathFunctions/arm_cmplx_conj_q15.c ****     /* Decrement loop counter */
 150:Drivers/CMSIS/DSP/Source/ComplexMathFunctions/arm_cmplx_conj_q15.c ****     blkCnt--;
  77              		.loc 1 150 5 is_stmt 1 view .LVU18
  78              		.loc 1 150 11 is_stmt 0 view .LVU19
ARM GAS  C:\usertemp\ccFjuKoB.s 			page 5


  79 001c 013A     		subs	r2, r2, #1
  80              	.LVL7:
 144:Drivers/CMSIS/DSP/Source/ComplexMathFunctions/arm_cmplx_conj_q15.c **** #else
  81              		.loc 1 144 10 view .LVU20
  82 001e 7146     		mov	r1, lr
 142:Drivers/CMSIS/DSP/Source/ComplexMathFunctions/arm_cmplx_conj_q15.c **** #if defined (ARM_MATH_DSP)
  83              		.loc 1 142 16 view .LVU21
  84 0020 6046     		mov	r0, ip
 136:Drivers/CMSIS/DSP/Source/ComplexMathFunctions/arm_cmplx_conj_q15.c ****   {
  85              		.loc 1 136 17 is_stmt 1 view .LVU22
  86 0022 002A     		cmp	r2, #0
  87 0024 EED1     		bne	.L3
 151:Drivers/CMSIS/DSP/Source/ComplexMathFunctions/arm_cmplx_conj_q15.c ****   }
 152:Drivers/CMSIS/DSP/Source/ComplexMathFunctions/arm_cmplx_conj_q15.c **** 
 153:Drivers/CMSIS/DSP/Source/ComplexMathFunctions/arm_cmplx_conj_q15.c **** }
  88              		.loc 1 153 1 is_stmt 0 view .LVU23
  89 0026 5DF804FB 		ldr	pc, [sp], #4
  90              	.LVL8:
  91              	.L7:
  92              	.LCFI1:
  93              		.cfi_def_cfa_offset 0
  94              		.cfi_restore 14
  95              		.loc 1 153 1 view .LVU24
  96 002a 7047     		bx	lr
  97              		.cfi_endproc
  98              	.LFE145:
 100              		.text
 101              	.Letext0:
 102              		.file 2 "D:/armtoolchain/arm-gnu-toolchain-13.3.rel1-mingw-w64-i686-arm-none-eabi/arm-none-eabi/in
 103              		.file 3 "D:/armtoolchain/arm-gnu-toolchain-13.3.rel1-mingw-w64-i686-arm-none-eabi/arm-none-eabi/in
 104              		.file 4 "Drivers/CMSIS/DSP/Include/arm_math.h"
ARM GAS  C:\usertemp\ccFjuKoB.s 			page 6


DEFINED SYMBOLS
                            *ABS*:00000000 arm_cmplx_conj_q15.c
C:\usertemp\ccFjuKoB.s:20     .text.arm_cmplx_conj_q15:00000000 $t
C:\usertemp\ccFjuKoB.s:26     .text.arm_cmplx_conj_q15:00000000 arm_cmplx_conj_q15

NO UNDEFINED SYMBOLS
