ARM GAS  C:\usertemp\cc74syWL.s 			page 1


   1              		.cpu cortex-m7
   2              		.arch armv7e-m
   3              		.fpu fpv5-d16
   4              		.eabi_attribute 28, 1
   5              		.eabi_attribute 20, 1
   6              		.eabi_attribute 21, 1
   7              		.eabi_attribute 23, 3
   8              		.eabi_attribute 24, 1
   9              		.eabi_attribute 25, 1
  10              		.eabi_attribute 26, 1
  11              		.eabi_attribute 30, 1
  12              		.eabi_attribute 34, 1
  13              		.eabi_attribute 18, 4
  14              		.file	"arm_cmplx_dot_prod_q31.c"
  15              		.text
  16              	.Ltext0:
  17              		.cfi_sections	.debug_frame
  18              		.file 1 "Drivers/CMSIS/DSP/Source/ComplexMathFunctions/arm_cmplx_dot_prod_q31.c"
  19              		.section	.text.arm_cmplx_dot_prod_q31,"ax",%progbits
  20              		.align	1
  21              		.global	arm_cmplx_dot_prod_q31
  22              		.syntax unified
  23              		.thumb
  24              		.thumb_func
  26              	arm_cmplx_dot_prod_q31:
  27              	.LVL0:
  28              	.LFB145:
   1:Drivers/CMSIS/DSP/Source/ComplexMathFunctions/arm_cmplx_dot_prod_q31.c **** /* ----------------------------------------------------------------------
   2:Drivers/CMSIS/DSP/Source/ComplexMathFunctions/arm_cmplx_dot_prod_q31.c ****  * Project:      CMSIS DSP Library
   3:Drivers/CMSIS/DSP/Source/ComplexMathFunctions/arm_cmplx_dot_prod_q31.c ****  * Title:        arm_cmplx_dot_prod_q31.c
   4:Drivers/CMSIS/DSP/Source/ComplexMathFunctions/arm_cmplx_dot_prod_q31.c ****  * Description:  Q31 complex dot product
   5:Drivers/CMSIS/DSP/Source/ComplexMathFunctions/arm_cmplx_dot_prod_q31.c ****  *
   6:Drivers/CMSIS/DSP/Source/ComplexMathFunctions/arm_cmplx_dot_prod_q31.c ****  * $Date:        18. March 2019
   7:Drivers/CMSIS/DSP/Source/ComplexMathFunctions/arm_cmplx_dot_prod_q31.c ****  * $Revision:    V1.6.0
   8:Drivers/CMSIS/DSP/Source/ComplexMathFunctions/arm_cmplx_dot_prod_q31.c ****  *
   9:Drivers/CMSIS/DSP/Source/ComplexMathFunctions/arm_cmplx_dot_prod_q31.c ****  * Target Processor: Cortex-M cores
  10:Drivers/CMSIS/DSP/Source/ComplexMathFunctions/arm_cmplx_dot_prod_q31.c ****  * -------------------------------------------------------------------- */
  11:Drivers/CMSIS/DSP/Source/ComplexMathFunctions/arm_cmplx_dot_prod_q31.c **** /*
  12:Drivers/CMSIS/DSP/Source/ComplexMathFunctions/arm_cmplx_dot_prod_q31.c ****  * Copyright (C) 2010-2019 ARM Limited or its affiliates. All rights reserved.
  13:Drivers/CMSIS/DSP/Source/ComplexMathFunctions/arm_cmplx_dot_prod_q31.c ****  *
  14:Drivers/CMSIS/DSP/Source/ComplexMathFunctions/arm_cmplx_dot_prod_q31.c ****  * SPDX-License-Identifier: Apache-2.0
  15:Drivers/CMSIS/DSP/Source/ComplexMathFunctions/arm_cmplx_dot_prod_q31.c ****  *
  16:Drivers/CMSIS/DSP/Source/ComplexMathFunctions/arm_cmplx_dot_prod_q31.c ****  * Licensed under the Apache License, Version 2.0 (the License); you may
  17:Drivers/CMSIS/DSP/Source/ComplexMathFunctions/arm_cmplx_dot_prod_q31.c ****  * not use this file except in compliance with the License.
  18:Drivers/CMSIS/DSP/Source/ComplexMathFunctions/arm_cmplx_dot_prod_q31.c ****  * You may obtain a copy of the License at
  19:Drivers/CMSIS/DSP/Source/ComplexMathFunctions/arm_cmplx_dot_prod_q31.c ****  *
  20:Drivers/CMSIS/DSP/Source/ComplexMathFunctions/arm_cmplx_dot_prod_q31.c ****  * www.apache.org/licenses/LICENSE-2.0
  21:Drivers/CMSIS/DSP/Source/ComplexMathFunctions/arm_cmplx_dot_prod_q31.c ****  *
  22:Drivers/CMSIS/DSP/Source/ComplexMathFunctions/arm_cmplx_dot_prod_q31.c ****  * Unless required by applicable law or agreed to in writing, software
  23:Drivers/CMSIS/DSP/Source/ComplexMathFunctions/arm_cmplx_dot_prod_q31.c ****  * distributed under the License is distributed on an AS IS BASIS, WITHOUT
  24:Drivers/CMSIS/DSP/Source/ComplexMathFunctions/arm_cmplx_dot_prod_q31.c ****  * WARRANTIES OR CONDITIONS OF ANY KIND, either express or implied.
  25:Drivers/CMSIS/DSP/Source/ComplexMathFunctions/arm_cmplx_dot_prod_q31.c ****  * See the License for the specific language governing permissions and
  26:Drivers/CMSIS/DSP/Source/ComplexMathFunctions/arm_cmplx_dot_prod_q31.c ****  * limitations under the License.
  27:Drivers/CMSIS/DSP/Source/ComplexMathFunctions/arm_cmplx_dot_prod_q31.c ****  */
  28:Drivers/CMSIS/DSP/Source/ComplexMathFunctions/arm_cmplx_dot_prod_q31.c **** 
  29:Drivers/CMSIS/DSP/Source/ComplexMathFunctions/arm_cmplx_dot_prod_q31.c **** #include "arm_math.h"
  30:Drivers/CMSIS/DSP/Source/ComplexMathFunctions/arm_cmplx_dot_prod_q31.c **** 
ARM GAS  C:\usertemp\cc74syWL.s 			page 2


  31:Drivers/CMSIS/DSP/Source/ComplexMathFunctions/arm_cmplx_dot_prod_q31.c **** /**
  32:Drivers/CMSIS/DSP/Source/ComplexMathFunctions/arm_cmplx_dot_prod_q31.c ****   @ingroup groupCmplxMath
  33:Drivers/CMSIS/DSP/Source/ComplexMathFunctions/arm_cmplx_dot_prod_q31.c ****  */
  34:Drivers/CMSIS/DSP/Source/ComplexMathFunctions/arm_cmplx_dot_prod_q31.c **** 
  35:Drivers/CMSIS/DSP/Source/ComplexMathFunctions/arm_cmplx_dot_prod_q31.c **** /**
  36:Drivers/CMSIS/DSP/Source/ComplexMathFunctions/arm_cmplx_dot_prod_q31.c ****   @addtogroup cmplx_dot_prod
  37:Drivers/CMSIS/DSP/Source/ComplexMathFunctions/arm_cmplx_dot_prod_q31.c ****   @{
  38:Drivers/CMSIS/DSP/Source/ComplexMathFunctions/arm_cmplx_dot_prod_q31.c ****  */
  39:Drivers/CMSIS/DSP/Source/ComplexMathFunctions/arm_cmplx_dot_prod_q31.c **** 
  40:Drivers/CMSIS/DSP/Source/ComplexMathFunctions/arm_cmplx_dot_prod_q31.c **** /**
  41:Drivers/CMSIS/DSP/Source/ComplexMathFunctions/arm_cmplx_dot_prod_q31.c ****   @brief         Q31 complex dot product.
  42:Drivers/CMSIS/DSP/Source/ComplexMathFunctions/arm_cmplx_dot_prod_q31.c ****   @param[in]     pSrcA       points to the first input vector
  43:Drivers/CMSIS/DSP/Source/ComplexMathFunctions/arm_cmplx_dot_prod_q31.c ****   @param[in]     pSrcB       points to the second input vector
  44:Drivers/CMSIS/DSP/Source/ComplexMathFunctions/arm_cmplx_dot_prod_q31.c ****   @param[in]     numSamples  number of samples in each vector
  45:Drivers/CMSIS/DSP/Source/ComplexMathFunctions/arm_cmplx_dot_prod_q31.c ****   @param[out]    realResult  real part of the result returned here
  46:Drivers/CMSIS/DSP/Source/ComplexMathFunctions/arm_cmplx_dot_prod_q31.c ****   @param[out]    imagResult  imaginary part of the result returned here
  47:Drivers/CMSIS/DSP/Source/ComplexMathFunctions/arm_cmplx_dot_prod_q31.c ****   @return        none
  48:Drivers/CMSIS/DSP/Source/ComplexMathFunctions/arm_cmplx_dot_prod_q31.c **** 
  49:Drivers/CMSIS/DSP/Source/ComplexMathFunctions/arm_cmplx_dot_prod_q31.c ****   @par           Scaling and Overflow Behavior
  50:Drivers/CMSIS/DSP/Source/ComplexMathFunctions/arm_cmplx_dot_prod_q31.c ****                    The function is implemented using an internal 64-bit accumulator.
  51:Drivers/CMSIS/DSP/Source/ComplexMathFunctions/arm_cmplx_dot_prod_q31.c ****                    The intermediate 1.31 by 1.31 multiplications are performed with 64-bit precisio
  52:Drivers/CMSIS/DSP/Source/ComplexMathFunctions/arm_cmplx_dot_prod_q31.c ****                    The internal real and imaginary accumulators are in 16.48 format and provide 15 
  53:Drivers/CMSIS/DSP/Source/ComplexMathFunctions/arm_cmplx_dot_prod_q31.c ****                    Additions are nonsaturating and no overflow will occur as long as <code>numSampl
  54:Drivers/CMSIS/DSP/Source/ComplexMathFunctions/arm_cmplx_dot_prod_q31.c ****                    The return results <code>realResult</code> and <code>imagResult</code> are in 16
  55:Drivers/CMSIS/DSP/Source/ComplexMathFunctions/arm_cmplx_dot_prod_q31.c ****                    Input down scaling is not required.
  56:Drivers/CMSIS/DSP/Source/ComplexMathFunctions/arm_cmplx_dot_prod_q31.c ****  */
  57:Drivers/CMSIS/DSP/Source/ComplexMathFunctions/arm_cmplx_dot_prod_q31.c **** 
  58:Drivers/CMSIS/DSP/Source/ComplexMathFunctions/arm_cmplx_dot_prod_q31.c **** void arm_cmplx_dot_prod_q31(
  59:Drivers/CMSIS/DSP/Source/ComplexMathFunctions/arm_cmplx_dot_prod_q31.c ****   const q31_t * pSrcA,
  60:Drivers/CMSIS/DSP/Source/ComplexMathFunctions/arm_cmplx_dot_prod_q31.c ****   const q31_t * pSrcB,
  61:Drivers/CMSIS/DSP/Source/ComplexMathFunctions/arm_cmplx_dot_prod_q31.c ****         uint32_t numSamples,
  62:Drivers/CMSIS/DSP/Source/ComplexMathFunctions/arm_cmplx_dot_prod_q31.c ****         q63_t * realResult,
  63:Drivers/CMSIS/DSP/Source/ComplexMathFunctions/arm_cmplx_dot_prod_q31.c ****         q63_t * imagResult)
  64:Drivers/CMSIS/DSP/Source/ComplexMathFunctions/arm_cmplx_dot_prod_q31.c **** {
  29              		.loc 1 64 1 view -0
  30              		.cfi_startproc
  31              		@ args = 4, pretend = 0, frame = 16
  32              		@ frame_needed = 0, uses_anonymous_args = 0
  33              		.loc 1 64 1 is_stmt 0 view .LVU1
  34 0000 2DE9F04F 		push	{r4, r5, r6, r7, r8, r9, r10, fp, lr}
  35              	.LCFI0:
  36              		.cfi_def_cfa_offset 36
  37              		.cfi_offset 4, -36
  38              		.cfi_offset 5, -32
  39              		.cfi_offset 6, -28
  40              		.cfi_offset 7, -24
  41              		.cfi_offset 8, -20
  42              		.cfi_offset 9, -16
  43              		.cfi_offset 10, -12
  44              		.cfi_offset 11, -8
  45              		.cfi_offset 14, -4
  46 0004 85B0     		sub	sp, sp, #20
  47              	.LCFI1:
  48              		.cfi_def_cfa_offset 56
  49 0006 9646     		mov	lr, r2
  65:Drivers/CMSIS/DSP/Source/ComplexMathFunctions/arm_cmplx_dot_prod_q31.c ****         uint32_t blkCnt;                               /* Loop counter */
  50              		.loc 1 65 9 is_stmt 1 view .LVU2
ARM GAS  C:\usertemp\cc74syWL.s 			page 3


  66:Drivers/CMSIS/DSP/Source/ComplexMathFunctions/arm_cmplx_dot_prod_q31.c ****         q63_t real_sum = 0, imag_sum = 0;              /* Temporary result variables */
  51              		.loc 1 66 9 view .LVU3
  52              	.LVL1:
  67:Drivers/CMSIS/DSP/Source/ComplexMathFunctions/arm_cmplx_dot_prod_q31.c ****         q31_t a0,b0,c0,d0;
  53              		.loc 1 67 9 view .LVU4
  68:Drivers/CMSIS/DSP/Source/ComplexMathFunctions/arm_cmplx_dot_prod_q31.c **** 
  69:Drivers/CMSIS/DSP/Source/ComplexMathFunctions/arm_cmplx_dot_prod_q31.c **** #if defined (ARM_MATH_LOOPUNROLL)
  70:Drivers/CMSIS/DSP/Source/ComplexMathFunctions/arm_cmplx_dot_prod_q31.c **** 
  71:Drivers/CMSIS/DSP/Source/ComplexMathFunctions/arm_cmplx_dot_prod_q31.c ****   /* Loop unrolling: Compute 4 outputs at a time */
  72:Drivers/CMSIS/DSP/Source/ComplexMathFunctions/arm_cmplx_dot_prod_q31.c ****   blkCnt = numSamples >> 2U;
  73:Drivers/CMSIS/DSP/Source/ComplexMathFunctions/arm_cmplx_dot_prod_q31.c **** 
  74:Drivers/CMSIS/DSP/Source/ComplexMathFunctions/arm_cmplx_dot_prod_q31.c ****   while (blkCnt > 0U)
  75:Drivers/CMSIS/DSP/Source/ComplexMathFunctions/arm_cmplx_dot_prod_q31.c ****   {
  76:Drivers/CMSIS/DSP/Source/ComplexMathFunctions/arm_cmplx_dot_prod_q31.c ****     a0 = *pSrcA++;
  77:Drivers/CMSIS/DSP/Source/ComplexMathFunctions/arm_cmplx_dot_prod_q31.c ****     b0 = *pSrcA++;
  78:Drivers/CMSIS/DSP/Source/ComplexMathFunctions/arm_cmplx_dot_prod_q31.c ****     c0 = *pSrcB++;
  79:Drivers/CMSIS/DSP/Source/ComplexMathFunctions/arm_cmplx_dot_prod_q31.c ****     d0 = *pSrcB++;
  80:Drivers/CMSIS/DSP/Source/ComplexMathFunctions/arm_cmplx_dot_prod_q31.c **** 
  81:Drivers/CMSIS/DSP/Source/ComplexMathFunctions/arm_cmplx_dot_prod_q31.c ****     real_sum += ((q63_t)a0 * c0) >> 14;
  82:Drivers/CMSIS/DSP/Source/ComplexMathFunctions/arm_cmplx_dot_prod_q31.c ****     imag_sum += ((q63_t)a0 * d0) >> 14;
  83:Drivers/CMSIS/DSP/Source/ComplexMathFunctions/arm_cmplx_dot_prod_q31.c ****     real_sum -= ((q63_t)b0 * d0) >> 14;
  84:Drivers/CMSIS/DSP/Source/ComplexMathFunctions/arm_cmplx_dot_prod_q31.c ****     imag_sum += ((q63_t)b0 * c0) >> 14;
  85:Drivers/CMSIS/DSP/Source/ComplexMathFunctions/arm_cmplx_dot_prod_q31.c **** 
  86:Drivers/CMSIS/DSP/Source/ComplexMathFunctions/arm_cmplx_dot_prod_q31.c ****     a0 = *pSrcA++;
  87:Drivers/CMSIS/DSP/Source/ComplexMathFunctions/arm_cmplx_dot_prod_q31.c ****     b0 = *pSrcA++;
  88:Drivers/CMSIS/DSP/Source/ComplexMathFunctions/arm_cmplx_dot_prod_q31.c ****     c0 = *pSrcB++;
  89:Drivers/CMSIS/DSP/Source/ComplexMathFunctions/arm_cmplx_dot_prod_q31.c ****     d0 = *pSrcB++;
  90:Drivers/CMSIS/DSP/Source/ComplexMathFunctions/arm_cmplx_dot_prod_q31.c **** 
  91:Drivers/CMSIS/DSP/Source/ComplexMathFunctions/arm_cmplx_dot_prod_q31.c ****     real_sum += ((q63_t)a0 * c0) >> 14;
  92:Drivers/CMSIS/DSP/Source/ComplexMathFunctions/arm_cmplx_dot_prod_q31.c ****     imag_sum += ((q63_t)a0 * d0) >> 14;
  93:Drivers/CMSIS/DSP/Source/ComplexMathFunctions/arm_cmplx_dot_prod_q31.c ****     real_sum -= ((q63_t)b0 * d0) >> 14;
  94:Drivers/CMSIS/DSP/Source/ComplexMathFunctions/arm_cmplx_dot_prod_q31.c ****     imag_sum += ((q63_t)b0 * c0) >> 14;
  95:Drivers/CMSIS/DSP/Source/ComplexMathFunctions/arm_cmplx_dot_prod_q31.c **** 
  96:Drivers/CMSIS/DSP/Source/ComplexMathFunctions/arm_cmplx_dot_prod_q31.c ****     a0 = *pSrcA++;
  97:Drivers/CMSIS/DSP/Source/ComplexMathFunctions/arm_cmplx_dot_prod_q31.c ****     b0 = *pSrcA++;
  98:Drivers/CMSIS/DSP/Source/ComplexMathFunctions/arm_cmplx_dot_prod_q31.c ****     c0 = *pSrcB++;
  99:Drivers/CMSIS/DSP/Source/ComplexMathFunctions/arm_cmplx_dot_prod_q31.c ****     d0 = *pSrcB++;
 100:Drivers/CMSIS/DSP/Source/ComplexMathFunctions/arm_cmplx_dot_prod_q31.c **** 
 101:Drivers/CMSIS/DSP/Source/ComplexMathFunctions/arm_cmplx_dot_prod_q31.c ****     real_sum += ((q63_t)a0 * c0) >> 14;
 102:Drivers/CMSIS/DSP/Source/ComplexMathFunctions/arm_cmplx_dot_prod_q31.c ****     imag_sum += ((q63_t)a0 * d0) >> 14;
 103:Drivers/CMSIS/DSP/Source/ComplexMathFunctions/arm_cmplx_dot_prod_q31.c ****     real_sum -= ((q63_t)b0 * d0) >> 14;
 104:Drivers/CMSIS/DSP/Source/ComplexMathFunctions/arm_cmplx_dot_prod_q31.c ****     imag_sum += ((q63_t)b0 * c0) >> 14;
 105:Drivers/CMSIS/DSP/Source/ComplexMathFunctions/arm_cmplx_dot_prod_q31.c **** 
 106:Drivers/CMSIS/DSP/Source/ComplexMathFunctions/arm_cmplx_dot_prod_q31.c ****     a0 = *pSrcA++;
 107:Drivers/CMSIS/DSP/Source/ComplexMathFunctions/arm_cmplx_dot_prod_q31.c ****     b0 = *pSrcA++;
 108:Drivers/CMSIS/DSP/Source/ComplexMathFunctions/arm_cmplx_dot_prod_q31.c ****     c0 = *pSrcB++;
 109:Drivers/CMSIS/DSP/Source/ComplexMathFunctions/arm_cmplx_dot_prod_q31.c ****     d0 = *pSrcB++;
 110:Drivers/CMSIS/DSP/Source/ComplexMathFunctions/arm_cmplx_dot_prod_q31.c **** 
 111:Drivers/CMSIS/DSP/Source/ComplexMathFunctions/arm_cmplx_dot_prod_q31.c ****     real_sum += ((q63_t)a0 * c0) >> 14;
 112:Drivers/CMSIS/DSP/Source/ComplexMathFunctions/arm_cmplx_dot_prod_q31.c ****     imag_sum += ((q63_t)a0 * d0) >> 14;
 113:Drivers/CMSIS/DSP/Source/ComplexMathFunctions/arm_cmplx_dot_prod_q31.c ****     real_sum -= ((q63_t)b0 * d0) >> 14;
 114:Drivers/CMSIS/DSP/Source/ComplexMathFunctions/arm_cmplx_dot_prod_q31.c ****     imag_sum += ((q63_t)b0 * c0) >> 14;
 115:Drivers/CMSIS/DSP/Source/ComplexMathFunctions/arm_cmplx_dot_prod_q31.c **** 
 116:Drivers/CMSIS/DSP/Source/ComplexMathFunctions/arm_cmplx_dot_prod_q31.c ****     /* Decrement loop counter */
 117:Drivers/CMSIS/DSP/Source/ComplexMathFunctions/arm_cmplx_dot_prod_q31.c ****     blkCnt--;
 118:Drivers/CMSIS/DSP/Source/ComplexMathFunctions/arm_cmplx_dot_prod_q31.c ****   }
 119:Drivers/CMSIS/DSP/Source/ComplexMathFunctions/arm_cmplx_dot_prod_q31.c **** 
ARM GAS  C:\usertemp\cc74syWL.s 			page 4


 120:Drivers/CMSIS/DSP/Source/ComplexMathFunctions/arm_cmplx_dot_prod_q31.c ****   /* Loop unrolling: Compute remaining outputs */
 121:Drivers/CMSIS/DSP/Source/ComplexMathFunctions/arm_cmplx_dot_prod_q31.c ****   blkCnt = numSamples % 0x4U;
 122:Drivers/CMSIS/DSP/Source/ComplexMathFunctions/arm_cmplx_dot_prod_q31.c **** 
 123:Drivers/CMSIS/DSP/Source/ComplexMathFunctions/arm_cmplx_dot_prod_q31.c **** #else
 124:Drivers/CMSIS/DSP/Source/ComplexMathFunctions/arm_cmplx_dot_prod_q31.c **** 
 125:Drivers/CMSIS/DSP/Source/ComplexMathFunctions/arm_cmplx_dot_prod_q31.c ****   /* Initialize blkCnt with number of samples */
 126:Drivers/CMSIS/DSP/Source/ComplexMathFunctions/arm_cmplx_dot_prod_q31.c ****   blkCnt = numSamples;
  54              		.loc 1 126 3 view .LVU5
 127:Drivers/CMSIS/DSP/Source/ComplexMathFunctions/arm_cmplx_dot_prod_q31.c **** 
 128:Drivers/CMSIS/DSP/Source/ComplexMathFunctions/arm_cmplx_dot_prod_q31.c **** #endif /* #if defined (ARM_MATH_LOOPUNROLL) */
 129:Drivers/CMSIS/DSP/Source/ComplexMathFunctions/arm_cmplx_dot_prod_q31.c **** 
 130:Drivers/CMSIS/DSP/Source/ComplexMathFunctions/arm_cmplx_dot_prod_q31.c ****   while (blkCnt > 0U)
  55              		.loc 1 130 3 view .LVU6
  66:Drivers/CMSIS/DSP/Source/ComplexMathFunctions/arm_cmplx_dot_prod_q31.c ****         q31_t a0,b0,c0,d0;
  56              		.loc 1 66 29 is_stmt 0 view .LVU7
  57 0008 0025     		movs	r5, #0
  58 000a 0195     		str	r5, [sp, #4]
  66:Drivers/CMSIS/DSP/Source/ComplexMathFunctions/arm_cmplx_dot_prod_q31.c ****         q31_t a0,b0,c0,d0;
  59              		.loc 1 66 15 view .LVU8
  60 000c 2F46     		mov	r7, r5
  61 000e 2C46     		mov	r4, r5
  62 0010 0393     		str	r3, [sp, #12]
  63              		.loc 1 130 9 view .LVU9
  64 0012 4CE0     		b	.L2
  65              	.LVL2:
  66              	.L3:
 131:Drivers/CMSIS/DSP/Source/ComplexMathFunctions/arm_cmplx_dot_prod_q31.c ****   {
 132:Drivers/CMSIS/DSP/Source/ComplexMathFunctions/arm_cmplx_dot_prod_q31.c ****     a0 = *pSrcA++;
  67              		.loc 1 132 5 is_stmt 1 view .LVU10
  68              		.loc 1 132 8 is_stmt 0 view .LVU11
  69 0014 0346     		mov	r3, r0
  70 0016 53F8082B 		ldr	r2, [r3], #8
  71 001a 0293     		str	r3, [sp, #8]
  72              	.LVL3:
 133:Drivers/CMSIS/DSP/Source/ComplexMathFunctions/arm_cmplx_dot_prod_q31.c ****     b0 = *pSrcA++;
  73              		.loc 1 133 5 is_stmt 1 view .LVU12
  74              		.loc 1 133 8 is_stmt 0 view .LVU13
  75 001c 4668     		ldr	r6, [r0, #4]
  76              	.LVL4:
 134:Drivers/CMSIS/DSP/Source/ComplexMathFunctions/arm_cmplx_dot_prod_q31.c ****     c0 = *pSrcB++;
  77              		.loc 1 134 5 is_stmt 1 view .LVU14
  78              		.loc 1 134 8 is_stmt 0 view .LVU15
  79 001e 8C46     		mov	ip, r1
  80 0020 5CF8083B 		ldr	r3, [ip], #8
  81              	.LVL5:
 135:Drivers/CMSIS/DSP/Source/ComplexMathFunctions/arm_cmplx_dot_prod_q31.c ****     d0 = *pSrcB++;
  82              		.loc 1 135 5 is_stmt 1 view .LVU16
  83              		.loc 1 135 8 is_stmt 0 view .LVU17
  84 0024 4968     		ldr	r1, [r1, #4]
  85              	.LVL6:
 136:Drivers/CMSIS/DSP/Source/ComplexMathFunctions/arm_cmplx_dot_prod_q31.c **** 
 137:Drivers/CMSIS/DSP/Source/ComplexMathFunctions/arm_cmplx_dot_prod_q31.c ****     real_sum += ((q63_t)a0 * c0) >> 14;
  86              		.loc 1 137 5 is_stmt 1 view .LVU18
  87              		.loc 1 137 18 is_stmt 0 view .LVU19
  88 0026 D017     		asrs	r0, r2, #31
  89              		.loc 1 137 28 view .LVU20
  90 0028 4FEAE378 		asr	r8, r3, #31
ARM GAS  C:\usertemp\cc74syWL.s 			page 5


  91 002c 02FB08FB 		mul	fp, r2, r8
  92 0030 03FB00BB 		mla	fp, r3, r0, fp
  93 0034 A2FB039A 		umull	r9, r10, r2, r3
  94 0038 DA44     		add	r10, r10, fp
  95              		.loc 1 137 34 view .LVU21
  96 003a 4FEA9939 		lsr	r9, r9, #14
  97 003e 49EA8A49 		orr	r9, r9, r10, lsl #18
  98              		.loc 1 137 14 view .LVU22
  99 0042 19EB0707 		adds	r7, r9, r7
 100              	.LVL7:
 101              		.loc 1 137 14 view .LVU23
 102 0046 44EBAA34 		adc	r4, r4, r10, asr #14
 103              	.LVL8:
 138:Drivers/CMSIS/DSP/Source/ComplexMathFunctions/arm_cmplx_dot_prod_q31.c ****     imag_sum += ((q63_t)a0 * d0) >> 14;
 104              		.loc 1 138 5 is_stmt 1 view .LVU24
 105              		.loc 1 138 28 is_stmt 0 view .LVU25
 106 004a 4FEAE179 		asr	r9, r1, #31
 107 004e 02FB09FA 		mul	r10, r2, r9
 108 0052 01FB00AA 		mla	r10, r1, r0, r10
 109 0056 A2FB0102 		umull	r0, r2, r2, r1
 110              	.LVL9:
 111              		.loc 1 138 28 view .LVU26
 112 005a 5244     		add	r2, r2, r10
 113              		.loc 1 138 34 view .LVU27
 114 005c 800B     		lsrs	r0, r0, #14
 115 005e 40EA8240 		orr	r0, r0, r2, lsl #18
 116              		.loc 1 138 14 view .LVU28
 117 0062 4519     		adds	r5, r0, r5
 118              	.LVL10:
 119              		.loc 1 138 14 view .LVU29
 120 0064 0198     		ldr	r0, [sp, #4]
 121 0066 40EBA232 		adc	r2, r0, r2, asr #14
 122              	.LVL11:
 139:Drivers/CMSIS/DSP/Source/ComplexMathFunctions/arm_cmplx_dot_prod_q31.c ****     real_sum -= ((q63_t)b0 * d0) >> 14;
 123              		.loc 1 139 5 is_stmt 1 view .LVU30
 124              		.loc 1 139 18 is_stmt 0 view .LVU31
 125 006a F017     		asrs	r0, r6, #31
 126              		.loc 1 139 28 view .LVU32
 127 006c 01FB00FA 		mul	r10, r1, r0
 128 0070 06FB09AA 		mla	r10, r6, r9, r10
 129 0074 A1FB0691 		umull	r9, r1, r1, r6
 130              	.LVL12:
 131              		.loc 1 139 28 view .LVU33
 132 0078 5144     		add	r1, r1, r10
 133              		.loc 1 139 34 view .LVU34
 134 007a 4FEA9939 		lsr	r9, r9, #14
 135 007e 49EA8149 		orr	r9, r9, r1, lsl #18
 136              		.loc 1 139 14 view .LVU35
 137 0082 B7EB0907 		subs	r7, r7, r9
 138              	.LVL13:
 139              		.loc 1 139 14 view .LVU36
 140 0086 64EBA134 		sbc	r4, r4, r1, asr #14
 141              	.LVL14:
 140:Drivers/CMSIS/DSP/Source/ComplexMathFunctions/arm_cmplx_dot_prod_q31.c ****     imag_sum += ((q63_t)b0 * c0) >> 14;
 142              		.loc 1 140 5 is_stmt 1 view .LVU37
 143              		.loc 1 140 28 is_stmt 0 view .LVU38
 144 008a 03FB00F0 		mul	r0, r3, r0
ARM GAS  C:\usertemp\cc74syWL.s 			page 6


 145 008e 06FB0800 		mla	r0, r6, r8, r0
 146 0092 A3FB0636 		umull	r3, r6, r3, r6
 147              	.LVL15:
 148              		.loc 1 140 28 view .LVU39
 149 0096 3044     		add	r0, r0, r6
 150              		.loc 1 140 34 view .LVU40
 151 0098 9B0B     		lsrs	r3, r3, #14
 152 009a 43EA8043 		orr	r3, r3, r0, lsl #18
 153              		.loc 1 140 14 view .LVU41
 154 009e 5D19     		adds	r5, r3, r5
 155              	.LVL16:
 156              		.loc 1 140 14 view .LVU42
 157 00a0 42EBA032 		adc	r2, r2, r0, asr #14
 158 00a4 0192     		str	r2, [sp, #4]
 159              	.LVL17:
 141:Drivers/CMSIS/DSP/Source/ComplexMathFunctions/arm_cmplx_dot_prod_q31.c **** 
 142:Drivers/CMSIS/DSP/Source/ComplexMathFunctions/arm_cmplx_dot_prod_q31.c ****     /* Decrement loop counter */
 143:Drivers/CMSIS/DSP/Source/ComplexMathFunctions/arm_cmplx_dot_prod_q31.c ****     blkCnt--;
 160              		.loc 1 143 5 is_stmt 1 view .LVU43
 161              		.loc 1 143 11 is_stmt 0 view .LVU44
 162 00a6 0EF1FF3E 		add	lr, lr, #-1
 163              	.LVL18:
 135:Drivers/CMSIS/DSP/Source/ComplexMathFunctions/arm_cmplx_dot_prod_q31.c **** 
 164              		.loc 1 135 16 view .LVU45
 165 00aa 6146     		mov	r1, ip
 133:Drivers/CMSIS/DSP/Source/ComplexMathFunctions/arm_cmplx_dot_prod_q31.c ****     c0 = *pSrcB++;
 166              		.loc 1 133 16 view .LVU46
 167 00ac 0298     		ldr	r0, [sp, #8]
 168              	.LVL19:
 169              	.L2:
 130:Drivers/CMSIS/DSP/Source/ComplexMathFunctions/arm_cmplx_dot_prod_q31.c ****   {
 170              		.loc 1 130 17 is_stmt 1 view .LVU47
 171 00ae BEF1000F 		cmp	lr, #0
 172 00b2 AFD1     		bne	.L3
 144:Drivers/CMSIS/DSP/Source/ComplexMathFunctions/arm_cmplx_dot_prod_q31.c ****   }
 145:Drivers/CMSIS/DSP/Source/ComplexMathFunctions/arm_cmplx_dot_prod_q31.c **** 
 146:Drivers/CMSIS/DSP/Source/ComplexMathFunctions/arm_cmplx_dot_prod_q31.c ****   /* Store real and imaginary result in 16.48 format  */
 147:Drivers/CMSIS/DSP/Source/ComplexMathFunctions/arm_cmplx_dot_prod_q31.c ****   *realResult = real_sum;
 173              		.loc 1 147 15 is_stmt 0 view .LVU48
 174 00b4 039A     		ldr	r2, [sp, #12]
 175 00b6 0E9E     		ldr	r6, [sp, #56]
 176              		.loc 1 147 3 is_stmt 1 view .LVU49
 177              		.loc 1 147 15 is_stmt 0 view .LVU50
 178 00b8 1760     		str	r7, [r2]
 179 00ba 5460     		str	r4, [r2, #4]
 148:Drivers/CMSIS/DSP/Source/ComplexMathFunctions/arm_cmplx_dot_prod_q31.c ****   *imagResult = imag_sum;
 180              		.loc 1 148 3 is_stmt 1 view .LVU51
 181              		.loc 1 148 15 is_stmt 0 view .LVU52
 182 00bc 3560     		str	r5, [r6]
 183 00be 019B     		ldr	r3, [sp, #4]
 184 00c0 7360     		str	r3, [r6, #4]
 149:Drivers/CMSIS/DSP/Source/ComplexMathFunctions/arm_cmplx_dot_prod_q31.c **** }
 185              		.loc 1 149 1 view .LVU53
 186 00c2 05B0     		add	sp, sp, #20
 187              	.LCFI2:
 188              		.cfi_def_cfa_offset 36
 189              		@ sp needed
ARM GAS  C:\usertemp\cc74syWL.s 			page 7


 190 00c4 BDE8F08F 		pop	{r4, r5, r6, r7, r8, r9, r10, fp, pc}
 191              		.loc 1 149 1 view .LVU54
 192              		.cfi_endproc
 193              	.LFE145:
 195              		.text
 196              	.Letext0:
 197              		.file 2 "D:/armtoolchain/arm-gnu-toolchain-13.3.rel1-mingw-w64-i686-arm-none-eabi/arm-none-eabi/in
 198              		.file 3 "D:/armtoolchain/arm-gnu-toolchain-13.3.rel1-mingw-w64-i686-arm-none-eabi/arm-none-eabi/in
 199              		.file 4 "Drivers/CMSIS/DSP/Include/arm_math.h"
ARM GAS  C:\usertemp\cc74syWL.s 			page 8


DEFINED SYMBOLS
                            *ABS*:00000000 arm_cmplx_dot_prod_q31.c
C:\usertemp\cc74syWL.s:20     .text.arm_cmplx_dot_prod_q31:00000000 $t
C:\usertemp\cc74syWL.s:26     .text.arm_cmplx_dot_prod_q31:00000000 arm_cmplx_dot_prod_q31

NO UNDEFINED SYMBOLS
