ARM GAS  C:\usertemp\ccDPqQ3m.s 			page 1


   1              		.cpu cortex-m7
   2              		.arch armv7e-m
   3              		.fpu fpv5-d16
   4              		.eabi_attribute 28, 1
   5              		.eabi_attribute 20, 1
   6              		.eabi_attribute 21, 1
   7              		.eabi_attribute 23, 3
   8              		.eabi_attribute 24, 1
   9              		.eabi_attribute 25, 1
  10              		.eabi_attribute 26, 1
  11              		.eabi_attribute 30, 1
  12              		.eabi_attribute 34, 1
  13              		.eabi_attribute 18, 4
  14              		.file	"arm_cfft_radix8_f32.c"
  15              		.text
  16              	.Ltext0:
  17              		.cfi_sections	.debug_frame
  18              		.file 1 "Drivers/CMSIS/DSP/Source/TransformFunctions/arm_cfft_radix8_f32.c"
  19              		.section	.text.arm_radix8_butterfly_f32,"ax",%progbits
  20              		.align	1
  21              		.global	arm_radix8_butterfly_f32
  22              		.syntax unified
  23              		.thumb
  24              		.thumb_func
  26              	arm_radix8_butterfly_f32:
  27              	.LVL0:
  28              	.LFB145:
   1:Drivers/CMSIS/DSP/Source/TransformFunctions/arm_cfft_radix8_f32.c **** /* ----------------------------------------------------------------------
   2:Drivers/CMSIS/DSP/Source/TransformFunctions/arm_cfft_radix8_f32.c ****  * Project:      CMSIS DSP Library
   3:Drivers/CMSIS/DSP/Source/TransformFunctions/arm_cfft_radix8_f32.c ****  * Title:        arm_cfft_radix8_f32.c
   4:Drivers/CMSIS/DSP/Source/TransformFunctions/arm_cfft_radix8_f32.c ****  * Description:  Radix-8 Decimation in Frequency CFFT & CIFFT Floating point processing function
   5:Drivers/CMSIS/DSP/Source/TransformFunctions/arm_cfft_radix8_f32.c ****  *
   6:Drivers/CMSIS/DSP/Source/TransformFunctions/arm_cfft_radix8_f32.c ****  * $Date:        18. March 2019
   7:Drivers/CMSIS/DSP/Source/TransformFunctions/arm_cfft_radix8_f32.c ****  * $Revision:    V1.6.0
   8:Drivers/CMSIS/DSP/Source/TransformFunctions/arm_cfft_radix8_f32.c ****  *
   9:Drivers/CMSIS/DSP/Source/TransformFunctions/arm_cfft_radix8_f32.c ****  * Target Processor: Cortex-M cores
  10:Drivers/CMSIS/DSP/Source/TransformFunctions/arm_cfft_radix8_f32.c ****  * -------------------------------------------------------------------- */
  11:Drivers/CMSIS/DSP/Source/TransformFunctions/arm_cfft_radix8_f32.c **** /*
  12:Drivers/CMSIS/DSP/Source/TransformFunctions/arm_cfft_radix8_f32.c ****  * Copyright (C) 2010-2019 ARM Limited or its affiliates. All rights reserved.
  13:Drivers/CMSIS/DSP/Source/TransformFunctions/arm_cfft_radix8_f32.c ****  *
  14:Drivers/CMSIS/DSP/Source/TransformFunctions/arm_cfft_radix8_f32.c ****  * SPDX-License-Identifier: Apache-2.0
  15:Drivers/CMSIS/DSP/Source/TransformFunctions/arm_cfft_radix8_f32.c ****  *
  16:Drivers/CMSIS/DSP/Source/TransformFunctions/arm_cfft_radix8_f32.c ****  * Licensed under the Apache License, Version 2.0 (the License); you may
  17:Drivers/CMSIS/DSP/Source/TransformFunctions/arm_cfft_radix8_f32.c ****  * not use this file except in compliance with the License.
  18:Drivers/CMSIS/DSP/Source/TransformFunctions/arm_cfft_radix8_f32.c ****  * You may obtain a copy of the License at
  19:Drivers/CMSIS/DSP/Source/TransformFunctions/arm_cfft_radix8_f32.c ****  *
  20:Drivers/CMSIS/DSP/Source/TransformFunctions/arm_cfft_radix8_f32.c ****  * www.apache.org/licenses/LICENSE-2.0
  21:Drivers/CMSIS/DSP/Source/TransformFunctions/arm_cfft_radix8_f32.c ****  *
  22:Drivers/CMSIS/DSP/Source/TransformFunctions/arm_cfft_radix8_f32.c ****  * Unless required by applicable law or agreed to in writing, software
  23:Drivers/CMSIS/DSP/Source/TransformFunctions/arm_cfft_radix8_f32.c ****  * distributed under the License is distributed on an AS IS BASIS, WITHOUT
  24:Drivers/CMSIS/DSP/Source/TransformFunctions/arm_cfft_radix8_f32.c ****  * WARRANTIES OR CONDITIONS OF ANY KIND, either express or implied.
  25:Drivers/CMSIS/DSP/Source/TransformFunctions/arm_cfft_radix8_f32.c ****  * See the License for the specific language governing permissions and
  26:Drivers/CMSIS/DSP/Source/TransformFunctions/arm_cfft_radix8_f32.c ****  * limitations under the License.
  27:Drivers/CMSIS/DSP/Source/TransformFunctions/arm_cfft_radix8_f32.c ****  */
  28:Drivers/CMSIS/DSP/Source/TransformFunctions/arm_cfft_radix8_f32.c **** 
  29:Drivers/CMSIS/DSP/Source/TransformFunctions/arm_cfft_radix8_f32.c **** #include "arm_math.h"
  30:Drivers/CMSIS/DSP/Source/TransformFunctions/arm_cfft_radix8_f32.c **** 
ARM GAS  C:\usertemp\ccDPqQ3m.s 			page 2


  31:Drivers/CMSIS/DSP/Source/TransformFunctions/arm_cfft_radix8_f32.c **** 
  32:Drivers/CMSIS/DSP/Source/TransformFunctions/arm_cfft_radix8_f32.c **** /* ----------------------------------------------------------------------
  33:Drivers/CMSIS/DSP/Source/TransformFunctions/arm_cfft_radix8_f32.c ****  * Internal helper function used by the FFTs
  34:Drivers/CMSIS/DSP/Source/TransformFunctions/arm_cfft_radix8_f32.c ****  * -------------------------------------------------------------------- */
  35:Drivers/CMSIS/DSP/Source/TransformFunctions/arm_cfft_radix8_f32.c **** 
  36:Drivers/CMSIS/DSP/Source/TransformFunctions/arm_cfft_radix8_f32.c **** /**
  37:Drivers/CMSIS/DSP/Source/TransformFunctions/arm_cfft_radix8_f32.c ****   brief         Core function for the floating-point CFFT butterfly process.
  38:Drivers/CMSIS/DSP/Source/TransformFunctions/arm_cfft_radix8_f32.c ****   param[in,out] pSrc             points to the in-place buffer of floating-point data type.
  39:Drivers/CMSIS/DSP/Source/TransformFunctions/arm_cfft_radix8_f32.c ****   param[in]     fftLen           length of the FFT.
  40:Drivers/CMSIS/DSP/Source/TransformFunctions/arm_cfft_radix8_f32.c ****   param[in]     pCoef            points to the twiddle coefficient buffer.
  41:Drivers/CMSIS/DSP/Source/TransformFunctions/arm_cfft_radix8_f32.c ****   param[in]     twidCoefModifier twiddle coefficient modifier that supports different size FFTs wit
  42:Drivers/CMSIS/DSP/Source/TransformFunctions/arm_cfft_radix8_f32.c ****   return        none
  43:Drivers/CMSIS/DSP/Source/TransformFunctions/arm_cfft_radix8_f32.c **** */
  44:Drivers/CMSIS/DSP/Source/TransformFunctions/arm_cfft_radix8_f32.c **** 
  45:Drivers/CMSIS/DSP/Source/TransformFunctions/arm_cfft_radix8_f32.c **** void arm_radix8_butterfly_f32(
  46:Drivers/CMSIS/DSP/Source/TransformFunctions/arm_cfft_radix8_f32.c ****   float32_t * pSrc,
  47:Drivers/CMSIS/DSP/Source/TransformFunctions/arm_cfft_radix8_f32.c ****   uint16_t fftLen,
  48:Drivers/CMSIS/DSP/Source/TransformFunctions/arm_cfft_radix8_f32.c ****   const float32_t * pCoef,
  49:Drivers/CMSIS/DSP/Source/TransformFunctions/arm_cfft_radix8_f32.c ****   uint16_t twidCoefModifier)
  50:Drivers/CMSIS/DSP/Source/TransformFunctions/arm_cfft_radix8_f32.c **** {
  29              		.loc 1 50 1 view -0
  30              		.cfi_startproc
  31              		@ args = 0, pretend = 0, frame = 48
  32              		@ frame_needed = 0, uses_anonymous_args = 0
  33              		.loc 1 50 1 is_stmt 0 view .LVU1
  34 0000 2DE9F04F 		push	{r4, r5, r6, r7, r8, r9, r10, fp, lr}
  35              	.LCFI0:
  36              		.cfi_def_cfa_offset 36
  37              		.cfi_offset 4, -36
  38              		.cfi_offset 5, -32
  39              		.cfi_offset 6, -28
  40              		.cfi_offset 7, -24
  41              		.cfi_offset 8, -20
  42              		.cfi_offset 9, -16
  43              		.cfi_offset 10, -12
  44              		.cfi_offset 11, -8
  45              		.cfi_offset 14, -4
  46 0004 2DED0E8B 		vpush.64	{d8, d9, d10, d11, d12, d13, d14}
  47              	.LCFI1:
  48              		.cfi_def_cfa_offset 92
  49              		.cfi_offset 80, -92
  50              		.cfi_offset 81, -88
  51              		.cfi_offset 82, -84
  52              		.cfi_offset 83, -80
  53              		.cfi_offset 84, -76
  54              		.cfi_offset 85, -72
  55              		.cfi_offset 86, -68
  56              		.cfi_offset 87, -64
  57              		.cfi_offset 88, -60
  58              		.cfi_offset 89, -56
  59              		.cfi_offset 90, -52
  60              		.cfi_offset 91, -48
  61              		.cfi_offset 92, -44
  62              		.cfi_offset 93, -40
  63 0008 8DB0     		sub	sp, sp, #52
  64              	.LCFI2:
  65              		.cfi_def_cfa_offset 144
ARM GAS  C:\usertemp\ccDPqQ3m.s 			page 3


  66 000a 0691     		str	r1, [sp, #24]
  67 000c 1546     		mov	r5, r2
  51:Drivers/CMSIS/DSP/Source/TransformFunctions/arm_cfft_radix8_f32.c ****    uint32_t ia1, ia2, ia3, ia4, ia5, ia6, ia7;
  68              		.loc 1 51 4 is_stmt 1 view .LVU2
  52:Drivers/CMSIS/DSP/Source/TransformFunctions/arm_cfft_radix8_f32.c ****    uint32_t i1, i2, i3, i4, i5, i6, i7, i8;
  69              		.loc 1 52 4 view .LVU3
  53:Drivers/CMSIS/DSP/Source/TransformFunctions/arm_cfft_radix8_f32.c ****    uint32_t id;
  70              		.loc 1 53 4 view .LVU4
  54:Drivers/CMSIS/DSP/Source/TransformFunctions/arm_cfft_radix8_f32.c ****    uint32_t n1, n2, j;
  71              		.loc 1 54 4 view .LVU5
  55:Drivers/CMSIS/DSP/Source/TransformFunctions/arm_cfft_radix8_f32.c **** 
  56:Drivers/CMSIS/DSP/Source/TransformFunctions/arm_cfft_radix8_f32.c ****    float32_t r1, r2, r3, r4, r5, r6, r7, r8;
  72              		.loc 1 56 4 view .LVU6
  57:Drivers/CMSIS/DSP/Source/TransformFunctions/arm_cfft_radix8_f32.c ****    float32_t t1, t2;
  73              		.loc 1 57 4 view .LVU7
  58:Drivers/CMSIS/DSP/Source/TransformFunctions/arm_cfft_radix8_f32.c ****    float32_t s1, s2, s3, s4, s5, s6, s7, s8;
  74              		.loc 1 58 4 view .LVU8
  59:Drivers/CMSIS/DSP/Source/TransformFunctions/arm_cfft_radix8_f32.c ****    float32_t p1, p2, p3, p4;
  75              		.loc 1 59 4 view .LVU9
  60:Drivers/CMSIS/DSP/Source/TransformFunctions/arm_cfft_radix8_f32.c ****    float32_t co2, co3, co4, co5, co6, co7, co8;
  76              		.loc 1 60 4 view .LVU10
  61:Drivers/CMSIS/DSP/Source/TransformFunctions/arm_cfft_radix8_f32.c ****    float32_t si2, si3, si4, si5, si6, si7, si8;
  77              		.loc 1 61 4 view .LVU11
  62:Drivers/CMSIS/DSP/Source/TransformFunctions/arm_cfft_radix8_f32.c ****    const float32_t C81 = 0.70710678118f;
  78              		.loc 1 62 4 view .LVU12
  79              	.LVL1:
  63:Drivers/CMSIS/DSP/Source/TransformFunctions/arm_cfft_radix8_f32.c **** 
  64:Drivers/CMSIS/DSP/Source/TransformFunctions/arm_cfft_radix8_f32.c ****    n2 = fftLen;
  80              		.loc 1 64 4 view .LVU13
  81              		.loc 1 64 7 is_stmt 0 view .LVU14
  82 000e 0591     		str	r1, [sp, #20]
  83 0010 8146     		mov	r9, r0
  84 0012 0A93     		str	r3, [sp, #40]
  85              	.LVL2:
  86              	.L6:
  65:Drivers/CMSIS/DSP/Source/TransformFunctions/arm_cfft_radix8_f32.c **** 
  66:Drivers/CMSIS/DSP/Source/TransformFunctions/arm_cfft_radix8_f32.c ****    do
  87              		.loc 1 66 4 is_stmt 1 view .LVU15
  67:Drivers/CMSIS/DSP/Source/TransformFunctions/arm_cfft_radix8_f32.c ****    {
  68:Drivers/CMSIS/DSP/Source/TransformFunctions/arm_cfft_radix8_f32.c ****       n1 = n2;
  88              		.loc 1 68 7 view .LVU16
  69:Drivers/CMSIS/DSP/Source/TransformFunctions/arm_cfft_radix8_f32.c ****       n2 = n2 >> 3;
  89              		.loc 1 69 7 view .LVU17
  90              		.loc 1 69 10 is_stmt 0 view .LVU18
  91 0014 059B     		ldr	r3, [sp, #20]
  92 0016 DA08     		lsrs	r2, r3, #3
  93 0018 0B92     		str	r2, [sp, #44]
  94              	.LVL3:
  70:Drivers/CMSIS/DSP/Source/TransformFunctions/arm_cfft_radix8_f32.c ****       i1 = 0;
  95              		.loc 1 70 7 is_stmt 1 view .LVU19
  96              		.loc 1 70 10 is_stmt 0 view .LVU20
  97 001a 4FF0000E 		mov	lr, #0
  98 001e 0995     		str	r5, [sp, #36]
  99              	.LVL4:
 100              	.L2:
  71:Drivers/CMSIS/DSP/Source/TransformFunctions/arm_cfft_radix8_f32.c **** 
  72:Drivers/CMSIS/DSP/Source/TransformFunctions/arm_cfft_radix8_f32.c ****       do
ARM GAS  C:\usertemp\ccDPqQ3m.s 			page 4


 101              		.loc 1 72 7 is_stmt 1 view .LVU21
  73:Drivers/CMSIS/DSP/Source/TransformFunctions/arm_cfft_radix8_f32.c ****       {
  74:Drivers/CMSIS/DSP/Source/TransformFunctions/arm_cfft_radix8_f32.c ****          i2 = i1 + n2;
 102              		.loc 1 74 10 view .LVU22
 103              		.loc 1 74 13 is_stmt 0 view .LVU23
 104 0020 0EEB0200 		add	r0, lr, r2
 105              	.LVL5:
  75:Drivers/CMSIS/DSP/Source/TransformFunctions/arm_cfft_radix8_f32.c ****          i3 = i2 + n2;
 106              		.loc 1 75 10 is_stmt 1 view .LVU24
 107              		.loc 1 75 13 is_stmt 0 view .LVU25
 108 0024 0EEB4203 		add	r3, lr, r2, lsl #1
 109              	.LVL6:
  76:Drivers/CMSIS/DSP/Source/TransformFunctions/arm_cfft_radix8_f32.c ****          i4 = i3 + n2;
 110              		.loc 1 76 10 is_stmt 1 view .LVU26
 111              		.loc 1 76 13 is_stmt 0 view .LVU27
 112 0028 D618     		adds	r6, r2, r3
 113              	.LVL7:
  77:Drivers/CMSIS/DSP/Source/TransformFunctions/arm_cfft_radix8_f32.c ****          i5 = i4 + n2;
 114              		.loc 1 77 10 is_stmt 1 view .LVU28
 115              		.loc 1 77 13 is_stmt 0 view .LVU29
 116 002a 03EB4201 		add	r1, r3, r2, lsl #1
 117              	.LVL8:
  78:Drivers/CMSIS/DSP/Source/TransformFunctions/arm_cfft_radix8_f32.c ****          i6 = i5 + n2;
 118              		.loc 1 78 10 is_stmt 1 view .LVU30
 119              		.loc 1 78 13 is_stmt 0 view .LVU31
 120 002e 5718     		adds	r7, r2, r1
 121              	.LVL9:
  79:Drivers/CMSIS/DSP/Source/TransformFunctions/arm_cfft_radix8_f32.c ****          i7 = i6 + n2;
 122              		.loc 1 79 10 is_stmt 1 view .LVU32
 123              		.loc 1 79 13 is_stmt 0 view .LVU33
 124 0030 01EB420C 		add	ip, r1, r2, lsl #1
 125              	.LVL10:
  80:Drivers/CMSIS/DSP/Source/TransformFunctions/arm_cfft_radix8_f32.c ****          i8 = i7 + n2;
 126              		.loc 1 80 10 is_stmt 1 view .LVU34
 127              		.loc 1 80 13 is_stmt 0 view .LVU35
 128 0034 02EB0C0B 		add	fp, r2, ip
 129              	.LVL11:
  81:Drivers/CMSIS/DSP/Source/TransformFunctions/arm_cfft_radix8_f32.c ****          r1 = pSrc[2 * i1] + pSrc[2 * i5];
 130              		.loc 1 81 10 is_stmt 1 view .LVU36
 131              		.loc 1 81 19 is_stmt 0 view .LVU37
 132 0038 4FEACE0A 		lsl	r10, lr, #3
 133 003c 09EBCE04 		add	r4, r9, lr, lsl #3
 134 0040 94ED007A 		vldr.32	s14, [r4]
 135              		.loc 1 81 34 view .LVU38
 136 0044 4FEAC108 		lsl	r8, r1, #3
 137 0048 09EBC101 		add	r1, r9, r1, lsl #3
 138              	.LVL12:
 139              		.loc 1 81 34 view .LVU39
 140 004c D1ED007A 		vldr.32	s15, [r1]
 141              		.loc 1 81 13 view .LVU40
 142 0050 77EE276A 		vadd.f32	s13, s14, s15
 143              	.LVL13:
  82:Drivers/CMSIS/DSP/Source/TransformFunctions/arm_cfft_radix8_f32.c ****          r5 = pSrc[2 * i1] - pSrc[2 * i5];
 144              		.loc 1 82 10 is_stmt 1 view .LVU41
 145              		.loc 1 82 13 is_stmt 0 view .LVU42
 146 0054 37EE677A 		vsub.f32	s14, s14, s15
 147              	.LVL14:
ARM GAS  C:\usertemp\ccDPqQ3m.s 			page 5


  83:Drivers/CMSIS/DSP/Source/TransformFunctions/arm_cfft_radix8_f32.c ****          r2 = pSrc[2 * i2] + pSrc[2 * i6];
 148              		.loc 1 83 10 is_stmt 1 view .LVU43
 149              		.loc 1 83 19 is_stmt 0 view .LVU44
 150 0058 C500     		lsls	r5, r0, #3
 151 005a 0095     		str	r5, [sp]
 152 005c 09EBC000 		add	r0, r9, r0, lsl #3
 153              	.LVL15:
 154              		.loc 1 83 19 view .LVU45
 155 0060 0190     		str	r0, [sp, #4]
 156 0062 90ED006A 		vldr.32	s12, [r0]
 157              		.loc 1 83 34 view .LVU46
 158 0066 F800     		lsls	r0, r7, #3
 159 0068 09EBC707 		add	r7, r9, r7, lsl #3
 160              	.LVL16:
 161              		.loc 1 83 34 view .LVU47
 162 006c 0297     		str	r7, [sp, #8]
 163 006e D7ED007A 		vldr.32	s15, [r7]
 164              		.loc 1 83 13 view .LVU48
 165 0072 76EE275A 		vadd.f32	s11, s12, s15
 166              	.LVL17:
  84:Drivers/CMSIS/DSP/Source/TransformFunctions/arm_cfft_radix8_f32.c ****          r6 = pSrc[2 * i2] - pSrc[2 * i6];
 167              		.loc 1 84 10 is_stmt 1 view .LVU49
 168              		.loc 1 84 13 is_stmt 0 view .LVU50
 169 0076 36EE676A 		vsub.f32	s12, s12, s15
 170              	.LVL18:
  85:Drivers/CMSIS/DSP/Source/TransformFunctions/arm_cfft_radix8_f32.c ****          r3 = pSrc[2 * i3] + pSrc[2 * i7];
 171              		.loc 1 85 10 is_stmt 1 view .LVU51
 172              		.loc 1 85 19 is_stmt 0 view .LVU52
 173 007a DF00     		lsls	r7, r3, #3
 174 007c 09EBC303 		add	r3, r9, r3, lsl #3
 175              	.LVL19:
 176              		.loc 1 85 19 view .LVU53
 177 0080 D3ED007A 		vldr.32	s15, [r3]
 178              		.loc 1 85 34 view .LVU54
 179 0084 4FEACC05 		lsl	r5, ip, #3
 180 0088 0395     		str	r5, [sp, #12]
 181 008a 09EBCC0C 		add	ip, r9, ip, lsl #3
 182              	.LVL20:
 183              		.loc 1 85 34 view .LVU55
 184 008e 9CED005A 		vldr.32	s10, [ip]
 185              		.loc 1 85 13 view .LVU56
 186 0092 77EE854A 		vadd.f32	s9, s15, s10
 187              	.LVL21:
  86:Drivers/CMSIS/DSP/Source/TransformFunctions/arm_cfft_radix8_f32.c ****          r7 = pSrc[2 * i3] - pSrc[2 * i7];
 188              		.loc 1 86 10 is_stmt 1 view .LVU57
 189              		.loc 1 86 13 is_stmt 0 view .LVU58
 190 0096 77EEC57A 		vsub.f32	s15, s15, s10
 191              	.LVL22:
  87:Drivers/CMSIS/DSP/Source/TransformFunctions/arm_cfft_radix8_f32.c ****          r4 = pSrc[2 * i4] + pSrc[2 * i8];
 192              		.loc 1 87 10 is_stmt 1 view .LVU59
 193              		.loc 1 87 19 is_stmt 0 view .LVU60
 194 009a F500     		lsls	r5, r6, #3
 195 009c 0495     		str	r5, [sp, #16]
 196 009e 09EBC606 		add	r6, r9, r6, lsl #3
 197              	.LVL23:
 198              		.loc 1 87 19 view .LVU61
 199 00a2 0796     		str	r6, [sp, #28]
ARM GAS  C:\usertemp\ccDPqQ3m.s 			page 6


 200 00a4 D6ED003A 		vldr.32	s7, [r6]
 201              		.loc 1 87 34 view .LVU62
 202 00a8 4FEACB05 		lsl	r5, fp, #3
 203 00ac 0895     		str	r5, [sp, #32]
 204 00ae 09EBCB0B 		add	fp, r9, fp, lsl #3
 205              	.LVL24:
 206              		.loc 1 87 34 view .LVU63
 207 00b2 9BED004A 		vldr.32	s8, [fp]
 208              		.loc 1 87 13 view .LVU64
 209 00b6 33EE845A 		vadd.f32	s10, s7, s8
 210              	.LVL25:
  88:Drivers/CMSIS/DSP/Source/TransformFunctions/arm_cfft_radix8_f32.c ****          r8 = pSrc[2 * i4] - pSrc[2 * i8];
 211              		.loc 1 88 10 is_stmt 1 view .LVU65
 212              		.loc 1 88 13 is_stmt 0 view .LVU66
 213 00ba 73EEC43A 		vsub.f32	s7, s7, s8
 214              	.LVL26:
  89:Drivers/CMSIS/DSP/Source/TransformFunctions/arm_cfft_radix8_f32.c ****          t1 = r1 - r3;
 215              		.loc 1 89 10 is_stmt 1 view .LVU67
 216              		.loc 1 89 13 is_stmt 0 view .LVU68
 217 00be 76EEE40A 		vsub.f32	s1, s13, s9
 218              	.LVL27:
  90:Drivers/CMSIS/DSP/Source/TransformFunctions/arm_cfft_radix8_f32.c ****          r1 = r1 + r3;
 219              		.loc 1 90 10 is_stmt 1 view .LVU69
 220              		.loc 1 90 13 is_stmt 0 view .LVU70
 221 00c2 76EEA46A 		vadd.f32	s13, s13, s9
 222              	.LVL28:
  91:Drivers/CMSIS/DSP/Source/TransformFunctions/arm_cfft_radix8_f32.c ****          r3 = r2 - r4;
 223              		.loc 1 91 10 is_stmt 1 view .LVU71
 224              		.loc 1 91 13 is_stmt 0 view .LVU72
 225 00c6 35EEC51A 		vsub.f32	s2, s11, s10
 226              	.LVL29:
  92:Drivers/CMSIS/DSP/Source/TransformFunctions/arm_cfft_radix8_f32.c ****          r2 = r2 + r4;
 227              		.loc 1 92 10 is_stmt 1 view .LVU73
 228              		.loc 1 92 13 is_stmt 0 view .LVU74
 229 00ca 75EE855A 		vadd.f32	s11, s11, s10
 230              	.LVL30:
  93:Drivers/CMSIS/DSP/Source/TransformFunctions/arm_cfft_radix8_f32.c ****          pSrc[2 * i1] = r1 + r2;
 231              		.loc 1 93 10 is_stmt 1 view .LVU75
 232              		.loc 1 93 28 is_stmt 0 view .LVU76
 233 00ce 36EEA55A 		vadd.f32	s10, s13, s11
 234              	.LVL31:
 235              		.loc 1 93 23 view .LVU77
 236 00d2 84ED005A 		vstr.32	s10, [r4]
 237              	.LVL32:
  94:Drivers/CMSIS/DSP/Source/TransformFunctions/arm_cfft_radix8_f32.c ****          pSrc[2 * i5] = r1 - r2;
 238              		.loc 1 94 10 is_stmt 1 view .LVU78
 239              		.loc 1 94 28 is_stmt 0 view .LVU79
 240 00d6 76EEE56A 		vsub.f32	s13, s13, s11
 241              	.LVL33:
 242              		.loc 1 94 23 view .LVU80
 243 00da C1ED006A 		vstr.32	s13, [r1]
  95:Drivers/CMSIS/DSP/Source/TransformFunctions/arm_cfft_radix8_f32.c ****          r1 = pSrc[2 * i1 + 1] + pSrc[2 * i5 + 1];
 244              		.loc 1 95 10 is_stmt 1 view .LVU81
 245              		.loc 1 95 19 is_stmt 0 view .LVU82
 246 00de 0AF1040A 		add	r10, r10, #4
 247 00e2 CA44     		add	r10, r10, r9
 248 00e4 9AED005A 		vldr.32	s10, [r10]
ARM GAS  C:\usertemp\ccDPqQ3m.s 			page 7


 249              		.loc 1 95 38 view .LVU83
 250 00e8 08F10408 		add	r8, r8, #4
 251 00ec C844     		add	r8, r8, r9
 252 00ee D8ED006A 		vldr.32	s13, [r8]
 253              		.loc 1 95 13 view .LVU84
 254 00f2 75EE265A 		vadd.f32	s11, s10, s13
 255              	.LVL34:
  96:Drivers/CMSIS/DSP/Source/TransformFunctions/arm_cfft_radix8_f32.c ****          s5 = pSrc[2 * i1 + 1] - pSrc[2 * i5 + 1];
 256              		.loc 1 96 10 is_stmt 1 view .LVU85
 257              		.loc 1 96 13 is_stmt 0 view .LVU86
 258 00f6 35EE665A 		vsub.f32	s10, s10, s13
 259              	.LVL35:
  97:Drivers/CMSIS/DSP/Source/TransformFunctions/arm_cfft_radix8_f32.c ****          r2 = pSrc[2 * i2 + 1] + pSrc[2 * i6 + 1];
 260              		.loc 1 97 10 is_stmt 1 view .LVU87
 261              		.loc 1 97 19 is_stmt 0 view .LVU88
 262 00fa 009D     		ldr	r5, [sp]
 263 00fc 0435     		adds	r5, r5, #4
 264 00fe 4D44     		add	r5, r5, r9
 265 0100 D5ED006A 		vldr.32	s13, [r5]
 266              		.loc 1 97 38 view .LVU89
 267 0104 0430     		adds	r0, r0, #4
 268 0106 4844     		add	r0, r0, r9
 269 0108 D0ED004A 		vldr.32	s9, [r0]
 270              		.loc 1 97 13 view .LVU90
 271 010c 36EEA43A 		vadd.f32	s6, s13, s9
 272              	.LVL36:
  98:Drivers/CMSIS/DSP/Source/TransformFunctions/arm_cfft_radix8_f32.c ****          s6 = pSrc[2 * i2 + 1] - pSrc[2 * i6 + 1];
 273              		.loc 1 98 10 is_stmt 1 view .LVU91
 274              		.loc 1 98 13 is_stmt 0 view .LVU92
 275 0110 76EEE46A 		vsub.f32	s13, s13, s9
 276              	.LVL37:
  99:Drivers/CMSIS/DSP/Source/TransformFunctions/arm_cfft_radix8_f32.c ****          s3 = pSrc[2 * i3 + 1] + pSrc[2 * i7 + 1];
 277              		.loc 1 99 10 is_stmt 1 view .LVU93
 278              		.loc 1 99 19 is_stmt 0 view .LVU94
 279 0114 0437     		adds	r7, r7, #4
 280 0116 4F44     		add	r7, r7, r9
 281 0118 D7ED004A 		vldr.32	s9, [r7]
 282              		.loc 1 99 38 view .LVU95
 283 011c 0399     		ldr	r1, [sp, #12]
 284 011e 0E1D     		adds	r6, r1, #4
 285 0120 4E44     		add	r6, r6, r9
 286 0122 96ED004A 		vldr.32	s8, [r6]
 287              		.loc 1 99 13 view .LVU96
 288 0126 34EE842A 		vadd.f32	s4, s9, s8
 289              	.LVL38:
 100:Drivers/CMSIS/DSP/Source/TransformFunctions/arm_cfft_radix8_f32.c ****          s7 = pSrc[2 * i3 + 1] - pSrc[2 * i7 + 1];
 290              		.loc 1 100 10 is_stmt 1 view .LVU97
 291              		.loc 1 100 13 is_stmt 0 view .LVU98
 292 012a 74EEC44A 		vsub.f32	s9, s9, s8
 293              	.LVL39:
 101:Drivers/CMSIS/DSP/Source/TransformFunctions/arm_cfft_radix8_f32.c ****          r4 = pSrc[2 * i4 + 1] + pSrc[2 * i8 + 1];
 294              		.loc 1 101 10 is_stmt 1 view .LVU99
 295              		.loc 1 101 19 is_stmt 0 view .LVU100
 296 012e 0499     		ldr	r1, [sp, #16]
 297 0130 0431     		adds	r1, r1, #4
 298 0132 4944     		add	r1, r1, r9
 299 0134 91ED004A 		vldr.32	s8, [r1]
ARM GAS  C:\usertemp\ccDPqQ3m.s 			page 8


 300              		.loc 1 101 38 view .LVU101
 301 0138 089C     		ldr	r4, [sp, #32]
 302 013a 0434     		adds	r4, r4, #4
 303 013c 4C44     		add	r4, r4, r9
 304 013e D4ED002A 		vldr.32	s5, [r4]
 305              		.loc 1 101 13 view .LVU102
 306 0142 74EE221A 		vadd.f32	s3, s8, s5
 307              	.LVL40:
 102:Drivers/CMSIS/DSP/Source/TransformFunctions/arm_cfft_radix8_f32.c ****          s8 = pSrc[2 * i4 + 1] - pSrc[2 * i8 + 1];
 308              		.loc 1 102 10 is_stmt 1 view .LVU103
 309              		.loc 1 102 13 is_stmt 0 view .LVU104
 310 0146 34EE624A 		vsub.f32	s8, s8, s5
 311              	.LVL41:
 103:Drivers/CMSIS/DSP/Source/TransformFunctions/arm_cfft_radix8_f32.c ****          t2 = r1 - s3;
 312              		.loc 1 103 10 is_stmt 1 view .LVU105
 313              		.loc 1 103 13 is_stmt 0 view .LVU106
 314 014a 75EEC22A 		vsub.f32	s5, s11, s4
 315              	.LVL42:
 104:Drivers/CMSIS/DSP/Source/TransformFunctions/arm_cfft_radix8_f32.c ****          r1 = r1 + s3;
 316              		.loc 1 104 10 is_stmt 1 view .LVU107
 317              		.loc 1 104 13 is_stmt 0 view .LVU108
 318 014e 75EE825A 		vadd.f32	s11, s11, s4
 319              	.LVL43:
 105:Drivers/CMSIS/DSP/Source/TransformFunctions/arm_cfft_radix8_f32.c ****          s3 = r2 - r4;
 320              		.loc 1 105 10 is_stmt 1 view .LVU109
 321              		.loc 1 105 13 is_stmt 0 view .LVU110
 322 0152 33EE612A 		vsub.f32	s4, s6, s3
 323              	.LVL44:
 106:Drivers/CMSIS/DSP/Source/TransformFunctions/arm_cfft_radix8_f32.c ****          r2 = r2 + r4;
 324              		.loc 1 106 10 is_stmt 1 view .LVU111
 325              		.loc 1 106 13 is_stmt 0 view .LVU112
 326 0156 33EE213A 		vadd.f32	s6, s6, s3
 327              	.LVL45:
 107:Drivers/CMSIS/DSP/Source/TransformFunctions/arm_cfft_radix8_f32.c ****          pSrc[2 * i1 + 1] = r1 + r2;
 328              		.loc 1 107 10 is_stmt 1 view .LVU113
 329              		.loc 1 107 32 is_stmt 0 view .LVU114
 330 015a 75EE831A 		vadd.f32	s3, s11, s6
 331              	.LVL46:
 332              		.loc 1 107 27 view .LVU115
 333 015e CAED001A 		vstr.32	s3, [r10]
 334              	.LVL47:
 108:Drivers/CMSIS/DSP/Source/TransformFunctions/arm_cfft_radix8_f32.c ****          pSrc[2 * i5 + 1] = r1 - r2;
 335              		.loc 1 108 10 is_stmt 1 view .LVU116
 336              		.loc 1 108 32 is_stmt 0 view .LVU117
 337 0162 75EEC35A 		vsub.f32	s11, s11, s6
 338              	.LVL48:
 339              		.loc 1 108 27 view .LVU118
 340 0166 C8ED005A 		vstr.32	s11, [r8]
 109:Drivers/CMSIS/DSP/Source/TransformFunctions/arm_cfft_radix8_f32.c ****          pSrc[2 * i3]     = t1 + s3;
 341              		.loc 1 109 10 is_stmt 1 view .LVU119
 342              		.loc 1 109 32 is_stmt 0 view .LVU120
 343 016a 70EE825A 		vadd.f32	s11, s1, s4
 344              		.loc 1 109 27 view .LVU121
 345 016e C3ED005A 		vstr.32	s11, [r3]
 110:Drivers/CMSIS/DSP/Source/TransformFunctions/arm_cfft_radix8_f32.c ****          pSrc[2 * i7]     = t1 - s3;
 346              		.loc 1 110 10 is_stmt 1 view .LVU122
 347              		.loc 1 110 32 is_stmt 0 view .LVU123
ARM GAS  C:\usertemp\ccDPqQ3m.s 			page 9


 348 0172 30EEC23A 		vsub.f32	s6, s1, s4
 349              	.LVL49:
 350              		.loc 1 110 27 view .LVU124
 351 0176 8CED003A 		vstr.32	s6, [ip]
 111:Drivers/CMSIS/DSP/Source/TransformFunctions/arm_cfft_radix8_f32.c ****          pSrc[2 * i3 + 1] = t2 - r3;
 352              		.loc 1 111 10 is_stmt 1 view .LVU125
 353              		.loc 1 111 32 is_stmt 0 view .LVU126
 354 017a 72EEC15A 		vsub.f32	s11, s5, s2
 355              		.loc 1 111 27 view .LVU127
 356 017e C7ED005A 		vstr.32	s11, [r7]
 112:Drivers/CMSIS/DSP/Source/TransformFunctions/arm_cfft_radix8_f32.c ****          pSrc[2 * i7 + 1] = t2 + r3;
 357              		.loc 1 112 10 is_stmt 1 view .LVU128
 358              		.loc 1 112 32 is_stmt 0 view .LVU129
 359 0182 71EE225A 		vadd.f32	s11, s2, s5
 360              		.loc 1 112 27 view .LVU130
 361 0186 C6ED005A 		vstr.32	s11, [r6]
 113:Drivers/CMSIS/DSP/Source/TransformFunctions/arm_cfft_radix8_f32.c ****          r1 = (r6 - r8) * C81;
 362              		.loc 1 113 10 is_stmt 1 view .LVU131
 363              		.loc 1 113 19 is_stmt 0 view .LVU132
 364 018a 76EE635A 		vsub.f32	s11, s12, s7
 365              		.loc 1 113 13 view .LVU133
 366 018e 9FEDF33A 		vldr.32	s6, .L8
 367 0192 65EE835A 		vmul.f32	s11, s11, s6
 368              	.LVL50:
 114:Drivers/CMSIS/DSP/Source/TransformFunctions/arm_cfft_radix8_f32.c ****          r6 = (r6 + r8) * C81;
 369              		.loc 1 114 10 is_stmt 1 view .LVU134
 370              		.loc 1 114 19 is_stmt 0 view .LVU135
 371 0196 36EE236A 		vadd.f32	s12, s12, s7
 372              	.LVL51:
 373              		.loc 1 114 13 view .LVU136
 374 019a 26EE036A 		vmul.f32	s12, s12, s6
 375              	.LVL52:
 115:Drivers/CMSIS/DSP/Source/TransformFunctions/arm_cfft_radix8_f32.c ****          r2 = (s6 - s8) * C81;
 376              		.loc 1 115 10 is_stmt 1 view .LVU137
 377              		.loc 1 115 19 is_stmt 0 view .LVU138
 378 019e 76EEC43A 		vsub.f32	s7, s13, s8
 379              	.LVL53:
 380              		.loc 1 115 13 view .LVU139
 381 01a2 63EE833A 		vmul.f32	s7, s7, s6
 382              	.LVL54:
 116:Drivers/CMSIS/DSP/Source/TransformFunctions/arm_cfft_radix8_f32.c ****          s6 = (s6 + s8) * C81;
 383              		.loc 1 116 10 is_stmt 1 view .LVU140
 384              		.loc 1 116 19 is_stmt 0 view .LVU141
 385 01a6 76EE846A 		vadd.f32	s13, s13, s8
 386              	.LVL55:
 387              		.loc 1 116 13 view .LVU142
 388 01aa 66EE836A 		vmul.f32	s13, s13, s6
 389              	.LVL56:
 117:Drivers/CMSIS/DSP/Source/TransformFunctions/arm_cfft_radix8_f32.c ****          t1 = r5 - r1;
 390              		.loc 1 117 10 is_stmt 1 view .LVU143
 391              		.loc 1 117 13 is_stmt 0 view .LVU144
 392 01ae 37EE654A 		vsub.f32	s8, s14, s11
 393              	.LVL57:
 118:Drivers/CMSIS/DSP/Source/TransformFunctions/arm_cfft_radix8_f32.c ****          r5 = r5 + r1;
 394              		.loc 1 118 10 is_stmt 1 view .LVU145
 395              		.loc 1 118 13 is_stmt 0 view .LVU146
 396 01b2 37EE257A 		vadd.f32	s14, s14, s11
ARM GAS  C:\usertemp\ccDPqQ3m.s 			page 10


 397              	.LVL58:
 119:Drivers/CMSIS/DSP/Source/TransformFunctions/arm_cfft_radix8_f32.c ****          r8 = r7 - r6;
 398              		.loc 1 119 10 is_stmt 1 view .LVU147
 399              		.loc 1 119 13 is_stmt 0 view .LVU148
 400 01b6 77EEC65A 		vsub.f32	s11, s15, s12
 401              	.LVL59:
 120:Drivers/CMSIS/DSP/Source/TransformFunctions/arm_cfft_radix8_f32.c ****          r7 = r7 + r6;
 402              		.loc 1 120 10 is_stmt 1 view .LVU149
 403              		.loc 1 120 13 is_stmt 0 view .LVU150
 404 01ba 77EE867A 		vadd.f32	s15, s15, s12
 405              	.LVL60:
 121:Drivers/CMSIS/DSP/Source/TransformFunctions/arm_cfft_radix8_f32.c ****          t2 = s5 - r2;
 406              		.loc 1 121 10 is_stmt 1 view .LVU151
 407              		.loc 1 121 13 is_stmt 0 view .LVU152
 408 01be 35EE633A 		vsub.f32	s6, s10, s7
 409              	.LVL61:
 122:Drivers/CMSIS/DSP/Source/TransformFunctions/arm_cfft_radix8_f32.c ****          s5 = s5 + r2;
 410              		.loc 1 122 10 is_stmt 1 view .LVU153
 411              		.loc 1 122 13 is_stmt 0 view .LVU154
 412 01c2 35EE236A 		vadd.f32	s12, s10, s7
 413              	.LVL62:
 123:Drivers/CMSIS/DSP/Source/TransformFunctions/arm_cfft_radix8_f32.c ****          s8 = s7 - s6;
 414              		.loc 1 123 10 is_stmt 1 view .LVU155
 415              		.loc 1 123 13 is_stmt 0 view .LVU156
 416 01c6 34EEE65A 		vsub.f32	s10, s9, s13
 417              	.LVL63:
 124:Drivers/CMSIS/DSP/Source/TransformFunctions/arm_cfft_radix8_f32.c ****          s7 = s7 + s6;
 418              		.loc 1 124 10 is_stmt 1 view .LVU157
 419              		.loc 1 124 13 is_stmt 0 view .LVU158
 420 01ca 74EEA66A 		vadd.f32	s13, s9, s13
 421              	.LVL64:
 125:Drivers/CMSIS/DSP/Source/TransformFunctions/arm_cfft_radix8_f32.c ****          pSrc[2 * i2]     = r5 + s7;
 422              		.loc 1 125 10 is_stmt 1 view .LVU159
 423              		.loc 1 125 32 is_stmt 0 view .LVU160
 424 01ce 77EE264A 		vadd.f32	s9, s14, s13
 425              		.loc 1 125 27 view .LVU161
 426 01d2 019B     		ldr	r3, [sp, #4]
 427 01d4 C3ED004A 		vstr.32	s9, [r3]
 126:Drivers/CMSIS/DSP/Source/TransformFunctions/arm_cfft_radix8_f32.c ****          pSrc[2 * i8]     = r5 - s7;
 428              		.loc 1 126 10 is_stmt 1 view .LVU162
 429              		.loc 1 126 32 is_stmt 0 view .LVU163
 430 01d8 37EE667A 		vsub.f32	s14, s14, s13
 431              	.LVL65:
 432              		.loc 1 126 27 view .LVU164
 433 01dc 8BED007A 		vstr.32	s14, [fp]
 127:Drivers/CMSIS/DSP/Source/TransformFunctions/arm_cfft_radix8_f32.c ****          pSrc[2 * i6]     = t1 + s8;
 434              		.loc 1 127 10 is_stmt 1 view .LVU165
 435              		.loc 1 127 32 is_stmt 0 view .LVU166
 436 01e0 34EE057A 		vadd.f32	s14, s8, s10
 437              		.loc 1 127 27 view .LVU167
 438 01e4 029F     		ldr	r7, [sp, #8]
 439 01e6 87ED007A 		vstr.32	s14, [r7]
 128:Drivers/CMSIS/DSP/Source/TransformFunctions/arm_cfft_radix8_f32.c ****          pSrc[2 * i4]     = t1 - s8;
 440              		.loc 1 128 10 is_stmt 1 view .LVU168
 441              		.loc 1 128 32 is_stmt 0 view .LVU169
 442 01ea 34EE454A 		vsub.f32	s8, s8, s10
 443              	.LVL66:
ARM GAS  C:\usertemp\ccDPqQ3m.s 			page 11


 444              		.loc 1 128 27 view .LVU170
 445 01ee 079E     		ldr	r6, [sp, #28]
 446 01f0 86ED004A 		vstr.32	s8, [r6]
 129:Drivers/CMSIS/DSP/Source/TransformFunctions/arm_cfft_radix8_f32.c ****          pSrc[2 * i2 + 1] = s5 - r7;
 447              		.loc 1 129 10 is_stmt 1 view .LVU171
 448              		.loc 1 129 32 is_stmt 0 view .LVU172
 449 01f4 36EE677A 		vsub.f32	s14, s12, s15
 450              		.loc 1 129 27 view .LVU173
 451 01f8 85ED007A 		vstr.32	s14, [r5]
 130:Drivers/CMSIS/DSP/Source/TransformFunctions/arm_cfft_radix8_f32.c ****          pSrc[2 * i8 + 1] = s5 + r7;
 452              		.loc 1 130 10 is_stmt 1 view .LVU174
 453              		.loc 1 130 32 is_stmt 0 view .LVU175
 454 01fc 77EE867A 		vadd.f32	s15, s15, s12
 455              	.LVL67:
 456              		.loc 1 130 27 view .LVU176
 457 0200 C4ED007A 		vstr.32	s15, [r4]
 131:Drivers/CMSIS/DSP/Source/TransformFunctions/arm_cfft_radix8_f32.c ****          pSrc[2 * i6 + 1] = t2 - r8;
 458              		.loc 1 131 10 is_stmt 1 view .LVU177
 459              		.loc 1 131 32 is_stmt 0 view .LVU178
 460 0204 73EE657A 		vsub.f32	s15, s6, s11
 461              		.loc 1 131 27 view .LVU179
 462 0208 C0ED007A 		vstr.32	s15, [r0]
 132:Drivers/CMSIS/DSP/Source/TransformFunctions/arm_cfft_radix8_f32.c ****          pSrc[2 * i4 + 1] = t2 + r8;
 463              		.loc 1 132 10 is_stmt 1 view .LVU180
 464              		.loc 1 132 32 is_stmt 0 view .LVU181
 465 020c 75EE835A 		vadd.f32	s11, s11, s6
 466              	.LVL68:
 467              		.loc 1 132 27 view .LVU182
 468 0210 C1ED005A 		vstr.32	s11, [r1]
 133:Drivers/CMSIS/DSP/Source/TransformFunctions/arm_cfft_radix8_f32.c **** 
 134:Drivers/CMSIS/DSP/Source/TransformFunctions/arm_cfft_radix8_f32.c ****          i1 += n1;
 469              		.loc 1 134 10 is_stmt 1 view .LVU183
 470              		.loc 1 134 13 is_stmt 0 view .LVU184
 471 0214 059B     		ldr	r3, [sp, #20]
 472 0216 9E44     		add	lr, lr, r3
 473              	.LVL69:
 135:Drivers/CMSIS/DSP/Source/TransformFunctions/arm_cfft_radix8_f32.c ****       } while (i1 < fftLen);
 474              		.loc 1 135 19 is_stmt 1 discriminator 1 view .LVU185
 475 0218 069B     		ldr	r3, [sp, #24]
 476 021a 7345     		cmp	r3, lr
 477 021c 3FF600AF 		bhi	.L2
 136:Drivers/CMSIS/DSP/Source/TransformFunctions/arm_cfft_radix8_f32.c **** 
 137:Drivers/CMSIS/DSP/Source/TransformFunctions/arm_cfft_radix8_f32.c ****       if (n2 < 8)
 478              		.loc 1 137 10 is_stmt 0 view .LVU186
 479 0220 099D     		ldr	r5, [sp, #36]
 480              		.loc 1 137 7 is_stmt 1 view .LVU187
 481              		.loc 1 137 10 is_stmt 0 view .LVU188
 482 0222 0B9A     		ldr	r2, [sp, #44]
 483              	.LVL70:
 484              		.loc 1 137 10 view .LVU189
 485 0224 072A     		cmp	r2, #7
 486 0226 40F2BB81 		bls	.L1
 138:Drivers/CMSIS/DSP/Source/TransformFunctions/arm_cfft_radix8_f32.c ****          break;
 139:Drivers/CMSIS/DSP/Source/TransformFunctions/arm_cfft_radix8_f32.c **** 
 140:Drivers/CMSIS/DSP/Source/TransformFunctions/arm_cfft_radix8_f32.c ****       ia1 = 0;
 141:Drivers/CMSIS/DSP/Source/TransformFunctions/arm_cfft_radix8_f32.c ****       j = 1;
 487              		.loc 1 141 9 view .LVU190
ARM GAS  C:\usertemp\ccDPqQ3m.s 			page 12


 488 022a 4FF00108 		mov	r8, #1
 140:Drivers/CMSIS/DSP/Source/TransformFunctions/arm_cfft_radix8_f32.c ****       j = 1;
 489              		.loc 1 140 11 view .LVU191
 490 022e 0023     		movs	r3, #0
 491 0230 CB46     		mov	fp, r9
 492 0232 C146     		mov	r9, r8
 493              	.LVL71:
 140:Drivers/CMSIS/DSP/Source/TransformFunctions/arm_cfft_radix8_f32.c ****       j = 1;
 494              		.loc 1 140 11 view .LVU192
 495 0234 9046     		mov	r8, r2
 496              	.LVL72:
 497              	.L5:
 142:Drivers/CMSIS/DSP/Source/TransformFunctions/arm_cfft_radix8_f32.c **** 
 143:Drivers/CMSIS/DSP/Source/TransformFunctions/arm_cfft_radix8_f32.c ****       do
 498              		.loc 1 143 7 is_stmt 1 view .LVU193
 144:Drivers/CMSIS/DSP/Source/TransformFunctions/arm_cfft_radix8_f32.c ****       {
 145:Drivers/CMSIS/DSP/Source/TransformFunctions/arm_cfft_radix8_f32.c ****          /*  index calculation for the coefficients */
 146:Drivers/CMSIS/DSP/Source/TransformFunctions/arm_cfft_radix8_f32.c ****          id  = ia1 + twidCoefModifier;
 499              		.loc 1 146 10 view .LVU194
 500              		.loc 1 146 14 is_stmt 0 view .LVU195
 501 0236 0A9A     		ldr	r2, [sp, #40]
 502 0238 1344     		add	r3, r3, r2
 503              	.LVL73:
 147:Drivers/CMSIS/DSP/Source/TransformFunctions/arm_cfft_radix8_f32.c ****          ia1 = id;
 504              		.loc 1 147 10 is_stmt 1 view .LVU196
 148:Drivers/CMSIS/DSP/Source/TransformFunctions/arm_cfft_radix8_f32.c ****          ia2 = ia1 + id;
 505              		.loc 1 148 10 view .LVU197
 149:Drivers/CMSIS/DSP/Source/TransformFunctions/arm_cfft_radix8_f32.c ****          ia3 = ia2 + id;
 506              		.loc 1 149 10 view .LVU198
 507              		.loc 1 149 14 is_stmt 0 view .LVU199
 508 023a 03EB4301 		add	r1, r3, r3, lsl #1
 509              	.LVL74:
 150:Drivers/CMSIS/DSP/Source/TransformFunctions/arm_cfft_radix8_f32.c ****          ia4 = ia3 + id;
 510              		.loc 1 150 10 is_stmt 1 view .LVU200
 151:Drivers/CMSIS/DSP/Source/TransformFunctions/arm_cfft_radix8_f32.c ****          ia5 = ia4 + id;
 511              		.loc 1 151 10 view .LVU201
 512              		.loc 1 151 14 is_stmt 0 view .LVU202
 513 023e 03EB8302 		add	r2, r3, r3, lsl #2
 514              	.LVL75:
 152:Drivers/CMSIS/DSP/Source/TransformFunctions/arm_cfft_radix8_f32.c ****          ia6 = ia5 + id;
 515              		.loc 1 152 10 is_stmt 1 view .LVU203
 516              		.loc 1 152 14 is_stmt 0 view .LVU204
 517 0242 03EB020E 		add	lr, r3, r2
 518              	.LVL76:
 153:Drivers/CMSIS/DSP/Source/TransformFunctions/arm_cfft_radix8_f32.c ****          ia7 = ia6 + id;
 519              		.loc 1 153 10 is_stmt 1 view .LVU205
 520              		.loc 1 153 14 is_stmt 0 view .LVU206
 521 0246 02EB430C 		add	ip, r2, r3, lsl #1
 522              	.LVL77:
 154:Drivers/CMSIS/DSP/Source/TransformFunctions/arm_cfft_radix8_f32.c **** 
 155:Drivers/CMSIS/DSP/Source/TransformFunctions/arm_cfft_radix8_f32.c ****          co2 = pCoef[2 * ia1];
 523              		.loc 1 155 10 is_stmt 1 view .LVU207
 524              		.loc 1 155 21 is_stmt 0 view .LVU208
 525 024a DF00     		lsls	r7, r3, #3
 526 024c 05EBC300 		add	r0, r5, r3, lsl #3
 527              		.loc 1 155 14 view .LVU209
 528 0250 D0ED008A 		vldr.32	s17, [r0]
ARM GAS  C:\usertemp\ccDPqQ3m.s 			page 13


 529              	.LVL78:
 156:Drivers/CMSIS/DSP/Source/TransformFunctions/arm_cfft_radix8_f32.c ****          co3 = pCoef[2 * ia2];
 530              		.loc 1 156 10 is_stmt 1 view .LVU210
 531              		.loc 1 156 21 is_stmt 0 view .LVU211
 532 0254 1E01     		lsls	r6, r3, #4
 533 0256 05EB0310 		add	r0, r5, r3, lsl #4
 534              		.loc 1 156 14 view .LVU212
 535 025a 90ED008A 		vldr.32	s16, [r0]
 536              	.LVL79:
 157:Drivers/CMSIS/DSP/Source/TransformFunctions/arm_cfft_radix8_f32.c ****          co4 = pCoef[2 * ia3];
 537              		.loc 1 157 10 is_stmt 1 view .LVU213
 538              		.loc 1 157 21 is_stmt 0 view .LVU214
 539 025e CC00     		lsls	r4, r1, #3
 540 0260 05EBC101 		add	r1, r5, r1, lsl #3
 541              	.LVL80:
 542              		.loc 1 157 14 view .LVU215
 543 0264 91ED000A 		vldr.32	s0, [r1]
 544              	.LVL81:
 158:Drivers/CMSIS/DSP/Source/TransformFunctions/arm_cfft_radix8_f32.c ****          co5 = pCoef[2 * ia4];
 545              		.loc 1 158 10 is_stmt 1 view .LVU216
 546              		.loc 1 158 21 is_stmt 0 view .LVU217
 547 0268 5801     		lsls	r0, r3, #5
 548 026a 05EB4311 		add	r1, r5, r3, lsl #5
 549              		.loc 1 158 14 view .LVU218
 550 026e D1ED000A 		vldr.32	s1, [r1]
 551              	.LVL82:
 159:Drivers/CMSIS/DSP/Source/TransformFunctions/arm_cfft_radix8_f32.c ****          co6 = pCoef[2 * ia5];
 552              		.loc 1 159 10 is_stmt 1 view .LVU219
 553              		.loc 1 159 21 is_stmt 0 view .LVU220
 554 0272 D100     		lsls	r1, r2, #3
 555 0274 05EBC202 		add	r2, r5, r2, lsl #3
 556              	.LVL83:
 557              		.loc 1 159 14 view .LVU221
 558 0278 92ED001A 		vldr.32	s2, [r2]
 559              	.LVL84:
 160:Drivers/CMSIS/DSP/Source/TransformFunctions/arm_cfft_radix8_f32.c ****          co7 = pCoef[2 * ia6];
 560              		.loc 1 160 10 is_stmt 1 view .LVU222
 561              		.loc 1 160 21 is_stmt 0 view .LVU223
 562 027c 4FEACE02 		lsl	r2, lr, #3
 563 0280 05EBCE0E 		add	lr, r5, lr, lsl #3
 564              	.LVL85:
 565              		.loc 1 160 14 view .LVU224
 566 0284 DEED001A 		vldr.32	s3, [lr]
 567              	.LVL86:
 161:Drivers/CMSIS/DSP/Source/TransformFunctions/arm_cfft_radix8_f32.c ****          co8 = pCoef[2 * ia7];
 568              		.loc 1 161 10 is_stmt 1 view .LVU225
 569              		.loc 1 161 21 is_stmt 0 view .LVU226
 570 0288 4FEACC0E 		lsl	lr, ip, #3
 571 028c 05EBCC0C 		add	ip, r5, ip, lsl #3
 572              	.LVL87:
 573              		.loc 1 161 14 view .LVU227
 574 0290 9CED002A 		vldr.32	s4, [ip]
 575              	.LVL88:
 162:Drivers/CMSIS/DSP/Source/TransformFunctions/arm_cfft_radix8_f32.c ****          si2 = pCoef[2 * ia1 + 1];
 576              		.loc 1 162 10 is_stmt 1 view .LVU228
 577              		.loc 1 162 21 is_stmt 0 view .LVU229
 578 0294 0437     		adds	r7, r7, #4
ARM GAS  C:\usertemp\ccDPqQ3m.s 			page 14


 579 0296 2F44     		add	r7, r7, r5
 580              		.loc 1 162 14 view .LVU230
 581 0298 D7ED002A 		vldr.32	s5, [r7]
 582              	.LVL89:
 163:Drivers/CMSIS/DSP/Source/TransformFunctions/arm_cfft_radix8_f32.c ****          si3 = pCoef[2 * ia2 + 1];
 583              		.loc 1 163 10 is_stmt 1 view .LVU231
 584              		.loc 1 163 21 is_stmt 0 view .LVU232
 585 029c 0436     		adds	r6, r6, #4
 586 029e 2E44     		add	r6, r6, r5
 587              		.loc 1 163 14 view .LVU233
 588 02a0 96ED003A 		vldr.32	s6, [r6]
 589              	.LVL90:
 164:Drivers/CMSIS/DSP/Source/TransformFunctions/arm_cfft_radix8_f32.c ****          si4 = pCoef[2 * ia3 + 1];
 590              		.loc 1 164 10 is_stmt 1 view .LVU234
 591              		.loc 1 164 21 is_stmt 0 view .LVU235
 592 02a4 0434     		adds	r4, r4, #4
 593 02a6 2C44     		add	r4, r4, r5
 594              		.loc 1 164 14 view .LVU236
 595 02a8 D4ED003A 		vldr.32	s7, [r4]
 596              	.LVL91:
 165:Drivers/CMSIS/DSP/Source/TransformFunctions/arm_cfft_radix8_f32.c ****          si5 = pCoef[2 * ia4 + 1];
 597              		.loc 1 165 10 is_stmt 1 view .LVU237
 598              		.loc 1 165 21 is_stmt 0 view .LVU238
 599 02ac 0430     		adds	r0, r0, #4
 600 02ae 2844     		add	r0, r0, r5
 601              		.loc 1 165 14 view .LVU239
 602 02b0 90ED004A 		vldr.32	s8, [r0]
 603              	.LVL92:
 166:Drivers/CMSIS/DSP/Source/TransformFunctions/arm_cfft_radix8_f32.c ****          si6 = pCoef[2 * ia5 + 1];
 604              		.loc 1 166 10 is_stmt 1 view .LVU240
 605              		.loc 1 166 21 is_stmt 0 view .LVU241
 606 02b4 0431     		adds	r1, r1, #4
 607 02b6 2944     		add	r1, r1, r5
 608              		.loc 1 166 14 view .LVU242
 609 02b8 D1ED004A 		vldr.32	s9, [r1]
 610              	.LVL93:
 167:Drivers/CMSIS/DSP/Source/TransformFunctions/arm_cfft_radix8_f32.c ****          si7 = pCoef[2 * ia6 + 1];
 611              		.loc 1 167 10 is_stmt 1 view .LVU243
 612              		.loc 1 167 21 is_stmt 0 view .LVU244
 613 02bc 0432     		adds	r2, r2, #4
 614 02be 2A44     		add	r2, r2, r5
 615              		.loc 1 167 14 view .LVU245
 616 02c0 92ED005A 		vldr.32	s10, [r2]
 617              	.LVL94:
 168:Drivers/CMSIS/DSP/Source/TransformFunctions/arm_cfft_radix8_f32.c ****          si8 = pCoef[2 * ia7 + 1];
 618              		.loc 1 168 10 is_stmt 1 view .LVU246
 619              		.loc 1 168 21 is_stmt 0 view .LVU247
 620 02c4 0EF1040E 		add	lr, lr, #4
 621 02c8 AE44     		add	lr, lr, r5
 622              		.loc 1 168 14 view .LVU248
 623 02ca DEED005A 		vldr.32	s11, [lr]
 624              	.LVL95:
 169:Drivers/CMSIS/DSP/Source/TransformFunctions/arm_cfft_radix8_f32.c **** 
 170:Drivers/CMSIS/DSP/Source/TransformFunctions/arm_cfft_radix8_f32.c ****          i1 = j;
 625              		.loc 1 170 10 is_stmt 1 view .LVU249
 626              		.loc 1 170 13 is_stmt 0 view .LVU250
 627 02ce 0793     		str	r3, [sp, #28]
ARM GAS  C:\usertemp\ccDPqQ3m.s 			page 15


 628 02d0 CDF82090 		str	r9, [sp, #32]
 629 02d4 0995     		str	r5, [sp, #36]
 630              	.LVL96:
 631              	.L4:
 171:Drivers/CMSIS/DSP/Source/TransformFunctions/arm_cfft_radix8_f32.c **** 
 172:Drivers/CMSIS/DSP/Source/TransformFunctions/arm_cfft_radix8_f32.c ****          do
 632              		.loc 1 172 10 is_stmt 1 view .LVU251
 173:Drivers/CMSIS/DSP/Source/TransformFunctions/arm_cfft_radix8_f32.c ****          {
 174:Drivers/CMSIS/DSP/Source/TransformFunctions/arm_cfft_radix8_f32.c ****             /*  index calculation for the input */
 175:Drivers/CMSIS/DSP/Source/TransformFunctions/arm_cfft_radix8_f32.c ****             i2 = i1 + n2;
 633              		.loc 1 175 13 view .LVU252
 634              		.loc 1 175 16 is_stmt 0 view .LVU253
 635 02d6 09EB0800 		add	r0, r9, r8
 636              	.LVL97:
 176:Drivers/CMSIS/DSP/Source/TransformFunctions/arm_cfft_radix8_f32.c ****             i3 = i2 + n2;
 637              		.loc 1 176 13 is_stmt 1 view .LVU254
 638              		.loc 1 176 16 is_stmt 0 view .LVU255
 639 02da 09EB4803 		add	r3, r9, r8, lsl #1
 640              	.LVL98:
 177:Drivers/CMSIS/DSP/Source/TransformFunctions/arm_cfft_radix8_f32.c ****             i4 = i3 + n2;
 641              		.loc 1 177 13 is_stmt 1 view .LVU256
 642              		.loc 1 177 16 is_stmt 0 view .LVU257
 643 02de 08EB0304 		add	r4, r8, r3
 644              	.LVL99:
 178:Drivers/CMSIS/DSP/Source/TransformFunctions/arm_cfft_radix8_f32.c ****             i5 = i4 + n2;
 645              		.loc 1 178 13 is_stmt 1 view .LVU258
 646              		.loc 1 178 16 is_stmt 0 view .LVU259
 647 02e2 03EB4802 		add	r2, r3, r8, lsl #1
 648              	.LVL100:
 179:Drivers/CMSIS/DSP/Source/TransformFunctions/arm_cfft_radix8_f32.c ****             i6 = i5 + n2;
 649              		.loc 1 179 13 is_stmt 1 view .LVU260
 650              		.loc 1 179 16 is_stmt 0 view .LVU261
 651 02e6 08EB0206 		add	r6, r8, r2
 652              	.LVL101:
 180:Drivers/CMSIS/DSP/Source/TransformFunctions/arm_cfft_radix8_f32.c ****             i7 = i6 + n2;
 653              		.loc 1 180 13 is_stmt 1 view .LVU262
 654              		.loc 1 180 16 is_stmt 0 view .LVU263
 655 02ea 02EB4801 		add	r1, r2, r8, lsl #1
 656              	.LVL102:
 181:Drivers/CMSIS/DSP/Source/TransformFunctions/arm_cfft_radix8_f32.c ****             i8 = i7 + n2;
 657              		.loc 1 181 13 is_stmt 1 view .LVU264
 658              		.loc 1 181 16 is_stmt 0 view .LVU265
 659 02ee 08EB010A 		add	r10, r8, r1
 660              	.LVL103:
 182:Drivers/CMSIS/DSP/Source/TransformFunctions/arm_cfft_radix8_f32.c ****             r1 = pSrc[2 * i1] + pSrc[2 * i5];
 661              		.loc 1 182 13 is_stmt 1 view .LVU266
 662              		.loc 1 182 22 is_stmt 0 view .LVU267
 663 02f2 4FEAC90E 		lsl	lr, r9, #3
 664 02f6 0BEBC905 		add	r5, fp, r9, lsl #3
 665 02fa 95ED007A 		vldr.32	s14, [r5]
 666              		.loc 1 182 37 view .LVU268
 667 02fe 4FEAC20C 		lsl	ip, r2, #3
 668 0302 0BEBC202 		add	r2, fp, r2, lsl #3
 669              	.LVL104:
 670              		.loc 1 182 37 view .LVU269
 671 0306 D2ED007A 		vldr.32	s15, [r2]
 672              		.loc 1 182 16 view .LVU270
ARM GAS  C:\usertemp\ccDPqQ3m.s 			page 16


 673 030a 77EE276A 		vadd.f32	s13, s14, s15
 674              	.LVL105:
 183:Drivers/CMSIS/DSP/Source/TransformFunctions/arm_cfft_radix8_f32.c ****             r5 = pSrc[2 * i1] - pSrc[2 * i5];
 675              		.loc 1 183 13 is_stmt 1 view .LVU271
 676              		.loc 1 183 16 is_stmt 0 view .LVU272
 677 030e 37EE67AA 		vsub.f32	s20, s14, s15
 678              	.LVL106:
 184:Drivers/CMSIS/DSP/Source/TransformFunctions/arm_cfft_radix8_f32.c ****             r2 = pSrc[2 * i2] + pSrc[2 * i6];
 679              		.loc 1 184 13 is_stmt 1 view .LVU273
 680              		.loc 1 184 22 is_stmt 0 view .LVU274
 681 0312 C700     		lsls	r7, r0, #3
 682 0314 0097     		str	r7, [sp]
 683 0316 0BEBC000 		add	r0, fp, r0, lsl #3
 684              	.LVL107:
 685              		.loc 1 184 22 view .LVU275
 686 031a 0190     		str	r0, [sp, #4]
 687 031c 90ED006A 		vldr.32	s12, [r0]
 688              		.loc 1 184 37 view .LVU276
 689 0320 F000     		lsls	r0, r6, #3
 690 0322 0BEBC606 		add	r6, fp, r6, lsl #3
 691              	.LVL108:
 692              		.loc 1 184 37 view .LVU277
 693 0326 0296     		str	r6, [sp, #8]
 694 0328 D6ED007A 		vldr.32	s15, [r6]
 695              		.loc 1 184 16 view .LVU278
 696 032c 36EE277A 		vadd.f32	s14, s12, s15
 697              	.LVL109:
 185:Drivers/CMSIS/DSP/Source/TransformFunctions/arm_cfft_radix8_f32.c ****             r6 = pSrc[2 * i2] - pSrc[2 * i6];
 698              		.loc 1 185 13 is_stmt 1 view .LVU279
 699              		.loc 1 185 16 is_stmt 0 view .LVU280
 700 0330 36EE676A 		vsub.f32	s12, s12, s15
 701              	.LVL110:
 186:Drivers/CMSIS/DSP/Source/TransformFunctions/arm_cfft_radix8_f32.c ****             r3 = pSrc[2 * i3] + pSrc[2 * i7];
 702              		.loc 1 186 13 is_stmt 1 view .LVU281
 703              		.loc 1 186 22 is_stmt 0 view .LVU282
 704 0334 DF00     		lsls	r7, r3, #3
 705 0336 0BEBC303 		add	r3, fp, r3, lsl #3
 706              	.LVL111:
 707              		.loc 1 186 22 view .LVU283
 708 033a D3ED007A 		vldr.32	s15, [r3]
 709              		.loc 1 186 37 view .LVU284
 710 033e CE00     		lsls	r6, r1, #3
 711 0340 0BEBC101 		add	r1, fp, r1, lsl #3
 712              	.LVL112:
 713              		.loc 1 186 37 view .LVU285
 714 0344 0391     		str	r1, [sp, #12]
 715 0346 91ED009A 		vldr.32	s18, [r1]
 716              		.loc 1 186 16 view .LVU286
 717 034a 77EE899A 		vadd.f32	s19, s15, s18
 718              	.LVL113:
 187:Drivers/CMSIS/DSP/Source/TransformFunctions/arm_cfft_radix8_f32.c ****             r7 = pSrc[2 * i3] - pSrc[2 * i7];
 719              		.loc 1 187 13 is_stmt 1 view .LVU287
 720              		.loc 1 187 16 is_stmt 0 view .LVU288
 721 034e 77EEC97A 		vsub.f32	s15, s15, s18
 722              	.LVL114:
 188:Drivers/CMSIS/DSP/Source/TransformFunctions/arm_cfft_radix8_f32.c ****             r4 = pSrc[2 * i4] + pSrc[2 * i8];
 723              		.loc 1 188 13 is_stmt 1 view .LVU289
ARM GAS  C:\usertemp\ccDPqQ3m.s 			page 17


 724              		.loc 1 188 22 is_stmt 0 view .LVU290
 725 0352 E100     		lsls	r1, r4, #3
 726 0354 0BEBC404 		add	r4, fp, r4, lsl #3
 727              	.LVL115:
 728              		.loc 1 188 22 view .LVU291
 729 0358 0494     		str	r4, [sp, #16]
 730 035a 94ED00CA 		vldr.32	s24, [r4]
 731              		.loc 1 188 37 view .LVU292
 732 035e 4FEACA04 		lsl	r4, r10, #3
 733 0362 0BEBCA0A 		add	r10, fp, r10, lsl #3
 734              	.LVL116:
 735              		.loc 1 188 37 view .LVU293
 736 0366 DAED00AA 		vldr.32	s21, [r10]
 737              		.loc 1 188 16 view .LVU294
 738 036a 3CEE2A9A 		vadd.f32	s18, s24, s21
 739              	.LVL117:
 189:Drivers/CMSIS/DSP/Source/TransformFunctions/arm_cfft_radix8_f32.c ****             r8 = pSrc[2 * i4] - pSrc[2 * i8];
 740              		.loc 1 189 13 is_stmt 1 view .LVU295
 741              		.loc 1 189 16 is_stmt 0 view .LVU296
 742 036e 3CEE6ACA 		vsub.f32	s24, s24, s21
 743              	.LVL118:
 190:Drivers/CMSIS/DSP/Source/TransformFunctions/arm_cfft_radix8_f32.c ****             t1 = r1 - r3;
 744              		.loc 1 190 13 is_stmt 1 view .LVU297
 745              		.loc 1 190 16 is_stmt 0 view .LVU298
 746 0372 76EEE9CA 		vsub.f32	s25, s13, s19
 747              	.LVL119:
 191:Drivers/CMSIS/DSP/Source/TransformFunctions/arm_cfft_radix8_f32.c ****             r1 = r1 + r3;
 748              		.loc 1 191 13 is_stmt 1 view .LVU299
 749              		.loc 1 191 16 is_stmt 0 view .LVU300
 750 0376 76EEA96A 		vadd.f32	s13, s13, s19
 751              	.LVL120:
 192:Drivers/CMSIS/DSP/Source/TransformFunctions/arm_cfft_radix8_f32.c ****             r3 = r2 - r4;
 752              		.loc 1 192 13 is_stmt 1 view .LVU301
 753              		.loc 1 192 16 is_stmt 0 view .LVU302
 754 037a 77EE49DA 		vsub.f32	s27, s14, s18
 755              	.LVL121:
 193:Drivers/CMSIS/DSP/Source/TransformFunctions/arm_cfft_radix8_f32.c ****             r2 = r2 + r4;
 756              		.loc 1 193 13 is_stmt 1 view .LVU303
 757              		.loc 1 193 16 is_stmt 0 view .LVU304
 758 037e 37EE097A 		vadd.f32	s14, s14, s18
 759              	.LVL122:
 194:Drivers/CMSIS/DSP/Source/TransformFunctions/arm_cfft_radix8_f32.c ****             pSrc[2 * i1] = r1 + r2;
 760              		.loc 1 194 13 is_stmt 1 view .LVU305
 761              		.loc 1 194 31 is_stmt 0 view .LVU306
 762 0382 36EE879A 		vadd.f32	s18, s13, s14
 763              	.LVL123:
 764              		.loc 1 194 26 view .LVU307
 765 0386 85ED009A 		vstr.32	s18, [r5]
 766              	.LVL124:
 195:Drivers/CMSIS/DSP/Source/TransformFunctions/arm_cfft_radix8_f32.c ****             r2 = r1 - r2;
 767              		.loc 1 195 13 is_stmt 1 view .LVU308
 768              		.loc 1 195 16 is_stmt 0 view .LVU309
 769 038a 36EEC7EA 		vsub.f32	s28, s13, s14
 770              	.LVL125:
 196:Drivers/CMSIS/DSP/Source/TransformFunctions/arm_cfft_radix8_f32.c ****             s1 = pSrc[2 * i1 + 1] + pSrc[2 * i5 + 1];
 771              		.loc 1 196 13 is_stmt 1 view .LVU310
 772              		.loc 1 196 22 is_stmt 0 view .LVU311
ARM GAS  C:\usertemp\ccDPqQ3m.s 			page 18


 773 038e 0EF1040E 		add	lr, lr, #4
 774 0392 DE44     		add	lr, lr, fp
 775 0394 9EED00BA 		vldr.32	s22, [lr]
 776              		.loc 1 196 41 view .LVU312
 777 0398 0CF1040C 		add	ip, ip, #4
 778 039c DC44     		add	ip, ip, fp
 779 039e DCED006A 		vldr.32	s13, [ip]
 780              	.LVL126:
 781              		.loc 1 196 16 view .LVU313
 782 03a2 3BEE267A 		vadd.f32	s14, s22, s13
 783              	.LVL127:
 197:Drivers/CMSIS/DSP/Source/TransformFunctions/arm_cfft_radix8_f32.c ****             s5 = pSrc[2 * i1 + 1] - pSrc[2 * i5 + 1];
 784              		.loc 1 197 13 is_stmt 1 view .LVU314
 785              		.loc 1 197 16 is_stmt 0 view .LVU315
 786 03a6 3BEE66BA 		vsub.f32	s22, s22, s13
 787              	.LVL128:
 198:Drivers/CMSIS/DSP/Source/TransformFunctions/arm_cfft_radix8_f32.c ****             s2 = pSrc[2 * i2 + 1] + pSrc[2 * i6 + 1];
 788              		.loc 1 198 13 is_stmt 1 view .LVU316
 789              		.loc 1 198 22 is_stmt 0 view .LVU317
 790 03aa 009D     		ldr	r5, [sp]
 791 03ac 0435     		adds	r5, r5, #4
 792 03ae 5D44     		add	r5, r5, fp
 793 03b0 D5ED006A 		vldr.32	s13, [r5]
 794              		.loc 1 198 41 view .LVU318
 795 03b4 0430     		adds	r0, r0, #4
 796 03b6 5844     		add	r0, r0, fp
 797 03b8 90ED009A 		vldr.32	s18, [r0]
 798              		.loc 1 198 16 view .LVU319
 799 03bc 76EE899A 		vadd.f32	s19, s13, s18
 800              	.LVL129:
 199:Drivers/CMSIS/DSP/Source/TransformFunctions/arm_cfft_radix8_f32.c ****             s6 = pSrc[2 * i2 + 1] - pSrc[2 * i6 + 1];
 801              		.loc 1 199 13 is_stmt 1 view .LVU320
 802              		.loc 1 199 16 is_stmt 0 view .LVU321
 803 03c0 76EEC96A 		vsub.f32	s13, s13, s18
 804              	.LVL130:
 200:Drivers/CMSIS/DSP/Source/TransformFunctions/arm_cfft_radix8_f32.c ****             s3 = pSrc[2 * i3 + 1] + pSrc[2 * i7 + 1];
 805              		.loc 1 200 13 is_stmt 1 view .LVU322
 806              		.loc 1 200 22 is_stmt 0 view .LVU323
 807 03c4 0437     		adds	r7, r7, #4
 808 03c6 5F44     		add	r7, r7, fp
 809 03c8 D7ED00AA 		vldr.32	s21, [r7]
 810              		.loc 1 200 41 view .LVU324
 811 03cc 0436     		adds	r6, r6, #4
 812 03ce 5E44     		add	r6, r6, fp
 813 03d0 96ED009A 		vldr.32	s18, [r6]
 814              		.loc 1 200 16 view .LVU325
 815 03d4 7AEE89EA 		vadd.f32	s29, s21, s18
 816              	.LVL131:
 201:Drivers/CMSIS/DSP/Source/TransformFunctions/arm_cfft_radix8_f32.c ****             s7 = pSrc[2 * i3 + 1] - pSrc[2 * i7 + 1];
 817              		.loc 1 201 13 is_stmt 1 view .LVU326
 818              		.loc 1 201 16 is_stmt 0 view .LVU327
 819 03d8 7AEEC9AA 		vsub.f32	s21, s21, s18
 820              	.LVL132:
 202:Drivers/CMSIS/DSP/Source/TransformFunctions/arm_cfft_radix8_f32.c ****             s4 = pSrc[2 * i4 + 1] + pSrc[2 * i8 + 1];
 821              		.loc 1 202 13 is_stmt 1 view .LVU328
 822              		.loc 1 202 22 is_stmt 0 view .LVU329
 823 03dc 0431     		adds	r1, r1, #4
ARM GAS  C:\usertemp\ccDPqQ3m.s 			page 19


 824 03de 5944     		add	r1, r1, fp
 825 03e0 D1ED00BA 		vldr.32	s23, [r1]
 826              		.loc 1 202 41 view .LVU330
 827 03e4 0434     		adds	r4, r4, #4
 828 03e6 5C44     		add	r4, r4, fp
 829 03e8 94ED009A 		vldr.32	s18, [r4]
 830              		.loc 1 202 16 view .LVU331
 831 03ec 3BEE89DA 		vadd.f32	s26, s23, s18
 832              	.LVL133:
 203:Drivers/CMSIS/DSP/Source/TransformFunctions/arm_cfft_radix8_f32.c ****             s8 = pSrc[2 * i4 + 1] - pSrc[2 * i8 + 1];
 833              		.loc 1 203 13 is_stmt 1 view .LVU332
 834              		.loc 1 203 16 is_stmt 0 view .LVU333
 835 03f0 7BEEC9BA 		vsub.f32	s23, s23, s18
 836              	.LVL134:
 204:Drivers/CMSIS/DSP/Source/TransformFunctions/arm_cfft_radix8_f32.c ****             t2 = s1 - s3;
 837              		.loc 1 204 13 is_stmt 1 view .LVU334
 838              		.loc 1 204 16 is_stmt 0 view .LVU335
 839 03f4 37EE6E9A 		vsub.f32	s18, s14, s29
 840              	.LVL135:
 205:Drivers/CMSIS/DSP/Source/TransformFunctions/arm_cfft_radix8_f32.c ****             s1 = s1 + s3;
 841              		.loc 1 205 13 is_stmt 1 view .LVU336
 842              		.loc 1 205 16 is_stmt 0 view .LVU337
 843 03f8 37EE2E7A 		vadd.f32	s14, s14, s29
 844              	.LVL136:
 206:Drivers/CMSIS/DSP/Source/TransformFunctions/arm_cfft_radix8_f32.c ****             s3 = s2 - s4;
 845              		.loc 1 206 13 is_stmt 1 view .LVU338
 846              		.loc 1 206 16 is_stmt 0 view .LVU339
 847 03fc 79EECDEA 		vsub.f32	s29, s19, s26
 848              	.LVL137:
 207:Drivers/CMSIS/DSP/Source/TransformFunctions/arm_cfft_radix8_f32.c ****             s2 = s2 + s4;
 849              		.loc 1 207 13 is_stmt 1 view .LVU340
 850              		.loc 1 207 16 is_stmt 0 view .LVU341
 851 0400 79EE8D9A 		vadd.f32	s19, s19, s26
 852              	.LVL138:
 208:Drivers/CMSIS/DSP/Source/TransformFunctions/arm_cfft_radix8_f32.c ****             r1 = t1 + s3;
 853              		.loc 1 208 13 is_stmt 1 view .LVU342
 854              		.loc 1 208 16 is_stmt 0 view .LVU343
 855 0404 3CEEAEDA 		vadd.f32	s26, s25, s29
 856              	.LVL139:
 209:Drivers/CMSIS/DSP/Source/TransformFunctions/arm_cfft_radix8_f32.c ****             t1 = t1 - s3;
 857              		.loc 1 209 13 is_stmt 1 view .LVU344
 858              		.loc 1 209 16 is_stmt 0 view .LVU345
 859 0408 7CEEEECA 		vsub.f32	s25, s25, s29
 860              	.LVL140:
 210:Drivers/CMSIS/DSP/Source/TransformFunctions/arm_cfft_radix8_f32.c ****             pSrc[2 * i1 + 1] = s1 + s2;
 861              		.loc 1 210 13 is_stmt 1 view .LVU346
 862              		.loc 1 210 35 is_stmt 0 view .LVU347
 863 040c 77EE29EA 		vadd.f32	s29, s14, s19
 864              	.LVL141:
 865              		.loc 1 210 30 view .LVU348
 866 0410 CEED00EA 		vstr.32	s29, [lr]
 867              	.LVL142:
 211:Drivers/CMSIS/DSP/Source/TransformFunctions/arm_cfft_radix8_f32.c ****             s2 = s1 - s2;
 868              		.loc 1 211 13 is_stmt 1 view .LVU349
 869              		.loc 1 211 16 is_stmt 0 view .LVU350
 870 0414 37EE697A 		vsub.f32	s14, s14, s19
 871              	.LVL143:
ARM GAS  C:\usertemp\ccDPqQ3m.s 			page 20


 212:Drivers/CMSIS/DSP/Source/TransformFunctions/arm_cfft_radix8_f32.c ****             s1 = t2 - r3;
 872              		.loc 1 212 13 is_stmt 1 view .LVU351
 873              		.loc 1 212 16 is_stmt 0 view .LVU352
 874 0418 79EE6D9A 		vsub.f32	s19, s18, s27
 875              	.LVL144:
 213:Drivers/CMSIS/DSP/Source/TransformFunctions/arm_cfft_radix8_f32.c ****             t2 = t2 + r3;
 876              		.loc 1 213 13 is_stmt 1 view .LVU353
 877              		.loc 1 213 16 is_stmt 0 view .LVU354
 878 041c 3DEE899A 		vadd.f32	s18, s27, s18
 879              	.LVL145:
 214:Drivers/CMSIS/DSP/Source/TransformFunctions/arm_cfft_radix8_f32.c ****             p1 = co5 * r2;
 880              		.loc 1 214 13 is_stmt 1 view .LVU355
 881              		.loc 1 214 16 is_stmt 0 view .LVU356
 882 0420 60EE8EDA 		vmul.f32	s27, s1, s28
 883              	.LVL146:
 215:Drivers/CMSIS/DSP/Source/TransformFunctions/arm_cfft_radix8_f32.c ****             p2 = si5 * s2;
 884              		.loc 1 215 13 is_stmt 1 view .LVU357
 885              		.loc 1 215 16 is_stmt 0 view .LVU358
 886 0424 64EE07EA 		vmul.f32	s29, s8, s14
 887              	.LVL147:
 216:Drivers/CMSIS/DSP/Source/TransformFunctions/arm_cfft_radix8_f32.c ****             p3 = co5 * s2;
 888              		.loc 1 216 13 is_stmt 1 view .LVU359
 889              		.loc 1 216 16 is_stmt 0 view .LVU360
 890 0428 20EE877A 		vmul.f32	s14, s1, s14
 891              	.LVL148:
 217:Drivers/CMSIS/DSP/Source/TransformFunctions/arm_cfft_radix8_f32.c ****             p4 = si5 * r2;
 892              		.loc 1 217 13 is_stmt 1 view .LVU361
 893              		.loc 1 217 16 is_stmt 0 view .LVU362
 894 042c 24EE0EEA 		vmul.f32	s28, s8, s28
 895              	.LVL149:
 218:Drivers/CMSIS/DSP/Source/TransformFunctions/arm_cfft_radix8_f32.c ****             pSrc[2 * i5]     = p1 + p2;
 896              		.loc 1 218 13 is_stmt 1 view .LVU363
 897              		.loc 1 218 35 is_stmt 0 view .LVU364
 898 0430 7DEEAEDA 		vadd.f32	s27, s27, s29
 899              	.LVL150:
 900              		.loc 1 218 30 view .LVU365
 901 0434 C2ED00DA 		vstr.32	s27, [r2]
 219:Drivers/CMSIS/DSP/Source/TransformFunctions/arm_cfft_radix8_f32.c ****             pSrc[2 * i5 + 1] = p3 - p4;
 902              		.loc 1 219 13 is_stmt 1 view .LVU366
 903              		.loc 1 219 35 is_stmt 0 view .LVU367
 904 0438 37EE4E7A 		vsub.f32	s14, s14, s28
 905              	.LVL151:
 906              		.loc 1 219 30 view .LVU368
 907 043c 8CED007A 		vstr.32	s14, [ip]
 220:Drivers/CMSIS/DSP/Source/TransformFunctions/arm_cfft_radix8_f32.c ****             p1 = co3 * r1;
 908              		.loc 1 220 13 is_stmt 1 view .LVU369
 909              		.loc 1 220 16 is_stmt 0 view .LVU370
 910 0440 28EE0D7A 		vmul.f32	s14, s16, s26
 911              	.LVL152:
 221:Drivers/CMSIS/DSP/Source/TransformFunctions/arm_cfft_radix8_f32.c ****             p2 = si3 * s1;
 912              		.loc 1 221 13 is_stmt 1 view .LVU371
 913              		.loc 1 221 16 is_stmt 0 view .LVU372
 914 0444 63EE29DA 		vmul.f32	s27, s6, s19
 915              	.LVL153:
 222:Drivers/CMSIS/DSP/Source/TransformFunctions/arm_cfft_radix8_f32.c ****             p3 = co3 * s1;
 916              		.loc 1 222 13 is_stmt 1 view .LVU373
 917              		.loc 1 222 16 is_stmt 0 view .LVU374
ARM GAS  C:\usertemp\ccDPqQ3m.s 			page 21


 918 0448 68EE299A 		vmul.f32	s19, s16, s19
 919              	.LVL154:
 223:Drivers/CMSIS/DSP/Source/TransformFunctions/arm_cfft_radix8_f32.c ****             p4 = si3 * r1;
 920              		.loc 1 223 13 is_stmt 1 view .LVU375
 921              		.loc 1 223 16 is_stmt 0 view .LVU376
 922 044c 23EE0DDA 		vmul.f32	s26, s6, s26
 923              	.LVL155:
 224:Drivers/CMSIS/DSP/Source/TransformFunctions/arm_cfft_radix8_f32.c ****             pSrc[2 * i3]     = p1 + p2;
 924              		.loc 1 224 13 is_stmt 1 view .LVU377
 925              		.loc 1 224 35 is_stmt 0 view .LVU378
 926 0450 37EE2D7A 		vadd.f32	s14, s14, s27
 927              	.LVL156:
 928              		.loc 1 224 30 view .LVU379
 929 0454 83ED007A 		vstr.32	s14, [r3]
 225:Drivers/CMSIS/DSP/Source/TransformFunctions/arm_cfft_radix8_f32.c ****             pSrc[2 * i3 + 1] = p3 - p4;
 930              		.loc 1 225 13 is_stmt 1 view .LVU380
 931              		.loc 1 225 35 is_stmt 0 view .LVU381
 932 0458 79EECD9A 		vsub.f32	s19, s19, s26
 933              	.LVL157:
 934              		.loc 1 225 30 view .LVU382
 935 045c C7ED009A 		vstr.32	s19, [r7]
 226:Drivers/CMSIS/DSP/Source/TransformFunctions/arm_cfft_radix8_f32.c ****             p1 = co7 * t1;
 936              		.loc 1 226 13 is_stmt 1 view .LVU383
 937              		.loc 1 226 16 is_stmt 0 view .LVU384
 938 0460 21EEAC7A 		vmul.f32	s14, s3, s25
 939              	.LVL158:
 227:Drivers/CMSIS/DSP/Source/TransformFunctions/arm_cfft_radix8_f32.c ****             p2 = si7 * t2;
 940              		.loc 1 227 13 is_stmt 1 view .LVU385
 941              		.loc 1 227 16 is_stmt 0 view .LVU386
 942 0464 65EE099A 		vmul.f32	s19, s10, s18
 943              	.LVL159:
 228:Drivers/CMSIS/DSP/Source/TransformFunctions/arm_cfft_radix8_f32.c ****             p3 = co7 * t2;
 944              		.loc 1 228 13 is_stmt 1 view .LVU387
 945              		.loc 1 228 16 is_stmt 0 view .LVU388
 946 0468 21EE899A 		vmul.f32	s18, s3, s18
 947              	.LVL160:
 229:Drivers/CMSIS/DSP/Source/TransformFunctions/arm_cfft_radix8_f32.c ****             p4 = si7 * t1;
 948              		.loc 1 229 13 is_stmt 1 view .LVU389
 949              		.loc 1 229 16 is_stmt 0 view .LVU390
 950 046c 65EE2CCA 		vmul.f32	s25, s10, s25
 951              	.LVL161:
 230:Drivers/CMSIS/DSP/Source/TransformFunctions/arm_cfft_radix8_f32.c ****             pSrc[2 * i7]     = p1 + p2;
 952              		.loc 1 230 13 is_stmt 1 view .LVU391
 953              		.loc 1 230 35 is_stmt 0 view .LVU392
 954 0470 37EE297A 		vadd.f32	s14, s14, s19
 955              	.LVL162:
 956              		.loc 1 230 30 view .LVU393
 957 0474 039A     		ldr	r2, [sp, #12]
 958 0476 82ED007A 		vstr.32	s14, [r2]
 231:Drivers/CMSIS/DSP/Source/TransformFunctions/arm_cfft_radix8_f32.c ****             pSrc[2 * i7 + 1] = p3 - p4;
 959              		.loc 1 231 13 is_stmt 1 view .LVU394
 960              		.loc 1 231 35 is_stmt 0 view .LVU395
 961 047a 39EE6C9A 		vsub.f32	s18, s18, s25
 962              	.LVL163:
 963              		.loc 1 231 30 view .LVU396
 964 047e 86ED009A 		vstr.32	s18, [r6]
 232:Drivers/CMSIS/DSP/Source/TransformFunctions/arm_cfft_radix8_f32.c ****             r1 = (r6 - r8) * C81;
ARM GAS  C:\usertemp\ccDPqQ3m.s 			page 22


 965              		.loc 1 232 13 is_stmt 1 view .LVU397
 966              		.loc 1 232 22 is_stmt 0 view .LVU398
 967 0482 36EE4C9A 		vsub.f32	s18, s12, s24
 968              		.loc 1 232 16 view .LVU399
 969 0486 9FED357A 		vldr.32	s14, .L8
 970 048a 29EE079A 		vmul.f32	s18, s18, s14
 971              	.LVL164:
 233:Drivers/CMSIS/DSP/Source/TransformFunctions/arm_cfft_radix8_f32.c ****             r6 = (r6 + r8) * C81;
 972              		.loc 1 233 13 is_stmt 1 view .LVU400
 973              		.loc 1 233 22 is_stmt 0 view .LVU401
 974 048e 36EE0C6A 		vadd.f32	s12, s12, s24
 975              	.LVL165:
 976              		.loc 1 233 16 view .LVU402
 977 0492 26EE076A 		vmul.f32	s12, s12, s14
 978              	.LVL166:
 234:Drivers/CMSIS/DSP/Source/TransformFunctions/arm_cfft_radix8_f32.c ****             s1 = (s6 - s8) * C81;
 979              		.loc 1 234 13 is_stmt 1 view .LVU403
 980              		.loc 1 234 22 is_stmt 0 view .LVU404
 981 0496 36EEEBCA 		vsub.f32	s24, s13, s23
 982              	.LVL167:
 983              		.loc 1 234 16 view .LVU405
 984 049a 2CEE07CA 		vmul.f32	s24, s24, s14
 985              	.LVL168:
 235:Drivers/CMSIS/DSP/Source/TransformFunctions/arm_cfft_radix8_f32.c ****             s6 = (s6 + s8) * C81;
 986              		.loc 1 235 13 is_stmt 1 view .LVU406
 987              		.loc 1 235 22 is_stmt 0 view .LVU407
 988 049e 76EEAB6A 		vadd.f32	s13, s13, s23
 989              	.LVL169:
 990              		.loc 1 235 16 view .LVU408
 991 04a2 66EE876A 		vmul.f32	s13, s13, s14
 992              	.LVL170:
 236:Drivers/CMSIS/DSP/Source/TransformFunctions/arm_cfft_radix8_f32.c ****             t1 = r5 - r1;
 993              		.loc 1 236 13 is_stmt 1 view .LVU409
 994              		.loc 1 236 16 is_stmt 0 view .LVU410
 995 04a6 7AEE499A 		vsub.f32	s19, s20, s18
 996              	.LVL171:
 237:Drivers/CMSIS/DSP/Source/TransformFunctions/arm_cfft_radix8_f32.c ****             r5 = r5 + r1;
 997              		.loc 1 237 13 is_stmt 1 view .LVU411
 998              		.loc 1 237 16 is_stmt 0 view .LVU412
 999 04aa 3AEE097A 		vadd.f32	s14, s20, s18
 1000              	.LVL172:
 238:Drivers/CMSIS/DSP/Source/TransformFunctions/arm_cfft_radix8_f32.c ****             r8 = r7 - r6;
 1001              		.loc 1 238 13 is_stmt 1 view .LVU413
 1002              		.loc 1 238 16 is_stmt 0 view .LVU414
 1003 04ae 37EEC69A 		vsub.f32	s18, s15, s12
 1004              	.LVL173:
 239:Drivers/CMSIS/DSP/Source/TransformFunctions/arm_cfft_radix8_f32.c ****             r7 = r7 + r6;
 1005              		.loc 1 239 13 is_stmt 1 view .LVU415
 1006              		.loc 1 239 16 is_stmt 0 view .LVU416
 1007 04b2 77EE867A 		vadd.f32	s15, s15, s12
 1008              	.LVL174:
 240:Drivers/CMSIS/DSP/Source/TransformFunctions/arm_cfft_radix8_f32.c ****             t2 = s5 - s1;
 1009              		.loc 1 240 13 is_stmt 1 view .LVU417
 1010              		.loc 1 240 16 is_stmt 0 view .LVU418
 1011 04b6 7BEE4CBA 		vsub.f32	s23, s22, s24
 1012              	.LVL175:
 241:Drivers/CMSIS/DSP/Source/TransformFunctions/arm_cfft_radix8_f32.c ****             s5 = s5 + s1;
ARM GAS  C:\usertemp\ccDPqQ3m.s 			page 23


 1013              		.loc 1 241 13 is_stmt 1 view .LVU419
 1014              		.loc 1 241 16 is_stmt 0 view .LVU420
 1015 04ba 3BEE0C6A 		vadd.f32	s12, s22, s24
 1016              	.LVL176:
 242:Drivers/CMSIS/DSP/Source/TransformFunctions/arm_cfft_radix8_f32.c ****             s8 = s7 - s6;
 1017              		.loc 1 242 13 is_stmt 1 view .LVU421
 1018              		.loc 1 242 16 is_stmt 0 view .LVU422
 1019 04be 3AEEE6AA 		vsub.f32	s20, s21, s13
 1020              	.LVL177:
 243:Drivers/CMSIS/DSP/Source/TransformFunctions/arm_cfft_radix8_f32.c ****             s7 = s7 + s6;
 1021              		.loc 1 243 13 is_stmt 1 view .LVU423
 1022              		.loc 1 243 16 is_stmt 0 view .LVU424
 1023 04c2 7AEEA66A 		vadd.f32	s13, s21, s13
 1024              	.LVL178:
 244:Drivers/CMSIS/DSP/Source/TransformFunctions/arm_cfft_radix8_f32.c ****             r1 = r5 + s7;
 1025              		.loc 1 244 13 is_stmt 1 view .LVU425
 1026              		.loc 1 244 16 is_stmt 0 view .LVU426
 1027 04c6 37EE26BA 		vadd.f32	s22, s14, s13
 1028              	.LVL179:
 245:Drivers/CMSIS/DSP/Source/TransformFunctions/arm_cfft_radix8_f32.c ****             r5 = r5 - s7;
 1029              		.loc 1 245 13 is_stmt 1 view .LVU427
 1030              		.loc 1 245 16 is_stmt 0 view .LVU428
 1031 04ca 37EE667A 		vsub.f32	s14, s14, s13
 1032              	.LVL180:
 246:Drivers/CMSIS/DSP/Source/TransformFunctions/arm_cfft_radix8_f32.c ****             r6 = t1 + s8;
 1033              		.loc 1 246 13 is_stmt 1 view .LVU429
 1034              		.loc 1 246 16 is_stmt 0 view .LVU430
 1035 04ce 79EE8AAA 		vadd.f32	s21, s19, s20
 1036              	.LVL181:
 247:Drivers/CMSIS/DSP/Source/TransformFunctions/arm_cfft_radix8_f32.c ****             t1 = t1 - s8;
 1037              		.loc 1 247 13 is_stmt 1 view .LVU431
 1038              		.loc 1 247 16 is_stmt 0 view .LVU432
 1039 04d2 79EECA9A 		vsub.f32	s19, s19, s20
 1040              	.LVL182:
 248:Drivers/CMSIS/DSP/Source/TransformFunctions/arm_cfft_radix8_f32.c ****             s1 = s5 - r7;
 1041              		.loc 1 248 13 is_stmt 1 view .LVU433
 1042              		.loc 1 248 16 is_stmt 0 view .LVU434
 1043 04d6 76EE676A 		vsub.f32	s13, s12, s15
 1044              	.LVL183:
 249:Drivers/CMSIS/DSP/Source/TransformFunctions/arm_cfft_radix8_f32.c ****             s5 = s5 + r7;
 1045              		.loc 1 249 13 is_stmt 1 view .LVU435
 1046              		.loc 1 249 16 is_stmt 0 view .LVU436
 1047 04da 77EE867A 		vadd.f32	s15, s15, s12
 1048              	.LVL184:
 250:Drivers/CMSIS/DSP/Source/TransformFunctions/arm_cfft_radix8_f32.c ****             s6 = t2 - r8;
 1049              		.loc 1 250 13 is_stmt 1 view .LVU437
 1050              		.loc 1 250 16 is_stmt 0 view .LVU438
 1051 04de 3BEEC9AA 		vsub.f32	s20, s23, s18
 1052              	.LVL185:
 251:Drivers/CMSIS/DSP/Source/TransformFunctions/arm_cfft_radix8_f32.c ****             t2 = t2 + r8;
 1053              		.loc 1 251 13 is_stmt 1 view .LVU439
 1054              		.loc 1 251 16 is_stmt 0 view .LVU440
 1055 04e2 39EE2B9A 		vadd.f32	s18, s18, s23
 1056              	.LVL186:
 252:Drivers/CMSIS/DSP/Source/TransformFunctions/arm_cfft_radix8_f32.c ****             p1 = co2 * r1;
 1057              		.loc 1 252 13 is_stmt 1 view .LVU441
 1058              		.loc 1 252 16 is_stmt 0 view .LVU442
ARM GAS  C:\usertemp\ccDPqQ3m.s 			page 24


 1059 04e6 28EE8B6A 		vmul.f32	s12, s17, s22
 1060              	.LVL187:
 253:Drivers/CMSIS/DSP/Source/TransformFunctions/arm_cfft_radix8_f32.c ****             p2 = si2 * s1;
 1061              		.loc 1 253 13 is_stmt 1 view .LVU443
 1062              		.loc 1 253 16 is_stmt 0 view .LVU444
 1063 04ea 62EEA6BA 		vmul.f32	s23, s5, s13
 1064              	.LVL188:
 254:Drivers/CMSIS/DSP/Source/TransformFunctions/arm_cfft_radix8_f32.c ****             p3 = co2 * s1;
 1065              		.loc 1 254 13 is_stmt 1 view .LVU445
 1066              		.loc 1 254 16 is_stmt 0 view .LVU446
 1067 04ee 68EEA66A 		vmul.f32	s13, s17, s13
 1068              	.LVL189:
 255:Drivers/CMSIS/DSP/Source/TransformFunctions/arm_cfft_radix8_f32.c ****             p4 = si2 * r1;
 1069              		.loc 1 255 13 is_stmt 1 view .LVU447
 1070              		.loc 1 255 16 is_stmt 0 view .LVU448
 1071 04f2 22EE8BBA 		vmul.f32	s22, s5, s22
 1072              	.LVL190:
 256:Drivers/CMSIS/DSP/Source/TransformFunctions/arm_cfft_radix8_f32.c ****             pSrc[2 * i2]     = p1 + p2;
 1073              		.loc 1 256 13 is_stmt 1 view .LVU449
 1074              		.loc 1 256 35 is_stmt 0 view .LVU450
 1075 04f6 36EE2B6A 		vadd.f32	s12, s12, s23
 1076              	.LVL191:
 1077              		.loc 1 256 30 view .LVU451
 1078 04fa 019B     		ldr	r3, [sp, #4]
 1079 04fc 83ED006A 		vstr.32	s12, [r3]
 257:Drivers/CMSIS/DSP/Source/TransformFunctions/arm_cfft_radix8_f32.c ****             pSrc[2 * i2 + 1] = p3 - p4;
 1080              		.loc 1 257 13 is_stmt 1 view .LVU452
 1081              		.loc 1 257 35 is_stmt 0 view .LVU453
 1082 0500 76EECB6A 		vsub.f32	s13, s13, s22
 1083              	.LVL192:
 1084              		.loc 1 257 30 view .LVU454
 1085 0504 C5ED006A 		vstr.32	s13, [r5]
 258:Drivers/CMSIS/DSP/Source/TransformFunctions/arm_cfft_radix8_f32.c ****             p1 = co8 * r5;
 1086              		.loc 1 258 13 is_stmt 1 view .LVU455
 1087              		.loc 1 258 16 is_stmt 0 view .LVU456
 1088 0508 62EE076A 		vmul.f32	s13, s4, s14
 1089              	.LVL193:
 259:Drivers/CMSIS/DSP/Source/TransformFunctions/arm_cfft_radix8_f32.c ****             p2 = si8 * s5;
 1090              		.loc 1 259 13 is_stmt 1 view .LVU457
 1091              		.loc 1 259 16 is_stmt 0 view .LVU458
 1092 050c 25EEA7BA 		vmul.f32	s22, s11, s15
 1093              	.LVL194:
 260:Drivers/CMSIS/DSP/Source/TransformFunctions/arm_cfft_radix8_f32.c ****             p3 = co8 * s5;
 1094              		.loc 1 260 13 is_stmt 1 view .LVU459
 1095              		.loc 1 260 16 is_stmt 0 view .LVU460
 1096 0510 62EE277A 		vmul.f32	s15, s4, s15
 1097              	.LVL195:
 261:Drivers/CMSIS/DSP/Source/TransformFunctions/arm_cfft_radix8_f32.c ****             p4 = si8 * r5;
 1098              		.loc 1 261 13 is_stmt 1 view .LVU461
 1099              		.loc 1 261 16 is_stmt 0 view .LVU462
 1100 0514 25EE876A 		vmul.f32	s12, s11, s14
 1101              	.LVL196:
 262:Drivers/CMSIS/DSP/Source/TransformFunctions/arm_cfft_radix8_f32.c ****             pSrc[2 * i8]     = p1 + p2;
 1102              		.loc 1 262 13 is_stmt 1 view .LVU463
 1103              		.loc 1 262 35 is_stmt 0 view .LVU464
 1104 0518 36EE8B7A 		vadd.f32	s14, s13, s22
 1105              	.LVL197:
ARM GAS  C:\usertemp\ccDPqQ3m.s 			page 25


 1106              		.loc 1 262 30 view .LVU465
 1107 051c 8AED007A 		vstr.32	s14, [r10]
 263:Drivers/CMSIS/DSP/Source/TransformFunctions/arm_cfft_radix8_f32.c ****             pSrc[2 * i8 + 1] = p3 - p4;
 1108              		.loc 1 263 13 is_stmt 1 view .LVU466
 1109              		.loc 1 263 35 is_stmt 0 view .LVU467
 1110 0520 77EEC67A 		vsub.f32	s15, s15, s12
 1111              	.LVL198:
 1112              		.loc 1 263 30 view .LVU468
 1113 0524 C4ED007A 		vstr.32	s15, [r4]
 264:Drivers/CMSIS/DSP/Source/TransformFunctions/arm_cfft_radix8_f32.c ****             p1 = co6 * r6;
 1114              		.loc 1 264 13 is_stmt 1 view .LVU469
 1115              		.loc 1 264 16 is_stmt 0 view .LVU470
 1116 0528 61EE2A7A 		vmul.f32	s15, s2, s21
 1117              	.LVL199:
 265:Drivers/CMSIS/DSP/Source/TransformFunctions/arm_cfft_radix8_f32.c ****             p2 = si6 * s6;
 1118              		.loc 1 265 13 is_stmt 1 view .LVU471
 1119              		.loc 1 265 16 is_stmt 0 view .LVU472
 1120 052c 24EE8A6A 		vmul.f32	s12, s9, s20
 1121              	.LVL200:
 266:Drivers/CMSIS/DSP/Source/TransformFunctions/arm_cfft_radix8_f32.c ****             p3 = co6 * s6;
 1122              		.loc 1 266 13 is_stmt 1 view .LVU473
 1123              		.loc 1 266 16 is_stmt 0 view .LVU474
 1124 0530 21EE0A7A 		vmul.f32	s14, s2, s20
 1125              	.LVL201:
 267:Drivers/CMSIS/DSP/Source/TransformFunctions/arm_cfft_radix8_f32.c ****             p4 = si6 * r6;
 1126              		.loc 1 267 13 is_stmt 1 view .LVU475
 1127              		.loc 1 267 16 is_stmt 0 view .LVU476
 1128 0534 64EEAA6A 		vmul.f32	s13, s9, s21
 1129              	.LVL202:
 268:Drivers/CMSIS/DSP/Source/TransformFunctions/arm_cfft_radix8_f32.c ****             pSrc[2 * i6]     = p1 + p2;
 1130              		.loc 1 268 13 is_stmt 1 view .LVU477
 1131              		.loc 1 268 35 is_stmt 0 view .LVU478
 1132 0538 77EE867A 		vadd.f32	s15, s15, s12
 1133              	.LVL203:
 1134              		.loc 1 268 30 view .LVU479
 1135 053c 029E     		ldr	r6, [sp, #8]
 1136 053e C6ED007A 		vstr.32	s15, [r6]
 269:Drivers/CMSIS/DSP/Source/TransformFunctions/arm_cfft_radix8_f32.c ****             pSrc[2 * i6 + 1] = p3 - p4;
 1137              		.loc 1 269 13 is_stmt 1 view .LVU480
 1138              		.loc 1 269 35 is_stmt 0 view .LVU481
 1139 0542 37EE667A 		vsub.f32	s14, s14, s13
 1140              	.LVL204:
 1141              		.loc 1 269 30 view .LVU482
 1142 0546 80ED007A 		vstr.32	s14, [r0]
 270:Drivers/CMSIS/DSP/Source/TransformFunctions/arm_cfft_radix8_f32.c ****             p1 = co4 * t1;
 1143              		.loc 1 270 13 is_stmt 1 view .LVU483
 1144              		.loc 1 270 16 is_stmt 0 view .LVU484
 1145 054a 60EE296A 		vmul.f32	s13, s0, s19
 1146              	.LVL205:
 271:Drivers/CMSIS/DSP/Source/TransformFunctions/arm_cfft_radix8_f32.c ****             p2 = si4 * t2;
 1147              		.loc 1 271 13 is_stmt 1 view .LVU485
 1148              		.loc 1 271 16 is_stmt 0 view .LVU486
 1149 054e 23EE896A 		vmul.f32	s12, s7, s18
 1150              	.LVL206:
 272:Drivers/CMSIS/DSP/Source/TransformFunctions/arm_cfft_radix8_f32.c ****             p3 = co4 * t2;
 1151              		.loc 1 272 13 is_stmt 1 view .LVU487
 1152              		.loc 1 272 16 is_stmt 0 view .LVU488
ARM GAS  C:\usertemp\ccDPqQ3m.s 			page 26


 1153 0552 60EE097A 		vmul.f32	s15, s0, s18
 1154              	.LVL207:
 273:Drivers/CMSIS/DSP/Source/TransformFunctions/arm_cfft_radix8_f32.c ****             p4 = si4 * t1;
 1155              		.loc 1 273 13 is_stmt 1 view .LVU489
 1156              		.loc 1 273 16 is_stmt 0 view .LVU490
 1157 0556 23EEA97A 		vmul.f32	s14, s7, s19
 1158 055a 01E0     		b	.L9
 1159              	.L10:
 1160              		.align	2
 1161              	.L8:
 1162 055c F304353F 		.word	1060439283
 1163              	.L9:
 1164              	.LVL208:
 274:Drivers/CMSIS/DSP/Source/TransformFunctions/arm_cfft_radix8_f32.c ****             pSrc[2 * i4]     = p1 + p2;
 1165              		.loc 1 274 13 is_stmt 1 view .LVU491
 1166              		.loc 1 274 35 is_stmt 0 view .LVU492
 1167 0560 76EE866A 		vadd.f32	s13, s13, s12
 1168              	.LVL209:
 1169              		.loc 1 274 30 view .LVU493
 1170 0564 049C     		ldr	r4, [sp, #16]
 1171 0566 C4ED006A 		vstr.32	s13, [r4]
 275:Drivers/CMSIS/DSP/Source/TransformFunctions/arm_cfft_radix8_f32.c ****             pSrc[2 * i4 + 1] = p3 - p4;
 1172              		.loc 1 275 13 is_stmt 1 view .LVU494
 1173              		.loc 1 275 35 is_stmt 0 view .LVU495
 1174 056a 77EEC77A 		vsub.f32	s15, s15, s14
 1175              	.LVL210:
 1176              		.loc 1 275 30 view .LVU496
 1177 056e C1ED007A 		vstr.32	s15, [r1]
 276:Drivers/CMSIS/DSP/Source/TransformFunctions/arm_cfft_radix8_f32.c **** 
 277:Drivers/CMSIS/DSP/Source/TransformFunctions/arm_cfft_radix8_f32.c ****             i1 += n1;
 1178              		.loc 1 277 13 is_stmt 1 view .LVU497
 1179              		.loc 1 277 16 is_stmt 0 view .LVU498
 1180 0572 059B     		ldr	r3, [sp, #20]
 1181 0574 9944     		add	r9, r9, r3
 1182              	.LVL211:
 278:Drivers/CMSIS/DSP/Source/TransformFunctions/arm_cfft_radix8_f32.c ****          } while (i1 < fftLen);
 1183              		.loc 1 278 22 is_stmt 1 discriminator 1 view .LVU499
 1184 0576 069B     		ldr	r3, [sp, #24]
 1185 0578 4B45     		cmp	r3, r9
 1186 057a 3FF6ACAE 		bhi	.L4
 279:Drivers/CMSIS/DSP/Source/TransformFunctions/arm_cfft_radix8_f32.c **** 
 280:Drivers/CMSIS/DSP/Source/TransformFunctions/arm_cfft_radix8_f32.c ****          j++;
 1187              		.loc 1 280 11 is_stmt 0 view .LVU500
 1188 057e 079B     		ldr	r3, [sp, #28]
 1189 0580 DDF82090 		ldr	r9, [sp, #32]
 1190              	.LVL212:
 1191              		.loc 1 280 11 view .LVU501
 1192 0584 099D     		ldr	r5, [sp, #36]
 1193              		.loc 1 280 10 is_stmt 1 view .LVU502
 1194              		.loc 1 280 11 is_stmt 0 view .LVU503
 1195 0586 09F10109 		add	r9, r9, #1
 1196              	.LVL213:
 281:Drivers/CMSIS/DSP/Source/TransformFunctions/arm_cfft_radix8_f32.c ****       } while (j < n2);
 1197              		.loc 1 281 18 is_stmt 1 view .LVU504
 1198 058a C845     		cmp	r8, r9
 1199 058c 3FF653AE 		bhi	.L5
 282:Drivers/CMSIS/DSP/Source/TransformFunctions/arm_cfft_radix8_f32.c **** 
ARM GAS  C:\usertemp\ccDPqQ3m.s 			page 27


 283:Drivers/CMSIS/DSP/Source/TransformFunctions/arm_cfft_radix8_f32.c ****       twidCoefModifier <<= 3;
 1200              		.loc 1 283 24 is_stmt 0 view .LVU505
 1201 0590 D946     		mov	r9, fp
 1202              	.LVL214:
 1203              		.loc 1 283 7 is_stmt 1 view .LVU506
 1204              		.loc 1 283 24 is_stmt 0 view .LVU507
 1205 0592 0A9B     		ldr	r3, [sp, #40]
 1206 0594 DB00     		lsls	r3, r3, #3
 1207 0596 9BB2     		uxth	r3, r3
 1208 0598 0A93     		str	r3, [sp, #40]
 1209              	.LVL215:
 284:Drivers/CMSIS/DSP/Source/TransformFunctions/arm_cfft_radix8_f32.c ****    } while (n2 > 7);
 1210              		.loc 1 284 16 is_stmt 1 view .LVU508
  69:Drivers/CMSIS/DSP/Source/TransformFunctions/arm_cfft_radix8_f32.c ****       i1 = 0;
 1211              		.loc 1 69 10 is_stmt 0 view .LVU509
 1212 059a 0B9B     		ldr	r3, [sp, #44]
 1213 059c 0593     		str	r3, [sp, #20]
 1214              	.LVL216:
  69:Drivers/CMSIS/DSP/Source/TransformFunctions/arm_cfft_radix8_f32.c ****       i1 = 0;
 1215              		.loc 1 69 10 view .LVU510
 1216 059e 39E5     		b	.L6
 1217              	.LVL217:
 1218              	.L1:
 285:Drivers/CMSIS/DSP/Source/TransformFunctions/arm_cfft_radix8_f32.c **** }
 1219              		.loc 1 285 1 view .LVU511
 1220 05a0 0DB0     		add	sp, sp, #52
 1221              	.LCFI3:
 1222              		.cfi_def_cfa_offset 92
 1223              		@ sp needed
 1224 05a2 BDEC0E8B 		vldm	sp!, {d8-d14}
 1225              	.LCFI4:
 1226              		.cfi_restore 92
 1227              		.cfi_restore 93
 1228              		.cfi_restore 90
 1229              		.cfi_restore 91
 1230              		.cfi_restore 88
 1231              		.cfi_restore 89
 1232              		.cfi_restore 86
 1233              		.cfi_restore 87
 1234              		.cfi_restore 84
 1235              		.cfi_restore 85
 1236              		.cfi_restore 82
 1237              		.cfi_restore 83
 1238              		.cfi_restore 80
 1239              		.cfi_restore 81
 1240              		.cfi_def_cfa_offset 36
 1241 05a6 BDE8F08F 		pop	{r4, r5, r6, r7, r8, r9, r10, fp, pc}
 1242              		.loc 1 285 1 view .LVU512
 1243              		.cfi_endproc
 1244              	.LFE145:
 1246 05aa 00BF     		.text
 1247              	.Letext0:
 1248              		.file 2 "D:/armtoolchain/arm-gnu-toolchain-13.3.rel1-mingw-w64-i686-arm-none-eabi/arm-none-eabi/in
 1249              		.file 3 "D:/armtoolchain/arm-gnu-toolchain-13.3.rel1-mingw-w64-i686-arm-none-eabi/arm-none-eabi/in
 1250              		.file 4 "Drivers/CMSIS/DSP/Include/arm_math.h"
ARM GAS  C:\usertemp\ccDPqQ3m.s 			page 28


DEFINED SYMBOLS
                            *ABS*:00000000 arm_cfft_radix8_f32.c
C:\usertemp\ccDPqQ3m.s:20     .text.arm_radix8_butterfly_f32:00000000 $t
C:\usertemp\ccDPqQ3m.s:26     .text.arm_radix8_butterfly_f32:00000000 arm_radix8_butterfly_f32
C:\usertemp\ccDPqQ3m.s:1162   .text.arm_radix8_butterfly_f32:0000055c $d
C:\usertemp\ccDPqQ3m.s:1167   .text.arm_radix8_butterfly_f32:00000560 $t

NO UNDEFINED SYMBOLS
