ARM GAS  C:\usertemp\ccz5qx6h.s 			page 1


   1              		.cpu cortex-m7
   2              		.arch armv7e-m
   3              		.fpu fpv5-d16
   4              		.eabi_attribute 28, 1
   5              		.eabi_attribute 20, 1
   6              		.eabi_attribute 21, 1
   7              		.eabi_attribute 23, 3
   8              		.eabi_attribute 24, 1
   9              		.eabi_attribute 25, 1
  10              		.eabi_attribute 26, 1
  11              		.eabi_attribute 30, 1
  12              		.eabi_attribute 34, 1
  13              		.eabi_attribute 18, 4
  14              		.file	"arm_rfft_f32.c"
  15              		.text
  16              	.Ltext0:
  17              		.cfi_sections	.debug_frame
  18              		.file 1 "Drivers/CMSIS/DSP/Source/TransformFunctions/arm_rfft_f32.c"
  19              		.section	.text.arm_split_rfft_f32,"ax",%progbits
  20              		.align	1
  21              		.global	arm_split_rfft_f32
  22              		.syntax unified
  23              		.thumb
  24              		.thumb_func
  26              	arm_split_rfft_f32:
  27              	.LVL0:
  28              	.LFB146:
   1:Drivers/CMSIS/DSP/Source/TransformFunctions/arm_rfft_f32.c **** /* ----------------------------------------------------------------------
   2:Drivers/CMSIS/DSP/Source/TransformFunctions/arm_rfft_f32.c ****  * Project:      CMSIS DSP Library
   3:Drivers/CMSIS/DSP/Source/TransformFunctions/arm_rfft_f32.c ****  * Title:        arm_rfft_f32.c
   4:Drivers/CMSIS/DSP/Source/TransformFunctions/arm_rfft_f32.c ****  * Description:  RFFT & RIFFT Floating point process function
   5:Drivers/CMSIS/DSP/Source/TransformFunctions/arm_rfft_f32.c ****  *
   6:Drivers/CMSIS/DSP/Source/TransformFunctions/arm_rfft_f32.c ****  * $Date:        18. March 2019
   7:Drivers/CMSIS/DSP/Source/TransformFunctions/arm_rfft_f32.c ****  * $Revision:    V1.6.0
   8:Drivers/CMSIS/DSP/Source/TransformFunctions/arm_rfft_f32.c ****  *
   9:Drivers/CMSIS/DSP/Source/TransformFunctions/arm_rfft_f32.c ****  * Target Processor: Cortex-M cores
  10:Drivers/CMSIS/DSP/Source/TransformFunctions/arm_rfft_f32.c ****  * -------------------------------------------------------------------- */
  11:Drivers/CMSIS/DSP/Source/TransformFunctions/arm_rfft_f32.c **** /*
  12:Drivers/CMSIS/DSP/Source/TransformFunctions/arm_rfft_f32.c ****  * Copyright (C) 2010-2019 ARM Limited or its affiliates. All rights reserved.
  13:Drivers/CMSIS/DSP/Source/TransformFunctions/arm_rfft_f32.c ****  *
  14:Drivers/CMSIS/DSP/Source/TransformFunctions/arm_rfft_f32.c ****  * SPDX-License-Identifier: Apache-2.0
  15:Drivers/CMSIS/DSP/Source/TransformFunctions/arm_rfft_f32.c ****  *
  16:Drivers/CMSIS/DSP/Source/TransformFunctions/arm_rfft_f32.c ****  * Licensed under the Apache License, Version 2.0 (the License); you may
  17:Drivers/CMSIS/DSP/Source/TransformFunctions/arm_rfft_f32.c ****  * not use this file except in compliance with the License.
  18:Drivers/CMSIS/DSP/Source/TransformFunctions/arm_rfft_f32.c ****  * You may obtain a copy of the License at
  19:Drivers/CMSIS/DSP/Source/TransformFunctions/arm_rfft_f32.c ****  *
  20:Drivers/CMSIS/DSP/Source/TransformFunctions/arm_rfft_f32.c ****  * www.apache.org/licenses/LICENSE-2.0
  21:Drivers/CMSIS/DSP/Source/TransformFunctions/arm_rfft_f32.c ****  *
  22:Drivers/CMSIS/DSP/Source/TransformFunctions/arm_rfft_f32.c ****  * Unless required by applicable law or agreed to in writing, software
  23:Drivers/CMSIS/DSP/Source/TransformFunctions/arm_rfft_f32.c ****  * distributed under the License is distributed on an AS IS BASIS, WITHOUT
  24:Drivers/CMSIS/DSP/Source/TransformFunctions/arm_rfft_f32.c ****  * WARRANTIES OR CONDITIONS OF ANY KIND, either express or implied.
  25:Drivers/CMSIS/DSP/Source/TransformFunctions/arm_rfft_f32.c ****  * See the License for the specific language governing permissions and
  26:Drivers/CMSIS/DSP/Source/TransformFunctions/arm_rfft_f32.c ****  * limitations under the License.
  27:Drivers/CMSIS/DSP/Source/TransformFunctions/arm_rfft_f32.c ****  */
  28:Drivers/CMSIS/DSP/Source/TransformFunctions/arm_rfft_f32.c **** 
  29:Drivers/CMSIS/DSP/Source/TransformFunctions/arm_rfft_f32.c **** #include "arm_math.h"
  30:Drivers/CMSIS/DSP/Source/TransformFunctions/arm_rfft_f32.c **** 
ARM GAS  C:\usertemp\ccz5qx6h.s 			page 2


  31:Drivers/CMSIS/DSP/Source/TransformFunctions/arm_rfft_f32.c **** /* ----------------------------------------------------------------------
  32:Drivers/CMSIS/DSP/Source/TransformFunctions/arm_rfft_f32.c ****  * Internal functions prototypes
  33:Drivers/CMSIS/DSP/Source/TransformFunctions/arm_rfft_f32.c ****  * -------------------------------------------------------------------- */
  34:Drivers/CMSIS/DSP/Source/TransformFunctions/arm_rfft_f32.c **** 
  35:Drivers/CMSIS/DSP/Source/TransformFunctions/arm_rfft_f32.c **** extern void arm_radix4_butterfly_f32(
  36:Drivers/CMSIS/DSP/Source/TransformFunctions/arm_rfft_f32.c ****         float32_t * pSrc,
  37:Drivers/CMSIS/DSP/Source/TransformFunctions/arm_rfft_f32.c ****         uint16_t fftLen,
  38:Drivers/CMSIS/DSP/Source/TransformFunctions/arm_rfft_f32.c ****   const float32_t * pCoef,
  39:Drivers/CMSIS/DSP/Source/TransformFunctions/arm_rfft_f32.c ****         uint16_t twidCoefModifier);
  40:Drivers/CMSIS/DSP/Source/TransformFunctions/arm_rfft_f32.c **** 
  41:Drivers/CMSIS/DSP/Source/TransformFunctions/arm_rfft_f32.c **** extern void arm_radix4_butterfly_inverse_f32(
  42:Drivers/CMSIS/DSP/Source/TransformFunctions/arm_rfft_f32.c ****         float32_t * pSrc,
  43:Drivers/CMSIS/DSP/Source/TransformFunctions/arm_rfft_f32.c ****         uint16_t fftLen,
  44:Drivers/CMSIS/DSP/Source/TransformFunctions/arm_rfft_f32.c ****   const float32_t * pCoef,
  45:Drivers/CMSIS/DSP/Source/TransformFunctions/arm_rfft_f32.c ****         uint16_t twidCoefModifier,
  46:Drivers/CMSIS/DSP/Source/TransformFunctions/arm_rfft_f32.c ****         float32_t onebyfftLen);
  47:Drivers/CMSIS/DSP/Source/TransformFunctions/arm_rfft_f32.c **** 
  48:Drivers/CMSIS/DSP/Source/TransformFunctions/arm_rfft_f32.c **** extern void arm_bitreversal_f32(
  49:Drivers/CMSIS/DSP/Source/TransformFunctions/arm_rfft_f32.c ****         float32_t * pSrc,
  50:Drivers/CMSIS/DSP/Source/TransformFunctions/arm_rfft_f32.c ****         uint16_t fftSize,
  51:Drivers/CMSIS/DSP/Source/TransformFunctions/arm_rfft_f32.c ****         uint16_t bitRevFactor,
  52:Drivers/CMSIS/DSP/Source/TransformFunctions/arm_rfft_f32.c ****   const uint16_t * pBitRevTab);
  53:Drivers/CMSIS/DSP/Source/TransformFunctions/arm_rfft_f32.c **** 
  54:Drivers/CMSIS/DSP/Source/TransformFunctions/arm_rfft_f32.c **** void arm_split_rfft_f32(
  55:Drivers/CMSIS/DSP/Source/TransformFunctions/arm_rfft_f32.c ****         float32_t * pSrc,
  56:Drivers/CMSIS/DSP/Source/TransformFunctions/arm_rfft_f32.c ****         uint32_t fftLen,
  57:Drivers/CMSIS/DSP/Source/TransformFunctions/arm_rfft_f32.c ****   const float32_t * pATable,
  58:Drivers/CMSIS/DSP/Source/TransformFunctions/arm_rfft_f32.c ****   const float32_t * pBTable,
  59:Drivers/CMSIS/DSP/Source/TransformFunctions/arm_rfft_f32.c ****         float32_t * pDst,
  60:Drivers/CMSIS/DSP/Source/TransformFunctions/arm_rfft_f32.c ****         uint32_t modifier);
  61:Drivers/CMSIS/DSP/Source/TransformFunctions/arm_rfft_f32.c **** 
  62:Drivers/CMSIS/DSP/Source/TransformFunctions/arm_rfft_f32.c **** void arm_split_rifft_f32(
  63:Drivers/CMSIS/DSP/Source/TransformFunctions/arm_rfft_f32.c ****         float32_t * pSrc,
  64:Drivers/CMSIS/DSP/Source/TransformFunctions/arm_rfft_f32.c ****         uint32_t fftLen,
  65:Drivers/CMSIS/DSP/Source/TransformFunctions/arm_rfft_f32.c ****   const float32_t * pATable,
  66:Drivers/CMSIS/DSP/Source/TransformFunctions/arm_rfft_f32.c ****   const float32_t * pBTable,
  67:Drivers/CMSIS/DSP/Source/TransformFunctions/arm_rfft_f32.c ****         float32_t * pDst,
  68:Drivers/CMSIS/DSP/Source/TransformFunctions/arm_rfft_f32.c ****         uint32_t modifier);
  69:Drivers/CMSIS/DSP/Source/TransformFunctions/arm_rfft_f32.c **** 
  70:Drivers/CMSIS/DSP/Source/TransformFunctions/arm_rfft_f32.c **** /**
  71:Drivers/CMSIS/DSP/Source/TransformFunctions/arm_rfft_f32.c ****   @ingroup groupTransforms
  72:Drivers/CMSIS/DSP/Source/TransformFunctions/arm_rfft_f32.c ****  */
  73:Drivers/CMSIS/DSP/Source/TransformFunctions/arm_rfft_f32.c **** 
  74:Drivers/CMSIS/DSP/Source/TransformFunctions/arm_rfft_f32.c **** /**
  75:Drivers/CMSIS/DSP/Source/TransformFunctions/arm_rfft_f32.c ****   @addtogroup RealFFT
  76:Drivers/CMSIS/DSP/Source/TransformFunctions/arm_rfft_f32.c ****   @{
  77:Drivers/CMSIS/DSP/Source/TransformFunctions/arm_rfft_f32.c ****  */
  78:Drivers/CMSIS/DSP/Source/TransformFunctions/arm_rfft_f32.c **** 
  79:Drivers/CMSIS/DSP/Source/TransformFunctions/arm_rfft_f32.c **** /**
  80:Drivers/CMSIS/DSP/Source/TransformFunctions/arm_rfft_f32.c ****   @brief         Processing function for the floating-point RFFT/RIFFT.
  81:Drivers/CMSIS/DSP/Source/TransformFunctions/arm_rfft_f32.c ****   @deprecated    Do not use this function.  It has been superceded by \ref arm_rfft_fast_f32 and wi
  82:Drivers/CMSIS/DSP/Source/TransformFunctions/arm_rfft_f32.c ****   @param[in]     S    points to an instance of the floating-point RFFT/RIFFT structure
  83:Drivers/CMSIS/DSP/Source/TransformFunctions/arm_rfft_f32.c ****   @param[in]     pSrc points to the input buffer
  84:Drivers/CMSIS/DSP/Source/TransformFunctions/arm_rfft_f32.c ****   @param[out]    pDst points to the output buffer
  85:Drivers/CMSIS/DSP/Source/TransformFunctions/arm_rfft_f32.c ****   @return        none
  86:Drivers/CMSIS/DSP/Source/TransformFunctions/arm_rfft_f32.c ****  */
  87:Drivers/CMSIS/DSP/Source/TransformFunctions/arm_rfft_f32.c **** 
ARM GAS  C:\usertemp\ccz5qx6h.s 			page 3


  88:Drivers/CMSIS/DSP/Source/TransformFunctions/arm_rfft_f32.c **** void arm_rfft_f32(
  89:Drivers/CMSIS/DSP/Source/TransformFunctions/arm_rfft_f32.c ****   const arm_rfft_instance_f32 * S,
  90:Drivers/CMSIS/DSP/Source/TransformFunctions/arm_rfft_f32.c ****         float32_t * pSrc,
  91:Drivers/CMSIS/DSP/Source/TransformFunctions/arm_rfft_f32.c ****         float32_t * pDst)
  92:Drivers/CMSIS/DSP/Source/TransformFunctions/arm_rfft_f32.c **** {
  93:Drivers/CMSIS/DSP/Source/TransformFunctions/arm_rfft_f32.c ****   const arm_cfft_radix4_instance_f32 *S_CFFT = S->pCfft;
  94:Drivers/CMSIS/DSP/Source/TransformFunctions/arm_rfft_f32.c **** 
  95:Drivers/CMSIS/DSP/Source/TransformFunctions/arm_rfft_f32.c ****   /* Calculation of Real IFFT of input */
  96:Drivers/CMSIS/DSP/Source/TransformFunctions/arm_rfft_f32.c ****   if (S->ifftFlagR == 1U)
  97:Drivers/CMSIS/DSP/Source/TransformFunctions/arm_rfft_f32.c ****   {
  98:Drivers/CMSIS/DSP/Source/TransformFunctions/arm_rfft_f32.c ****      /*  Real IFFT core process */
  99:Drivers/CMSIS/DSP/Source/TransformFunctions/arm_rfft_f32.c ****      arm_split_rifft_f32 (pSrc, S->fftLenBy2, S->pTwiddleAReal, S->pTwiddleBReal, pDst, S->twidCoef
 100:Drivers/CMSIS/DSP/Source/TransformFunctions/arm_rfft_f32.c **** 
 101:Drivers/CMSIS/DSP/Source/TransformFunctions/arm_rfft_f32.c **** 
 102:Drivers/CMSIS/DSP/Source/TransformFunctions/arm_rfft_f32.c ****      /* Complex radix-4 IFFT process */
 103:Drivers/CMSIS/DSP/Source/TransformFunctions/arm_rfft_f32.c ****      arm_radix4_butterfly_inverse_f32 (pDst, S_CFFT->fftLen, S_CFFT->pTwiddle, S_CFFT->twidCoefModi
 104:Drivers/CMSIS/DSP/Source/TransformFunctions/arm_rfft_f32.c **** 
 105:Drivers/CMSIS/DSP/Source/TransformFunctions/arm_rfft_f32.c ****     /* Bit reversal process */
 106:Drivers/CMSIS/DSP/Source/TransformFunctions/arm_rfft_f32.c ****     if (S->bitReverseFlagR == 1U)
 107:Drivers/CMSIS/DSP/Source/TransformFunctions/arm_rfft_f32.c ****     {
 108:Drivers/CMSIS/DSP/Source/TransformFunctions/arm_rfft_f32.c ****       arm_bitreversal_f32 (pDst, S_CFFT->fftLen, S_CFFT->bitRevFactor, S_CFFT->pBitRevTable);
 109:Drivers/CMSIS/DSP/Source/TransformFunctions/arm_rfft_f32.c ****     }
 110:Drivers/CMSIS/DSP/Source/TransformFunctions/arm_rfft_f32.c ****   }
 111:Drivers/CMSIS/DSP/Source/TransformFunctions/arm_rfft_f32.c ****   else
 112:Drivers/CMSIS/DSP/Source/TransformFunctions/arm_rfft_f32.c ****   {
 113:Drivers/CMSIS/DSP/Source/TransformFunctions/arm_rfft_f32.c ****     /* Calculation of RFFT of input */
 114:Drivers/CMSIS/DSP/Source/TransformFunctions/arm_rfft_f32.c **** 
 115:Drivers/CMSIS/DSP/Source/TransformFunctions/arm_rfft_f32.c ****     /* Complex radix-4 FFT process */
 116:Drivers/CMSIS/DSP/Source/TransformFunctions/arm_rfft_f32.c ****     arm_radix4_butterfly_f32 (pSrc, S_CFFT->fftLen, S_CFFT->pTwiddle, S_CFFT->twidCoefModifier);
 117:Drivers/CMSIS/DSP/Source/TransformFunctions/arm_rfft_f32.c **** 
 118:Drivers/CMSIS/DSP/Source/TransformFunctions/arm_rfft_f32.c ****     /* Bit reversal process */
 119:Drivers/CMSIS/DSP/Source/TransformFunctions/arm_rfft_f32.c ****     if (S->bitReverseFlagR == 1U)
 120:Drivers/CMSIS/DSP/Source/TransformFunctions/arm_rfft_f32.c ****     {
 121:Drivers/CMSIS/DSP/Source/TransformFunctions/arm_rfft_f32.c ****       arm_bitreversal_f32 (pSrc, S_CFFT->fftLen, S_CFFT->bitRevFactor, S_CFFT->pBitRevTable);
 122:Drivers/CMSIS/DSP/Source/TransformFunctions/arm_rfft_f32.c ****     }
 123:Drivers/CMSIS/DSP/Source/TransformFunctions/arm_rfft_f32.c **** 
 124:Drivers/CMSIS/DSP/Source/TransformFunctions/arm_rfft_f32.c ****     /*  Real FFT core process */
 125:Drivers/CMSIS/DSP/Source/TransformFunctions/arm_rfft_f32.c ****     arm_split_rfft_f32 (pSrc, S->fftLenBy2, S->pTwiddleAReal, S->pTwiddleBReal, pDst, S->twidCoefRM
 126:Drivers/CMSIS/DSP/Source/TransformFunctions/arm_rfft_f32.c ****   }
 127:Drivers/CMSIS/DSP/Source/TransformFunctions/arm_rfft_f32.c **** 
 128:Drivers/CMSIS/DSP/Source/TransformFunctions/arm_rfft_f32.c **** }
 129:Drivers/CMSIS/DSP/Source/TransformFunctions/arm_rfft_f32.c **** 
 130:Drivers/CMSIS/DSP/Source/TransformFunctions/arm_rfft_f32.c **** /**
 131:Drivers/CMSIS/DSP/Source/TransformFunctions/arm_rfft_f32.c ****   @} end of RealFFT group
 132:Drivers/CMSIS/DSP/Source/TransformFunctions/arm_rfft_f32.c ****  */
 133:Drivers/CMSIS/DSP/Source/TransformFunctions/arm_rfft_f32.c **** 
 134:Drivers/CMSIS/DSP/Source/TransformFunctions/arm_rfft_f32.c **** /**
 135:Drivers/CMSIS/DSP/Source/TransformFunctions/arm_rfft_f32.c ****   @brief         Core Real FFT process
 136:Drivers/CMSIS/DSP/Source/TransformFunctions/arm_rfft_f32.c ****   @param[in]     pSrc      points to input buffer
 137:Drivers/CMSIS/DSP/Source/TransformFunctions/arm_rfft_f32.c ****   @param[in]     fftLen    length of FFT
 138:Drivers/CMSIS/DSP/Source/TransformFunctions/arm_rfft_f32.c ****   @param[in]     pATable   points to twiddle Coef A buffer
 139:Drivers/CMSIS/DSP/Source/TransformFunctions/arm_rfft_f32.c ****   @param[in]     pBTable   points to twiddle Coef B buffer
 140:Drivers/CMSIS/DSP/Source/TransformFunctions/arm_rfft_f32.c ****   @param[out]    pDst      points to output buffer
 141:Drivers/CMSIS/DSP/Source/TransformFunctions/arm_rfft_f32.c ****   @param[in]     modifier  twiddle coefficient modifier that supports different size FFTs with the 
 142:Drivers/CMSIS/DSP/Source/TransformFunctions/arm_rfft_f32.c ****   @return        none
 143:Drivers/CMSIS/DSP/Source/TransformFunctions/arm_rfft_f32.c ****  */
 144:Drivers/CMSIS/DSP/Source/TransformFunctions/arm_rfft_f32.c **** 
ARM GAS  C:\usertemp\ccz5qx6h.s 			page 4


 145:Drivers/CMSIS/DSP/Source/TransformFunctions/arm_rfft_f32.c **** void arm_split_rfft_f32(
 146:Drivers/CMSIS/DSP/Source/TransformFunctions/arm_rfft_f32.c ****         float32_t * pSrc,
 147:Drivers/CMSIS/DSP/Source/TransformFunctions/arm_rfft_f32.c ****         uint32_t fftLen,
 148:Drivers/CMSIS/DSP/Source/TransformFunctions/arm_rfft_f32.c ****   const float32_t * pATable,
 149:Drivers/CMSIS/DSP/Source/TransformFunctions/arm_rfft_f32.c ****   const float32_t * pBTable,
 150:Drivers/CMSIS/DSP/Source/TransformFunctions/arm_rfft_f32.c ****         float32_t * pDst,
 151:Drivers/CMSIS/DSP/Source/TransformFunctions/arm_rfft_f32.c ****         uint32_t modifier)
 152:Drivers/CMSIS/DSP/Source/TransformFunctions/arm_rfft_f32.c **** {
  29              		.loc 1 152 1 view -0
  30              		.cfi_startproc
  31              		@ args = 8, pretend = 0, frame = 0
  32              		@ frame_needed = 0, uses_anonymous_args = 0
  33              		.loc 1 152 1 is_stmt 0 view .LVU1
  34 0000 2DE9F047 		push	{r4, r5, r6, r7, r8, r9, r10, lr}
  35              	.LCFI0:
  36              		.cfi_def_cfa_offset 32
  37              		.cfi_offset 4, -32
  38              		.cfi_offset 5, -28
  39              		.cfi_offset 6, -24
  40              		.cfi_offset 7, -20
  41              		.cfi_offset 8, -16
  42              		.cfi_offset 9, -12
  43              		.cfi_offset 10, -8
  44              		.cfi_offset 14, -4
  45 0004 DDF82090 		ldr	r9, [sp, #32]
  46 0008 099E     		ldr	r6, [sp, #36]
 153:Drivers/CMSIS/DSP/Source/TransformFunctions/arm_rfft_f32.c ****         uint32_t i;                                    /* Loop Counter */
  47              		.loc 1 153 9 is_stmt 1 view .LVU2
 154:Drivers/CMSIS/DSP/Source/TransformFunctions/arm_rfft_f32.c ****         float32_t outR, outI;                          /* Temporary variables for output */
  48              		.loc 1 154 9 view .LVU3
 155:Drivers/CMSIS/DSP/Source/TransformFunctions/arm_rfft_f32.c ****   const float32_t *pCoefA, *pCoefB;                    /* Temporary pointers for twiddle factors */
  49              		.loc 1 155 3 view .LVU4
 156:Drivers/CMSIS/DSP/Source/TransformFunctions/arm_rfft_f32.c ****         float32_t CoefA1, CoefA2, CoefB1;              /* Temporary variables for twiddle coefficie
  50              		.loc 1 156 9 view .LVU5
 157:Drivers/CMSIS/DSP/Source/TransformFunctions/arm_rfft_f32.c ****         float32_t *pDst1 = &pDst[2], *pDst2 = &pDst[(4U * fftLen) - 1U];      /* temp pointers for 
  51              		.loc 1 157 9 view .LVU6
  52              		.loc 1 157 20 is_stmt 0 view .LVU7
  53 000a 09F1080A 		add	r10, r9, #8
  54              	.LVL1:
  55              		.loc 1 157 52 view .LVU8
  56 000e 0D01     		lsls	r5, r1, #4
  57 0010 043D     		subs	r5, r5, #4
  58              		.loc 1 157 39 view .LVU9
  59 0012 4D44     		add	r5, r5, r9
  60              	.LVL2:
 158:Drivers/CMSIS/DSP/Source/TransformFunctions/arm_rfft_f32.c ****         float32_t *pSrc1 = &pSrc[2], *pSrc2 = &pSrc[(2U * fftLen) - 1U];      /* temp pointers for 
  61              		.loc 1 158 9 is_stmt 1 view .LVU10
  62              		.loc 1 158 20 is_stmt 0 view .LVU11
  63 0014 00F1080E 		add	lr, r0, #8
  64              	.LVL3:
  65              		.loc 1 158 52 view .LVU12
  66 0018 4FEAC108 		lsl	r8, r1, #3
  67 001c A8F1040C 		sub	ip, r8, #4
  68              		.loc 1 158 39 view .LVU13
  69 0020 8444     		add	ip, ip, r0
  70              	.LVL4:
 159:Drivers/CMSIS/DSP/Source/TransformFunctions/arm_rfft_f32.c **** 
ARM GAS  C:\usertemp\ccz5qx6h.s 			page 5


 160:Drivers/CMSIS/DSP/Source/TransformFunctions/arm_rfft_f32.c ****   /* Init coefficient pointers */
 161:Drivers/CMSIS/DSP/Source/TransformFunctions/arm_rfft_f32.c ****   pCoefA = &pATable[modifier * 2];
  71              		.loc 1 161 3 is_stmt 1 view .LVU14
  72              		.loc 1 161 20 is_stmt 0 view .LVU15
  73 0022 F700     		lsls	r7, r6, #3
  74              		.loc 1 161 10 view .LVU16
  75 0024 02EBC602 		add	r2, r2, r6, lsl #3
  76              	.LVL5:
 162:Drivers/CMSIS/DSP/Source/TransformFunctions/arm_rfft_f32.c ****   pCoefB = &pBTable[modifier * 2];
  77              		.loc 1 162 3 is_stmt 1 view .LVU17
  78              		.loc 1 162 10 is_stmt 0 view .LVU18
  79 0028 03EBC606 		add	r6, r3, r6, lsl #3
  80              	.LVL6:
 163:Drivers/CMSIS/DSP/Source/TransformFunctions/arm_rfft_f32.c **** 
 164:Drivers/CMSIS/DSP/Source/TransformFunctions/arm_rfft_f32.c ****   i = fftLen - 1U;
  81              		.loc 1 164 3 is_stmt 1 view .LVU19
  82              		.loc 1 164 5 is_stmt 0 view .LVU20
  83 002c 4C1E     		subs	r4, r1, #1
  84              	.LVL7:
 165:Drivers/CMSIS/DSP/Source/TransformFunctions/arm_rfft_f32.c **** 
 166:Drivers/CMSIS/DSP/Source/TransformFunctions/arm_rfft_f32.c ****   while (i > 0U)
  85              		.loc 1 166 3 is_stmt 1 view .LVU21
  86              		.loc 1 166 9 is_stmt 0 view .LVU22
  87 002e 3EE0     		b	.L2
  88              	.LVL8:
  89              	.L3:
 167:Drivers/CMSIS/DSP/Source/TransformFunctions/arm_rfft_f32.c ****   {
 168:Drivers/CMSIS/DSP/Source/TransformFunctions/arm_rfft_f32.c ****      /*
 169:Drivers/CMSIS/DSP/Source/TransformFunctions/arm_rfft_f32.c ****        outR = (  pSrc[2 * i]             * pATable[2 * i]
 170:Drivers/CMSIS/DSP/Source/TransformFunctions/arm_rfft_f32.c ****                - pSrc[2 * i + 1]         * pATable[2 * i + 1]
 171:Drivers/CMSIS/DSP/Source/TransformFunctions/arm_rfft_f32.c ****                + pSrc[2 * n - 2 * i]     * pBTable[2 * i]
 172:Drivers/CMSIS/DSP/Source/TransformFunctions/arm_rfft_f32.c ****                + pSrc[2 * n - 2 * i + 1] * pBTable[2 * i + 1]);
 173:Drivers/CMSIS/DSP/Source/TransformFunctions/arm_rfft_f32.c **** 
 174:Drivers/CMSIS/DSP/Source/TransformFunctions/arm_rfft_f32.c ****        outI = (  pIn[2 * i + 1]         * pATable[2 * i]
 175:Drivers/CMSIS/DSP/Source/TransformFunctions/arm_rfft_f32.c ****                + pIn[2 * i]             * pATable[2 * i + 1]
 176:Drivers/CMSIS/DSP/Source/TransformFunctions/arm_rfft_f32.c ****                + pIn[2 * n - 2 * i]     * pBTable[2 * i + 1]
 177:Drivers/CMSIS/DSP/Source/TransformFunctions/arm_rfft_f32.c ****                - pIn[2 * n - 2 * i + 1] * pBTable[2 * i]);
 178:Drivers/CMSIS/DSP/Source/TransformFunctions/arm_rfft_f32.c ****       */
 179:Drivers/CMSIS/DSP/Source/TransformFunctions/arm_rfft_f32.c **** 
 180:Drivers/CMSIS/DSP/Source/TransformFunctions/arm_rfft_f32.c ****     /* read pATable[2 * i] */
 181:Drivers/CMSIS/DSP/Source/TransformFunctions/arm_rfft_f32.c ****     CoefA1 = *pCoefA++;
  90              		.loc 1 181 5 is_stmt 1 view .LVU23
  91              		.loc 1 181 12 is_stmt 0 view .LVU24
  92 0030 D2ED004A 		vldr.32	s9, [r2]
  93              	.LVL9:
 182:Drivers/CMSIS/DSP/Source/TransformFunctions/arm_rfft_f32.c ****     /* pATable[2 * i + 1] */
 183:Drivers/CMSIS/DSP/Source/TransformFunctions/arm_rfft_f32.c ****     CoefA2 = *pCoefA;
  94              		.loc 1 183 5 is_stmt 1 view .LVU25
  95              		.loc 1 183 12 is_stmt 0 view .LVU26
  96 0034 D2ED016A 		vldr.32	s13, [r2, #4]
  97              	.LVL10:
 184:Drivers/CMSIS/DSP/Source/TransformFunctions/arm_rfft_f32.c **** 
 185:Drivers/CMSIS/DSP/Source/TransformFunctions/arm_rfft_f32.c ****     /* pSrc[2 * i] * pATable[2 * i] */
 186:Drivers/CMSIS/DSP/Source/TransformFunctions/arm_rfft_f32.c ****     outR = *pSrc1 * CoefA1;
  98              		.loc 1 186 5 is_stmt 1 view .LVU27
  99              		.loc 1 186 12 is_stmt 0 view .LVU28
 100 0038 DEED007A 		vldr.32	s15, [lr]
ARM GAS  C:\usertemp\ccz5qx6h.s 			page 6


 101              		.loc 1 186 10 view .LVU29
 102 003c 27EEA47A 		vmul.f32	s14, s15, s9
 103              	.LVL11:
 187:Drivers/CMSIS/DSP/Source/TransformFunctions/arm_rfft_f32.c ****     /* pSrc[2 * i] * CoefA2 */
 188:Drivers/CMSIS/DSP/Source/TransformFunctions/arm_rfft_f32.c ****     outI = *pSrc1++ * CoefA2;
 104              		.loc 1 188 5 is_stmt 1 view .LVU30
 105              		.loc 1 188 10 is_stmt 0 view .LVU31
 106 0040 67EEA67A 		vmul.f32	s15, s15, s13
 107              	.LVL12:
 189:Drivers/CMSIS/DSP/Source/TransformFunctions/arm_rfft_f32.c **** 
 190:Drivers/CMSIS/DSP/Source/TransformFunctions/arm_rfft_f32.c ****     /* (pSrc[2 * i + 1] + pSrc[2 * fftLen - 2 * i + 1]) * CoefA2 */
 191:Drivers/CMSIS/DSP/Source/TransformFunctions/arm_rfft_f32.c ****     outR -= (*pSrc1 + *pSrc2) * CoefA2;
 108              		.loc 1 191 5 is_stmt 1 view .LVU32
 109              		.loc 1 191 14 is_stmt 0 view .LVU33
 110 0044 DEED015A 		vldr.32	s11, [lr, #4]
 111              		.loc 1 191 23 view .LVU34
 112 0048 9CED006A 		vldr.32	s12, [ip]
 113              		.loc 1 191 21 view .LVU35
 114 004c 35EE865A 		vadd.f32	s10, s11, s12
 115              		.loc 1 191 31 view .LVU36
 116 0050 25EE265A 		vmul.f32	s10, s10, s13
 117              		.loc 1 191 10 view .LVU37
 118 0054 37EE457A 		vsub.f32	s14, s14, s10
 119              	.LVL13:
 192:Drivers/CMSIS/DSP/Source/TransformFunctions/arm_rfft_f32.c ****     /* pSrc[2 * i + 1] * CoefA1 */
 193:Drivers/CMSIS/DSP/Source/TransformFunctions/arm_rfft_f32.c ****     outI += *pSrc1++ * CoefA1;
 120              		.loc 1 193 5 is_stmt 1 view .LVU38
 121              		.loc 1 193 19 is_stmt 0 view .LVU39
 122 0058 0EF1080E 		add	lr, lr, #8
 123              	.LVL14:
 124              		.loc 1 193 22 view .LVU40
 125 005c 65EEA45A 		vmul.f32	s11, s11, s9
 126              		.loc 1 193 10 view .LVU41
 127 0060 77EEA57A 		vadd.f32	s15, s15, s11
 128              	.LVL15:
 194:Drivers/CMSIS/DSP/Source/TransformFunctions/arm_rfft_f32.c **** 
 195:Drivers/CMSIS/DSP/Source/TransformFunctions/arm_rfft_f32.c ****     CoefB1 = *pCoefB;
 129              		.loc 1 195 5 is_stmt 1 view .LVU42
 130              		.loc 1 195 12 is_stmt 0 view .LVU43
 131 0064 D6ED005A 		vldr.32	s11, [r6]
 132              	.LVL16:
 196:Drivers/CMSIS/DSP/Source/TransformFunctions/arm_rfft_f32.c **** 
 197:Drivers/CMSIS/DSP/Source/TransformFunctions/arm_rfft_f32.c ****     /* pSrc[2 * fftLen - 2 * i + 1] * CoefB1 */
 198:Drivers/CMSIS/DSP/Source/TransformFunctions/arm_rfft_f32.c ****     outI -= *pSrc2-- * CoefB1;
 133              		.loc 1 198 5 is_stmt 1 view .LVU44
 134              		.loc 1 198 22 is_stmt 0 view .LVU45
 135 0068 26EE256A 		vmul.f32	s12, s12, s11
 136              		.loc 1 198 10 view .LVU46
 137 006c 77EEC67A 		vsub.f32	s15, s15, s12
 138              	.LVL17:
 199:Drivers/CMSIS/DSP/Source/TransformFunctions/arm_rfft_f32.c ****     /* pSrc[2 * fftLen - 2 * i] * CoefA2 */
 200:Drivers/CMSIS/DSP/Source/TransformFunctions/arm_rfft_f32.c ****     outI -= *pSrc2 * CoefA2;
 139              		.loc 1 200 5 is_stmt 1 view .LVU47
 140              		.loc 1 200 13 is_stmt 0 view .LVU48
 141 0070 1CED016A 		vldr.32	s12, [ip, #-4]
 142              		.loc 1 200 20 view .LVU49
 143 0074 66EE266A 		vmul.f32	s13, s12, s13
ARM GAS  C:\usertemp\ccz5qx6h.s 			page 7


 144              	.LVL18:
 145              		.loc 1 200 10 view .LVU50
 146 0078 77EEE67A 		vsub.f32	s15, s15, s13
 147              	.LVL19:
 201:Drivers/CMSIS/DSP/Source/TransformFunctions/arm_rfft_f32.c **** 
 202:Drivers/CMSIS/DSP/Source/TransformFunctions/arm_rfft_f32.c ****     /* pSrc[2 * fftLen - 2 * i] * CoefB1 */
 203:Drivers/CMSIS/DSP/Source/TransformFunctions/arm_rfft_f32.c ****     outR += *pSrc2-- * CoefB1;
 148              		.loc 1 203 5 is_stmt 1 view .LVU51
 149              		.loc 1 203 19 is_stmt 0 view .LVU52
 150 007c ACF1080C 		sub	ip, ip, #8
 151              	.LVL20:
 152              		.loc 1 203 22 view .LVU53
 153 0080 26EE256A 		vmul.f32	s12, s12, s11
 154              		.loc 1 203 10 view .LVU54
 155 0084 37EE067A 		vadd.f32	s14, s14, s12
 156              	.LVL21:
 204:Drivers/CMSIS/DSP/Source/TransformFunctions/arm_rfft_f32.c **** 
 205:Drivers/CMSIS/DSP/Source/TransformFunctions/arm_rfft_f32.c ****     /* write output */
 206:Drivers/CMSIS/DSP/Source/TransformFunctions/arm_rfft_f32.c ****     *pDst1++ = outR;
 157              		.loc 1 206 5 is_stmt 1 view .LVU55
 158              		.loc 1 206 14 is_stmt 0 view .LVU56
 159 0088 5346     		mov	r3, r10
 160 008a 0833     		adds	r3, r3, #8
 161 008c 8AED007A 		vstr.32	s14, [r10]
 162              	.LVL22:
 207:Drivers/CMSIS/DSP/Source/TransformFunctions/arm_rfft_f32.c ****     *pDst1++ = outI;
 163              		.loc 1 207 5 is_stmt 1 view .LVU57
 164              		.loc 1 207 14 is_stmt 0 view .LVU58
 165 0090 CAED017A 		vstr.32	s15, [r10, #4]
 208:Drivers/CMSIS/DSP/Source/TransformFunctions/arm_rfft_f32.c **** 
 209:Drivers/CMSIS/DSP/Source/TransformFunctions/arm_rfft_f32.c ****     /* write complex conjugate output */
 210:Drivers/CMSIS/DSP/Source/TransformFunctions/arm_rfft_f32.c ****     *pDst2-- = -outI;
 166              		.loc 1 210 5 is_stmt 1 view .LVU59
 167              	.LVL23:
 168              		.loc 1 210 16 is_stmt 0 view .LVU60
 169 0094 F1EE677A 		vneg.f32	s15, s15
 170              	.LVL24:
 171              		.loc 1 210 14 view .LVU61
 172 0098 A5F10801 		sub	r1, r5, #8
 173 009c C5ED007A 		vstr.32	s15, [r5]
 174              	.LVL25:
 211:Drivers/CMSIS/DSP/Source/TransformFunctions/arm_rfft_f32.c ****     *pDst2-- = outR;
 175              		.loc 1 211 5 is_stmt 1 view .LVU62
 176              		.loc 1 211 14 is_stmt 0 view .LVU63
 177 00a0 05ED017A 		vstr.32	s14, [r5, #-4]
 212:Drivers/CMSIS/DSP/Source/TransformFunctions/arm_rfft_f32.c **** 
 213:Drivers/CMSIS/DSP/Source/TransformFunctions/arm_rfft_f32.c ****     /* update coefficient pointer */
 214:Drivers/CMSIS/DSP/Source/TransformFunctions/arm_rfft_f32.c ****     pCoefB = pCoefB + (modifier * 2U);
 178              		.loc 1 214 5 is_stmt 1 view .LVU64
 179              		.loc 1 214 12 is_stmt 0 view .LVU65
 180 00a4 3E44     		add	r6, r6, r7
 181              	.LVL26:
 215:Drivers/CMSIS/DSP/Source/TransformFunctions/arm_rfft_f32.c ****     pCoefA = pCoefA + ((modifier * 2U) - 1U);
 182              		.loc 1 215 5 is_stmt 1 view .LVU66
 183              		.loc 1 215 12 is_stmt 0 view .LVU67
 184 00a6 3A44     		add	r2, r2, r7
 185              	.LVL27:
ARM GAS  C:\usertemp\ccz5qx6h.s 			page 8


 216:Drivers/CMSIS/DSP/Source/TransformFunctions/arm_rfft_f32.c **** 
 217:Drivers/CMSIS/DSP/Source/TransformFunctions/arm_rfft_f32.c ****     i--;
 186              		.loc 1 217 5 is_stmt 1 view .LVU68
 187              		.loc 1 217 6 is_stmt 0 view .LVU69
 188 00a8 013C     		subs	r4, r4, #1
 189              	.LVL28:
 211:Drivers/CMSIS/DSP/Source/TransformFunctions/arm_rfft_f32.c **** 
 190              		.loc 1 211 11 view .LVU70
 191 00aa 0D46     		mov	r5, r1
 207:Drivers/CMSIS/DSP/Source/TransformFunctions/arm_rfft_f32.c **** 
 192              		.loc 1 207 11 view .LVU71
 193 00ac 9A46     		mov	r10, r3
 194              	.LVL29:
 195              	.L2:
 166:Drivers/CMSIS/DSP/Source/TransformFunctions/arm_rfft_f32.c ****   {
 196              		.loc 1 166 12 is_stmt 1 view .LVU72
 197 00ae 002C     		cmp	r4, #0
 198 00b0 BED1     		bne	.L3
 218:Drivers/CMSIS/DSP/Source/TransformFunctions/arm_rfft_f32.c **** 
 219:Drivers/CMSIS/DSP/Source/TransformFunctions/arm_rfft_f32.c ****   }
 220:Drivers/CMSIS/DSP/Source/TransformFunctions/arm_rfft_f32.c **** 
 221:Drivers/CMSIS/DSP/Source/TransformFunctions/arm_rfft_f32.c ****   pDst[2U * fftLen] = pSrc[0] - pSrc[1];
 199              		.loc 1 221 3 view .LVU73
 200              		.loc 1 221 27 is_stmt 0 view .LVU74
 201 00b2 D0ED007A 		vldr.32	s15, [r0]
 202              		.loc 1 221 37 view .LVU75
 203 00b6 90ED017A 		vldr.32	s14, [r0, #4]
 204              		.loc 1 221 7 view .LVU76
 205 00ba 09EB0803 		add	r3, r9, r8
 206              		.loc 1 221 31 view .LVU77
 207 00be 77EEC77A 		vsub.f32	s15, s15, s14
 208              		.loc 1 221 21 view .LVU78
 209 00c2 C3ED007A 		vstr.32	s15, [r3]
 222:Drivers/CMSIS/DSP/Source/TransformFunctions/arm_rfft_f32.c ****   pDst[(2U * fftLen) + 1U] = 0.0f;
 210              		.loc 1 222 3 is_stmt 1 view .LVU79
 211              		.loc 1 222 7 is_stmt 0 view .LVU80
 212 00c6 08F10408 		add	r8, r8, #4
 213 00ca C844     		add	r8, r8, r9
 214              		.loc 1 222 28 view .LVU81
 215 00cc 0023     		movs	r3, #0
 216 00ce C8F80030 		str	r3, [r8]	@ float
 223:Drivers/CMSIS/DSP/Source/TransformFunctions/arm_rfft_f32.c **** 
 224:Drivers/CMSIS/DSP/Source/TransformFunctions/arm_rfft_f32.c ****   pDst[0] = pSrc[0] + pSrc[1];
 217              		.loc 1 224 3 is_stmt 1 view .LVU82
 218              		.loc 1 224 17 is_stmt 0 view .LVU83
 219 00d2 D0ED007A 		vldr.32	s15, [r0]
 220              		.loc 1 224 27 view .LVU84
 221 00d6 90ED017A 		vldr.32	s14, [r0, #4]
 222              		.loc 1 224 21 view .LVU85
 223 00da 77EE877A 		vadd.f32	s15, s15, s14
 224              		.loc 1 224 11 view .LVU86
 225 00de C9ED007A 		vstr.32	s15, [r9]
 225:Drivers/CMSIS/DSP/Source/TransformFunctions/arm_rfft_f32.c ****   pDst[1] = 0.0f;
 226              		.loc 1 225 3 is_stmt 1 view .LVU87
 227              		.loc 1 225 11 is_stmt 0 view .LVU88
 228 00e2 C9F80430 		str	r3, [r9, #4]	@ float
 226:Drivers/CMSIS/DSP/Source/TransformFunctions/arm_rfft_f32.c **** 
ARM GAS  C:\usertemp\ccz5qx6h.s 			page 9


 227:Drivers/CMSIS/DSP/Source/TransformFunctions/arm_rfft_f32.c **** }
 229              		.loc 1 227 1 view .LVU89
 230 00e6 BDE8F087 		pop	{r4, r5, r6, r7, r8, r9, r10, pc}
 231              		.loc 1 227 1 view .LVU90
 232              		.cfi_endproc
 233              	.LFE146:
 235              		.section	.text.arm_split_rifft_f32,"ax",%progbits
 236              		.align	1
 237              		.global	arm_split_rifft_f32
 238              		.syntax unified
 239              		.thumb
 240              		.thumb_func
 242              	arm_split_rifft_f32:
 243              	.LVL30:
 244              	.LFB147:
 228:Drivers/CMSIS/DSP/Source/TransformFunctions/arm_rfft_f32.c **** 
 229:Drivers/CMSIS/DSP/Source/TransformFunctions/arm_rfft_f32.c **** 
 230:Drivers/CMSIS/DSP/Source/TransformFunctions/arm_rfft_f32.c **** /**
 231:Drivers/CMSIS/DSP/Source/TransformFunctions/arm_rfft_f32.c ****   @brief         Core Real IFFT process
 232:Drivers/CMSIS/DSP/Source/TransformFunctions/arm_rfft_f32.c ****   @param[in]     pSrc      points to input buffer
 233:Drivers/CMSIS/DSP/Source/TransformFunctions/arm_rfft_f32.c ****   @param[in]     fftLen    length of FFT
 234:Drivers/CMSIS/DSP/Source/TransformFunctions/arm_rfft_f32.c ****   @param[in]     pATable   points to twiddle Coef A buffer
 235:Drivers/CMSIS/DSP/Source/TransformFunctions/arm_rfft_f32.c ****   @param[in]     pBTable   points to twiddle Coef B buffer
 236:Drivers/CMSIS/DSP/Source/TransformFunctions/arm_rfft_f32.c ****   @param[out]    pDst      points to output buffer
 237:Drivers/CMSIS/DSP/Source/TransformFunctions/arm_rfft_f32.c ****   @param[in]     modifier  twiddle coefficient modifier that supports different size FFTs with the 
 238:Drivers/CMSIS/DSP/Source/TransformFunctions/arm_rfft_f32.c ****   @return        none
 239:Drivers/CMSIS/DSP/Source/TransformFunctions/arm_rfft_f32.c ****  */
 240:Drivers/CMSIS/DSP/Source/TransformFunctions/arm_rfft_f32.c **** 
 241:Drivers/CMSIS/DSP/Source/TransformFunctions/arm_rfft_f32.c **** void arm_split_rifft_f32(
 242:Drivers/CMSIS/DSP/Source/TransformFunctions/arm_rfft_f32.c ****         float32_t * pSrc,
 243:Drivers/CMSIS/DSP/Source/TransformFunctions/arm_rfft_f32.c ****         uint32_t fftLen,
 244:Drivers/CMSIS/DSP/Source/TransformFunctions/arm_rfft_f32.c ****   const float32_t * pATable,
 245:Drivers/CMSIS/DSP/Source/TransformFunctions/arm_rfft_f32.c ****   const float32_t * pBTable,
 246:Drivers/CMSIS/DSP/Source/TransformFunctions/arm_rfft_f32.c ****         float32_t * pDst,
 247:Drivers/CMSIS/DSP/Source/TransformFunctions/arm_rfft_f32.c ****         uint32_t modifier)
 248:Drivers/CMSIS/DSP/Source/TransformFunctions/arm_rfft_f32.c **** {
 245              		.loc 1 248 1 is_stmt 1 view -0
 246              		.cfi_startproc
 247              		@ args = 8, pretend = 0, frame = 0
 248              		@ frame_needed = 0, uses_anonymous_args = 0
 249              		.loc 1 248 1 is_stmt 0 view .LVU92
 250 0000 70B5     		push	{r4, r5, r6, lr}
 251              	.LCFI1:
 252              		.cfi_def_cfa_offset 16
 253              		.cfi_offset 4, -16
 254              		.cfi_offset 5, -12
 255              		.cfi_offset 6, -8
 256              		.cfi_offset 14, -4
 257 0002 049C     		ldr	r4, [sp, #16]
 258 0004 059D     		ldr	r5, [sp, #20]
 249:Drivers/CMSIS/DSP/Source/TransformFunctions/arm_rfft_f32.c ****         float32_t outR, outI;                          /* Temporary variables for output */
 259              		.loc 1 249 9 is_stmt 1 view .LVU93
 250:Drivers/CMSIS/DSP/Source/TransformFunctions/arm_rfft_f32.c ****   const float32_t *pCoefA, *pCoefB;                    /* Temporary pointers for twiddle factors */
 260              		.loc 1 250 3 view .LVU94
 251:Drivers/CMSIS/DSP/Source/TransformFunctions/arm_rfft_f32.c ****         float32_t CoefA1, CoefA2, CoefB1;              /* Temporary variables for twiddle coefficie
 261              		.loc 1 251 9 view .LVU95
 252:Drivers/CMSIS/DSP/Source/TransformFunctions/arm_rfft_f32.c ****         float32_t *pSrc1 = &pSrc[0], *pSrc2 = &pSrc[(2U * fftLen) + 1U];
ARM GAS  C:\usertemp\ccz5qx6h.s 			page 10


 262              		.loc 1 252 9 view .LVU96
 263              	.LVL31:
 264              		.loc 1 252 52 is_stmt 0 view .LVU97
 265 0006 4FEAC10C 		lsl	ip, r1, #3
 266 000a 0CF1040C 		add	ip, ip, #4
 267              		.loc 1 252 39 view .LVU98
 268 000e 8444     		add	ip, ip, r0
 269              	.LVL32:
 253:Drivers/CMSIS/DSP/Source/TransformFunctions/arm_rfft_f32.c **** 
 254:Drivers/CMSIS/DSP/Source/TransformFunctions/arm_rfft_f32.c ****   pCoefA = &pATable[0];
 270              		.loc 1 254 3 is_stmt 1 view .LVU99
 255:Drivers/CMSIS/DSP/Source/TransformFunctions/arm_rfft_f32.c ****   pCoefB = &pBTable[0];
 271              		.loc 1 255 3 view .LVU100
 256:Drivers/CMSIS/DSP/Source/TransformFunctions/arm_rfft_f32.c **** 
 257:Drivers/CMSIS/DSP/Source/TransformFunctions/arm_rfft_f32.c ****   while (fftLen > 0U)
 272              		.loc 1 257 3 view .LVU101
 273              		.loc 1 257 9 is_stmt 0 view .LVU102
 274 0010 36E0     		b	.L6
 275              	.LVL33:
 276              	.L7:
 258:Drivers/CMSIS/DSP/Source/TransformFunctions/arm_rfft_f32.c ****   {
 259:Drivers/CMSIS/DSP/Source/TransformFunctions/arm_rfft_f32.c ****      /*
 260:Drivers/CMSIS/DSP/Source/TransformFunctions/arm_rfft_f32.c ****        outR = (  pIn[2 * i]             * pATable[2 * i]
 261:Drivers/CMSIS/DSP/Source/TransformFunctions/arm_rfft_f32.c ****                + pIn[2 * i + 1]         * pATable[2 * i + 1]
 262:Drivers/CMSIS/DSP/Source/TransformFunctions/arm_rfft_f32.c ****                + pIn[2 * n - 2 * i]     * pBTable[2 * i]
 263:Drivers/CMSIS/DSP/Source/TransformFunctions/arm_rfft_f32.c ****                - pIn[2 * n - 2 * i + 1] * pBTable[2 * i + 1]);
 264:Drivers/CMSIS/DSP/Source/TransformFunctions/arm_rfft_f32.c **** 
 265:Drivers/CMSIS/DSP/Source/TransformFunctions/arm_rfft_f32.c ****        outI = (  pIn[2 * i + 1]         * pATable[2 * i]
 266:Drivers/CMSIS/DSP/Source/TransformFunctions/arm_rfft_f32.c ****                - pIn[2 * i]             * pATable[2 * i + 1]
 267:Drivers/CMSIS/DSP/Source/TransformFunctions/arm_rfft_f32.c ****                - pIn[2 * n - 2 * i]     * pBTable[2 * i + 1]
 268:Drivers/CMSIS/DSP/Source/TransformFunctions/arm_rfft_f32.c ****                - pIn[2 * n - 2 * i + 1] * pBTable[2 * i]);
 269:Drivers/CMSIS/DSP/Source/TransformFunctions/arm_rfft_f32.c ****       */
 270:Drivers/CMSIS/DSP/Source/TransformFunctions/arm_rfft_f32.c **** 
 271:Drivers/CMSIS/DSP/Source/TransformFunctions/arm_rfft_f32.c ****      CoefA1 = *pCoefA++;
 277              		.loc 1 271 6 is_stmt 1 view .LVU103
 278              		.loc 1 271 13 is_stmt 0 view .LVU104
 279 0012 92ED005A 		vldr.32	s10, [r2]
 280              	.LVL34:
 272:Drivers/CMSIS/DSP/Source/TransformFunctions/arm_rfft_f32.c ****      CoefA2 = *pCoefA;
 281              		.loc 1 272 6 is_stmt 1 view .LVU105
 282              		.loc 1 272 13 is_stmt 0 view .LVU106
 283 0016 D2ED015A 		vldr.32	s11, [r2, #4]
 284              	.LVL35:
 273:Drivers/CMSIS/DSP/Source/TransformFunctions/arm_rfft_f32.c **** 
 274:Drivers/CMSIS/DSP/Source/TransformFunctions/arm_rfft_f32.c ****      /* outR = (pSrc[2 * i] * CoefA1 */
 275:Drivers/CMSIS/DSP/Source/TransformFunctions/arm_rfft_f32.c ****      outR = *pSrc1 * CoefA1;
 285              		.loc 1 275 6 is_stmt 1 view .LVU107
 286              		.loc 1 275 13 is_stmt 0 view .LVU108
 287 001a D0ED007A 		vldr.32	s15, [r0]
 288              		.loc 1 275 11 view .LVU109
 289 001e 67EE854A 		vmul.f32	s9, s15, s10
 290              	.LVL36:
 276:Drivers/CMSIS/DSP/Source/TransformFunctions/arm_rfft_f32.c **** 
 277:Drivers/CMSIS/DSP/Source/TransformFunctions/arm_rfft_f32.c ****      /* - pSrc[2 * i] * CoefA2 */
 278:Drivers/CMSIS/DSP/Source/TransformFunctions/arm_rfft_f32.c ****      outI = -(*pSrc1++) * CoefA2;
 291              		.loc 1 278 6 is_stmt 1 view .LVU110
 292              		.loc 1 278 11 is_stmt 0 view .LVU111
ARM GAS  C:\usertemp\ccz5qx6h.s 			page 11


 293 0022 67EEE57A 		vnmul.f32	s15, s15, s11
 294              	.LVL37:
 279:Drivers/CMSIS/DSP/Source/TransformFunctions/arm_rfft_f32.c **** 
 280:Drivers/CMSIS/DSP/Source/TransformFunctions/arm_rfft_f32.c ****      /* (pSrc[2 * i + 1] + pSrc[2 * fftLen - 2 * i + 1]) * CoefA2 */
 281:Drivers/CMSIS/DSP/Source/TransformFunctions/arm_rfft_f32.c ****      outR += (*pSrc1 + *pSrc2) * CoefA2;
 295              		.loc 1 281 6 is_stmt 1 view .LVU112
 296              		.loc 1 281 15 is_stmt 0 view .LVU113
 297 0026 90ED017A 		vldr.32	s14, [r0, #4]
 298              		.loc 1 281 24 view .LVU114
 299 002a 9CED006A 		vldr.32	s12, [ip]
 300              		.loc 1 281 22 view .LVU115
 301 002e 77EE066A 		vadd.f32	s13, s14, s12
 302              		.loc 1 281 32 view .LVU116
 303 0032 66EEA56A 		vmul.f32	s13, s13, s11
 304              		.loc 1 281 11 view .LVU117
 305 0036 76EEA46A 		vadd.f32	s13, s13, s9
 306              	.LVL38:
 282:Drivers/CMSIS/DSP/Source/TransformFunctions/arm_rfft_f32.c **** 
 283:Drivers/CMSIS/DSP/Source/TransformFunctions/arm_rfft_f32.c ****      /* pSrc[2 * i + 1] * CoefA1 */
 284:Drivers/CMSIS/DSP/Source/TransformFunctions/arm_rfft_f32.c ****      outI += (*pSrc1++) * CoefA1;
 307              		.loc 1 284 6 is_stmt 1 view .LVU118
 308              		.loc 1 284 21 is_stmt 0 view .LVU119
 309 003a 0830     		adds	r0, r0, #8
 310              	.LVL39:
 311              		.loc 1 284 25 view .LVU120
 312 003c 27EE057A 		vmul.f32	s14, s14, s10
 313              		.loc 1 284 11 view .LVU121
 314 0040 77EE877A 		vadd.f32	s15, s15, s14
 315              	.LVL40:
 285:Drivers/CMSIS/DSP/Source/TransformFunctions/arm_rfft_f32.c **** 
 286:Drivers/CMSIS/DSP/Source/TransformFunctions/arm_rfft_f32.c ****      CoefB1 = *pCoefB;
 316              		.loc 1 286 6 is_stmt 1 view .LVU122
 317              		.loc 1 286 13 is_stmt 0 view .LVU123
 318 0044 93ED007A 		vldr.32	s14, [r3]
 319              	.LVL41:
 287:Drivers/CMSIS/DSP/Source/TransformFunctions/arm_rfft_f32.c **** 
 288:Drivers/CMSIS/DSP/Source/TransformFunctions/arm_rfft_f32.c ****      /* - pSrc[2 * fftLen - 2 * i + 1] * CoefB1 */
 289:Drivers/CMSIS/DSP/Source/TransformFunctions/arm_rfft_f32.c ****      outI -= *pSrc2-- * CoefB1;
 320              		.loc 1 289 6 is_stmt 1 view .LVU124
 321              		.loc 1 289 23 is_stmt 0 view .LVU125
 322 0048 26EE076A 		vmul.f32	s12, s12, s14
 323              		.loc 1 289 11 view .LVU126
 324 004c 77EEC67A 		vsub.f32	s15, s15, s12
 325              	.LVL42:
 290:Drivers/CMSIS/DSP/Source/TransformFunctions/arm_rfft_f32.c **** 
 291:Drivers/CMSIS/DSP/Source/TransformFunctions/arm_rfft_f32.c ****      /* pSrc[2 * fftLen - 2 * i] * CoefB1 */
 292:Drivers/CMSIS/DSP/Source/TransformFunctions/arm_rfft_f32.c ****      outR += *pSrc2 * CoefB1;
 326              		.loc 1 292 6 is_stmt 1 view .LVU127
 327              		.loc 1 292 14 is_stmt 0 view .LVU128
 328 0050 1CED016A 		vldr.32	s12, [ip, #-4]
 329              		.loc 1 292 21 view .LVU129
 330 0054 26EE077A 		vmul.f32	s14, s12, s14
 331              	.LVL43:
 332              		.loc 1 292 11 view .LVU130
 333 0058 37EE267A 		vadd.f32	s14, s14, s13
 334              	.LVL44:
 293:Drivers/CMSIS/DSP/Source/TransformFunctions/arm_rfft_f32.c **** 
ARM GAS  C:\usertemp\ccz5qx6h.s 			page 12


 294:Drivers/CMSIS/DSP/Source/TransformFunctions/arm_rfft_f32.c ****      /* pSrc[2 * fftLen - 2 * i] * CoefA2 */
 295:Drivers/CMSIS/DSP/Source/TransformFunctions/arm_rfft_f32.c ****      outI += *pSrc2-- * CoefA2;
 335              		.loc 1 295 6 is_stmt 1 view .LVU131
 336              		.loc 1 295 20 is_stmt 0 view .LVU132
 337 005c ACF1080C 		sub	ip, ip, #8
 338              	.LVL45:
 339              		.loc 1 295 23 view .LVU133
 340 0060 26EE256A 		vmul.f32	s12, s12, s11
 341              		.loc 1 295 11 view .LVU134
 342 0064 77EE867A 		vadd.f32	s15, s15, s12
 343              	.LVL46:
 296:Drivers/CMSIS/DSP/Source/TransformFunctions/arm_rfft_f32.c **** 
 297:Drivers/CMSIS/DSP/Source/TransformFunctions/arm_rfft_f32.c ****      /* write output */
 298:Drivers/CMSIS/DSP/Source/TransformFunctions/arm_rfft_f32.c ****      *pDst++ = outR;
 344              		.loc 1 298 6 is_stmt 1 view .LVU135
 345              		.loc 1 298 14 is_stmt 0 view .LVU136
 346 0068 04F1080E 		add	lr, r4, #8
 347 006c 84ED007A 		vstr.32	s14, [r4]
 348              	.LVL47:
 299:Drivers/CMSIS/DSP/Source/TransformFunctions/arm_rfft_f32.c ****      *pDst++ = outI;
 349              		.loc 1 299 6 is_stmt 1 view .LVU137
 350              		.loc 1 299 14 is_stmt 0 view .LVU138
 351 0070 C4ED017A 		vstr.32	s15, [r4, #4]
 300:Drivers/CMSIS/DSP/Source/TransformFunctions/arm_rfft_f32.c **** 
 301:Drivers/CMSIS/DSP/Source/TransformFunctions/arm_rfft_f32.c ****      /* update coefficient pointer */
 302:Drivers/CMSIS/DSP/Source/TransformFunctions/arm_rfft_f32.c ****      pCoefB = pCoefB + (modifier * 2);
 352              		.loc 1 302 6 is_stmt 1 view .LVU139
 353              		.loc 1 302 13 is_stmt 0 view .LVU140
 354 0074 03EBC503 		add	r3, r3, r5, lsl #3
 355              	.LVL48:
 303:Drivers/CMSIS/DSP/Source/TransformFunctions/arm_rfft_f32.c ****      pCoefA = pCoefA + (modifier * 2 - 1);
 356              		.loc 1 303 6 is_stmt 1 view .LVU141
 357              		.loc 1 303 13 is_stmt 0 view .LVU142
 358 0078 02EBC502 		add	r2, r2, r5, lsl #3
 359              	.LVL49:
 304:Drivers/CMSIS/DSP/Source/TransformFunctions/arm_rfft_f32.c **** 
 305:Drivers/CMSIS/DSP/Source/TransformFunctions/arm_rfft_f32.c ****      /* Decrement loop count */
 306:Drivers/CMSIS/DSP/Source/TransformFunctions/arm_rfft_f32.c ****      fftLen--;
 360              		.loc 1 306 6 is_stmt 1 view .LVU143
 361              		.loc 1 306 12 is_stmt 0 view .LVU144
 362 007c 0139     		subs	r1, r1, #1
 363              	.LVL50:
 299:Drivers/CMSIS/DSP/Source/TransformFunctions/arm_rfft_f32.c **** 
 364              		.loc 1 299 11 view .LVU145
 365 007e 7446     		mov	r4, lr
 366              	.LVL51:
 367              	.L6:
 257:Drivers/CMSIS/DSP/Source/TransformFunctions/arm_rfft_f32.c ****   {
 368              		.loc 1 257 17 is_stmt 1 view .LVU146
 369 0080 0029     		cmp	r1, #0
 370 0082 C6D1     		bne	.L7
 307:Drivers/CMSIS/DSP/Source/TransformFunctions/arm_rfft_f32.c ****   }
 308:Drivers/CMSIS/DSP/Source/TransformFunctions/arm_rfft_f32.c **** 
 309:Drivers/CMSIS/DSP/Source/TransformFunctions/arm_rfft_f32.c **** }
 371              		.loc 1 309 1 is_stmt 0 view .LVU147
 372 0084 70BD     		pop	{r4, r5, r6, pc}
 373              		.loc 1 309 1 view .LVU148
ARM GAS  C:\usertemp\ccz5qx6h.s 			page 13


 374              		.cfi_endproc
 375              	.LFE147:
 377              		.section	.text.arm_rfft_f32,"ax",%progbits
 378              		.align	1
 379              		.global	arm_rfft_f32
 380              		.syntax unified
 381              		.thumb
 382              		.thumb_func
 384              	arm_rfft_f32:
 385              	.LVL52:
 386              	.LFB145:
  92:Drivers/CMSIS/DSP/Source/TransformFunctions/arm_rfft_f32.c ****   const arm_cfft_radix4_instance_f32 *S_CFFT = S->pCfft;
 387              		.loc 1 92 1 is_stmt 1 view -0
 388              		.cfi_startproc
 389              		@ args = 0, pretend = 0, frame = 0
 390              		@ frame_needed = 0, uses_anonymous_args = 0
  92:Drivers/CMSIS/DSP/Source/TransformFunctions/arm_rfft_f32.c ****   const arm_cfft_radix4_instance_f32 *S_CFFT = S->pCfft;
 391              		.loc 1 92 1 is_stmt 0 view .LVU150
 392 0000 F0B5     		push	{r4, r5, r6, r7, lr}
 393              	.LCFI2:
 394              		.cfi_def_cfa_offset 20
 395              		.cfi_offset 4, -20
 396              		.cfi_offset 5, -16
 397              		.cfi_offset 6, -12
 398              		.cfi_offset 7, -8
 399              		.cfi_offset 14, -4
 400 0002 83B0     		sub	sp, sp, #12
 401              	.LCFI3:
 402              		.cfi_def_cfa_offset 32
 403 0004 0446     		mov	r4, r0
 404 0006 0E46     		mov	r6, r1
 405 0008 1746     		mov	r7, r2
  93:Drivers/CMSIS/DSP/Source/TransformFunctions/arm_rfft_f32.c **** 
 406              		.loc 1 93 3 is_stmt 1 view .LVU151
  93:Drivers/CMSIS/DSP/Source/TransformFunctions/arm_rfft_f32.c **** 
 407              		.loc 1 93 39 is_stmt 0 view .LVU152
 408 000a 4569     		ldr	r5, [r0, #20]
 409              	.LVL53:
  96:Drivers/CMSIS/DSP/Source/TransformFunctions/arm_rfft_f32.c ****   {
 410              		.loc 1 96 3 is_stmt 1 view .LVU153
  96:Drivers/CMSIS/DSP/Source/TransformFunctions/arm_rfft_f32.c ****   {
 411              		.loc 1 96 8 is_stmt 0 view .LVU154
 412 000c 8379     		ldrb	r3, [r0, #6]	@ zero_extendqisi2
  96:Drivers/CMSIS/DSP/Source/TransformFunctions/arm_rfft_f32.c ****   {
 413              		.loc 1 96 6 view .LVU155
 414 000e 012B     		cmp	r3, #1
 415 0010 13D0     		beq	.L14
 116:Drivers/CMSIS/DSP/Source/TransformFunctions/arm_rfft_f32.c **** 
 416              		.loc 1 116 5 is_stmt 1 view .LVU156
 417 0012 AB89     		ldrh	r3, [r5, #12]
 418 0014 6A68     		ldr	r2, [r5, #4]
 419              	.LVL54:
 116:Drivers/CMSIS/DSP/Source/TransformFunctions/arm_rfft_f32.c **** 
 420              		.loc 1 116 5 is_stmt 0 view .LVU157
 421 0016 2988     		ldrh	r1, [r5]
 422              	.LVL55:
 116:Drivers/CMSIS/DSP/Source/TransformFunctions/arm_rfft_f32.c **** 
ARM GAS  C:\usertemp\ccz5qx6h.s 			page 14


 423              		.loc 1 116 5 view .LVU158
 424 0018 3046     		mov	r0, r6
 425              	.LVL56:
 116:Drivers/CMSIS/DSP/Source/TransformFunctions/arm_rfft_f32.c **** 
 426              		.loc 1 116 5 view .LVU159
 427 001a FFF7FEFF 		bl	arm_radix4_butterfly_f32
 428              	.LVL57:
 119:Drivers/CMSIS/DSP/Source/TransformFunctions/arm_rfft_f32.c ****     {
 429              		.loc 1 119 5 is_stmt 1 view .LVU160
 119:Drivers/CMSIS/DSP/Source/TransformFunctions/arm_rfft_f32.c ****     {
 430              		.loc 1 119 10 is_stmt 0 view .LVU161
 431 001e E379     		ldrb	r3, [r4, #7]	@ zero_extendqisi2
 119:Drivers/CMSIS/DSP/Source/TransformFunctions/arm_rfft_f32.c ****     {
 432              		.loc 1 119 8 view .LVU162
 433 0020 012B     		cmp	r3, #1
 434 0022 25D0     		beq	.L15
 435              	.L12:
 125:Drivers/CMSIS/DSP/Source/TransformFunctions/arm_rfft_f32.c ****   }
 436              		.loc 1 125 5 is_stmt 1 view .LVU163
 125:Drivers/CMSIS/DSP/Source/TransformFunctions/arm_rfft_f32.c ****   }
 437              		.loc 1 125 88 is_stmt 0 view .LVU164
 438 0024 A368     		ldr	r3, [r4, #8]
 125:Drivers/CMSIS/DSP/Source/TransformFunctions/arm_rfft_f32.c ****   }
 439              		.loc 1 125 5 view .LVU165
 440 0026 0193     		str	r3, [sp, #4]
 441 0028 0097     		str	r7, [sp]
 442 002a 2369     		ldr	r3, [r4, #16]
 443 002c E268     		ldr	r2, [r4, #12]
 444 002e A188     		ldrh	r1, [r4, #4]
 445 0030 3046     		mov	r0, r6
 446 0032 FFF7FEFF 		bl	arm_split_rfft_f32
 447              	.LVL58:
 448              	.L9:
 128:Drivers/CMSIS/DSP/Source/TransformFunctions/arm_rfft_f32.c **** 
 449              		.loc 1 128 1 view .LVU166
 450 0036 03B0     		add	sp, sp, #12
 451              	.LCFI4:
 452              		.cfi_remember_state
 453              		.cfi_def_cfa_offset 20
 454              		@ sp needed
 455 0038 F0BD     		pop	{r4, r5, r6, r7, pc}
 456              	.LVL59:
 457              	.L14:
 458              	.LCFI5:
 459              		.cfi_restore_state
  99:Drivers/CMSIS/DSP/Source/TransformFunctions/arm_rfft_f32.c **** 
 460              		.loc 1 99 6 is_stmt 1 view .LVU167
  99:Drivers/CMSIS/DSP/Source/TransformFunctions/arm_rfft_f32.c **** 
 461              		.loc 1 99 90 is_stmt 0 view .LVU168
 462 003a 8368     		ldr	r3, [r0, #8]
  99:Drivers/CMSIS/DSP/Source/TransformFunctions/arm_rfft_f32.c **** 
 463              		.loc 1 99 6 view .LVU169
 464 003c 0193     		str	r3, [sp, #4]
 465 003e 0092     		str	r2, [sp]
 466 0040 0369     		ldr	r3, [r0, #16]
 467 0042 C268     		ldr	r2, [r0, #12]
 468              	.LVL60:
ARM GAS  C:\usertemp\ccz5qx6h.s 			page 15


  99:Drivers/CMSIS/DSP/Source/TransformFunctions/arm_rfft_f32.c **** 
 469              		.loc 1 99 6 view .LVU170
 470 0044 8188     		ldrh	r1, [r0, #4]
 471              	.LVL61:
  99:Drivers/CMSIS/DSP/Source/TransformFunctions/arm_rfft_f32.c **** 
 472              		.loc 1 99 6 view .LVU171
 473 0046 3046     		mov	r0, r6
 474              	.LVL62:
  99:Drivers/CMSIS/DSP/Source/TransformFunctions/arm_rfft_f32.c **** 
 475              		.loc 1 99 6 view .LVU172
 476 0048 FFF7FEFF 		bl	arm_split_rifft_f32
 477              	.LVL63:
 103:Drivers/CMSIS/DSP/Source/TransformFunctions/arm_rfft_f32.c **** 
 478              		.loc 1 103 6 is_stmt 1 view .LVU173
 479 004c 95ED040A 		vldr.32	s0, [r5, #16]
 480 0050 AB89     		ldrh	r3, [r5, #12]
 481 0052 6A68     		ldr	r2, [r5, #4]
 482 0054 2988     		ldrh	r1, [r5]
 483 0056 3846     		mov	r0, r7
 484 0058 FFF7FEFF 		bl	arm_radix4_butterfly_inverse_f32
 485              	.LVL64:
 106:Drivers/CMSIS/DSP/Source/TransformFunctions/arm_rfft_f32.c ****     {
 486              		.loc 1 106 5 view .LVU174
 106:Drivers/CMSIS/DSP/Source/TransformFunctions/arm_rfft_f32.c ****     {
 487              		.loc 1 106 10 is_stmt 0 view .LVU175
 488 005c E379     		ldrb	r3, [r4, #7]	@ zero_extendqisi2
 106:Drivers/CMSIS/DSP/Source/TransformFunctions/arm_rfft_f32.c ****     {
 489              		.loc 1 106 8 view .LVU176
 490 005e 012B     		cmp	r3, #1
 491 0060 E9D1     		bne	.L9
 108:Drivers/CMSIS/DSP/Source/TransformFunctions/arm_rfft_f32.c ****     }
 492              		.loc 1 108 7 is_stmt 1 view .LVU177
 493 0062 AB68     		ldr	r3, [r5, #8]
 494 0064 EA89     		ldrh	r2, [r5, #14]
 495 0066 2988     		ldrh	r1, [r5]
 496 0068 3846     		mov	r0, r7
 497 006a FFF7FEFF 		bl	arm_bitreversal_f32
 498              	.LVL65:
 499 006e E2E7     		b	.L9
 500              	.L15:
 121:Drivers/CMSIS/DSP/Source/TransformFunctions/arm_rfft_f32.c ****     }
 501              		.loc 1 121 7 view .LVU178
 502 0070 AB68     		ldr	r3, [r5, #8]
 503 0072 EA89     		ldrh	r2, [r5, #14]
 504 0074 2988     		ldrh	r1, [r5]
 505 0076 3046     		mov	r0, r6
 506 0078 FFF7FEFF 		bl	arm_bitreversal_f32
 507              	.LVL66:
 508 007c D2E7     		b	.L12
 509              		.cfi_endproc
 510              	.LFE145:
 512              		.text
 513              	.Letext0:
 514              		.file 2 "D:/armtoolchain/arm-gnu-toolchain-13.3.rel1-mingw-w64-i686-arm-none-eabi/arm-none-eabi/in
 515              		.file 3 "D:/armtoolchain/arm-gnu-toolchain-13.3.rel1-mingw-w64-i686-arm-none-eabi/arm-none-eabi/in
 516              		.file 4 "Drivers/CMSIS/DSP/Include/arm_math.h"
ARM GAS  C:\usertemp\ccz5qx6h.s 			page 16


DEFINED SYMBOLS
                            *ABS*:00000000 arm_rfft_f32.c
C:\usertemp\ccz5qx6h.s:20     .text.arm_split_rfft_f32:00000000 $t
C:\usertemp\ccz5qx6h.s:26     .text.arm_split_rfft_f32:00000000 arm_split_rfft_f32
C:\usertemp\ccz5qx6h.s:236    .text.arm_split_rifft_f32:00000000 $t
C:\usertemp\ccz5qx6h.s:242    .text.arm_split_rifft_f32:00000000 arm_split_rifft_f32
C:\usertemp\ccz5qx6h.s:378    .text.arm_rfft_f32:00000000 $t
C:\usertemp\ccz5qx6h.s:384    .text.arm_rfft_f32:00000000 arm_rfft_f32

UNDEFINED SYMBOLS
arm_radix4_butterfly_f32
arm_radix4_butterfly_inverse_f32
arm_bitreversal_f32
