ARM GAS  C:\usertemp\ccVnZMXD.s 			page 1


   1              		.cpu cortex-m7
   2              		.arch armv7e-m
   3              		.fpu fpv5-d16
   4              		.eabi_attribute 28, 1
   5              		.eabi_attribute 20, 1
   6              		.eabi_attribute 21, 1
   7              		.eabi_attribute 23, 3
   8              		.eabi_attribute 24, 1
   9              		.eabi_attribute 25, 1
  10              		.eabi_attribute 26, 1
  11              		.eabi_attribute 30, 1
  12              		.eabi_attribute 34, 1
  13              		.eabi_attribute 18, 4
  14              		.file	"arm_cfft_radix2_init_f32.c"
  15              		.text
  16              	.Ltext0:
  17              		.cfi_sections	.debug_frame
  18              		.file 1 "Drivers/CMSIS/DSP/Source/TransformFunctions/arm_cfft_radix2_init_f32.c"
  19              		.section	.text.arm_cfft_radix2_init_f32,"ax",%progbits
  20              		.align	1
  21              		.global	arm_cfft_radix2_init_f32
  22              		.syntax unified
  23              		.thumb
  24              		.thumb_func
  26              	arm_cfft_radix2_init_f32:
  27              	.LVL0:
  28              	.LFB145:
   1:Drivers/CMSIS/DSP/Source/TransformFunctions/arm_cfft_radix2_init_f32.c **** /* ----------------------------------------------------------------------
   2:Drivers/CMSIS/DSP/Source/TransformFunctions/arm_cfft_radix2_init_f32.c ****  * Project:      CMSIS DSP Library
   3:Drivers/CMSIS/DSP/Source/TransformFunctions/arm_cfft_radix2_init_f32.c ****  * Title:        arm_cfft_radix2_init_f32.c
   4:Drivers/CMSIS/DSP/Source/TransformFunctions/arm_cfft_radix2_init_f32.c ****  * Description:  Radix-2 Decimation in Frequency Floating-point CFFT & CIFFT Initialization functio
   5:Drivers/CMSIS/DSP/Source/TransformFunctions/arm_cfft_radix2_init_f32.c ****  *
   6:Drivers/CMSIS/DSP/Source/TransformFunctions/arm_cfft_radix2_init_f32.c ****  * $Date:        18. March 2019
   7:Drivers/CMSIS/DSP/Source/TransformFunctions/arm_cfft_radix2_init_f32.c ****  * $Revision:    V1.6.0
   8:Drivers/CMSIS/DSP/Source/TransformFunctions/arm_cfft_radix2_init_f32.c ****  *
   9:Drivers/CMSIS/DSP/Source/TransformFunctions/arm_cfft_radix2_init_f32.c ****  * Target Processor: Cortex-M cores
  10:Drivers/CMSIS/DSP/Source/TransformFunctions/arm_cfft_radix2_init_f32.c ****  * -------------------------------------------------------------------- */
  11:Drivers/CMSIS/DSP/Source/TransformFunctions/arm_cfft_radix2_init_f32.c **** /*
  12:Drivers/CMSIS/DSP/Source/TransformFunctions/arm_cfft_radix2_init_f32.c ****  * Copyright (C) 2010-2019 ARM Limited or its affiliates. All rights reserved.
  13:Drivers/CMSIS/DSP/Source/TransformFunctions/arm_cfft_radix2_init_f32.c ****  *
  14:Drivers/CMSIS/DSP/Source/TransformFunctions/arm_cfft_radix2_init_f32.c ****  * SPDX-License-Identifier: Apache-2.0
  15:Drivers/CMSIS/DSP/Source/TransformFunctions/arm_cfft_radix2_init_f32.c ****  *
  16:Drivers/CMSIS/DSP/Source/TransformFunctions/arm_cfft_radix2_init_f32.c ****  * Licensed under the Apache License, Version 2.0 (the License); you may
  17:Drivers/CMSIS/DSP/Source/TransformFunctions/arm_cfft_radix2_init_f32.c ****  * not use this file except in compliance with the License.
  18:Drivers/CMSIS/DSP/Source/TransformFunctions/arm_cfft_radix2_init_f32.c ****  * You may obtain a copy of the License at
  19:Drivers/CMSIS/DSP/Source/TransformFunctions/arm_cfft_radix2_init_f32.c ****  *
  20:Drivers/CMSIS/DSP/Source/TransformFunctions/arm_cfft_radix2_init_f32.c ****  * www.apache.org/licenses/LICENSE-2.0
  21:Drivers/CMSIS/DSP/Source/TransformFunctions/arm_cfft_radix2_init_f32.c ****  *
  22:Drivers/CMSIS/DSP/Source/TransformFunctions/arm_cfft_radix2_init_f32.c ****  * Unless required by applicable law or agreed to in writing, software
  23:Drivers/CMSIS/DSP/Source/TransformFunctions/arm_cfft_radix2_init_f32.c ****  * distributed under the License is distributed on an AS IS BASIS, WITHOUT
  24:Drivers/CMSIS/DSP/Source/TransformFunctions/arm_cfft_radix2_init_f32.c ****  * WARRANTIES OR CONDITIONS OF ANY KIND, either express or implied.
  25:Drivers/CMSIS/DSP/Source/TransformFunctions/arm_cfft_radix2_init_f32.c ****  * See the License for the specific language governing permissions and
  26:Drivers/CMSIS/DSP/Source/TransformFunctions/arm_cfft_radix2_init_f32.c ****  * limitations under the License.
  27:Drivers/CMSIS/DSP/Source/TransformFunctions/arm_cfft_radix2_init_f32.c ****  */
  28:Drivers/CMSIS/DSP/Source/TransformFunctions/arm_cfft_radix2_init_f32.c **** 
  29:Drivers/CMSIS/DSP/Source/TransformFunctions/arm_cfft_radix2_init_f32.c **** #include "arm_math.h"
  30:Drivers/CMSIS/DSP/Source/TransformFunctions/arm_cfft_radix2_init_f32.c **** #include "arm_common_tables.h"
ARM GAS  C:\usertemp\ccVnZMXD.s 			page 2


  31:Drivers/CMSIS/DSP/Source/TransformFunctions/arm_cfft_radix2_init_f32.c **** 
  32:Drivers/CMSIS/DSP/Source/TransformFunctions/arm_cfft_radix2_init_f32.c **** /**
  33:Drivers/CMSIS/DSP/Source/TransformFunctions/arm_cfft_radix2_init_f32.c ****   @ingroup groupTransforms
  34:Drivers/CMSIS/DSP/Source/TransformFunctions/arm_cfft_radix2_init_f32.c ****  */
  35:Drivers/CMSIS/DSP/Source/TransformFunctions/arm_cfft_radix2_init_f32.c **** 
  36:Drivers/CMSIS/DSP/Source/TransformFunctions/arm_cfft_radix2_init_f32.c **** /**
  37:Drivers/CMSIS/DSP/Source/TransformFunctions/arm_cfft_radix2_init_f32.c ****   @addtogroup ComplexFFT
  38:Drivers/CMSIS/DSP/Source/TransformFunctions/arm_cfft_radix2_init_f32.c ****   @{
  39:Drivers/CMSIS/DSP/Source/TransformFunctions/arm_cfft_radix2_init_f32.c ****  */
  40:Drivers/CMSIS/DSP/Source/TransformFunctions/arm_cfft_radix2_init_f32.c **** 
  41:Drivers/CMSIS/DSP/Source/TransformFunctions/arm_cfft_radix2_init_f32.c **** /**
  42:Drivers/CMSIS/DSP/Source/TransformFunctions/arm_cfft_radix2_init_f32.c ****   @brief         Initialization function for the floating-point CFFT/CIFFT.
  43:Drivers/CMSIS/DSP/Source/TransformFunctions/arm_cfft_radix2_init_f32.c ****   @deprecated    Do not use this function. It has been superseded by \ref arm_cfft_f32 and will be 
  44:Drivers/CMSIS/DSP/Source/TransformFunctions/arm_cfft_radix2_init_f32.c ****   @param[in,out] S              points to an instance of the floating-point CFFT/CIFFT structure
  45:Drivers/CMSIS/DSP/Source/TransformFunctions/arm_cfft_radix2_init_f32.c ****   @param[in]     fftLen         length of the FFT
  46:Drivers/CMSIS/DSP/Source/TransformFunctions/arm_cfft_radix2_init_f32.c ****   @param[in]     ifftFlag       flag that selects transform direction
  47:Drivers/CMSIS/DSP/Source/TransformFunctions/arm_cfft_radix2_init_f32.c ****                    - value = 0: forward transform
  48:Drivers/CMSIS/DSP/Source/TransformFunctions/arm_cfft_radix2_init_f32.c ****                    - value = 1: inverse transform
  49:Drivers/CMSIS/DSP/Source/TransformFunctions/arm_cfft_radix2_init_f32.c ****   @param[in]     bitReverseFlag flag that enables / disables bit reversal of output
  50:Drivers/CMSIS/DSP/Source/TransformFunctions/arm_cfft_radix2_init_f32.c ****                    - value = 0: disables bit reversal of output
  51:Drivers/CMSIS/DSP/Source/TransformFunctions/arm_cfft_radix2_init_f32.c ****                    - value = 1: enables bit reversal of output
  52:Drivers/CMSIS/DSP/Source/TransformFunctions/arm_cfft_radix2_init_f32.c ****   @return        execution status
  53:Drivers/CMSIS/DSP/Source/TransformFunctions/arm_cfft_radix2_init_f32.c ****                    - \ref ARM_MATH_SUCCESS        : Operation successful
  54:Drivers/CMSIS/DSP/Source/TransformFunctions/arm_cfft_radix2_init_f32.c ****                    - \ref ARM_MATH_ARGUMENT_ERROR : <code>fftLen</code> is not a supported length
  55:Drivers/CMSIS/DSP/Source/TransformFunctions/arm_cfft_radix2_init_f32.c **** 
  56:Drivers/CMSIS/DSP/Source/TransformFunctions/arm_cfft_radix2_init_f32.c ****   @par           Details
  57:Drivers/CMSIS/DSP/Source/TransformFunctions/arm_cfft_radix2_init_f32.c ****                    The parameter <code>ifftFlag</code> controls whether a forward or inverse transf
  58:Drivers/CMSIS/DSP/Source/TransformFunctions/arm_cfft_radix2_init_f32.c ****                    Set(=1) ifftFlag for calculation of CIFFT otherwise  CFFT is calculated
  59:Drivers/CMSIS/DSP/Source/TransformFunctions/arm_cfft_radix2_init_f32.c ****   @par
  60:Drivers/CMSIS/DSP/Source/TransformFunctions/arm_cfft_radix2_init_f32.c ****                    The parameter <code>bitReverseFlag</code> controls whether output is in normal o
  61:Drivers/CMSIS/DSP/Source/TransformFunctions/arm_cfft_radix2_init_f32.c ****                    Set(=1) bitReverseFlag for output to be in normal order otherwise output is in b
  62:Drivers/CMSIS/DSP/Source/TransformFunctions/arm_cfft_radix2_init_f32.c ****   @par
  63:Drivers/CMSIS/DSP/Source/TransformFunctions/arm_cfft_radix2_init_f32.c ****                    The parameter <code>fftLen</code> Specifies length of CFFT/CIFFT process. Suppor
  64:Drivers/CMSIS/DSP/Source/TransformFunctions/arm_cfft_radix2_init_f32.c ****   @par
  65:Drivers/CMSIS/DSP/Source/TransformFunctions/arm_cfft_radix2_init_f32.c ****                    This Function also initializes Twiddle factor table pointer and Bit reversal tab
  66:Drivers/CMSIS/DSP/Source/TransformFunctions/arm_cfft_radix2_init_f32.c **** */
  67:Drivers/CMSIS/DSP/Source/TransformFunctions/arm_cfft_radix2_init_f32.c **** 
  68:Drivers/CMSIS/DSP/Source/TransformFunctions/arm_cfft_radix2_init_f32.c **** arm_status arm_cfft_radix2_init_f32(
  69:Drivers/CMSIS/DSP/Source/TransformFunctions/arm_cfft_radix2_init_f32.c ****   arm_cfft_radix2_instance_f32 * S,
  70:Drivers/CMSIS/DSP/Source/TransformFunctions/arm_cfft_radix2_init_f32.c ****   uint16_t fftLen,
  71:Drivers/CMSIS/DSP/Source/TransformFunctions/arm_cfft_radix2_init_f32.c ****   uint8_t ifftFlag,
  72:Drivers/CMSIS/DSP/Source/TransformFunctions/arm_cfft_radix2_init_f32.c ****   uint8_t bitReverseFlag)
  73:Drivers/CMSIS/DSP/Source/TransformFunctions/arm_cfft_radix2_init_f32.c **** {
  29              		.loc 1 73 1 view -0
  30              		.cfi_startproc
  31              		@ args = 0, pretend = 0, frame = 0
  32              		@ frame_needed = 0, uses_anonymous_args = 0
  33              		@ link register save eliminated.
  34              		.loc 1 73 1 is_stmt 0 view .LVU1
  35 0000 10B4     		push	{r4}
  36              	.LCFI0:
  37              		.cfi_def_cfa_offset 4
  38              		.cfi_offset 4, -4
  74:Drivers/CMSIS/DSP/Source/TransformFunctions/arm_cfft_radix2_init_f32.c ****   /*  Initialise the default arm status */
  75:Drivers/CMSIS/DSP/Source/TransformFunctions/arm_cfft_radix2_init_f32.c ****   arm_status status = ARM_MATH_SUCCESS;
  39              		.loc 1 75 3 is_stmt 1 view .LVU2
  40              	.LVL1:
ARM GAS  C:\usertemp\ccVnZMXD.s 			page 3


  76:Drivers/CMSIS/DSP/Source/TransformFunctions/arm_cfft_radix2_init_f32.c **** 
  77:Drivers/CMSIS/DSP/Source/TransformFunctions/arm_cfft_radix2_init_f32.c ****   /*  Initialise the FFT length */
  78:Drivers/CMSIS/DSP/Source/TransformFunctions/arm_cfft_radix2_init_f32.c ****   S->fftLen = fftLen;
  41              		.loc 1 78 3 view .LVU3
  42              		.loc 1 78 13 is_stmt 0 view .LVU4
  43 0002 0180     		strh	r1, [r0]	@ movhi
  79:Drivers/CMSIS/DSP/Source/TransformFunctions/arm_cfft_radix2_init_f32.c **** 
  80:Drivers/CMSIS/DSP/Source/TransformFunctions/arm_cfft_radix2_init_f32.c ****   /*  Initialise the Twiddle coefficient pointer */
  81:Drivers/CMSIS/DSP/Source/TransformFunctions/arm_cfft_radix2_init_f32.c ****   S->pTwiddle = (float32_t *) twiddleCoef;
  44              		.loc 1 81 3 is_stmt 1 view .LVU5
  45              		.loc 1 81 15 is_stmt 0 view .LVU6
  46 0004 434C     		ldr	r4, .L20
  47 0006 4460     		str	r4, [r0, #4]
  82:Drivers/CMSIS/DSP/Source/TransformFunctions/arm_cfft_radix2_init_f32.c **** 
  83:Drivers/CMSIS/DSP/Source/TransformFunctions/arm_cfft_radix2_init_f32.c ****   /*  Initialise the Flag for selection of CFFT or CIFFT */
  84:Drivers/CMSIS/DSP/Source/TransformFunctions/arm_cfft_radix2_init_f32.c ****   S->ifftFlag = ifftFlag;
  48              		.loc 1 84 3 is_stmt 1 view .LVU7
  49              		.loc 1 84 15 is_stmt 0 view .LVU8
  50 0008 8270     		strb	r2, [r0, #2]
  85:Drivers/CMSIS/DSP/Source/TransformFunctions/arm_cfft_radix2_init_f32.c **** 
  86:Drivers/CMSIS/DSP/Source/TransformFunctions/arm_cfft_radix2_init_f32.c ****   /*  Initialise the Flag for calculation Bit reversal or not */
  87:Drivers/CMSIS/DSP/Source/TransformFunctions/arm_cfft_radix2_init_f32.c ****   S->bitReverseFlag = bitReverseFlag;
  51              		.loc 1 87 3 is_stmt 1 view .LVU9
  52              		.loc 1 87 21 is_stmt 0 view .LVU10
  53 000a C370     		strb	r3, [r0, #3]
  88:Drivers/CMSIS/DSP/Source/TransformFunctions/arm_cfft_radix2_init_f32.c **** 
  89:Drivers/CMSIS/DSP/Source/TransformFunctions/arm_cfft_radix2_init_f32.c ****   /*  Initializations of structure parameters depending on the FFT length */
  90:Drivers/CMSIS/DSP/Source/TransformFunctions/arm_cfft_radix2_init_f32.c ****   switch (S->fftLen)
  54              		.loc 1 90 3 is_stmt 1 view .LVU11
  55 000c B1F5807F 		cmp	r1, #256
  56 0010 5DD0     		beq	.L2
  57 0012 13D9     		bls	.L16
  58 0014 B1F5006F 		cmp	r1, #2048
  59 0018 45D0     		beq	.L10
  60 001a 35D8     		bhi	.L11
  61 001c B1F5007F 		cmp	r1, #512
  62 0020 4BD0     		beq	.L12
  63 0022 B1F5806F 		cmp	r1, #1024
  64 0026 2CD1     		bne	.L17
  91:Drivers/CMSIS/DSP/Source/TransformFunctions/arm_cfft_radix2_init_f32.c ****   {
  92:Drivers/CMSIS/DSP/Source/TransformFunctions/arm_cfft_radix2_init_f32.c **** 
  93:Drivers/CMSIS/DSP/Source/TransformFunctions/arm_cfft_radix2_init_f32.c ****   case 4096U:
  94:Drivers/CMSIS/DSP/Source/TransformFunctions/arm_cfft_radix2_init_f32.c ****     /*  Initializations of structure parameters for 4096 point FFT */
  95:Drivers/CMSIS/DSP/Source/TransformFunctions/arm_cfft_radix2_init_f32.c **** 
  96:Drivers/CMSIS/DSP/Source/TransformFunctions/arm_cfft_radix2_init_f32.c ****     /*  Initialise the twiddle coef modifier value */
  97:Drivers/CMSIS/DSP/Source/TransformFunctions/arm_cfft_radix2_init_f32.c ****     S->twidCoefModifier = 1U;
  98:Drivers/CMSIS/DSP/Source/TransformFunctions/arm_cfft_radix2_init_f32.c ****     /*  Initialise the bit reversal table modifier */
  99:Drivers/CMSIS/DSP/Source/TransformFunctions/arm_cfft_radix2_init_f32.c ****     S->bitRevFactor = 1U;
 100:Drivers/CMSIS/DSP/Source/TransformFunctions/arm_cfft_radix2_init_f32.c ****     /*  Initialise the bit reversal table pointer */
 101:Drivers/CMSIS/DSP/Source/TransformFunctions/arm_cfft_radix2_init_f32.c ****     S->pBitRevTable = (uint16_t *) armBitRevTable;
 102:Drivers/CMSIS/DSP/Source/TransformFunctions/arm_cfft_radix2_init_f32.c ****     /*  Initialise the 1/fftLen Value */
 103:Drivers/CMSIS/DSP/Source/TransformFunctions/arm_cfft_radix2_init_f32.c ****     S->onebyfftLen = 0.000244140625;
 104:Drivers/CMSIS/DSP/Source/TransformFunctions/arm_cfft_radix2_init_f32.c ****     break;
 105:Drivers/CMSIS/DSP/Source/TransformFunctions/arm_cfft_radix2_init_f32.c **** 
 106:Drivers/CMSIS/DSP/Source/TransformFunctions/arm_cfft_radix2_init_f32.c ****   case 2048U:
 107:Drivers/CMSIS/DSP/Source/TransformFunctions/arm_cfft_radix2_init_f32.c ****     /*  Initializations of structure parameters for 2048 point FFT */
 108:Drivers/CMSIS/DSP/Source/TransformFunctions/arm_cfft_radix2_init_f32.c **** 
ARM GAS  C:\usertemp\ccVnZMXD.s 			page 4


 109:Drivers/CMSIS/DSP/Source/TransformFunctions/arm_cfft_radix2_init_f32.c ****     /*  Initialise the twiddle coef modifier value */
 110:Drivers/CMSIS/DSP/Source/TransformFunctions/arm_cfft_radix2_init_f32.c ****     S->twidCoefModifier = 2U;
 111:Drivers/CMSIS/DSP/Source/TransformFunctions/arm_cfft_radix2_init_f32.c ****     /*  Initialise the bit reversal table modifier */
 112:Drivers/CMSIS/DSP/Source/TransformFunctions/arm_cfft_radix2_init_f32.c ****     S->bitRevFactor = 2U;
 113:Drivers/CMSIS/DSP/Source/TransformFunctions/arm_cfft_radix2_init_f32.c ****     /*  Initialise the bit reversal table pointer */
 114:Drivers/CMSIS/DSP/Source/TransformFunctions/arm_cfft_radix2_init_f32.c ****     S->pBitRevTable = (uint16_t *) & armBitRevTable[1];
 115:Drivers/CMSIS/DSP/Source/TransformFunctions/arm_cfft_radix2_init_f32.c ****     /*  Initialise the 1/fftLen Value */
 116:Drivers/CMSIS/DSP/Source/TransformFunctions/arm_cfft_radix2_init_f32.c ****     S->onebyfftLen = 0.00048828125;
 117:Drivers/CMSIS/DSP/Source/TransformFunctions/arm_cfft_radix2_init_f32.c ****     break;
 118:Drivers/CMSIS/DSP/Source/TransformFunctions/arm_cfft_radix2_init_f32.c **** 
 119:Drivers/CMSIS/DSP/Source/TransformFunctions/arm_cfft_radix2_init_f32.c ****   case 1024U:
 120:Drivers/CMSIS/DSP/Source/TransformFunctions/arm_cfft_radix2_init_f32.c ****     /*  Initializations of structure parameters for 1024 point FFT */
 121:Drivers/CMSIS/DSP/Source/TransformFunctions/arm_cfft_radix2_init_f32.c **** 
 122:Drivers/CMSIS/DSP/Source/TransformFunctions/arm_cfft_radix2_init_f32.c ****     /*  Initialise the twiddle coef modifier value */
 123:Drivers/CMSIS/DSP/Source/TransformFunctions/arm_cfft_radix2_init_f32.c ****     S->twidCoefModifier = 4U;
  65              		.loc 1 123 5 view .LVU12
  66              		.loc 1 123 25 is_stmt 0 view .LVU13
  67 0028 0423     		movs	r3, #4
  68              	.LVL2:
  69              		.loc 1 123 25 view .LVU14
  70 002a 8381     		strh	r3, [r0, #12]	@ movhi
 124:Drivers/CMSIS/DSP/Source/TransformFunctions/arm_cfft_radix2_init_f32.c ****     /*  Initialise the bit reversal table modifier */
 125:Drivers/CMSIS/DSP/Source/TransformFunctions/arm_cfft_radix2_init_f32.c ****     S->bitRevFactor = 4U;
  71              		.loc 1 125 5 is_stmt 1 view .LVU15
  72              		.loc 1 125 21 is_stmt 0 view .LVU16
  73 002c C381     		strh	r3, [r0, #14]	@ movhi
 126:Drivers/CMSIS/DSP/Source/TransformFunctions/arm_cfft_radix2_init_f32.c ****     /*  Initialise the bit reversal table pointer */
 127:Drivers/CMSIS/DSP/Source/TransformFunctions/arm_cfft_radix2_init_f32.c ****     S->pBitRevTable = (uint16_t *) & armBitRevTable[3];
  74              		.loc 1 127 5 is_stmt 1 view .LVU17
  75              		.loc 1 127 21 is_stmt 0 view .LVU18
  76 002e 3A4B     		ldr	r3, .L20+4
  77 0030 8360     		str	r3, [r0, #8]
 128:Drivers/CMSIS/DSP/Source/TransformFunctions/arm_cfft_radix2_init_f32.c ****     /*  Initialise the 1/fftLen Value */
 129:Drivers/CMSIS/DSP/Source/TransformFunctions/arm_cfft_radix2_init_f32.c ****     S->onebyfftLen = 0.0009765625f;
  78              		.loc 1 129 5 is_stmt 1 view .LVU19
  79              		.loc 1 129 20 is_stmt 0 view .LVU20
  80 0032 4FF06A53 		mov	r3, #981467136
  81 0036 0361     		str	r3, [r0, #16]	@ float
 130:Drivers/CMSIS/DSP/Source/TransformFunctions/arm_cfft_radix2_init_f32.c ****     break;
  82              		.loc 1 130 5 is_stmt 1 view .LVU21
  75:Drivers/CMSIS/DSP/Source/TransformFunctions/arm_cfft_radix2_init_f32.c **** 
  83              		.loc 1 75 14 is_stmt 0 view .LVU22
  84 0038 0020     		movs	r0, #0
  85              	.LVL3:
  86              		.loc 1 130 5 view .LVU23
  87 003a 31E0     		b	.L8
  88              	.LVL4:
  89              	.L16:
  90:Drivers/CMSIS/DSP/Source/TransformFunctions/arm_cfft_radix2_init_f32.c ****   {
  90              		.loc 1 90 3 view .LVU24
  91 003c 4029     		cmp	r1, #64
  92 003e 50D0     		beq	.L4
  93 0040 10D8     		bhi	.L5
  94 0042 1029     		cmp	r1, #16
  95 0044 57D0     		beq	.L6
  96 0046 2029     		cmp	r1, #32
  97 0048 09D1     		bne	.L18
ARM GAS  C:\usertemp\ccVnZMXD.s 			page 5


 131:Drivers/CMSIS/DSP/Source/TransformFunctions/arm_cfft_radix2_init_f32.c **** 
 132:Drivers/CMSIS/DSP/Source/TransformFunctions/arm_cfft_radix2_init_f32.c ****   case 512U:
 133:Drivers/CMSIS/DSP/Source/TransformFunctions/arm_cfft_radix2_init_f32.c ****     /*  Initializations of structure parameters for 512 point FFT */
 134:Drivers/CMSIS/DSP/Source/TransformFunctions/arm_cfft_radix2_init_f32.c **** 
 135:Drivers/CMSIS/DSP/Source/TransformFunctions/arm_cfft_radix2_init_f32.c ****     /*  Initialise the twiddle coef modifier value */
 136:Drivers/CMSIS/DSP/Source/TransformFunctions/arm_cfft_radix2_init_f32.c ****     S->twidCoefModifier = 8U;
 137:Drivers/CMSIS/DSP/Source/TransformFunctions/arm_cfft_radix2_init_f32.c ****     /*  Initialise the bit reversal table modifier */
 138:Drivers/CMSIS/DSP/Source/TransformFunctions/arm_cfft_radix2_init_f32.c ****     S->bitRevFactor = 8U;
 139:Drivers/CMSIS/DSP/Source/TransformFunctions/arm_cfft_radix2_init_f32.c ****     /*  Initialise the bit reversal table pointer */
 140:Drivers/CMSIS/DSP/Source/TransformFunctions/arm_cfft_radix2_init_f32.c ****     S->pBitRevTable = (uint16_t *) & armBitRevTable[7];
 141:Drivers/CMSIS/DSP/Source/TransformFunctions/arm_cfft_radix2_init_f32.c ****     /*  Initialise the 1/fftLen Value */
 142:Drivers/CMSIS/DSP/Source/TransformFunctions/arm_cfft_radix2_init_f32.c ****     S->onebyfftLen = 0.001953125;
 143:Drivers/CMSIS/DSP/Source/TransformFunctions/arm_cfft_radix2_init_f32.c ****     break;
 144:Drivers/CMSIS/DSP/Source/TransformFunctions/arm_cfft_radix2_init_f32.c **** 
 145:Drivers/CMSIS/DSP/Source/TransformFunctions/arm_cfft_radix2_init_f32.c ****   case 256U:
 146:Drivers/CMSIS/DSP/Source/TransformFunctions/arm_cfft_radix2_init_f32.c ****     /*  Initializations of structure parameters for 256 point FFT */
 147:Drivers/CMSIS/DSP/Source/TransformFunctions/arm_cfft_radix2_init_f32.c ****     S->twidCoefModifier = 16U;
 148:Drivers/CMSIS/DSP/Source/TransformFunctions/arm_cfft_radix2_init_f32.c ****     S->bitRevFactor = 16U;
 149:Drivers/CMSIS/DSP/Source/TransformFunctions/arm_cfft_radix2_init_f32.c ****     S->pBitRevTable = (uint16_t *) & armBitRevTable[15];
 150:Drivers/CMSIS/DSP/Source/TransformFunctions/arm_cfft_radix2_init_f32.c ****     S->onebyfftLen = 0.00390625f;
 151:Drivers/CMSIS/DSP/Source/TransformFunctions/arm_cfft_radix2_init_f32.c ****     break;
 152:Drivers/CMSIS/DSP/Source/TransformFunctions/arm_cfft_radix2_init_f32.c **** 
 153:Drivers/CMSIS/DSP/Source/TransformFunctions/arm_cfft_radix2_init_f32.c ****   case 128U:
 154:Drivers/CMSIS/DSP/Source/TransformFunctions/arm_cfft_radix2_init_f32.c ****     /*  Initializations of structure parameters for 128 point FFT */
 155:Drivers/CMSIS/DSP/Source/TransformFunctions/arm_cfft_radix2_init_f32.c ****     S->twidCoefModifier = 32U;
 156:Drivers/CMSIS/DSP/Source/TransformFunctions/arm_cfft_radix2_init_f32.c ****     S->bitRevFactor = 32U;
 157:Drivers/CMSIS/DSP/Source/TransformFunctions/arm_cfft_radix2_init_f32.c ****     S->pBitRevTable = (uint16_t *) & armBitRevTable[31];
 158:Drivers/CMSIS/DSP/Source/TransformFunctions/arm_cfft_radix2_init_f32.c ****     S->onebyfftLen = 0.0078125;
 159:Drivers/CMSIS/DSP/Source/TransformFunctions/arm_cfft_radix2_init_f32.c ****     break;
 160:Drivers/CMSIS/DSP/Source/TransformFunctions/arm_cfft_radix2_init_f32.c **** 
 161:Drivers/CMSIS/DSP/Source/TransformFunctions/arm_cfft_radix2_init_f32.c ****   case 64U:
 162:Drivers/CMSIS/DSP/Source/TransformFunctions/arm_cfft_radix2_init_f32.c ****     /*  Initializations of structure parameters for 64 point FFT */
 163:Drivers/CMSIS/DSP/Source/TransformFunctions/arm_cfft_radix2_init_f32.c ****     S->twidCoefModifier = 64U;
 164:Drivers/CMSIS/DSP/Source/TransformFunctions/arm_cfft_radix2_init_f32.c ****     S->bitRevFactor = 64U;
 165:Drivers/CMSIS/DSP/Source/TransformFunctions/arm_cfft_radix2_init_f32.c ****     S->pBitRevTable = (uint16_t *) & armBitRevTable[63];
 166:Drivers/CMSIS/DSP/Source/TransformFunctions/arm_cfft_radix2_init_f32.c ****     S->onebyfftLen = 0.015625f;
 167:Drivers/CMSIS/DSP/Source/TransformFunctions/arm_cfft_radix2_init_f32.c ****     break;
 168:Drivers/CMSIS/DSP/Source/TransformFunctions/arm_cfft_radix2_init_f32.c **** 
 169:Drivers/CMSIS/DSP/Source/TransformFunctions/arm_cfft_radix2_init_f32.c ****   case 32U:
 170:Drivers/CMSIS/DSP/Source/TransformFunctions/arm_cfft_radix2_init_f32.c ****     /*  Initializations of structure parameters for 64 point FFT */
 171:Drivers/CMSIS/DSP/Source/TransformFunctions/arm_cfft_radix2_init_f32.c ****     S->twidCoefModifier = 128U;
  98              		.loc 1 171 5 is_stmt 1 view .LVU25
  99              		.loc 1 171 25 is_stmt 0 view .LVU26
 100 004a 8023     		movs	r3, #128
 101              	.LVL5:
 102              		.loc 1 171 25 view .LVU27
 103 004c 8381     		strh	r3, [r0, #12]	@ movhi
 172:Drivers/CMSIS/DSP/Source/TransformFunctions/arm_cfft_radix2_init_f32.c ****     S->bitRevFactor = 128U;
 104              		.loc 1 172 5 is_stmt 1 view .LVU28
 105              		.loc 1 172 21 is_stmt 0 view .LVU29
 106 004e C381     		strh	r3, [r0, #14]	@ movhi
 173:Drivers/CMSIS/DSP/Source/TransformFunctions/arm_cfft_radix2_init_f32.c ****     S->pBitRevTable = (uint16_t *) & armBitRevTable[127];
 107              		.loc 1 173 5 is_stmt 1 view .LVU30
 108              		.loc 1 173 21 is_stmt 0 view .LVU31
 109 0050 324B     		ldr	r3, .L20+8
 110 0052 8360     		str	r3, [r0, #8]
 174:Drivers/CMSIS/DSP/Source/TransformFunctions/arm_cfft_radix2_init_f32.c ****     S->onebyfftLen = 0.03125;
ARM GAS  C:\usertemp\ccVnZMXD.s 			page 6


 111              		.loc 1 174 5 is_stmt 1 view .LVU32
 112              		.loc 1 174 20 is_stmt 0 view .LVU33
 113 0054 4FF07453 		mov	r3, #1023410176
 114 0058 0361     		str	r3, [r0, #16]	@ float
 175:Drivers/CMSIS/DSP/Source/TransformFunctions/arm_cfft_radix2_init_f32.c ****     break;
 115              		.loc 1 175 5 is_stmt 1 view .LVU34
  75:Drivers/CMSIS/DSP/Source/TransformFunctions/arm_cfft_radix2_init_f32.c **** 
 116              		.loc 1 75 14 is_stmt 0 view .LVU35
 117 005a 0020     		movs	r0, #0
 118              	.LVL6:
 119              		.loc 1 175 5 view .LVU36
 120 005c 20E0     		b	.L8
 121              	.LVL7:
 122              	.L18:
  90:Drivers/CMSIS/DSP/Source/TransformFunctions/arm_cfft_radix2_init_f32.c ****   {
 123              		.loc 1 90 3 view .LVU37
 124 005e 4FF0FF30 		mov	r0, #-1
 125              	.LVL8:
  90:Drivers/CMSIS/DSP/Source/TransformFunctions/arm_cfft_radix2_init_f32.c ****   {
 126              		.loc 1 90 3 view .LVU38
 127 0062 1DE0     		b	.L8
 128              	.LVL9:
 129              	.L5:
  90:Drivers/CMSIS/DSP/Source/TransformFunctions/arm_cfft_radix2_init_f32.c ****   {
 130              		.loc 1 90 3 view .LVU39
 131 0064 8029     		cmp	r1, #128
 132 0066 09D1     		bne	.L19
 155:Drivers/CMSIS/DSP/Source/TransformFunctions/arm_cfft_radix2_init_f32.c ****     S->bitRevFactor = 32U;
 133              		.loc 1 155 5 is_stmt 1 view .LVU40
 155:Drivers/CMSIS/DSP/Source/TransformFunctions/arm_cfft_radix2_init_f32.c ****     S->bitRevFactor = 32U;
 134              		.loc 1 155 25 is_stmt 0 view .LVU41
 135 0068 2023     		movs	r3, #32
 136              	.LVL10:
 155:Drivers/CMSIS/DSP/Source/TransformFunctions/arm_cfft_radix2_init_f32.c ****     S->bitRevFactor = 32U;
 137              		.loc 1 155 25 view .LVU42
 138 006a 8381     		strh	r3, [r0, #12]	@ movhi
 156:Drivers/CMSIS/DSP/Source/TransformFunctions/arm_cfft_radix2_init_f32.c ****     S->pBitRevTable = (uint16_t *) & armBitRevTable[31];
 139              		.loc 1 156 5 is_stmt 1 view .LVU43
 156:Drivers/CMSIS/DSP/Source/TransformFunctions/arm_cfft_radix2_init_f32.c ****     S->pBitRevTable = (uint16_t *) & armBitRevTable[31];
 140              		.loc 1 156 21 is_stmt 0 view .LVU44
 141 006c C381     		strh	r3, [r0, #14]	@ movhi
 157:Drivers/CMSIS/DSP/Source/TransformFunctions/arm_cfft_radix2_init_f32.c ****     S->onebyfftLen = 0.0078125;
 142              		.loc 1 157 5 is_stmt 1 view .LVU45
 157:Drivers/CMSIS/DSP/Source/TransformFunctions/arm_cfft_radix2_init_f32.c ****     S->onebyfftLen = 0.0078125;
 143              		.loc 1 157 21 is_stmt 0 view .LVU46
 144 006e 2C4B     		ldr	r3, .L20+12
 145 0070 8360     		str	r3, [r0, #8]
 158:Drivers/CMSIS/DSP/Source/TransformFunctions/arm_cfft_radix2_init_f32.c ****     break;
 146              		.loc 1 158 5 is_stmt 1 view .LVU47
 158:Drivers/CMSIS/DSP/Source/TransformFunctions/arm_cfft_radix2_init_f32.c ****     break;
 147              		.loc 1 158 20 is_stmt 0 view .LVU48
 148 0072 4FF07053 		mov	r3, #1006632960
 149 0076 0361     		str	r3, [r0, #16]	@ float
 159:Drivers/CMSIS/DSP/Source/TransformFunctions/arm_cfft_radix2_init_f32.c **** 
 150              		.loc 1 159 5 is_stmt 1 view .LVU49
  75:Drivers/CMSIS/DSP/Source/TransformFunctions/arm_cfft_radix2_init_f32.c **** 
 151              		.loc 1 75 14 is_stmt 0 view .LVU50
ARM GAS  C:\usertemp\ccVnZMXD.s 			page 7


 152 0078 0020     		movs	r0, #0
 153              	.LVL11:
 159:Drivers/CMSIS/DSP/Source/TransformFunctions/arm_cfft_radix2_init_f32.c **** 
 154              		.loc 1 159 5 view .LVU51
 155 007a 11E0     		b	.L8
 156              	.LVL12:
 157              	.L19:
  90:Drivers/CMSIS/DSP/Source/TransformFunctions/arm_cfft_radix2_init_f32.c ****   {
 158              		.loc 1 90 3 view .LVU52
 159 007c 4FF0FF30 		mov	r0, #-1
 160              	.LVL13:
  90:Drivers/CMSIS/DSP/Source/TransformFunctions/arm_cfft_radix2_init_f32.c ****   {
 161              		.loc 1 90 3 view .LVU53
 162 0080 0EE0     		b	.L8
 163              	.LVL14:
 164              	.L17:
  90:Drivers/CMSIS/DSP/Source/TransformFunctions/arm_cfft_radix2_init_f32.c ****   {
 165              		.loc 1 90 3 view .LVU54
 166 0082 4FF0FF30 		mov	r0, #-1
 167              	.LVL15:
  90:Drivers/CMSIS/DSP/Source/TransformFunctions/arm_cfft_radix2_init_f32.c ****   {
 168              		.loc 1 90 3 view .LVU55
 169 0086 0BE0     		b	.L8
 170              	.LVL16:
 171              	.L11:
  90:Drivers/CMSIS/DSP/Source/TransformFunctions/arm_cfft_radix2_init_f32.c ****   {
 172              		.loc 1 90 3 view .LVU56
 173 0088 B1F5805F 		cmp	r1, #4096
 174 008c 3ED1     		bne	.L14
  97:Drivers/CMSIS/DSP/Source/TransformFunctions/arm_cfft_radix2_init_f32.c ****     /*  Initialise the bit reversal table modifier */
 175              		.loc 1 97 5 is_stmt 1 view .LVU57
  97:Drivers/CMSIS/DSP/Source/TransformFunctions/arm_cfft_radix2_init_f32.c ****     /*  Initialise the bit reversal table modifier */
 176              		.loc 1 97 25 is_stmt 0 view .LVU58
 177 008e 0123     		movs	r3, #1
 178              	.LVL17:
  97:Drivers/CMSIS/DSP/Source/TransformFunctions/arm_cfft_radix2_init_f32.c ****     /*  Initialise the bit reversal table modifier */
 179              		.loc 1 97 25 view .LVU59
 180 0090 8381     		strh	r3, [r0, #12]	@ movhi
  99:Drivers/CMSIS/DSP/Source/TransformFunctions/arm_cfft_radix2_init_f32.c ****     /*  Initialise the bit reversal table pointer */
 181              		.loc 1 99 5 is_stmt 1 view .LVU60
  99:Drivers/CMSIS/DSP/Source/TransformFunctions/arm_cfft_radix2_init_f32.c ****     /*  Initialise the bit reversal table pointer */
 182              		.loc 1 99 21 is_stmt 0 view .LVU61
 183 0092 C381     		strh	r3, [r0, #14]	@ movhi
 101:Drivers/CMSIS/DSP/Source/TransformFunctions/arm_cfft_radix2_init_f32.c ****     /*  Initialise the 1/fftLen Value */
 184              		.loc 1 101 5 is_stmt 1 view .LVU62
 101:Drivers/CMSIS/DSP/Source/TransformFunctions/arm_cfft_radix2_init_f32.c ****     /*  Initialise the 1/fftLen Value */
 185              		.loc 1 101 21 is_stmt 0 view .LVU63
 186 0094 234B     		ldr	r3, .L20+16
 187 0096 8360     		str	r3, [r0, #8]
 103:Drivers/CMSIS/DSP/Source/TransformFunctions/arm_cfft_radix2_init_f32.c ****     break;
 188              		.loc 1 103 5 is_stmt 1 view .LVU64
 103:Drivers/CMSIS/DSP/Source/TransformFunctions/arm_cfft_radix2_init_f32.c ****     break;
 189              		.loc 1 103 20 is_stmt 0 view .LVU65
 190 0098 4FF06653 		mov	r3, #964689920
 191 009c 0361     		str	r3, [r0, #16]	@ float
 104:Drivers/CMSIS/DSP/Source/TransformFunctions/arm_cfft_radix2_init_f32.c **** 
 192              		.loc 1 104 5 is_stmt 1 view .LVU66
ARM GAS  C:\usertemp\ccVnZMXD.s 			page 8


  75:Drivers/CMSIS/DSP/Source/TransformFunctions/arm_cfft_radix2_init_f32.c **** 
 193              		.loc 1 75 14 is_stmt 0 view .LVU67
 194 009e 0020     		movs	r0, #0
 195              	.LVL18:
 196              	.L8:
 176:Drivers/CMSIS/DSP/Source/TransformFunctions/arm_cfft_radix2_init_f32.c **** 
 177:Drivers/CMSIS/DSP/Source/TransformFunctions/arm_cfft_radix2_init_f32.c ****   case 16U:
 178:Drivers/CMSIS/DSP/Source/TransformFunctions/arm_cfft_radix2_init_f32.c ****     /*  Initializations of structure parameters for 16 point FFT */
 179:Drivers/CMSIS/DSP/Source/TransformFunctions/arm_cfft_radix2_init_f32.c ****     S->twidCoefModifier = 256U;
 180:Drivers/CMSIS/DSP/Source/TransformFunctions/arm_cfft_radix2_init_f32.c ****     S->bitRevFactor = 256U;
 181:Drivers/CMSIS/DSP/Source/TransformFunctions/arm_cfft_radix2_init_f32.c ****     S->pBitRevTable = (uint16_t *) & armBitRevTable[255];
 182:Drivers/CMSIS/DSP/Source/TransformFunctions/arm_cfft_radix2_init_f32.c ****     S->onebyfftLen = 0.0625f;
 183:Drivers/CMSIS/DSP/Source/TransformFunctions/arm_cfft_radix2_init_f32.c ****     break;
 184:Drivers/CMSIS/DSP/Source/TransformFunctions/arm_cfft_radix2_init_f32.c **** 
 185:Drivers/CMSIS/DSP/Source/TransformFunctions/arm_cfft_radix2_init_f32.c **** 
 186:Drivers/CMSIS/DSP/Source/TransformFunctions/arm_cfft_radix2_init_f32.c ****   default:
 187:Drivers/CMSIS/DSP/Source/TransformFunctions/arm_cfft_radix2_init_f32.c ****     /*  Reporting argument error if fftSize is not valid value */
 188:Drivers/CMSIS/DSP/Source/TransformFunctions/arm_cfft_radix2_init_f32.c ****     status = ARM_MATH_ARGUMENT_ERROR;
 189:Drivers/CMSIS/DSP/Source/TransformFunctions/arm_cfft_radix2_init_f32.c ****     break;
 190:Drivers/CMSIS/DSP/Source/TransformFunctions/arm_cfft_radix2_init_f32.c ****   }
 191:Drivers/CMSIS/DSP/Source/TransformFunctions/arm_cfft_radix2_init_f32.c **** 
 192:Drivers/CMSIS/DSP/Source/TransformFunctions/arm_cfft_radix2_init_f32.c ****   return (status);
 197              		.loc 1 192 3 is_stmt 1 view .LVU68
 193:Drivers/CMSIS/DSP/Source/TransformFunctions/arm_cfft_radix2_init_f32.c **** }
 198              		.loc 1 193 1 is_stmt 0 view .LVU69
 199 00a0 5DF8044B 		ldr	r4, [sp], #4
 200              	.LCFI1:
 201              		.cfi_remember_state
 202              		.cfi_restore 4
 203              		.cfi_def_cfa_offset 0
 204 00a4 7047     		bx	lr
 205              	.LVL19:
 206              	.L10:
 207              	.LCFI2:
 208              		.cfi_restore_state
 110:Drivers/CMSIS/DSP/Source/TransformFunctions/arm_cfft_radix2_init_f32.c ****     /*  Initialise the bit reversal table modifier */
 209              		.loc 1 110 5 is_stmt 1 view .LVU70
 110:Drivers/CMSIS/DSP/Source/TransformFunctions/arm_cfft_radix2_init_f32.c ****     /*  Initialise the bit reversal table modifier */
 210              		.loc 1 110 25 is_stmt 0 view .LVU71
 211 00a6 0223     		movs	r3, #2
 212              	.LVL20:
 110:Drivers/CMSIS/DSP/Source/TransformFunctions/arm_cfft_radix2_init_f32.c ****     /*  Initialise the bit reversal table modifier */
 213              		.loc 1 110 25 view .LVU72
 214 00a8 8381     		strh	r3, [r0, #12]	@ movhi
 112:Drivers/CMSIS/DSP/Source/TransformFunctions/arm_cfft_radix2_init_f32.c ****     /*  Initialise the bit reversal table pointer */
 215              		.loc 1 112 5 is_stmt 1 view .LVU73
 112:Drivers/CMSIS/DSP/Source/TransformFunctions/arm_cfft_radix2_init_f32.c ****     /*  Initialise the bit reversal table pointer */
 216              		.loc 1 112 21 is_stmt 0 view .LVU74
 217 00aa C381     		strh	r3, [r0, #14]	@ movhi
 114:Drivers/CMSIS/DSP/Source/TransformFunctions/arm_cfft_radix2_init_f32.c ****     /*  Initialise the 1/fftLen Value */
 218              		.loc 1 114 5 is_stmt 1 view .LVU75
 114:Drivers/CMSIS/DSP/Source/TransformFunctions/arm_cfft_radix2_init_f32.c ****     /*  Initialise the 1/fftLen Value */
 219              		.loc 1 114 21 is_stmt 0 view .LVU76
 220 00ac 1E4B     		ldr	r3, .L20+20
 221 00ae 8360     		str	r3, [r0, #8]
 116:Drivers/CMSIS/DSP/Source/TransformFunctions/arm_cfft_radix2_init_f32.c ****     break;
 222              		.loc 1 116 5 is_stmt 1 view .LVU77
ARM GAS  C:\usertemp\ccVnZMXD.s 			page 9


 116:Drivers/CMSIS/DSP/Source/TransformFunctions/arm_cfft_radix2_init_f32.c ****     break;
 223              		.loc 1 116 20 is_stmt 0 view .LVU78
 224 00b0 4FF06853 		mov	r3, #973078528
 225 00b4 0361     		str	r3, [r0, #16]	@ float
 117:Drivers/CMSIS/DSP/Source/TransformFunctions/arm_cfft_radix2_init_f32.c **** 
 226              		.loc 1 117 5 is_stmt 1 view .LVU79
  75:Drivers/CMSIS/DSP/Source/TransformFunctions/arm_cfft_radix2_init_f32.c **** 
 227              		.loc 1 75 14 is_stmt 0 view .LVU80
 228 00b6 0020     		movs	r0, #0
 229              	.LVL21:
 117:Drivers/CMSIS/DSP/Source/TransformFunctions/arm_cfft_radix2_init_f32.c **** 
 230              		.loc 1 117 5 view .LVU81
 231 00b8 F2E7     		b	.L8
 232              	.LVL22:
 233              	.L12:
 136:Drivers/CMSIS/DSP/Source/TransformFunctions/arm_cfft_radix2_init_f32.c ****     /*  Initialise the bit reversal table modifier */
 234              		.loc 1 136 5 is_stmt 1 view .LVU82
 136:Drivers/CMSIS/DSP/Source/TransformFunctions/arm_cfft_radix2_init_f32.c ****     /*  Initialise the bit reversal table modifier */
 235              		.loc 1 136 25 is_stmt 0 view .LVU83
 236 00ba 0823     		movs	r3, #8
 237              	.LVL23:
 136:Drivers/CMSIS/DSP/Source/TransformFunctions/arm_cfft_radix2_init_f32.c ****     /*  Initialise the bit reversal table modifier */
 238              		.loc 1 136 25 view .LVU84
 239 00bc 8381     		strh	r3, [r0, #12]	@ movhi
 138:Drivers/CMSIS/DSP/Source/TransformFunctions/arm_cfft_radix2_init_f32.c ****     /*  Initialise the bit reversal table pointer */
 240              		.loc 1 138 5 is_stmt 1 view .LVU85
 138:Drivers/CMSIS/DSP/Source/TransformFunctions/arm_cfft_radix2_init_f32.c ****     /*  Initialise the bit reversal table pointer */
 241              		.loc 1 138 21 is_stmt 0 view .LVU86
 242 00be C381     		strh	r3, [r0, #14]	@ movhi
 140:Drivers/CMSIS/DSP/Source/TransformFunctions/arm_cfft_radix2_init_f32.c ****     /*  Initialise the 1/fftLen Value */
 243              		.loc 1 140 5 is_stmt 1 view .LVU87
 140:Drivers/CMSIS/DSP/Source/TransformFunctions/arm_cfft_radix2_init_f32.c ****     /*  Initialise the 1/fftLen Value */
 244              		.loc 1 140 21 is_stmt 0 view .LVU88
 245 00c0 1A4B     		ldr	r3, .L20+24
 246 00c2 8360     		str	r3, [r0, #8]
 142:Drivers/CMSIS/DSP/Source/TransformFunctions/arm_cfft_radix2_init_f32.c ****     break;
 247              		.loc 1 142 5 is_stmt 1 view .LVU89
 142:Drivers/CMSIS/DSP/Source/TransformFunctions/arm_cfft_radix2_init_f32.c ****     break;
 248              		.loc 1 142 20 is_stmt 0 view .LVU90
 249 00c4 4FF06C53 		mov	r3, #989855744
 250 00c8 0361     		str	r3, [r0, #16]	@ float
 143:Drivers/CMSIS/DSP/Source/TransformFunctions/arm_cfft_radix2_init_f32.c **** 
 251              		.loc 1 143 5 is_stmt 1 view .LVU91
  75:Drivers/CMSIS/DSP/Source/TransformFunctions/arm_cfft_radix2_init_f32.c **** 
 252              		.loc 1 75 14 is_stmt 0 view .LVU92
 253 00ca 0020     		movs	r0, #0
 254              	.LVL24:
 143:Drivers/CMSIS/DSP/Source/TransformFunctions/arm_cfft_radix2_init_f32.c **** 
 255              		.loc 1 143 5 view .LVU93
 256 00cc E8E7     		b	.L8
 257              	.LVL25:
 258              	.L2:
 147:Drivers/CMSIS/DSP/Source/TransformFunctions/arm_cfft_radix2_init_f32.c ****     S->bitRevFactor = 16U;
 259              		.loc 1 147 5 is_stmt 1 view .LVU94
 147:Drivers/CMSIS/DSP/Source/TransformFunctions/arm_cfft_radix2_init_f32.c ****     S->bitRevFactor = 16U;
 260              		.loc 1 147 25 is_stmt 0 view .LVU95
 261 00ce 1023     		movs	r3, #16
ARM GAS  C:\usertemp\ccVnZMXD.s 			page 10


 262              	.LVL26:
 147:Drivers/CMSIS/DSP/Source/TransformFunctions/arm_cfft_radix2_init_f32.c ****     S->bitRevFactor = 16U;
 263              		.loc 1 147 25 view .LVU96
 264 00d0 8381     		strh	r3, [r0, #12]	@ movhi
 148:Drivers/CMSIS/DSP/Source/TransformFunctions/arm_cfft_radix2_init_f32.c ****     S->pBitRevTable = (uint16_t *) & armBitRevTable[15];
 265              		.loc 1 148 5 is_stmt 1 view .LVU97
 148:Drivers/CMSIS/DSP/Source/TransformFunctions/arm_cfft_radix2_init_f32.c ****     S->pBitRevTable = (uint16_t *) & armBitRevTable[15];
 266              		.loc 1 148 21 is_stmt 0 view .LVU98
 267 00d2 C381     		strh	r3, [r0, #14]	@ movhi
 149:Drivers/CMSIS/DSP/Source/TransformFunctions/arm_cfft_radix2_init_f32.c ****     S->onebyfftLen = 0.00390625f;
 268              		.loc 1 149 5 is_stmt 1 view .LVU99
 149:Drivers/CMSIS/DSP/Source/TransformFunctions/arm_cfft_radix2_init_f32.c ****     S->onebyfftLen = 0.00390625f;
 269              		.loc 1 149 21 is_stmt 0 view .LVU100
 270 00d4 164B     		ldr	r3, .L20+28
 271 00d6 8360     		str	r3, [r0, #8]
 150:Drivers/CMSIS/DSP/Source/TransformFunctions/arm_cfft_radix2_init_f32.c ****     break;
 272              		.loc 1 150 5 is_stmt 1 view .LVU101
 150:Drivers/CMSIS/DSP/Source/TransformFunctions/arm_cfft_radix2_init_f32.c ****     break;
 273              		.loc 1 150 20 is_stmt 0 view .LVU102
 274 00d8 4FF06E53 		mov	r3, #998244352
 275 00dc 0361     		str	r3, [r0, #16]	@ float
 151:Drivers/CMSIS/DSP/Source/TransformFunctions/arm_cfft_radix2_init_f32.c **** 
 276              		.loc 1 151 5 is_stmt 1 view .LVU103
  75:Drivers/CMSIS/DSP/Source/TransformFunctions/arm_cfft_radix2_init_f32.c **** 
 277              		.loc 1 75 14 is_stmt 0 view .LVU104
 278 00de 0020     		movs	r0, #0
 279              	.LVL27:
 151:Drivers/CMSIS/DSP/Source/TransformFunctions/arm_cfft_radix2_init_f32.c **** 
 280              		.loc 1 151 5 view .LVU105
 281 00e0 DEE7     		b	.L8
 282              	.LVL28:
 283              	.L4:
 163:Drivers/CMSIS/DSP/Source/TransformFunctions/arm_cfft_radix2_init_f32.c ****     S->bitRevFactor = 64U;
 284              		.loc 1 163 5 is_stmt 1 view .LVU106
 163:Drivers/CMSIS/DSP/Source/TransformFunctions/arm_cfft_radix2_init_f32.c ****     S->bitRevFactor = 64U;
 285              		.loc 1 163 25 is_stmt 0 view .LVU107
 286 00e2 4023     		movs	r3, #64
 287              	.LVL29:
 163:Drivers/CMSIS/DSP/Source/TransformFunctions/arm_cfft_radix2_init_f32.c ****     S->bitRevFactor = 64U;
 288              		.loc 1 163 25 view .LVU108
 289 00e4 8381     		strh	r3, [r0, #12]	@ movhi
 164:Drivers/CMSIS/DSP/Source/TransformFunctions/arm_cfft_radix2_init_f32.c ****     S->pBitRevTable = (uint16_t *) & armBitRevTable[63];
 290              		.loc 1 164 5 is_stmt 1 view .LVU109
 164:Drivers/CMSIS/DSP/Source/TransformFunctions/arm_cfft_radix2_init_f32.c ****     S->pBitRevTable = (uint16_t *) & armBitRevTable[63];
 291              		.loc 1 164 21 is_stmt 0 view .LVU110
 292 00e6 C381     		strh	r3, [r0, #14]	@ movhi
 165:Drivers/CMSIS/DSP/Source/TransformFunctions/arm_cfft_radix2_init_f32.c ****     S->onebyfftLen = 0.015625f;
 293              		.loc 1 165 5 is_stmt 1 view .LVU111
 165:Drivers/CMSIS/DSP/Source/TransformFunctions/arm_cfft_radix2_init_f32.c ****     S->onebyfftLen = 0.015625f;
 294              		.loc 1 165 21 is_stmt 0 view .LVU112
 295 00e8 124B     		ldr	r3, .L20+32
 296 00ea 8360     		str	r3, [r0, #8]
 166:Drivers/CMSIS/DSP/Source/TransformFunctions/arm_cfft_radix2_init_f32.c ****     break;
 297              		.loc 1 166 5 is_stmt 1 view .LVU113
 166:Drivers/CMSIS/DSP/Source/TransformFunctions/arm_cfft_radix2_init_f32.c ****     break;
 298              		.loc 1 166 20 is_stmt 0 view .LVU114
 299 00ec 4FF07253 		mov	r3, #1015021568
ARM GAS  C:\usertemp\ccVnZMXD.s 			page 11


 300 00f0 0361     		str	r3, [r0, #16]	@ float
 167:Drivers/CMSIS/DSP/Source/TransformFunctions/arm_cfft_radix2_init_f32.c **** 
 301              		.loc 1 167 5 is_stmt 1 view .LVU115
  75:Drivers/CMSIS/DSP/Source/TransformFunctions/arm_cfft_radix2_init_f32.c **** 
 302              		.loc 1 75 14 is_stmt 0 view .LVU116
 303 00f2 0020     		movs	r0, #0
 304              	.LVL30:
 167:Drivers/CMSIS/DSP/Source/TransformFunctions/arm_cfft_radix2_init_f32.c **** 
 305              		.loc 1 167 5 view .LVU117
 306 00f4 D4E7     		b	.L8
 307              	.LVL31:
 308              	.L6:
 179:Drivers/CMSIS/DSP/Source/TransformFunctions/arm_cfft_radix2_init_f32.c ****     S->bitRevFactor = 256U;
 309              		.loc 1 179 5 is_stmt 1 view .LVU118
 179:Drivers/CMSIS/DSP/Source/TransformFunctions/arm_cfft_radix2_init_f32.c ****     S->bitRevFactor = 256U;
 310              		.loc 1 179 25 is_stmt 0 view .LVU119
 311 00f6 4FF48073 		mov	r3, #256
 312              	.LVL32:
 179:Drivers/CMSIS/DSP/Source/TransformFunctions/arm_cfft_radix2_init_f32.c ****     S->bitRevFactor = 256U;
 313              		.loc 1 179 25 view .LVU120
 314 00fa 8381     		strh	r3, [r0, #12]	@ movhi
 180:Drivers/CMSIS/DSP/Source/TransformFunctions/arm_cfft_radix2_init_f32.c ****     S->pBitRevTable = (uint16_t *) & armBitRevTable[255];
 315              		.loc 1 180 5 is_stmt 1 view .LVU121
 180:Drivers/CMSIS/DSP/Source/TransformFunctions/arm_cfft_radix2_init_f32.c ****     S->pBitRevTable = (uint16_t *) & armBitRevTable[255];
 316              		.loc 1 180 21 is_stmt 0 view .LVU122
 317 00fc C381     		strh	r3, [r0, #14]	@ movhi
 181:Drivers/CMSIS/DSP/Source/TransformFunctions/arm_cfft_radix2_init_f32.c ****     S->onebyfftLen = 0.0625f;
 318              		.loc 1 181 5 is_stmt 1 view .LVU123
 181:Drivers/CMSIS/DSP/Source/TransformFunctions/arm_cfft_radix2_init_f32.c ****     S->onebyfftLen = 0.0625f;
 319              		.loc 1 181 21 is_stmt 0 view .LVU124
 320 00fe 0E4B     		ldr	r3, .L20+36
 321 0100 8360     		str	r3, [r0, #8]
 182:Drivers/CMSIS/DSP/Source/TransformFunctions/arm_cfft_radix2_init_f32.c ****     break;
 322              		.loc 1 182 5 is_stmt 1 view .LVU125
 182:Drivers/CMSIS/DSP/Source/TransformFunctions/arm_cfft_radix2_init_f32.c ****     break;
 323              		.loc 1 182 20 is_stmt 0 view .LVU126
 324 0102 4FF07653 		mov	r3, #1031798784
 325 0106 0361     		str	r3, [r0, #16]	@ float
 183:Drivers/CMSIS/DSP/Source/TransformFunctions/arm_cfft_radix2_init_f32.c **** 
 326              		.loc 1 183 5 is_stmt 1 view .LVU127
  75:Drivers/CMSIS/DSP/Source/TransformFunctions/arm_cfft_radix2_init_f32.c **** 
 327              		.loc 1 75 14 is_stmt 0 view .LVU128
 328 0108 0020     		movs	r0, #0
 329              	.LVL33:
 183:Drivers/CMSIS/DSP/Source/TransformFunctions/arm_cfft_radix2_init_f32.c **** 
 330              		.loc 1 183 5 view .LVU129
 331 010a C9E7     		b	.L8
 332              	.LVL34:
 333              	.L14:
  90:Drivers/CMSIS/DSP/Source/TransformFunctions/arm_cfft_radix2_init_f32.c ****   {
 334              		.loc 1 90 3 view .LVU130
 335 010c 4FF0FF30 		mov	r0, #-1
 336              	.LVL35:
  90:Drivers/CMSIS/DSP/Source/TransformFunctions/arm_cfft_radix2_init_f32.c ****   {
 337              		.loc 1 90 3 view .LVU131
 338 0110 C6E7     		b	.L8
 339              	.L21:
ARM GAS  C:\usertemp\ccVnZMXD.s 			page 12


 340 0112 00BF     		.align	2
 341              	.L20:
 342 0114 00000000 		.word	twiddleCoef_4096
 343 0118 06000000 		.word	armBitRevTable+6
 344 011c FE000000 		.word	armBitRevTable+254
 345 0120 3E000000 		.word	armBitRevTable+62
 346 0124 00000000 		.word	armBitRevTable
 347 0128 02000000 		.word	armBitRevTable+2
 348 012c 0E000000 		.word	armBitRevTable+14
 349 0130 1E000000 		.word	armBitRevTable+30
 350 0134 7E000000 		.word	armBitRevTable+126
 351 0138 FE010000 		.word	armBitRevTable+510
 352              		.cfi_endproc
 353              	.LFE145:
 355              		.text
 356              	.Letext0:
 357              		.file 2 "D:/armtoolchain/arm-gnu-toolchain-13.3.rel1-mingw-w64-i686-arm-none-eabi/arm-none-eabi/in
 358              		.file 3 "D:/armtoolchain/arm-gnu-toolchain-13.3.rel1-mingw-w64-i686-arm-none-eabi/arm-none-eabi/in
 359              		.file 4 "Drivers/CMSIS/DSP/Include/arm_math.h"
 360              		.file 5 "Drivers/CMSIS/DSP/Include/arm_common_tables.h"
ARM GAS  C:\usertemp\ccVnZMXD.s 			page 13


DEFINED SYMBOLS
                            *ABS*:00000000 arm_cfft_radix2_init_f32.c
C:\usertemp\ccVnZMXD.s:20     .text.arm_cfft_radix2_init_f32:00000000 $t
C:\usertemp\ccVnZMXD.s:26     .text.arm_cfft_radix2_init_f32:00000000 arm_cfft_radix2_init_f32
C:\usertemp\ccVnZMXD.s:342    .text.arm_cfft_radix2_init_f32:00000114 $d

UNDEFINED SYMBOLS
twiddleCoef_4096
armBitRevTable
