ARM GAS  C:\usertemp\cc84xm0c.s 			page 1


   1              		.cpu cortex-m7
   2              		.arch armv7e-m
   3              		.fpu fpv5-d16
   4              		.eabi_attribute 28, 1
   5              		.eabi_attribute 20, 1
   6              		.eabi_attribute 21, 1
   7              		.eabi_attribute 23, 3
   8              		.eabi_attribute 24, 1
   9              		.eabi_attribute 25, 1
  10              		.eabi_attribute 26, 1
  11              		.eabi_attribute 30, 1
  12              		.eabi_attribute 34, 1
  13              		.eabi_attribute 18, 4
  14              		.file	"custom.c"
  15              		.text
  16              	.Ltext0:
  17              		.cfi_sections	.debug_frame
  18              		.file 1 "custom/custom.c"
  19              		.section	.text.custom_init,"ax",%progbits
  20              		.align	1
  21              		.global	custom_init
  22              		.syntax unified
  23              		.thumb
  24              		.thumb_func
  26              	custom_init:
  27              	.LVL0:
  28              	.LFB196:
   1:custom/custom.c **** // SPDX-License-Identifier: MIT
   2:custom/custom.c **** // Copyright 2020 NXP
   3:custom/custom.c **** 
   4:custom/custom.c **** /**
   5:custom/custom.c ****  * @file custom.c
   6:custom/custom.c ****  *
   7:custom/custom.c ****  */
   8:custom/custom.c **** 
   9:custom/custom.c **** /*********************
  10:custom/custom.c ****  *      INCLUDES
  11:custom/custom.c ****  *********************/
  12:custom/custom.c **** #include <stdio.h>
  13:custom/custom.c **** #include "lvgl.h"
  14:custom/custom.c **** #include "custom.h"
  15:custom/custom.c **** 
  16:custom/custom.c **** /*********************
  17:custom/custom.c ****  *      DEFINES
  18:custom/custom.c ****  *********************/
  19:custom/custom.c **** 
  20:custom/custom.c **** /**********************
  21:custom/custom.c ****  *      TYPEDEFS
  22:custom/custom.c ****  **********************/
  23:custom/custom.c **** 
  24:custom/custom.c **** /**********************
  25:custom/custom.c ****  *  STATIC PROTOTYPES
  26:custom/custom.c ****  **********************/
  27:custom/custom.c **** 
  28:custom/custom.c **** /**********************
  29:custom/custom.c ****  *  STATIC VARIABLES
  30:custom/custom.c ****  **********************/
ARM GAS  C:\usertemp\cc84xm0c.s 			page 2


  31:custom/custom.c **** 
  32:custom/custom.c **** /**
  33:custom/custom.c ****  * Create a demo application
  34:custom/custom.c ****  */
  35:custom/custom.c **** 
  36:custom/custom.c **** void custom_init(lv_ui *ui)
  37:custom/custom.c **** {
  29              		.loc 1 37 1 view -0
  30              		.cfi_startproc
  31              		@ args = 0, pretend = 0, frame = 0
  32              		@ frame_needed = 0, uses_anonymous_args = 0
  33              		@ link register save eliminated.
  38:custom/custom.c ****     /* Add your codes here */
  39:custom/custom.c **** }
  34              		.loc 1 39 1 view .LVU1
  35 0000 7047     		bx	lr
  36              		.cfi_endproc
  37              	.LFE196:
  39              		.text
  40              	.Letext0:
  41              		.file 2 "D:/armtoolchain/arm-gnu-toolchain-13.3.rel1-mingw-w64-i686-arm-none-eabi/arm-none-eabi/in
  42              		.file 3 "D:/armtoolchain/arm-gnu-toolchain-13.3.rel1-mingw-w64-i686-arm-none-eabi/arm-none-eabi/in
  43              		.file 4 "lvgl/src/hal/../draw/../misc/../font/../misc/lv_area.h"
  44              		.file 5 "lvgl/src/hal/../draw/../misc/lv_color.h"
  45              		.file 6 "lvgl/src/hal/../draw/../misc/lv_style.h"
  46              		.file 7 "lvgl/src/core/lv_obj.h"
  47              		.file 8 "lvgl/src/hal/../misc/lv_ll.h"
  48              		.file 9 "lvgl/src/core/lv_group.h"
  49              		.file 10 "lvgl/src/core/lv_obj_scroll.h"
  50              		.file 11 "lvgl/src/core/lv_obj_style.h"
  51              		.file 12 "lvgl/src/core/lv_obj_class.h"
  52              		.file 13 "lvgl/src/core/lv_event.h"
  53              		.file 14 "generated/gui_guider.h"
ARM GAS  C:\usertemp\cc84xm0c.s 			page 3


DEFINED SYMBOLS
                            *ABS*:00000000 custom.c
C:\usertemp\cc84xm0c.s:20     .text.custom_init:00000000 $t
C:\usertemp\cc84xm0c.s:26     .text.custom_init:00000000 custom_init

NO UNDEFINED SYMBOLS
