ARM GAS  C:\usertemp\cc1ToGkA.s 			page 1


   1              		.cpu cortex-m7
   2              		.arch armv7e-m
   3              		.fpu fpv5-d16
   4              		.eabi_attribute 28, 1
   5              		.eabi_attribute 20, 1
   6              		.eabi_attribute 21, 1
   7              		.eabi_attribute 23, 3
   8              		.eabi_attribute 24, 1
   9              		.eabi_attribute 25, 1
  10              		.eabi_attribute 26, 1
  11              		.eabi_attribute 30, 1
  12              		.eabi_attribute 34, 1
  13              		.eabi_attribute 18, 4
  14              		.file	"fatfs.c"
  15              		.text
  16              	.Ltext0:
  17              		.cfi_sections	.debug_frame
  18              		.file 1 "FATFS/App/fatfs.c"
  19              		.section	.text.MX_FATFS_Init,"ax",%progbits
  20              		.align	1
  21              		.global	MX_FATFS_Init
  22              		.syntax unified
  23              		.thumb
  24              		.thumb_func
  26              	MX_FATFS_Init:
  27              	.LFB333:
   1:FATFS/App/fatfs.c **** /**
   2:FATFS/App/fatfs.c ****   ******************************************************************************
   3:FATFS/App/fatfs.c ****   * @file   fatfs.c
   4:FATFS/App/fatfs.c ****   * @brief  Code for fatfs applications
   5:FATFS/App/fatfs.c ****   ******************************************************************************
   6:FATFS/App/fatfs.c ****   * @attention
   7:FATFS/App/fatfs.c ****   *
   8:FATFS/App/fatfs.c ****   * <h2><center>&copy; Copyright (c) 2025 STMicroelectronics.
   9:FATFS/App/fatfs.c ****   * All rights reserved.</center></h2>
  10:FATFS/App/fatfs.c ****   *
  11:FATFS/App/fatfs.c ****   * This software component is licensed by ST under Ultimate Liberty license
  12:FATFS/App/fatfs.c ****   * SLA0044, the "License"; You may not use this file except in compliance with
  13:FATFS/App/fatfs.c ****   * the License. You may obtain a copy of the License at:
  14:FATFS/App/fatfs.c ****   *                             www.st.com/SLA0044
  15:FATFS/App/fatfs.c ****   *
  16:FATFS/App/fatfs.c ****   ******************************************************************************
  17:FATFS/App/fatfs.c ****   */
  18:FATFS/App/fatfs.c **** 
  19:FATFS/App/fatfs.c ****   #include "fatfs.h"
  20:FATFS/App/fatfs.c **** 
  21:FATFS/App/fatfs.c ****   uint8_t retSD;    /* Return value for SD */
  22:FATFS/App/fatfs.c ****   char SDPath[4];   /* SD logical drive path */
  23:FATFS/App/fatfs.c ****   FATFS SDFatFS;    /* File system object for SD logical drive */
  24:FATFS/App/fatfs.c ****   FIL SDFile;       /* File object for SD */
  25:FATFS/App/fatfs.c ****   
  26:FATFS/App/fatfs.c ****   /* USER CODE BEGIN Variables */
  27:FATFS/App/fatfs.c ****   
  28:FATFS/App/fatfs.c ****   /* USER CODE END Variables */
  29:FATFS/App/fatfs.c ****   
  30:FATFS/App/fatfs.c ****   void MX_FATFS_Init(void)
  31:FATFS/App/fatfs.c ****   {
ARM GAS  C:\usertemp\cc1ToGkA.s 			page 2


  28              		.loc 1 31 3 view -0
  29              		.cfi_startproc
  30              		@ args = 0, pretend = 0, frame = 0
  31              		@ frame_needed = 0, uses_anonymous_args = 0
  32 0000 08B5     		push	{r3, lr}
  33              	.LCFI0:
  34              		.cfi_def_cfa_offset 8
  35              		.cfi_offset 3, -8
  36              		.cfi_offset 14, -4
  32:FATFS/App/fatfs.c ****     /*## FatFS: Link the SD driver ###########################*/
  33:FATFS/App/fatfs.c ****     retSD = FATFS_LinkDriver(&SD_Driver, SDPath);
  37              		.loc 1 33 5 view .LVU1
  38              		.loc 1 33 13 is_stmt 0 view .LVU2
  39 0002 0349     		ldr	r1, .L3
  40 0004 0348     		ldr	r0, .L3+4
  41 0006 FFF7FEFF 		bl	FATFS_LinkDriver
  42              	.LVL0:
  43              		.loc 1 33 11 discriminator 1 view .LVU3
  44 000a 034B     		ldr	r3, .L3+8
  45 000c 1870     		strb	r0, [r3]
  34:FATFS/App/fatfs.c ****   
  35:FATFS/App/fatfs.c ****     /* USER CODE BEGIN Init */
  36:FATFS/App/fatfs.c ****     /* additional user code for init */
  37:FATFS/App/fatfs.c ****     /* USER CODE END Init */
  38:FATFS/App/fatfs.c ****   }
  46              		.loc 1 38 3 view .LVU4
  47 000e 08BD     		pop	{r3, pc}
  48              	.L4:
  49              		.align	2
  50              	.L3:
  51 0010 00000000 		.word	SDPath
  52 0014 00000000 		.word	SD_Driver
  53 0018 00000000 		.word	retSD
  54              		.cfi_endproc
  55              	.LFE333:
  57              		.section	.text.get_fattime,"ax",%progbits
  58              		.align	1
  59              		.global	get_fattime
  60              		.syntax unified
  61              		.thumb
  62              		.thumb_func
  64              	get_fattime:
  65              	.LFB334:
  39:FATFS/App/fatfs.c ****   
  40:FATFS/App/fatfs.c ****   /**
  41:FATFS/App/fatfs.c ****     * @brief  Gets Time from RTC
  42:FATFS/App/fatfs.c ****     * @param  None
  43:FATFS/App/fatfs.c ****     * @retval Time in DWORD
  44:FATFS/App/fatfs.c ****     */
  45:FATFS/App/fatfs.c ****   DWORD get_fattime(void)
  46:FATFS/App/fatfs.c ****   {
  66              		.loc 1 46 3 is_stmt 1 view -0
  67              		.cfi_startproc
  68              		@ args = 0, pretend = 0, frame = 0
  69              		@ frame_needed = 0, uses_anonymous_args = 0
  70              		@ link register save eliminated.
  47:FATFS/App/fatfs.c ****     /* USER CODE BEGIN get_fattime */
ARM GAS  C:\usertemp\cc1ToGkA.s 			page 3


  48:FATFS/App/fatfs.c ****     return 0;
  71              		.loc 1 48 5 view .LVU6
  49:FATFS/App/fatfs.c ****     /* USER CODE END get_fattime */
  50:FATFS/App/fatfs.c ****   }
  72              		.loc 1 50 3 is_stmt 0 view .LVU7
  73 0000 0020     		movs	r0, #0
  74 0002 7047     		bx	lr
  75              		.cfi_endproc
  76              	.LFE334:
  78              		.global	SDFile
  79              		.section	.bss.SDFile,"aw",%nobits
  80              		.align	2
  83              	SDFile:
  84 0000 00000000 		.space	560
  84      00000000 
  84      00000000 
  84      00000000 
  84      00000000 
  85              		.global	SDFatFS
  86              		.section	.bss.SDFatFS,"aw",%nobits
  87              		.align	2
  90              	SDFatFS:
  91 0000 00000000 		.space	564
  91      00000000 
  91      00000000 
  91      00000000 
  91      00000000 
  92              		.global	SDPath
  93              		.section	.bss.SDPath,"aw",%nobits
  94              		.align	2
  97              	SDPath:
  98 0000 00000000 		.space	4
  99              		.global	retSD
 100              		.section	.bss.retSD,"aw",%nobits
 103              	retSD:
 104 0000 00       		.space	1
 105              		.text
 106              	.Letext0:
 107              		.file 2 "Middlewares/Third_Party/FatFs/src/integer.h"
 108              		.file 3 "D:/armtoolchain/arm-gnu-toolchain-13.3.rel1-mingw-w64-i686-arm-none-eabi/arm-none-eabi/in
 109              		.file 4 "D:/armtoolchain/arm-gnu-toolchain-13.3.rel1-mingw-w64-i686-arm-none-eabi/arm-none-eabi/in
 110              		.file 5 "Middlewares/Third_Party/FatFs/src/ff.h"
 111              		.file 6 "Middlewares/Third_Party/FatFs/src/diskio.h"
 112              		.file 7 "Middlewares/Third_Party/FatFs/src/ff_gen_drv.h"
 113              		.file 8 "FATFS/Target/sd_diskio.h"
 114              		.file 9 "FATFS/App/fatfs.h"
ARM GAS  C:\usertemp\cc1ToGkA.s 			page 4


DEFINED SYMBOLS
                            *ABS*:00000000 fatfs.c
C:\usertemp\cc1ToGkA.s:20     .text.MX_FATFS_Init:00000000 $t
C:\usertemp\cc1ToGkA.s:26     .text.MX_FATFS_Init:00000000 MX_FATFS_Init
C:\usertemp\cc1ToGkA.s:51     .text.MX_FATFS_Init:00000010 $d
C:\usertemp\cc1ToGkA.s:97     .bss.SDPath:00000000 SDPath
C:\usertemp\cc1ToGkA.s:103    .bss.retSD:00000000 retSD
C:\usertemp\cc1ToGkA.s:58     .text.get_fattime:00000000 $t
C:\usertemp\cc1ToGkA.s:64     .text.get_fattime:00000000 get_fattime
C:\usertemp\cc1ToGkA.s:83     .bss.SDFile:00000000 SDFile
C:\usertemp\cc1ToGkA.s:80     .bss.SDFile:00000000 $d
C:\usertemp\cc1ToGkA.s:90     .bss.SDFatFS:00000000 SDFatFS
C:\usertemp\cc1ToGkA.s:87     .bss.SDFatFS:00000000 $d
C:\usertemp\cc1ToGkA.s:94     .bss.SDPath:00000000 $d
C:\usertemp\cc1ToGkA.s:104    .bss.retSD:00000000 $d

UNDEFINED SYMBOLS
FATFS_LinkDriver
SD_Driver
