ARM GAS  C:\usertemp\ccpwLErF.s 			page 1


   1              		.cpu cortex-m7
   2              		.arch armv7e-m
   3              		.fpu fpv5-d16
   4              		.eabi_attribute 28, 1
   5              		.eabi_attribute 20, 1
   6              		.eabi_attribute 21, 1
   7              		.eabi_attribute 23, 3
   8              		.eabi_attribute 24, 1
   9              		.eabi_attribute 25, 1
  10              		.eabi_attribute 26, 1
  11              		.eabi_attribute 30, 1
  12              		.eabi_attribute 34, 1
  13              		.eabi_attribute 18, 4
  14              		.file	"fatfs_platform.c"
  15              		.text
  16              	.Ltext0:
  17              		.cfi_sections	.debug_frame
  18              		.file 1 "FATFS/Target/fatfs_platform.c"
  19              		.section	.text.BSP_PlatformIsDetected,"ax",%progbits
  20              		.align	1
  21              		.global	BSP_PlatformIsDetected
  22              		.syntax unified
  23              		.thumb
  24              		.thumb_func
  26              	BSP_PlatformIsDetected:
  27              	.LFB333:
   1:FATFS/Target/fatfs_platform.c **** /**
   2:FATFS/Target/fatfs_platform.c ****   ******************************************************************************
   3:FATFS/Target/fatfs_platform.c ****   * @file           : fatfs_platform.c
   4:FATFS/Target/fatfs_platform.c ****   * @brief          : fatfs_platform source file
   5:FATFS/Target/fatfs_platform.c ****   ******************************************************************************
   6:FATFS/Target/fatfs_platform.c ****   * @attention
   7:FATFS/Target/fatfs_platform.c ****   *
   8:FATFS/Target/fatfs_platform.c ****   * <h2><center>&copy; Copyright (c) 2025 STMicroelectronics.
   9:FATFS/Target/fatfs_platform.c ****   * All rights reserved.</center></h2>
  10:FATFS/Target/fatfs_platform.c ****   *
  11:FATFS/Target/fatfs_platform.c ****   * This software component is licensed by ST under Ultimate Liberty license
  12:FATFS/Target/fatfs_platform.c ****   * SLA0044, the "License"; You may not use this file except in compliance with
  13:FATFS/Target/fatfs_platform.c ****   * the License. You may obtain a copy of the License at:
  14:FATFS/Target/fatfs_platform.c ****   *                             www.st.com/SLA0044
  15:FATFS/Target/fatfs_platform.c ****   *
  16:FATFS/Target/fatfs_platform.c ****   ******************************************************************************
  17:FATFS/Target/fatfs_platform.c **** */
  18:FATFS/Target/fatfs_platform.c **** #include "fatfs_platform.h"
  19:FATFS/Target/fatfs_platform.c **** 
  20:FATFS/Target/fatfs_platform.c **** uint8_t	BSP_PlatformIsDetected(void) {
  28              		.loc 1 20 38 view -0
  29              		.cfi_startproc
  30              		@ args = 0, pretend = 0, frame = 0
  31              		@ frame_needed = 0, uses_anonymous_args = 0
  32 0000 08B5     		push	{r3, lr}
  33              	.LCFI0:
  34              		.cfi_def_cfa_offset 8
  35              		.cfi_offset 3, -8
  36              		.cfi_offset 14, -4
  21:FATFS/Target/fatfs_platform.c ****     uint8_t status = SD_PRESENT;
  37              		.loc 1 21 5 view .LVU1
ARM GAS  C:\usertemp\ccpwLErF.s 			page 2


  38              	.LVL0:
  22:FATFS/Target/fatfs_platform.c ****     /* Check SD card detect pin */
  23:FATFS/Target/fatfs_platform.c ****     if(HAL_GPIO_ReadPin(SD_DETECT_GPIO_PORT, SD_DETECT_PIN) != GPIO_PIN_RESET)
  39              		.loc 1 23 5 view .LVU2
  40              		.loc 1 23 8 is_stmt 0 view .LVU3
  41 0002 0821     		movs	r1, #8
  42 0004 0348     		ldr	r0, .L5
  43 0006 FFF7FEFF 		bl	HAL_GPIO_ReadPin
  44              	.LVL1:
  45              		.loc 1 23 7 discriminator 1 view .LVU4
  46 000a 08B9     		cbnz	r0, .L3
  21:FATFS/Target/fatfs_platform.c ****     uint8_t status = SD_PRESENT;
  47              		.loc 1 21 13 view .LVU5
  48 000c 0120     		movs	r0, #1
  49              	.L2:
  50              	.LVL2:
  24:FATFS/Target/fatfs_platform.c ****     {
  25:FATFS/Target/fatfs_platform.c ****         status = SD_NOT_PRESENT;
  26:FATFS/Target/fatfs_platform.c ****     }
  27:FATFS/Target/fatfs_platform.c ****     /* USER CODE BEGIN 1 */
  28:FATFS/Target/fatfs_platform.c ****     /* user code can be inserted here */
  29:FATFS/Target/fatfs_platform.c ****     /* USER CODE END 1 */
  30:FATFS/Target/fatfs_platform.c ****     return status;
  51              		.loc 1 30 5 is_stmt 1 view .LVU6
  31:FATFS/Target/fatfs_platform.c **** }
  52              		.loc 1 31 1 is_stmt 0 view .LVU7
  53 000e 08BD     		pop	{r3, pc}
  54              	.LVL3:
  55              	.L3:
  25:FATFS/Target/fatfs_platform.c ****     }
  56              		.loc 1 25 16 view .LVU8
  57 0010 0020     		movs	r0, #0
  58 0012 FCE7     		b	.L2
  59              	.L6:
  60              		.align	2
  61              	.L5:
  62 0014 000C0258 		.word	1476529152
  63              		.cfi_endproc
  64              	.LFE333:
  66              		.text
  67              	.Letext0:
  68              		.file 2 "D:/armtoolchain/arm-gnu-toolchain-13.3.rel1-mingw-w64-i686-arm-none-eabi/arm-none-eabi/in
  69              		.file 3 "D:/armtoolchain/arm-gnu-toolchain-13.3.rel1-mingw-w64-i686-arm-none-eabi/arm-none-eabi/in
  70              		.file 4 "Drivers/CMSIS/Device/ST/STM32H7xx/Include/stm32h743xx.h"
  71              		.file 5 "Drivers/STM32H7xx_HAL_Driver/Inc/stm32h7xx_hal_gpio.h"
ARM GAS  C:\usertemp\ccpwLErF.s 			page 3


DEFINED SYMBOLS
                            *ABS*:00000000 fatfs_platform.c
C:\usertemp\ccpwLErF.s:20     .text.BSP_PlatformIsDetected:00000000 $t
C:\usertemp\ccpwLErF.s:26     .text.BSP_PlatformIsDetected:00000000 BSP_PlatformIsDetected
C:\usertemp\ccpwLErF.s:62     .text.BSP_PlatformIsDetected:00000014 $d

UNDEFINED SYMBOLS
HAL_GPIO_ReadPin
