ARM GAS  C:\usertemp\ccpCZNkZ.s 			page 1


   1              		.cpu cortex-m7
   2              		.arch armv7e-m
   3              		.fpu fpv5-d16
   4              		.eabi_attribute 28, 1
   5              		.eabi_attribute 20, 1
   6              		.eabi_attribute 21, 1
   7              		.eabi_attribute 23, 3
   8              		.eabi_attribute 24, 1
   9              		.eabi_attribute 25, 1
  10              		.eabi_attribute 26, 1
  11              		.eabi_attribute 30, 1
  12              		.eabi_attribute 34, 1
  13              		.eabi_attribute 18, 4
  14              		.file	"lv_calendar_header_dropdown.c"
  15              		.text
  16              	.Ltext0:
  17              		.cfi_sections	.debug_frame
  18              		.file 1 "lvgl/src/extra/widgets/calendar/lv_calendar_header_dropdown.c"
  19              		.section	.rodata.my_constructor.str1.4,"aMS",%progbits,1
  20              		.align	2
  21              	.LC0:
  22 0000 32303233 		.ascii	"2023\0122022\0122021\0122020\0122019\0122018\012201"
  22      0A323032 
  22      320A3230 
  22      32310A32 
  22      3032300A 
  23 0021 370A3230 		.ascii	"7\0122016\0122015\0122014\0122013\0122012\0122011\012"
  23      31360A32 
  23      3031350A 
  23      32303134 
  23      0A323031 
  24 0041 32303130 		.ascii	"2010\0122009\0122008\0122007\0122006\0122005\012200"
  24      0A323030 
  24      390A3230 
  24      30380A32 
  24      3030370A 
  25 0062 340A3230 		.ascii	"4\0122003\0122002\0122001\0122000\0121999\0121998\012"
  25      30330A32 
  25      3030320A 
  25      32303031 
  25      0A323030 
  26 0082 31393937 		.ascii	"1997\0121996\0121995\0121994\0121993\0121992\012199"
  26      0A313939 
  26      360A3139 
  26      39350A31 
  26      3939340A 
  27 00a3 310A3139 		.ascii	"1\0121990\0121989\0121988\0121987\0121986\0121985\012"
  27      39300A31 
  27      3938390A 
  27      31393838 
  27      0A313938 
  28 00c3 31393834 		.ascii	"1984\0121983\0121982\0121981\0121980\0121979\012197"
  28      0A313938 
  28      330A3139 
  28      38320A31 
  28      3938310A 
  29 00e4 380A3139 		.ascii	"8\0121977\0121976\0121975\0121974\0121973\0121972\012"
ARM GAS  C:\usertemp\ccpCZNkZ.s 			page 2


  29      37370A31 
  29      3937360A 
  29      31393735 
  29      0A313937 
  30 0104 31393731 		.ascii	"1971\0121970\0121969\0121968\0121967\0121966\012196"
  30      0A313937 
  30      300A3139 
  30      36390A31 
  30      3936380A 
  31 0125 350A3139 		.ascii	"5\0121964\0121963\0121962\0121961\0121960\0121959\012"
  31      36340A31 
  31      3936330A 
  31      31393632 
  31      0A313936 
  32 0145 31393538 		.ascii	"1958\0121957\0121956\0121955\0121954\0121953\012195"
  32      0A313935 
  32      370A3139 
  32      35360A31 
  32      3935350A 
  33 0166 320A3139 		.ascii	"2\0121951\0121950\0121949\0121948\0121947\0121946\012"
  33      35310A31 
  33      3935300A 
  33      31393439 
  33      0A313934 
  34 0186 31393435 		.ascii	"1945\0121944\0121943\0121942\0121941\0121940\012193"
  34      0A313934 
  34      340A3139 
  34      34330A31 
  34      3934320A 
  35 01a7 390A3139 		.ascii	"9\0121938\0121937\0121936\0121935\0121934\0121933\012"
  35      33380A31 
  35      3933370A 
  35      31393336 
  35      0A313933 
  36 01c7 31393332 		.ascii	"1932\0121931\0121930\0121929\0121928\0121927\012192"
  36      0A313933 
  36      310A3139 
  36      33300A31 
  36      3932390A 
  37 01e8 360A3139 		.ascii	"6\0121925\0121924\0121923\0121922\0121921\0121920\012"
  37      32350A31 
  37      3932340A 
  37      31393233 
  37      0A313932 
  38 0208 31393139 		.ascii	"1919\0121918\0121917\0121916\0121915\0121914\012191"
  38      0A313931 
  38      380A3139 
  38      31370A31 
  38      3931360A 
  39 0229 330A3139 		.ascii	"3\0121912\0121911\0121910\0121909\0121908\0121907\012"
  39      31320A31 
  39      3931310A 
  39      31393130 
  39      0A313930 
  40 0249 31393036 		.ascii	"1906\0121905\0121904\0121903\0121902\0121901\000"
  40      0A313930 
  40      350A3139 
ARM GAS  C:\usertemp\ccpCZNkZ.s 			page 3


  40      30340A31 
  40      3930330A 
  41 0267 00       		.align	2
  42              	.LC1:
  43 0268 30310A30 		.ascii	"01\01202\01203\01204\01205\01206\01207\01208\01209\012"
  43      320A3033 
  43      0A30340A 
  43      30350A30 
  43      360A3037 
  44 0283 31300A31 		.ascii	"10\01211\01212\000"
  44      310A3132 
  44      00
  45              		.section	.text.my_constructor,"ax",%progbits
  46              		.align	1
  47              		.syntax unified
  48              		.thumb
  49              		.thumb_func
  51              	my_constructor:
  52              	.LVL0:
  53              	.LFB162:
   1:lvgl/src/extra/widgets/calendar/lv_calendar_header_dropdown.c **** /**
   2:lvgl/src/extra/widgets/calendar/lv_calendar_header_dropdown.c ****  * @file lv_calendar_obj_dropdown.c
   3:lvgl/src/extra/widgets/calendar/lv_calendar_header_dropdown.c ****  *
   4:lvgl/src/extra/widgets/calendar/lv_calendar_header_dropdown.c ****  */
   5:lvgl/src/extra/widgets/calendar/lv_calendar_header_dropdown.c **** 
   6:lvgl/src/extra/widgets/calendar/lv_calendar_header_dropdown.c **** /*********************
   7:lvgl/src/extra/widgets/calendar/lv_calendar_header_dropdown.c ****  *      INCLUDES
   8:lvgl/src/extra/widgets/calendar/lv_calendar_header_dropdown.c ****  *********************/
   9:lvgl/src/extra/widgets/calendar/lv_calendar_header_dropdown.c **** #include "lv_calendar_header_dropdown.h"
  10:lvgl/src/extra/widgets/calendar/lv_calendar_header_dropdown.c **** #if LV_USE_CALENDAR_HEADER_DROPDOWN
  11:lvgl/src/extra/widgets/calendar/lv_calendar_header_dropdown.c **** 
  12:lvgl/src/extra/widgets/calendar/lv_calendar_header_dropdown.c **** #include "lv_calendar.h"
  13:lvgl/src/extra/widgets/calendar/lv_calendar_header_dropdown.c **** #include "../../../widgets/lv_dropdown.h"
  14:lvgl/src/extra/widgets/calendar/lv_calendar_header_dropdown.c **** #include "../../layouts/flex/lv_flex.h"
  15:lvgl/src/extra/widgets/calendar/lv_calendar_header_dropdown.c **** 
  16:lvgl/src/extra/widgets/calendar/lv_calendar_header_dropdown.c **** /*********************
  17:lvgl/src/extra/widgets/calendar/lv_calendar_header_dropdown.c ****  *      DEFINES
  18:lvgl/src/extra/widgets/calendar/lv_calendar_header_dropdown.c ****  *********************/
  19:lvgl/src/extra/widgets/calendar/lv_calendar_header_dropdown.c **** 
  20:lvgl/src/extra/widgets/calendar/lv_calendar_header_dropdown.c **** /**********************
  21:lvgl/src/extra/widgets/calendar/lv_calendar_header_dropdown.c ****  *      TYPEDEFS
  22:lvgl/src/extra/widgets/calendar/lv_calendar_header_dropdown.c ****  **********************/
  23:lvgl/src/extra/widgets/calendar/lv_calendar_header_dropdown.c **** 
  24:lvgl/src/extra/widgets/calendar/lv_calendar_header_dropdown.c **** /**********************
  25:lvgl/src/extra/widgets/calendar/lv_calendar_header_dropdown.c ****  *  STATIC PROTOTYPES
  26:lvgl/src/extra/widgets/calendar/lv_calendar_header_dropdown.c ****  **********************/
  27:lvgl/src/extra/widgets/calendar/lv_calendar_header_dropdown.c **** static void my_constructor(const lv_obj_class_t * class_p, lv_obj_t * obj);
  28:lvgl/src/extra/widgets/calendar/lv_calendar_header_dropdown.c **** static void year_event_cb(lv_event_t * e);
  29:lvgl/src/extra/widgets/calendar/lv_calendar_header_dropdown.c **** static void month_event_cb(lv_event_t * e);
  30:lvgl/src/extra/widgets/calendar/lv_calendar_header_dropdown.c **** static void value_changed_event_cb(lv_event_t * e);
  31:lvgl/src/extra/widgets/calendar/lv_calendar_header_dropdown.c **** 
  32:lvgl/src/extra/widgets/calendar/lv_calendar_header_dropdown.c **** /**********************
  33:lvgl/src/extra/widgets/calendar/lv_calendar_header_dropdown.c ****  *  STATIC VARIABLES
  34:lvgl/src/extra/widgets/calendar/lv_calendar_header_dropdown.c ****  **********************/
  35:lvgl/src/extra/widgets/calendar/lv_calendar_header_dropdown.c **** const lv_obj_class_t lv_calendar_header_dropdown_class = {
  36:lvgl/src/extra/widgets/calendar/lv_calendar_header_dropdown.c ****     .base_class = &lv_obj_class,
  37:lvgl/src/extra/widgets/calendar/lv_calendar_header_dropdown.c ****     .width_def = LV_PCT(100),
ARM GAS  C:\usertemp\ccpCZNkZ.s 			page 4


  38:lvgl/src/extra/widgets/calendar/lv_calendar_header_dropdown.c ****     .height_def = LV_SIZE_CONTENT,
  39:lvgl/src/extra/widgets/calendar/lv_calendar_header_dropdown.c ****     .constructor_cb = my_constructor
  40:lvgl/src/extra/widgets/calendar/lv_calendar_header_dropdown.c **** };
  41:lvgl/src/extra/widgets/calendar/lv_calendar_header_dropdown.c **** 
  42:lvgl/src/extra/widgets/calendar/lv_calendar_header_dropdown.c **** static const char * month_list = "01\n02\n03\n04\n05\n06\n07\n08\n09\n10\n11\n12";
  43:lvgl/src/extra/widgets/calendar/lv_calendar_header_dropdown.c **** static const char * year_list = {
  44:lvgl/src/extra/widgets/calendar/lv_calendar_header_dropdown.c ****     "2023\n2022\n2021\n"
  45:lvgl/src/extra/widgets/calendar/lv_calendar_header_dropdown.c ****     "2020\n2019\n2018\n2017\n2016\n2015\n2014\n2013\n2012\n2011\n2010\n2009\n2008\n2007\n2006\n2005
  46:lvgl/src/extra/widgets/calendar/lv_calendar_header_dropdown.c ****     "2000\n1999\n1998\n1997\n1996\n1995\n1994\n1993\n1992\n1991\n1990\n1989\n1988\n1987\n1986\n1985
  47:lvgl/src/extra/widgets/calendar/lv_calendar_header_dropdown.c ****     "1980\n1979\n1978\n1977\n1976\n1975\n1974\n1973\n1972\n1971\n1970\n1969\n1968\n1967\n1966\n1965
  48:lvgl/src/extra/widgets/calendar/lv_calendar_header_dropdown.c ****     "1960\n1959\n1958\n1957\n1956\n1955\n1954\n1953\n1952\n1951\n1950\n1949\n1948\n1947\n1946\n1945
  49:lvgl/src/extra/widgets/calendar/lv_calendar_header_dropdown.c ****     "1940\n1939\n1938\n1937\n1936\n1935\n1934\n1933\n1932\n1931\n1930\n1929\n1928\n1927\n1926\n1925
  50:lvgl/src/extra/widgets/calendar/lv_calendar_header_dropdown.c ****     "1920\n1919\n1918\n1917\n1916\n1915\n1914\n1913\n1912\n1911\n1910\n1909\n1908\n1907\n1906\n1905
  51:lvgl/src/extra/widgets/calendar/lv_calendar_header_dropdown.c **** };
  52:lvgl/src/extra/widgets/calendar/lv_calendar_header_dropdown.c **** 
  53:lvgl/src/extra/widgets/calendar/lv_calendar_header_dropdown.c **** /**********************
  54:lvgl/src/extra/widgets/calendar/lv_calendar_header_dropdown.c ****  *      MACROS
  55:lvgl/src/extra/widgets/calendar/lv_calendar_header_dropdown.c ****  **********************/
  56:lvgl/src/extra/widgets/calendar/lv_calendar_header_dropdown.c **** 
  57:lvgl/src/extra/widgets/calendar/lv_calendar_header_dropdown.c **** /**********************
  58:lvgl/src/extra/widgets/calendar/lv_calendar_header_dropdown.c ****  *   GLOBAL FUNCTIONS
  59:lvgl/src/extra/widgets/calendar/lv_calendar_header_dropdown.c ****  **********************/
  60:lvgl/src/extra/widgets/calendar/lv_calendar_header_dropdown.c **** 
  61:lvgl/src/extra/widgets/calendar/lv_calendar_header_dropdown.c **** lv_obj_t * lv_calendar_header_dropdown_create(lv_obj_t * parent)
  62:lvgl/src/extra/widgets/calendar/lv_calendar_header_dropdown.c **** {
  63:lvgl/src/extra/widgets/calendar/lv_calendar_header_dropdown.c ****     lv_obj_t * obj = lv_obj_class_create_obj(&lv_calendar_header_dropdown_class, parent);
  64:lvgl/src/extra/widgets/calendar/lv_calendar_header_dropdown.c ****     lv_obj_class_init_obj(obj);
  65:lvgl/src/extra/widgets/calendar/lv_calendar_header_dropdown.c **** 
  66:lvgl/src/extra/widgets/calendar/lv_calendar_header_dropdown.c ****     return obj;
  67:lvgl/src/extra/widgets/calendar/lv_calendar_header_dropdown.c **** }
  68:lvgl/src/extra/widgets/calendar/lv_calendar_header_dropdown.c **** 
  69:lvgl/src/extra/widgets/calendar/lv_calendar_header_dropdown.c **** /**********************
  70:lvgl/src/extra/widgets/calendar/lv_calendar_header_dropdown.c ****  *  STATIC FUNCTIONS
  71:lvgl/src/extra/widgets/calendar/lv_calendar_header_dropdown.c ****  **********************/
  72:lvgl/src/extra/widgets/calendar/lv_calendar_header_dropdown.c **** 
  73:lvgl/src/extra/widgets/calendar/lv_calendar_header_dropdown.c **** static void my_constructor(const lv_obj_class_t * class_p, lv_obj_t * obj)
  74:lvgl/src/extra/widgets/calendar/lv_calendar_header_dropdown.c **** {
  54              		.loc 1 74 1 view -0
  55              		.cfi_startproc
  56              		@ args = 0, pretend = 0, frame = 0
  57              		@ frame_needed = 0, uses_anonymous_args = 0
  58              		.loc 1 74 1 is_stmt 0 view .LVU1
  59 0000 70B5     		push	{r4, r5, r6, lr}
  60              	.LCFI0:
  61              		.cfi_def_cfa_offset 16
  62              		.cfi_offset 4, -16
  63              		.cfi_offset 5, -12
  64              		.cfi_offset 6, -8
  65              		.cfi_offset 14, -4
  66 0002 0C46     		mov	r4, r1
  75:lvgl/src/extra/widgets/calendar/lv_calendar_header_dropdown.c ****     LV_TRACE_OBJ_CREATE("begin");
  67              		.loc 1 75 5 is_stmt 1 view .LVU2
  68              		.loc 1 75 5 view .LVU3
  69              		.loc 1 75 5 view .LVU4
  76:lvgl/src/extra/widgets/calendar/lv_calendar_header_dropdown.c **** 
  77:lvgl/src/extra/widgets/calendar/lv_calendar_header_dropdown.c ****     LV_UNUSED(class_p);
  70              		.loc 1 77 5 view .LVU5
ARM GAS  C:\usertemp\ccpCZNkZ.s 			page 5


  78:lvgl/src/extra/widgets/calendar/lv_calendar_header_dropdown.c **** 
  79:lvgl/src/extra/widgets/calendar/lv_calendar_header_dropdown.c ****     lv_obj_t * calendar = lv_obj_get_parent(obj);
  71              		.loc 1 79 5 view .LVU6
  72              		.loc 1 79 27 is_stmt 0 view .LVU7
  73 0004 0846     		mov	r0, r1
  74              	.LVL1:
  75              		.loc 1 79 27 view .LVU8
  76 0006 FFF7FEFF 		bl	lv_obj_get_parent
  77              	.LVL2:
  78              		.loc 1 79 27 view .LVU9
  79 000a 0646     		mov	r6, r0
  80              	.LVL3:
  80:lvgl/src/extra/widgets/calendar/lv_calendar_header_dropdown.c ****     lv_obj_move_to_index(obj, 0);
  81              		.loc 1 80 5 is_stmt 1 view .LVU10
  82 000c 0021     		movs	r1, #0
  83 000e 2046     		mov	r0, r4
  84              	.LVL4:
  85              		.loc 1 80 5 is_stmt 0 view .LVU11
  86 0010 FFF7FEFF 		bl	lv_obj_move_to_index
  87              	.LVL5:
  81:lvgl/src/extra/widgets/calendar/lv_calendar_header_dropdown.c ****     lv_obj_set_flex_flow(obj, LV_FLEX_FLOW_ROW);
  88              		.loc 1 81 5 is_stmt 1 view .LVU12
  89 0014 0021     		movs	r1, #0
  90 0016 2046     		mov	r0, r4
  91 0018 FFF7FEFF 		bl	lv_obj_set_flex_flow
  92              	.LVL6:
  82:lvgl/src/extra/widgets/calendar/lv_calendar_header_dropdown.c **** 
  83:lvgl/src/extra/widgets/calendar/lv_calendar_header_dropdown.c ****     lv_obj_t * year_dd = lv_dropdown_create(obj);
  93              		.loc 1 83 5 view .LVU13
  94              		.loc 1 83 26 is_stmt 0 view .LVU14
  95 001c 2046     		mov	r0, r4
  96 001e FFF7FEFF 		bl	lv_dropdown_create
  97              	.LVL7:
  98 0022 0546     		mov	r5, r0
  99              	.LVL8:
  84:lvgl/src/extra/widgets/calendar/lv_calendar_header_dropdown.c ****     lv_dropdown_set_options(year_dd, year_list);
 100              		.loc 1 84 5 is_stmt 1 view .LVU15
 101 0024 1449     		ldr	r1, .L3
 102 0026 FFF7FEFF 		bl	lv_dropdown_set_options
 103              	.LVL9:
  85:lvgl/src/extra/widgets/calendar/lv_calendar_header_dropdown.c ****     lv_obj_add_event_cb(year_dd, year_event_cb, LV_EVENT_VALUE_CHANGED, calendar);
 104              		.loc 1 85 5 view .LVU16
 105 002a 3346     		mov	r3, r6
 106 002c 1C22     		movs	r2, #28
 107 002e 1349     		ldr	r1, .L3+4
 108 0030 2846     		mov	r0, r5
 109 0032 FFF7FEFF 		bl	lv_obj_add_event_cb
 110              	.LVL10:
  86:lvgl/src/extra/widgets/calendar/lv_calendar_header_dropdown.c ****     lv_obj_set_flex_grow(year_dd, 1);
 111              		.loc 1 86 5 view .LVU17
 112 0036 0121     		movs	r1, #1
 113 0038 2846     		mov	r0, r5
 114 003a FFF7FEFF 		bl	lv_obj_set_flex_grow
 115              	.LVL11:
  87:lvgl/src/extra/widgets/calendar/lv_calendar_header_dropdown.c **** 
  88:lvgl/src/extra/widgets/calendar/lv_calendar_header_dropdown.c ****     lv_obj_t * month_dd = lv_dropdown_create(obj);
 116              		.loc 1 88 5 view .LVU18
ARM GAS  C:\usertemp\ccpCZNkZ.s 			page 6


 117              		.loc 1 88 27 is_stmt 0 view .LVU19
 118 003e 2046     		mov	r0, r4
 119 0040 FFF7FEFF 		bl	lv_dropdown_create
 120              	.LVL12:
 121 0044 0546     		mov	r5, r0
 122              	.LVL13:
  89:lvgl/src/extra/widgets/calendar/lv_calendar_header_dropdown.c ****     lv_dropdown_set_options(month_dd, month_list);
 123              		.loc 1 89 5 is_stmt 1 view .LVU20
 124 0046 0E49     		ldr	r1, .L3+8
 125 0048 FFF7FEFF 		bl	lv_dropdown_set_options
 126              	.LVL14:
  90:lvgl/src/extra/widgets/calendar/lv_calendar_header_dropdown.c ****     lv_obj_add_event_cb(month_dd, month_event_cb, LV_EVENT_VALUE_CHANGED, calendar);
 127              		.loc 1 90 5 view .LVU21
 128 004c 3346     		mov	r3, r6
 129 004e 1C22     		movs	r2, #28
 130 0050 0C49     		ldr	r1, .L3+12
 131 0052 2846     		mov	r0, r5
 132 0054 FFF7FEFF 		bl	lv_obj_add_event_cb
 133              	.LVL15:
  91:lvgl/src/extra/widgets/calendar/lv_calendar_header_dropdown.c ****     lv_obj_set_flex_grow(month_dd, 1);
 134              		.loc 1 91 5 view .LVU22
 135 0058 0121     		movs	r1, #1
 136 005a 2846     		mov	r0, r5
 137 005c FFF7FEFF 		bl	lv_obj_set_flex_grow
 138              	.LVL16:
  92:lvgl/src/extra/widgets/calendar/lv_calendar_header_dropdown.c **** 
  93:lvgl/src/extra/widgets/calendar/lv_calendar_header_dropdown.c ****     lv_obj_add_event_cb(obj, value_changed_event_cb, LV_EVENT_VALUE_CHANGED, NULL);
 139              		.loc 1 93 5 view .LVU23
 140 0060 0023     		movs	r3, #0
 141 0062 1C22     		movs	r2, #28
 142 0064 0849     		ldr	r1, .L3+16
 143 0066 2046     		mov	r0, r4
 144 0068 FFF7FEFF 		bl	lv_obj_add_event_cb
 145              	.LVL17:
  94:lvgl/src/extra/widgets/calendar/lv_calendar_header_dropdown.c ****     /*Refresh the drop downs*/
  95:lvgl/src/extra/widgets/calendar/lv_calendar_header_dropdown.c ****     lv_event_send(obj, LV_EVENT_VALUE_CHANGED, NULL);
 146              		.loc 1 95 5 view .LVU24
 147 006c 0022     		movs	r2, #0
 148 006e 1C21     		movs	r1, #28
 149 0070 2046     		mov	r0, r4
 150 0072 FFF7FEFF 		bl	lv_event_send
 151              	.LVL18:
  96:lvgl/src/extra/widgets/calendar/lv_calendar_header_dropdown.c **** }
 152              		.loc 1 96 1 is_stmt 0 view .LVU25
 153 0076 70BD     		pop	{r4, r5, r6, pc}
 154              	.LVL19:
 155              	.L4:
 156              		.loc 1 96 1 view .LVU26
 157              		.align	2
 158              	.L3:
 159 0078 00000000 		.word	.LC0
 160 007c 00000000 		.word	year_event_cb
 161 0080 68020000 		.word	.LC1
 162 0084 00000000 		.word	month_event_cb
 163 0088 00000000 		.word	value_changed_event_cb
 164              		.cfi_endproc
 165              	.LFE162:
ARM GAS  C:\usertemp\ccpCZNkZ.s 			page 7


 167              		.section	.text.value_changed_event_cb,"ax",%progbits
 168              		.align	1
 169              		.syntax unified
 170              		.thumb
 171              		.thumb_func
 173              	value_changed_event_cb:
 174              	.LVL20:
 175              	.LFB165:
  97:lvgl/src/extra/widgets/calendar/lv_calendar_header_dropdown.c **** 
  98:lvgl/src/extra/widgets/calendar/lv_calendar_header_dropdown.c **** static void month_event_cb(lv_event_t * e)
  99:lvgl/src/extra/widgets/calendar/lv_calendar_header_dropdown.c **** {
 100:lvgl/src/extra/widgets/calendar/lv_calendar_header_dropdown.c ****     lv_obj_t * dropdown = lv_event_get_target(e);
 101:lvgl/src/extra/widgets/calendar/lv_calendar_header_dropdown.c ****     lv_obj_t * calendar = lv_event_get_user_data(e);
 102:lvgl/src/extra/widgets/calendar/lv_calendar_header_dropdown.c **** 
 103:lvgl/src/extra/widgets/calendar/lv_calendar_header_dropdown.c ****     uint16_t sel = lv_dropdown_get_selected(dropdown);
 104:lvgl/src/extra/widgets/calendar/lv_calendar_header_dropdown.c **** 
 105:lvgl/src/extra/widgets/calendar/lv_calendar_header_dropdown.c ****     const lv_calendar_date_t * d;
 106:lvgl/src/extra/widgets/calendar/lv_calendar_header_dropdown.c ****     d = lv_calendar_get_showed_date(calendar);
 107:lvgl/src/extra/widgets/calendar/lv_calendar_header_dropdown.c ****     lv_calendar_date_t newd = *d;
 108:lvgl/src/extra/widgets/calendar/lv_calendar_header_dropdown.c ****     newd.month = sel + 1;
 109:lvgl/src/extra/widgets/calendar/lv_calendar_header_dropdown.c **** 
 110:lvgl/src/extra/widgets/calendar/lv_calendar_header_dropdown.c ****     lv_calendar_set_showed_date(calendar, newd.year, newd.month);
 111:lvgl/src/extra/widgets/calendar/lv_calendar_header_dropdown.c **** }
 112:lvgl/src/extra/widgets/calendar/lv_calendar_header_dropdown.c **** 
 113:lvgl/src/extra/widgets/calendar/lv_calendar_header_dropdown.c **** static void year_event_cb(lv_event_t * e)
 114:lvgl/src/extra/widgets/calendar/lv_calendar_header_dropdown.c **** {
 115:lvgl/src/extra/widgets/calendar/lv_calendar_header_dropdown.c ****     lv_obj_t * dropdown = lv_event_get_target(e);
 116:lvgl/src/extra/widgets/calendar/lv_calendar_header_dropdown.c ****     lv_obj_t * calendar = lv_event_get_user_data(e);
 117:lvgl/src/extra/widgets/calendar/lv_calendar_header_dropdown.c **** 
 118:lvgl/src/extra/widgets/calendar/lv_calendar_header_dropdown.c ****     uint16_t sel = lv_dropdown_get_selected(dropdown);
 119:lvgl/src/extra/widgets/calendar/lv_calendar_header_dropdown.c **** 
 120:lvgl/src/extra/widgets/calendar/lv_calendar_header_dropdown.c ****     const lv_calendar_date_t * d;
 121:lvgl/src/extra/widgets/calendar/lv_calendar_header_dropdown.c ****     d = lv_calendar_get_showed_date(calendar);
 122:lvgl/src/extra/widgets/calendar/lv_calendar_header_dropdown.c ****     lv_calendar_date_t newd = *d;
 123:lvgl/src/extra/widgets/calendar/lv_calendar_header_dropdown.c ****     newd.year = 2023 - sel;
 124:lvgl/src/extra/widgets/calendar/lv_calendar_header_dropdown.c **** 
 125:lvgl/src/extra/widgets/calendar/lv_calendar_header_dropdown.c ****     lv_calendar_set_showed_date(calendar, newd.year, newd.month);
 126:lvgl/src/extra/widgets/calendar/lv_calendar_header_dropdown.c **** }
 127:lvgl/src/extra/widgets/calendar/lv_calendar_header_dropdown.c **** 
 128:lvgl/src/extra/widgets/calendar/lv_calendar_header_dropdown.c **** static void value_changed_event_cb(lv_event_t * e)
 129:lvgl/src/extra/widgets/calendar/lv_calendar_header_dropdown.c **** {
 176              		.loc 1 129 1 is_stmt 1 view -0
 177              		.cfi_startproc
 178              		@ args = 0, pretend = 0, frame = 0
 179              		@ frame_needed = 0, uses_anonymous_args = 0
 180              		.loc 1 129 1 is_stmt 0 view .LVU28
 181 0000 38B5     		push	{r3, r4, r5, lr}
 182              	.LCFI1:
 183              		.cfi_def_cfa_offset 16
 184              		.cfi_offset 3, -16
 185              		.cfi_offset 4, -12
 186              		.cfi_offset 5, -8
 187              		.cfi_offset 14, -4
 130:lvgl/src/extra/widgets/calendar/lv_calendar_header_dropdown.c ****     lv_obj_t * header = lv_event_get_target(e);
 188              		.loc 1 130 5 is_stmt 1 view .LVU29
 189              		.loc 1 130 25 is_stmt 0 view .LVU30
 190 0002 FFF7FEFF 		bl	lv_event_get_target
ARM GAS  C:\usertemp\ccpCZNkZ.s 			page 8


 191              	.LVL21:
 192              		.loc 1 130 25 view .LVU31
 193 0006 0546     		mov	r5, r0
 194              	.LVL22:
 131:lvgl/src/extra/widgets/calendar/lv_calendar_header_dropdown.c ****     lv_obj_t * calendar = lv_obj_get_parent(header);
 195              		.loc 1 131 5 is_stmt 1 view .LVU32
 196              		.loc 1 131 27 is_stmt 0 view .LVU33
 197 0008 FFF7FEFF 		bl	lv_obj_get_parent
 198              	.LVL23:
 132:lvgl/src/extra/widgets/calendar/lv_calendar_header_dropdown.c ****     const lv_calendar_date_t * cur_date = lv_calendar_get_showed_date(calendar);
 199              		.loc 1 132 5 is_stmt 1 view .LVU34
 200              		.loc 1 132 43 is_stmt 0 view .LVU35
 201 000c FFF7FEFF 		bl	lv_calendar_get_showed_date
 202              	.LVL24:
 203              		.loc 1 132 43 view .LVU36
 204 0010 0446     		mov	r4, r0
 205              	.LVL25:
 133:lvgl/src/extra/widgets/calendar/lv_calendar_header_dropdown.c **** 
 134:lvgl/src/extra/widgets/calendar/lv_calendar_header_dropdown.c ****     lv_obj_t * year_dd = lv_obj_get_child(header, 0);
 206              		.loc 1 134 5 is_stmt 1 view .LVU37
 207              		.loc 1 134 26 is_stmt 0 view .LVU38
 208 0012 0021     		movs	r1, #0
 209 0014 2846     		mov	r0, r5
 210              	.LVL26:
 211              		.loc 1 134 26 view .LVU39
 212 0016 FFF7FEFF 		bl	lv_obj_get_child
 213              	.LVL27:
 135:lvgl/src/extra/widgets/calendar/lv_calendar_header_dropdown.c ****     lv_dropdown_set_selected(year_dd, 2023 - cur_date->year);
 214              		.loc 1 135 5 is_stmt 1 view .LVU40
 215              		.loc 1 135 54 is_stmt 0 view .LVU41
 216 001a 2388     		ldrh	r3, [r4]
 217              		.loc 1 135 5 view .LVU42
 218 001c 40F2E771 		movw	r1, #2023
 219 0020 C91A     		subs	r1, r1, r3
 220 0022 89B2     		uxth	r1, r1
 221 0024 FFF7FEFF 		bl	lv_dropdown_set_selected
 222              	.LVL28:
 136:lvgl/src/extra/widgets/calendar/lv_calendar_header_dropdown.c **** 
 137:lvgl/src/extra/widgets/calendar/lv_calendar_header_dropdown.c ****     lv_obj_t * month_dd = lv_obj_get_child(header, 1);
 223              		.loc 1 137 5 is_stmt 1 view .LVU43
 224              		.loc 1 137 27 is_stmt 0 view .LVU44
 225 0028 0121     		movs	r1, #1
 226 002a 2846     		mov	r0, r5
 227 002c FFF7FEFF 		bl	lv_obj_get_child
 228              	.LVL29:
 138:lvgl/src/extra/widgets/calendar/lv_calendar_header_dropdown.c ****     lv_dropdown_set_selected(month_dd, cur_date->month - 1);
 229              		.loc 1 138 5 is_stmt 1 view .LVU45
 230              		.loc 1 138 48 is_stmt 0 view .LVU46
 231 0030 94F90210 		ldrsb	r1, [r4, #2]
 232 0034 89B2     		uxth	r1, r1
 233              		.loc 1 138 5 view .LVU47
 234 0036 0139     		subs	r1, r1, #1
 235 0038 89B2     		uxth	r1, r1
 236 003a FFF7FEFF 		bl	lv_dropdown_set_selected
 237              	.LVL30:
 139:lvgl/src/extra/widgets/calendar/lv_calendar_header_dropdown.c **** }
 238              		.loc 1 139 1 view .LVU48
ARM GAS  C:\usertemp\ccpCZNkZ.s 			page 9


 239 003e 38BD     		pop	{r3, r4, r5, pc}
 240              		.loc 1 139 1 view .LVU49
 241              		.cfi_endproc
 242              	.LFE165:
 244              		.section	.text.month_event_cb,"ax",%progbits
 245              		.align	1
 246              		.syntax unified
 247              		.thumb
 248              		.thumb_func
 250              	month_event_cb:
 251              	.LVL31:
 252              	.LFB163:
  99:lvgl/src/extra/widgets/calendar/lv_calendar_header_dropdown.c ****     lv_obj_t * dropdown = lv_event_get_target(e);
 253              		.loc 1 99 1 is_stmt 1 view -0
 254              		.cfi_startproc
 255              		@ args = 0, pretend = 0, frame = 8
 256              		@ frame_needed = 0, uses_anonymous_args = 0
  99:lvgl/src/extra/widgets/calendar/lv_calendar_header_dropdown.c ****     lv_obj_t * dropdown = lv_event_get_target(e);
 257              		.loc 1 99 1 is_stmt 0 view .LVU51
 258 0000 30B5     		push	{r4, r5, lr}
 259              	.LCFI2:
 260              		.cfi_def_cfa_offset 12
 261              		.cfi_offset 4, -12
 262              		.cfi_offset 5, -8
 263              		.cfi_offset 14, -4
 264 0002 83B0     		sub	sp, sp, #12
 265              	.LCFI3:
 266              		.cfi_def_cfa_offset 24
 267 0004 0546     		mov	r5, r0
 100:lvgl/src/extra/widgets/calendar/lv_calendar_header_dropdown.c ****     lv_obj_t * calendar = lv_event_get_user_data(e);
 268              		.loc 1 100 5 is_stmt 1 view .LVU52
 100:lvgl/src/extra/widgets/calendar/lv_calendar_header_dropdown.c ****     lv_obj_t * calendar = lv_event_get_user_data(e);
 269              		.loc 1 100 27 is_stmt 0 view .LVU53
 270 0006 FFF7FEFF 		bl	lv_event_get_target
 271              	.LVL32:
 100:lvgl/src/extra/widgets/calendar/lv_calendar_header_dropdown.c ****     lv_obj_t * calendar = lv_event_get_user_data(e);
 272              		.loc 1 100 27 view .LVU54
 273 000a 0446     		mov	r4, r0
 274              	.LVL33:
 101:lvgl/src/extra/widgets/calendar/lv_calendar_header_dropdown.c **** 
 275              		.loc 1 101 5 is_stmt 1 view .LVU55
 101:lvgl/src/extra/widgets/calendar/lv_calendar_header_dropdown.c **** 
 276              		.loc 1 101 27 is_stmt 0 view .LVU56
 277 000c 2846     		mov	r0, r5
 278              	.LVL34:
 101:lvgl/src/extra/widgets/calendar/lv_calendar_header_dropdown.c **** 
 279              		.loc 1 101 27 view .LVU57
 280 000e FFF7FEFF 		bl	lv_event_get_user_data
 281              	.LVL35:
 282 0012 0546     		mov	r5, r0
 283              	.LVL36:
 103:lvgl/src/extra/widgets/calendar/lv_calendar_header_dropdown.c **** 
 284              		.loc 1 103 5 is_stmt 1 view .LVU58
 103:lvgl/src/extra/widgets/calendar/lv_calendar_header_dropdown.c **** 
 285              		.loc 1 103 20 is_stmt 0 view .LVU59
 286 0014 2046     		mov	r0, r4
 287              	.LVL37:
ARM GAS  C:\usertemp\ccpCZNkZ.s 			page 10


 103:lvgl/src/extra/widgets/calendar/lv_calendar_header_dropdown.c **** 
 288              		.loc 1 103 20 view .LVU60
 289 0016 FFF7FEFF 		bl	lv_dropdown_get_selected
 290              	.LVL38:
 291 001a 0446     		mov	r4, r0
 292              	.LVL39:
 105:lvgl/src/extra/widgets/calendar/lv_calendar_header_dropdown.c ****     d = lv_calendar_get_showed_date(calendar);
 293              		.loc 1 105 5 is_stmt 1 view .LVU61
 106:lvgl/src/extra/widgets/calendar/lv_calendar_header_dropdown.c ****     lv_calendar_date_t newd = *d;
 294              		.loc 1 106 5 view .LVU62
 106:lvgl/src/extra/widgets/calendar/lv_calendar_header_dropdown.c ****     lv_calendar_date_t newd = *d;
 295              		.loc 1 106 9 is_stmt 0 view .LVU63
 296 001c 2846     		mov	r0, r5
 297 001e FFF7FEFF 		bl	lv_calendar_get_showed_date
 298              	.LVL40:
 107:lvgl/src/extra/widgets/calendar/lv_calendar_header_dropdown.c ****     newd.month = sel + 1;
 299              		.loc 1 107 5 is_stmt 1 view .LVU64
 107:lvgl/src/extra/widgets/calendar/lv_calendar_header_dropdown.c ****     newd.month = sel + 1;
 300              		.loc 1 107 24 is_stmt 0 view .LVU65
 301 0022 0068     		ldr	r0, [r0]	@ unaligned
 302              	.LVL41:
 107:lvgl/src/extra/widgets/calendar/lv_calendar_header_dropdown.c ****     newd.month = sel + 1;
 303              		.loc 1 107 24 view .LVU66
 304 0024 0190     		str	r0, [sp, #4]
 108:lvgl/src/extra/widgets/calendar/lv_calendar_header_dropdown.c **** 
 305              		.loc 1 108 5 is_stmt 1 view .LVU67
 108:lvgl/src/extra/widgets/calendar/lv_calendar_header_dropdown.c **** 
 306              		.loc 1 108 22 is_stmt 0 view .LVU68
 307 0026 621C     		adds	r2, r4, #1
 308 0028 52B2     		sxtb	r2, r2
 108:lvgl/src/extra/widgets/calendar/lv_calendar_header_dropdown.c **** 
 309              		.loc 1 108 16 view .LVU69
 310 002a 8DF80620 		strb	r2, [sp, #6]
 110:lvgl/src/extra/widgets/calendar/lv_calendar_header_dropdown.c **** }
 311              		.loc 1 110 5 is_stmt 1 view .LVU70
 312 002e BDF80410 		ldrh	r1, [sp, #4]
 313 0032 2846     		mov	r0, r5
 314 0034 FFF7FEFF 		bl	lv_calendar_set_showed_date
 315              	.LVL42:
 111:lvgl/src/extra/widgets/calendar/lv_calendar_header_dropdown.c **** 
 316              		.loc 1 111 1 is_stmt 0 view .LVU71
 317 0038 03B0     		add	sp, sp, #12
 318              	.LCFI4:
 319              		.cfi_def_cfa_offset 12
 320              		@ sp needed
 321 003a 30BD     		pop	{r4, r5, pc}
 111:lvgl/src/extra/widgets/calendar/lv_calendar_header_dropdown.c **** 
 322              		.loc 1 111 1 view .LVU72
 323              		.cfi_endproc
 324              	.LFE163:
 326              		.section	.text.year_event_cb,"ax",%progbits
 327              		.align	1
 328              		.syntax unified
 329              		.thumb
 330              		.thumb_func
 332              	year_event_cb:
 333              	.LVL43:
ARM GAS  C:\usertemp\ccpCZNkZ.s 			page 11


 334              	.LFB164:
 114:lvgl/src/extra/widgets/calendar/lv_calendar_header_dropdown.c ****     lv_obj_t * dropdown = lv_event_get_target(e);
 335              		.loc 1 114 1 is_stmt 1 view -0
 336              		.cfi_startproc
 337              		@ args = 0, pretend = 0, frame = 8
 338              		@ frame_needed = 0, uses_anonymous_args = 0
 114:lvgl/src/extra/widgets/calendar/lv_calendar_header_dropdown.c ****     lv_obj_t * dropdown = lv_event_get_target(e);
 339              		.loc 1 114 1 is_stmt 0 view .LVU74
 340 0000 30B5     		push	{r4, r5, lr}
 341              	.LCFI5:
 342              		.cfi_def_cfa_offset 12
 343              		.cfi_offset 4, -12
 344              		.cfi_offset 5, -8
 345              		.cfi_offset 14, -4
 346 0002 83B0     		sub	sp, sp, #12
 347              	.LCFI6:
 348              		.cfi_def_cfa_offset 24
 349 0004 0446     		mov	r4, r0
 115:lvgl/src/extra/widgets/calendar/lv_calendar_header_dropdown.c ****     lv_obj_t * calendar = lv_event_get_user_data(e);
 350              		.loc 1 115 5 is_stmt 1 view .LVU75
 115:lvgl/src/extra/widgets/calendar/lv_calendar_header_dropdown.c ****     lv_obj_t * calendar = lv_event_get_user_data(e);
 351              		.loc 1 115 27 is_stmt 0 view .LVU76
 352 0006 FFF7FEFF 		bl	lv_event_get_target
 353              	.LVL44:
 115:lvgl/src/extra/widgets/calendar/lv_calendar_header_dropdown.c ****     lv_obj_t * calendar = lv_event_get_user_data(e);
 354              		.loc 1 115 27 view .LVU77
 355 000a 0546     		mov	r5, r0
 356              	.LVL45:
 116:lvgl/src/extra/widgets/calendar/lv_calendar_header_dropdown.c **** 
 357              		.loc 1 116 5 is_stmt 1 view .LVU78
 116:lvgl/src/extra/widgets/calendar/lv_calendar_header_dropdown.c **** 
 358              		.loc 1 116 27 is_stmt 0 view .LVU79
 359 000c 2046     		mov	r0, r4
 360              	.LVL46:
 116:lvgl/src/extra/widgets/calendar/lv_calendar_header_dropdown.c **** 
 361              		.loc 1 116 27 view .LVU80
 362 000e FFF7FEFF 		bl	lv_event_get_user_data
 363              	.LVL47:
 364 0012 0446     		mov	r4, r0
 365              	.LVL48:
 118:lvgl/src/extra/widgets/calendar/lv_calendar_header_dropdown.c **** 
 366              		.loc 1 118 5 is_stmt 1 view .LVU81
 118:lvgl/src/extra/widgets/calendar/lv_calendar_header_dropdown.c **** 
 367              		.loc 1 118 20 is_stmt 0 view .LVU82
 368 0014 2846     		mov	r0, r5
 369              	.LVL49:
 118:lvgl/src/extra/widgets/calendar/lv_calendar_header_dropdown.c **** 
 370              		.loc 1 118 20 view .LVU83
 371 0016 FFF7FEFF 		bl	lv_dropdown_get_selected
 372              	.LVL50:
 373 001a 0546     		mov	r5, r0
 374              	.LVL51:
 120:lvgl/src/extra/widgets/calendar/lv_calendar_header_dropdown.c ****     d = lv_calendar_get_showed_date(calendar);
 375              		.loc 1 120 5 is_stmt 1 view .LVU84
 121:lvgl/src/extra/widgets/calendar/lv_calendar_header_dropdown.c ****     lv_calendar_date_t newd = *d;
 376              		.loc 1 121 5 view .LVU85
 121:lvgl/src/extra/widgets/calendar/lv_calendar_header_dropdown.c ****     lv_calendar_date_t newd = *d;
ARM GAS  C:\usertemp\ccpCZNkZ.s 			page 12


 377              		.loc 1 121 9 is_stmt 0 view .LVU86
 378 001c 2046     		mov	r0, r4
 379 001e FFF7FEFF 		bl	lv_calendar_get_showed_date
 380              	.LVL52:
 122:lvgl/src/extra/widgets/calendar/lv_calendar_header_dropdown.c ****     newd.year = 2023 - sel;
 381              		.loc 1 122 5 is_stmt 1 view .LVU87
 122:lvgl/src/extra/widgets/calendar/lv_calendar_header_dropdown.c ****     newd.year = 2023 - sel;
 382              		.loc 1 122 24 is_stmt 0 view .LVU88
 383 0022 0068     		ldr	r0, [r0]	@ unaligned
 384              	.LVL53:
 122:lvgl/src/extra/widgets/calendar/lv_calendar_header_dropdown.c ****     newd.year = 2023 - sel;
 385              		.loc 1 122 24 view .LVU89
 386 0024 0190     		str	r0, [sp, #4]
 123:lvgl/src/extra/widgets/calendar/lv_calendar_header_dropdown.c **** 
 387              		.loc 1 123 5 is_stmt 1 view .LVU90
 123:lvgl/src/extra/widgets/calendar/lv_calendar_header_dropdown.c **** 
 388              		.loc 1 123 22 is_stmt 0 view .LVU91
 389 0026 40F2E771 		movw	r1, #2023
 390 002a 491B     		subs	r1, r1, r5
 391 002c 89B2     		uxth	r1, r1
 123:lvgl/src/extra/widgets/calendar/lv_calendar_header_dropdown.c **** 
 392              		.loc 1 123 15 view .LVU92
 393 002e ADF80410 		strh	r1, [sp, #4]	@ movhi
 125:lvgl/src/extra/widgets/calendar/lv_calendar_header_dropdown.c **** }
 394              		.loc 1 125 5 is_stmt 1 view .LVU93
 395 0032 9DF90620 		ldrsb	r2, [sp, #6]
 396 0036 2046     		mov	r0, r4
 397 0038 FFF7FEFF 		bl	lv_calendar_set_showed_date
 398              	.LVL54:
 126:lvgl/src/extra/widgets/calendar/lv_calendar_header_dropdown.c **** 
 399              		.loc 1 126 1 is_stmt 0 view .LVU94
 400 003c 03B0     		add	sp, sp, #12
 401              	.LCFI7:
 402              		.cfi_def_cfa_offset 12
 403              		@ sp needed
 404 003e 30BD     		pop	{r4, r5, pc}
 126:lvgl/src/extra/widgets/calendar/lv_calendar_header_dropdown.c **** 
 405              		.loc 1 126 1 view .LVU95
 406              		.cfi_endproc
 407              	.LFE164:
 409              		.section	.text.lv_calendar_header_dropdown_create,"ax",%progbits
 410              		.align	1
 411              		.global	lv_calendar_header_dropdown_create
 412              		.syntax unified
 413              		.thumb
 414              		.thumb_func
 416              	lv_calendar_header_dropdown_create:
 417              	.LVL55:
 418              	.LFB161:
  62:lvgl/src/extra/widgets/calendar/lv_calendar_header_dropdown.c ****     lv_obj_t * obj = lv_obj_class_create_obj(&lv_calendar_header_dropdown_class, parent);
 419              		.loc 1 62 1 is_stmt 1 view -0
 420              		.cfi_startproc
 421              		@ args = 0, pretend = 0, frame = 0
 422              		@ frame_needed = 0, uses_anonymous_args = 0
  62:lvgl/src/extra/widgets/calendar/lv_calendar_header_dropdown.c ****     lv_obj_t * obj = lv_obj_class_create_obj(&lv_calendar_header_dropdown_class, parent);
 423              		.loc 1 62 1 is_stmt 0 view .LVU97
 424 0000 10B5     		push	{r4, lr}
ARM GAS  C:\usertemp\ccpCZNkZ.s 			page 13


 425              	.LCFI8:
 426              		.cfi_def_cfa_offset 8
 427              		.cfi_offset 4, -8
 428              		.cfi_offset 14, -4
 429 0002 0146     		mov	r1, r0
  63:lvgl/src/extra/widgets/calendar/lv_calendar_header_dropdown.c ****     lv_obj_class_init_obj(obj);
 430              		.loc 1 63 5 is_stmt 1 view .LVU98
  63:lvgl/src/extra/widgets/calendar/lv_calendar_header_dropdown.c ****     lv_obj_class_init_obj(obj);
 431              		.loc 1 63 22 is_stmt 0 view .LVU99
 432 0004 0348     		ldr	r0, .L13
 433              	.LVL56:
  63:lvgl/src/extra/widgets/calendar/lv_calendar_header_dropdown.c ****     lv_obj_class_init_obj(obj);
 434              		.loc 1 63 22 view .LVU100
 435 0006 FFF7FEFF 		bl	lv_obj_class_create_obj
 436              	.LVL57:
  63:lvgl/src/extra/widgets/calendar/lv_calendar_header_dropdown.c ****     lv_obj_class_init_obj(obj);
 437              		.loc 1 63 22 view .LVU101
 438 000a 0446     		mov	r4, r0
 439              	.LVL58:
  64:lvgl/src/extra/widgets/calendar/lv_calendar_header_dropdown.c **** 
 440              		.loc 1 64 5 is_stmt 1 view .LVU102
 441 000c FFF7FEFF 		bl	lv_obj_class_init_obj
 442              	.LVL59:
  66:lvgl/src/extra/widgets/calendar/lv_calendar_header_dropdown.c **** }
 443              		.loc 1 66 5 view .LVU103
  67:lvgl/src/extra/widgets/calendar/lv_calendar_header_dropdown.c **** 
 444              		.loc 1 67 1 is_stmt 0 view .LVU104
 445 0010 2046     		mov	r0, r4
 446 0012 10BD     		pop	{r4, pc}
 447              	.LVL60:
 448              	.L14:
  67:lvgl/src/extra/widgets/calendar/lv_calendar_header_dropdown.c **** 
 449              		.loc 1 67 1 view .LVU105
 450              		.align	2
 451              	.L13:
 452 0014 00000000 		.word	lv_calendar_header_dropdown_class
 453              		.cfi_endproc
 454              	.LFE161:
 456              		.global	lv_calendar_header_dropdown_class
 457              		.section	.rodata.lv_calendar_header_dropdown_class,"a"
 458              		.align	2
 461              	lv_calendar_header_dropdown_class:
 462 0000 00000000 		.word	lv_obj_class
 463 0004 00000000 		.word	my_constructor
 464 0008 00000000 		.space	12
 464      00000000 
 464      00000000 
 465 0014 6420     		.short	8292
 466 0016 D127     		.short	10193
 467 0018 00000000 		.space	4
 468              		.text
 469              	.Letext0:
 470              		.file 2 "D:/armtoolchain/arm-gnu-toolchain-13.3.rel1-mingw-w64-i686-arm-none-eabi/arm-none-eabi/in
 471              		.file 3 "D:/armtoolchain/arm-gnu-toolchain-13.3.rel1-mingw-w64-i686-arm-none-eabi/arm-none-eabi/in
 472              		.file 4 "D:/update_2024EL/changeform/743zit6/lvgl/src/misc/lv_area.h"
 473              		.file 5 "D:/update_2024EL/changeform/743zit6/lvgl/src/misc/lv_types.h"
 474              		.file 6 "D:/update_2024EL/changeform/743zit6/lvgl/src/misc/lv_color.h"
ARM GAS  C:\usertemp\ccpCZNkZ.s 			page 14


 475              		.file 7 "D:/update_2024EL/changeform/743zit6/lvgl/src/misc/lv_style.h"
 476              		.file 8 "lvgl/src/extra/widgets/calendar/../../../core/lv_obj.h"
 477              		.file 9 "D:/update_2024EL/changeform/743zit6/lvgl/src/misc/lv_ll.h"
 478              		.file 10 "lvgl/src/extra/widgets/calendar/../../../core/lv_group.h"
 479              		.file 11 "lvgl/src/extra/widgets/calendar/../../../core/lv_obj_scroll.h"
 480              		.file 12 "lvgl/src/extra/widgets/calendar/../../../core/lv_obj_style.h"
 481              		.file 13 "lvgl/src/extra/widgets/calendar/../../../core/lv_obj_class.h"
 482              		.file 14 "lvgl/src/extra/widgets/calendar/../../../core/lv_event.h"
 483              		.file 15 "lvgl/src/extra/widgets/calendar/lv_calendar_header_dropdown.h"
 484              		.file 16 "lvgl/src/extra/widgets/calendar/lv_calendar.h"
 485              		.file 17 "lvgl/src/extra/widgets/calendar/../../layouts/flex/lv_flex.h"
 486              		.file 18 "lvgl/src/extra/widgets/calendar/../../../widgets/lv_dropdown.h"
 487              		.file 19 "lvgl/src/extra/widgets/calendar/../../../core/lv_obj_tree.h"
ARM GAS  C:\usertemp\ccpCZNkZ.s 			page 15


DEFINED SYMBOLS
                            *ABS*:00000000 lv_calendar_header_dropdown.c
C:\usertemp\ccpCZNkZ.s:20     .rodata.my_constructor.str1.4:00000000 $d
C:\usertemp\ccpCZNkZ.s:46     .text.my_constructor:00000000 $t
C:\usertemp\ccpCZNkZ.s:51     .text.my_constructor:00000000 my_constructor
C:\usertemp\ccpCZNkZ.s:159    .text.my_constructor:00000078 $d
C:\usertemp\ccpCZNkZ.s:332    .text.year_event_cb:00000000 year_event_cb
C:\usertemp\ccpCZNkZ.s:250    .text.month_event_cb:00000000 month_event_cb
C:\usertemp\ccpCZNkZ.s:173    .text.value_changed_event_cb:00000000 value_changed_event_cb
C:\usertemp\ccpCZNkZ.s:168    .text.value_changed_event_cb:00000000 $t
C:\usertemp\ccpCZNkZ.s:245    .text.month_event_cb:00000000 $t
C:\usertemp\ccpCZNkZ.s:327    .text.year_event_cb:00000000 $t
C:\usertemp\ccpCZNkZ.s:410    .text.lv_calendar_header_dropdown_create:00000000 $t
C:\usertemp\ccpCZNkZ.s:416    .text.lv_calendar_header_dropdown_create:00000000 lv_calendar_header_dropdown_create
C:\usertemp\ccpCZNkZ.s:452    .text.lv_calendar_header_dropdown_create:00000014 $d
C:\usertemp\ccpCZNkZ.s:461    .rodata.lv_calendar_header_dropdown_class:00000000 lv_calendar_header_dropdown_class
C:\usertemp\ccpCZNkZ.s:458    .rodata.lv_calendar_header_dropdown_class:00000000 $d

UNDEFINED SYMBOLS
lv_obj_get_parent
lv_obj_move_to_index
lv_obj_set_flex_flow
lv_dropdown_create
lv_dropdown_set_options
lv_obj_add_event_cb
lv_obj_set_flex_grow
lv_event_send
lv_event_get_target
lv_calendar_get_showed_date
lv_obj_get_child
lv_dropdown_set_selected
lv_event_get_user_data
lv_dropdown_get_selected
lv_calendar_set_showed_date
lv_obj_class_create_obj
lv_obj_class_init_obj
lv_obj_class
