ARM GAS  C:\usertemp\ccQAjrYR.s 			page 1


   1              		.cpu cortex-m7
   2              		.arch armv7e-m
   3              		.fpu fpv5-d16
   4              		.eabi_attribute 28, 1
   5              		.eabi_attribute 20, 1
   6              		.eabi_attribute 21, 1
   7              		.eabi_attribute 23, 3
   8              		.eabi_attribute 24, 1
   9              		.eabi_attribute 25, 1
  10              		.eabi_attribute 26, 1
  11              		.eabi_attribute 30, 1
  12              		.eabi_attribute 34, 1
  13              		.eabi_attribute 18, 4
  14              		.file	"lv_draw_line.c"
  15              		.text
  16              	.Ltext0:
  17              		.cfi_sections	.debug_frame
  18              		.file 1 "lvgl/src/draw/lv_draw_line.c"
  19              		.section	.text.lv_draw_line_dsc_init,"ax",%progbits
  20              		.align	1
  21              		.global	lv_draw_line_dsc_init
  22              		.syntax unified
  23              		.thumb
  24              		.thumb_func
  26              	lv_draw_line_dsc_init:
  27              	.LVL0:
  28              	.LFB156:
   1:lvgl/src/draw/lv_draw_line.c **** /**
   2:lvgl/src/draw/lv_draw_line.c ****  * @file lv_draw_line.c
   3:lvgl/src/draw/lv_draw_line.c ****  *
   4:lvgl/src/draw/lv_draw_line.c ****  */
   5:lvgl/src/draw/lv_draw_line.c **** 
   6:lvgl/src/draw/lv_draw_line.c **** /*********************
   7:lvgl/src/draw/lv_draw_line.c ****  *      INCLUDES
   8:lvgl/src/draw/lv_draw_line.c ****  *********************/
   9:lvgl/src/draw/lv_draw_line.c **** #include <stdbool.h>
  10:lvgl/src/draw/lv_draw_line.c **** #include "../core/lv_refr.h"
  11:lvgl/src/draw/lv_draw_line.c **** #include "../misc/lv_math.h"
  12:lvgl/src/draw/lv_draw_line.c **** 
  13:lvgl/src/draw/lv_draw_line.c **** /*********************
  14:lvgl/src/draw/lv_draw_line.c ****  *      DEFINES
  15:lvgl/src/draw/lv_draw_line.c ****  *********************/
  16:lvgl/src/draw/lv_draw_line.c **** 
  17:lvgl/src/draw/lv_draw_line.c **** /**********************
  18:lvgl/src/draw/lv_draw_line.c ****  *      TYPEDEFS
  19:lvgl/src/draw/lv_draw_line.c ****  **********************/
  20:lvgl/src/draw/lv_draw_line.c **** 
  21:lvgl/src/draw/lv_draw_line.c **** /**********************
  22:lvgl/src/draw/lv_draw_line.c ****  *  STATIC PROTOTYPES
  23:lvgl/src/draw/lv_draw_line.c ****  **********************/
  24:lvgl/src/draw/lv_draw_line.c **** 
  25:lvgl/src/draw/lv_draw_line.c **** /**********************
  26:lvgl/src/draw/lv_draw_line.c ****  *  STATIC VARIABLES
  27:lvgl/src/draw/lv_draw_line.c ****  **********************/
  28:lvgl/src/draw/lv_draw_line.c **** 
  29:lvgl/src/draw/lv_draw_line.c **** /**********************
  30:lvgl/src/draw/lv_draw_line.c ****  *      MACROS
ARM GAS  C:\usertemp\ccQAjrYR.s 			page 2


  31:lvgl/src/draw/lv_draw_line.c ****  **********************/
  32:lvgl/src/draw/lv_draw_line.c **** 
  33:lvgl/src/draw/lv_draw_line.c **** /**********************
  34:lvgl/src/draw/lv_draw_line.c ****  *   GLOBAL FUNCTIONS
  35:lvgl/src/draw/lv_draw_line.c ****  **********************/
  36:lvgl/src/draw/lv_draw_line.c **** 
  37:lvgl/src/draw/lv_draw_line.c **** LV_ATTRIBUTE_FAST_MEM void lv_draw_line_dsc_init(lv_draw_line_dsc_t * dsc)
  38:lvgl/src/draw/lv_draw_line.c **** {
  29              		.loc 1 38 1 view -0
  30              		.cfi_startproc
  31              		@ args = 0, pretend = 0, frame = 0
  32              		@ frame_needed = 0, uses_anonymous_args = 0
  33              		.loc 1 38 1 is_stmt 0 view .LVU1
  34 0000 10B5     		push	{r4, lr}
  35              	.LCFI0:
  36              		.cfi_def_cfa_offset 8
  37              		.cfi_offset 4, -8
  38              		.cfi_offset 14, -4
  39 0002 0446     		mov	r4, r0
  39:lvgl/src/draw/lv_draw_line.c ****     lv_memset_00(dsc, sizeof(lv_draw_line_dsc_t));
  40              		.loc 1 39 5 is_stmt 1 view .LVU2
  41 0004 0A21     		movs	r1, #10
  42 0006 FFF7FEFF 		bl	lv_memset_00
  43              	.LVL1:
  40:lvgl/src/draw/lv_draw_line.c ****     dsc->width = 1;
  44              		.loc 1 40 5 view .LVU3
  45              		.loc 1 40 16 is_stmt 0 view .LVU4
  46 000a 0123     		movs	r3, #1
  47 000c 6380     		strh	r3, [r4, #2]	@ movhi
  41:lvgl/src/draw/lv_draw_line.c ****     dsc->opa = LV_OPA_COVER;
  48              		.loc 1 41 5 is_stmt 1 view .LVU5
  49              		.loc 1 41 14 is_stmt 0 view .LVU6
  50 000e FF23     		movs	r3, #255
  51 0010 2372     		strb	r3, [r4, #8]
  42:lvgl/src/draw/lv_draw_line.c ****     dsc->color = lv_color_black();
  52              		.loc 1 42 5 is_stmt 1 view .LVU7
  53              	.LBB8:
  54              	.LBI8:
  55              		.file 2 "lvgl/src/draw/../core/../misc/lv_color.h"
   1:lvgl/src/draw/../core/../misc/lv_color.h **** /**
   2:lvgl/src/draw/../core/../misc/lv_color.h ****  * @file lv_color.h
   3:lvgl/src/draw/../core/../misc/lv_color.h ****  *
   4:lvgl/src/draw/../core/../misc/lv_color.h ****  */
   5:lvgl/src/draw/../core/../misc/lv_color.h **** 
   6:lvgl/src/draw/../core/../misc/lv_color.h **** #ifndef LV_COLOR_H
   7:lvgl/src/draw/../core/../misc/lv_color.h **** #define LV_COLOR_H
   8:lvgl/src/draw/../core/../misc/lv_color.h **** 
   9:lvgl/src/draw/../core/../misc/lv_color.h **** #ifdef __cplusplus
  10:lvgl/src/draw/../core/../misc/lv_color.h **** extern "C" {
  11:lvgl/src/draw/../core/../misc/lv_color.h **** #endif
  12:lvgl/src/draw/../core/../misc/lv_color.h **** 
  13:lvgl/src/draw/../core/../misc/lv_color.h **** /*********************
  14:lvgl/src/draw/../core/../misc/lv_color.h ****  *      INCLUDES
  15:lvgl/src/draw/../core/../misc/lv_color.h ****  *********************/
  16:lvgl/src/draw/../core/../misc/lv_color.h **** #include "../lv_conf_internal.h"
  17:lvgl/src/draw/../core/../misc/lv_color.h **** #include "lv_assert.h"
  18:lvgl/src/draw/../core/../misc/lv_color.h **** #include "lv_math.h"
ARM GAS  C:\usertemp\ccQAjrYR.s 			page 3


  19:lvgl/src/draw/../core/../misc/lv_color.h **** #include "lv_types.h"
  20:lvgl/src/draw/../core/../misc/lv_color.h **** 
  21:lvgl/src/draw/../core/../misc/lv_color.h **** /*Error checking*/
  22:lvgl/src/draw/../core/../misc/lv_color.h **** #if LV_COLOR_DEPTH == 24
  23:lvgl/src/draw/../core/../misc/lv_color.h **** #error "LV_COLOR_DEPTH 24 is deprecated. Use LV_COLOR_DEPTH 32 instead (lv_conf.h)"
  24:lvgl/src/draw/../core/../misc/lv_color.h **** #endif
  25:lvgl/src/draw/../core/../misc/lv_color.h **** 
  26:lvgl/src/draw/../core/../misc/lv_color.h **** #if LV_COLOR_DEPTH != 32 && LV_COLOR_SCREEN_TRANSP != 0
  27:lvgl/src/draw/../core/../misc/lv_color.h **** #error "LV_COLOR_SCREEN_TRANSP requires LV_COLOR_DEPTH == 32. Set it in lv_conf.h"
  28:lvgl/src/draw/../core/../misc/lv_color.h **** #endif
  29:lvgl/src/draw/../core/../misc/lv_color.h **** 
  30:lvgl/src/draw/../core/../misc/lv_color.h **** #if LV_COLOR_DEPTH != 16 && LV_COLOR_16_SWAP != 0
  31:lvgl/src/draw/../core/../misc/lv_color.h **** #error "LV_COLOR_16_SWAP requires LV_COLOR_DEPTH == 16. Set it in lv_conf.h"
  32:lvgl/src/draw/../core/../misc/lv_color.h **** #endif
  33:lvgl/src/draw/../core/../misc/lv_color.h **** 
  34:lvgl/src/draw/../core/../misc/lv_color.h **** #include <stdint.h>
  35:lvgl/src/draw/../core/../misc/lv_color.h **** 
  36:lvgl/src/draw/../core/../misc/lv_color.h **** /*********************
  37:lvgl/src/draw/../core/../misc/lv_color.h ****  *      DEFINES
  38:lvgl/src/draw/../core/../misc/lv_color.h ****  *********************/
  39:lvgl/src/draw/../core/../misc/lv_color.h **** LV_EXPORT_CONST_INT(LV_COLOR_DEPTH);
  40:lvgl/src/draw/../core/../misc/lv_color.h **** LV_EXPORT_CONST_INT(LV_COLOR_16_SWAP);
  41:lvgl/src/draw/../core/../misc/lv_color.h **** 
  42:lvgl/src/draw/../core/../misc/lv_color.h **** /**
  43:lvgl/src/draw/../core/../misc/lv_color.h ****  * Opacity percentages.
  44:lvgl/src/draw/../core/../misc/lv_color.h ****  */
  45:lvgl/src/draw/../core/../misc/lv_color.h **** enum {
  46:lvgl/src/draw/../core/../misc/lv_color.h ****     LV_OPA_TRANSP = 0,
  47:lvgl/src/draw/../core/../misc/lv_color.h ****     LV_OPA_0      = 0,
  48:lvgl/src/draw/../core/../misc/lv_color.h ****     LV_OPA_10     = 25,
  49:lvgl/src/draw/../core/../misc/lv_color.h ****     LV_OPA_20     = 51,
  50:lvgl/src/draw/../core/../misc/lv_color.h ****     LV_OPA_30     = 76,
  51:lvgl/src/draw/../core/../misc/lv_color.h ****     LV_OPA_40     = 102,
  52:lvgl/src/draw/../core/../misc/lv_color.h ****     LV_OPA_50     = 127,
  53:lvgl/src/draw/../core/../misc/lv_color.h ****     LV_OPA_60     = 153,
  54:lvgl/src/draw/../core/../misc/lv_color.h ****     LV_OPA_70     = 178,
  55:lvgl/src/draw/../core/../misc/lv_color.h ****     LV_OPA_80     = 204,
  56:lvgl/src/draw/../core/../misc/lv_color.h ****     LV_OPA_90     = 229,
  57:lvgl/src/draw/../core/../misc/lv_color.h ****     LV_OPA_100    = 255,
  58:lvgl/src/draw/../core/../misc/lv_color.h ****     LV_OPA_COVER  = 255,
  59:lvgl/src/draw/../core/../misc/lv_color.h **** };
  60:lvgl/src/draw/../core/../misc/lv_color.h **** 
  61:lvgl/src/draw/../core/../misc/lv_color.h **** #define LV_OPA_MIN 2    /*Opacities below this will be transparent*/
  62:lvgl/src/draw/../core/../misc/lv_color.h **** #define LV_OPA_MAX 253  /*Opacities above this will fully cover*/
  63:lvgl/src/draw/../core/../misc/lv_color.h **** 
  64:lvgl/src/draw/../core/../misc/lv_color.h **** #if LV_COLOR_DEPTH == 1
  65:lvgl/src/draw/../core/../misc/lv_color.h **** #define LV_COLOR_SIZE 8
  66:lvgl/src/draw/../core/../misc/lv_color.h **** #elif LV_COLOR_DEPTH == 8
  67:lvgl/src/draw/../core/../misc/lv_color.h **** #define LV_COLOR_SIZE 8
  68:lvgl/src/draw/../core/../misc/lv_color.h **** #elif LV_COLOR_DEPTH == 16
  69:lvgl/src/draw/../core/../misc/lv_color.h **** #define LV_COLOR_SIZE 16
  70:lvgl/src/draw/../core/../misc/lv_color.h **** #elif LV_COLOR_DEPTH == 32
  71:lvgl/src/draw/../core/../misc/lv_color.h **** #define LV_COLOR_SIZE 32
  72:lvgl/src/draw/../core/../misc/lv_color.h **** #else
  73:lvgl/src/draw/../core/../misc/lv_color.h **** #error "Invalid LV_COLOR_DEPTH in lv_conf.h! Set it to 1, 8, 16 or 32!"
  74:lvgl/src/draw/../core/../misc/lv_color.h **** #endif
  75:lvgl/src/draw/../core/../misc/lv_color.h **** 
ARM GAS  C:\usertemp\ccQAjrYR.s 			page 4


  76:lvgl/src/draw/../core/../misc/lv_color.h **** #if defined(__cplusplus) && !defined(_LV_COLOR_HAS_MODERN_CPP)
  77:lvgl/src/draw/../core/../misc/lv_color.h **** /**
  78:lvgl/src/draw/../core/../misc/lv_color.h **** * MSVC compiler's definition of the __cplusplus indicating 199711L regardless to C++ standard versi
  79:lvgl/src/draw/../core/../misc/lv_color.h **** * see https://devblogs.microsoft.com/cppblog/msvc-now-correctly-reports-cplusplus
  80:lvgl/src/draw/../core/../misc/lv_color.h **** * so we use _MSC_VER macro instead of __cplusplus
  81:lvgl/src/draw/../core/../misc/lv_color.h **** */
  82:lvgl/src/draw/../core/../misc/lv_color.h **** #ifdef _MSC_VER
  83:lvgl/src/draw/../core/../misc/lv_color.h **** #if _MSC_VER >= 1900 /*Visual Studio 2015*/
  84:lvgl/src/draw/../core/../misc/lv_color.h **** #define _LV_COLOR_HAS_MODERN_CPP 1
  85:lvgl/src/draw/../core/../misc/lv_color.h **** #endif
  86:lvgl/src/draw/../core/../misc/lv_color.h **** #else
  87:lvgl/src/draw/../core/../misc/lv_color.h **** #if __cplusplus >= 201103L
  88:lvgl/src/draw/../core/../misc/lv_color.h **** #define _LV_COLOR_HAS_MODERN_CPP 1
  89:lvgl/src/draw/../core/../misc/lv_color.h **** #endif
  90:lvgl/src/draw/../core/../misc/lv_color.h **** #endif
  91:lvgl/src/draw/../core/../misc/lv_color.h **** #endif /*__cplusplus*/
  92:lvgl/src/draw/../core/../misc/lv_color.h **** 
  93:lvgl/src/draw/../core/../misc/lv_color.h **** #ifndef _LV_COLOR_HAS_MODERN_CPP
  94:lvgl/src/draw/../core/../misc/lv_color.h **** #define _LV_COLOR_HAS_MODERN_CPP 0
  95:lvgl/src/draw/../core/../misc/lv_color.h **** #endif
  96:lvgl/src/draw/../core/../misc/lv_color.h **** 
  97:lvgl/src/draw/../core/../misc/lv_color.h **** #if _LV_COLOR_HAS_MODERN_CPP
  98:lvgl/src/draw/../core/../misc/lv_color.h **** /*Fix msvc compiler error C4576 inside C++ code*/
  99:lvgl/src/draw/../core/../misc/lv_color.h **** #define _LV_COLOR_MAKE_TYPE_HELPER lv_color_t
 100:lvgl/src/draw/../core/../misc/lv_color.h **** #else
 101:lvgl/src/draw/../core/../misc/lv_color.h **** #define _LV_COLOR_MAKE_TYPE_HELPER (lv_color_t)
 102:lvgl/src/draw/../core/../misc/lv_color.h **** #endif
 103:lvgl/src/draw/../core/../misc/lv_color.h **** 
 104:lvgl/src/draw/../core/../misc/lv_color.h **** /*---------------------------------------
 105:lvgl/src/draw/../core/../misc/lv_color.h ****  * Macros for all existing color depths
 106:lvgl/src/draw/../core/../misc/lv_color.h ****  * to set/get values of the color channels
 107:lvgl/src/draw/../core/../misc/lv_color.h ****  *------------------------------------------*/
 108:lvgl/src/draw/../core/../misc/lv_color.h **** # define LV_COLOR_SET_R1(c, v) (c).ch.red = (uint8_t)((v) & 0x1)
 109:lvgl/src/draw/../core/../misc/lv_color.h **** # define LV_COLOR_SET_G1(c, v) (c).ch.green = (uint8_t)((v) & 0x1)
 110:lvgl/src/draw/../core/../misc/lv_color.h **** # define LV_COLOR_SET_B1(c, v) (c).ch.blue = (uint8_t)((v) & 0x1)
 111:lvgl/src/draw/../core/../misc/lv_color.h **** # define LV_COLOR_SET_A1(c, v) do {} while(0)
 112:lvgl/src/draw/../core/../misc/lv_color.h **** 
 113:lvgl/src/draw/../core/../misc/lv_color.h **** # define LV_COLOR_GET_R1(c) (c).ch.red
 114:lvgl/src/draw/../core/../misc/lv_color.h **** # define LV_COLOR_GET_G1(c) (c).ch.green
 115:lvgl/src/draw/../core/../misc/lv_color.h **** # define LV_COLOR_GET_B1(c) (c).ch.blue
 116:lvgl/src/draw/../core/../misc/lv_color.h **** # define LV_COLOR_GET_A1(c) 0xFF
 117:lvgl/src/draw/../core/../misc/lv_color.h **** 
 118:lvgl/src/draw/../core/../misc/lv_color.h **** # define _LV_COLOR_ZERO_INITIALIZER1 {0x00}
 119:lvgl/src/draw/../core/../misc/lv_color.h **** # define LV_COLOR_MAKE1(r8, g8, b8)  {(uint8_t)((b8 >> 7) | (g8 >> 7) | (r8 >> 7))}
 120:lvgl/src/draw/../core/../misc/lv_color.h **** 
 121:lvgl/src/draw/../core/../misc/lv_color.h **** # define LV_COLOR_SET_R8(c, v) (c).ch.red = (uint8_t)((v) & 0x7U)
 122:lvgl/src/draw/../core/../misc/lv_color.h **** # define LV_COLOR_SET_G8(c, v) (c).ch.green = (uint8_t)((v) & 0x7U)
 123:lvgl/src/draw/../core/../misc/lv_color.h **** # define LV_COLOR_SET_B8(c, v) (c).ch.blue = (uint8_t)((v) & 0x3U)
 124:lvgl/src/draw/../core/../misc/lv_color.h **** # define LV_COLOR_SET_A8(c, v) do {} while(0)
 125:lvgl/src/draw/../core/../misc/lv_color.h **** 
 126:lvgl/src/draw/../core/../misc/lv_color.h **** # define LV_COLOR_GET_R8(c) (c).ch.red
 127:lvgl/src/draw/../core/../misc/lv_color.h **** # define LV_COLOR_GET_G8(c) (c).ch.green
 128:lvgl/src/draw/../core/../misc/lv_color.h **** # define LV_COLOR_GET_B8(c) (c).ch.blue
 129:lvgl/src/draw/../core/../misc/lv_color.h **** # define LV_COLOR_GET_A8(c) 0xFF
 130:lvgl/src/draw/../core/../misc/lv_color.h **** 
 131:lvgl/src/draw/../core/../misc/lv_color.h **** # define _LV_COLOR_ZERO_INITIALIZER8 {{0x00, 0x00, 0x00}}
 132:lvgl/src/draw/../core/../misc/lv_color.h **** # define LV_COLOR_MAKE8(r8, g8, b8) {{(uint8_t)((b8 >> 6) & 0x3U), (uint8_t)((g8 >> 5) & 0x7U), (ui
ARM GAS  C:\usertemp\ccQAjrYR.s 			page 5


 133:lvgl/src/draw/../core/../misc/lv_color.h **** 
 134:lvgl/src/draw/../core/../misc/lv_color.h **** # define LV_COLOR_SET_R16(c, v) (c).ch.red = (uint8_t)((v) & 0x1FU)
 135:lvgl/src/draw/../core/../misc/lv_color.h **** #if LV_COLOR_16_SWAP == 0
 136:lvgl/src/draw/../core/../misc/lv_color.h **** # define LV_COLOR_SET_G16(c, v) (c).ch.green = (uint8_t)((v) & 0x3FU)
 137:lvgl/src/draw/../core/../misc/lv_color.h **** #else
 138:lvgl/src/draw/../core/../misc/lv_color.h **** # define LV_COLOR_SET_G16(c, v) {(c).ch.green_h = (uint8_t)(((v) >> 3) & 0x7); (c).ch.green_l = (ui
 139:lvgl/src/draw/../core/../misc/lv_color.h **** #endif
 140:lvgl/src/draw/../core/../misc/lv_color.h **** # define LV_COLOR_SET_B16(c, v) (c).ch.blue = (uint8_t)((v) & 0x1FU)
 141:lvgl/src/draw/../core/../misc/lv_color.h **** # define LV_COLOR_SET_A16(c, v) do {} while(0)
 142:lvgl/src/draw/../core/../misc/lv_color.h **** 
 143:lvgl/src/draw/../core/../misc/lv_color.h **** # define LV_COLOR_GET_R16(c) (c).ch.red
 144:lvgl/src/draw/../core/../misc/lv_color.h **** #if LV_COLOR_16_SWAP == 0
 145:lvgl/src/draw/../core/../misc/lv_color.h **** # define LV_COLOR_GET_G16(c) (c).ch.green
 146:lvgl/src/draw/../core/../misc/lv_color.h **** #else
 147:lvgl/src/draw/../core/../misc/lv_color.h **** # define LV_COLOR_GET_G16(c) (((c).ch.green_h << 3) + (c).ch.green_l)
 148:lvgl/src/draw/../core/../misc/lv_color.h **** #endif
 149:lvgl/src/draw/../core/../misc/lv_color.h **** # define LV_COLOR_GET_B16(c) (c).ch.blue
 150:lvgl/src/draw/../core/../misc/lv_color.h **** # define LV_COLOR_GET_A16(c) 0xFF
 151:lvgl/src/draw/../core/../misc/lv_color.h **** 
 152:lvgl/src/draw/../core/../misc/lv_color.h **** #if LV_COLOR_16_SWAP == 0
 153:lvgl/src/draw/../core/../misc/lv_color.h **** # define _LV_COLOR_ZERO_INITIALIZER16  {{0x00, 0x00, 0x00}}
 154:lvgl/src/draw/../core/../misc/lv_color.h **** # define LV_COLOR_MAKE16(r8, g8, b8) {{(uint8_t)((b8 >> 3) & 0x1FU), (uint8_t)((g8 >> 2) & 0x3FU), 
 155:lvgl/src/draw/../core/../misc/lv_color.h **** #else
 156:lvgl/src/draw/../core/../misc/lv_color.h **** # define _LV_COLOR_ZERO_INITIALIZER16 {{0x00, 0x00, 0x00, 0x00}}
 157:lvgl/src/draw/../core/../misc/lv_color.h **** # define LV_COLOR_MAKE16(r8, g8, b8) {{(uint8_t)((g8 >> 5) & 0x7U), (uint8_t)((r8 >> 3) & 0x1FU), (
 158:lvgl/src/draw/../core/../misc/lv_color.h **** #endif
 159:lvgl/src/draw/../core/../misc/lv_color.h **** 
 160:lvgl/src/draw/../core/../misc/lv_color.h **** # define LV_COLOR_SET_R32(c, v) (c).ch.red = (uint8_t)((v) & 0xFF)
 161:lvgl/src/draw/../core/../misc/lv_color.h **** # define LV_COLOR_SET_G32(c, v) (c).ch.green = (uint8_t)((v) & 0xFF)
 162:lvgl/src/draw/../core/../misc/lv_color.h **** # define LV_COLOR_SET_B32(c, v) (c).ch.blue = (uint8_t)((v) & 0xFF)
 163:lvgl/src/draw/../core/../misc/lv_color.h **** # define LV_COLOR_SET_A32(c, v) (c).ch.alpha = (uint8_t)((v) & 0xFF)
 164:lvgl/src/draw/../core/../misc/lv_color.h **** 
 165:lvgl/src/draw/../core/../misc/lv_color.h **** # define LV_COLOR_GET_R32(c) (c).ch.red
 166:lvgl/src/draw/../core/../misc/lv_color.h **** # define LV_COLOR_GET_G32(c) (c).ch.green
 167:lvgl/src/draw/../core/../misc/lv_color.h **** # define LV_COLOR_GET_B32(c) (c).ch.blue
 168:lvgl/src/draw/../core/../misc/lv_color.h **** # define LV_COLOR_GET_A32(c) (c).ch.alpha
 169:lvgl/src/draw/../core/../misc/lv_color.h **** 
 170:lvgl/src/draw/../core/../misc/lv_color.h **** # define _LV_COLOR_ZERO_INITIALIZER32  {{0x00, 0x00, 0x00, 0x00}}
 171:lvgl/src/draw/../core/../misc/lv_color.h **** # define LV_COLOR_MAKE32(r8, g8, b8) {{b8, g8, r8, 0xff}} /*Fix 0xff alpha*/
 172:lvgl/src/draw/../core/../misc/lv_color.h **** 
 173:lvgl/src/draw/../core/../misc/lv_color.h **** /*---------------------------------------
 174:lvgl/src/draw/../core/../misc/lv_color.h ****  * Macros for the current color depth
 175:lvgl/src/draw/../core/../misc/lv_color.h ****  * to set/get values of the color channels
 176:lvgl/src/draw/../core/../misc/lv_color.h ****  *------------------------------------------*/
 177:lvgl/src/draw/../core/../misc/lv_color.h **** #define LV_COLOR_SET_R(c, v) LV_CONCAT(LV_COLOR_SET_R, LV_COLOR_DEPTH)(c, v)
 178:lvgl/src/draw/../core/../misc/lv_color.h **** #define LV_COLOR_SET_G(c, v) LV_CONCAT(LV_COLOR_SET_G, LV_COLOR_DEPTH)(c, v)
 179:lvgl/src/draw/../core/../misc/lv_color.h **** #define LV_COLOR_SET_B(c, v) LV_CONCAT(LV_COLOR_SET_B, LV_COLOR_DEPTH)(c, v)
 180:lvgl/src/draw/../core/../misc/lv_color.h **** #define LV_COLOR_SET_A(c, v) LV_CONCAT(LV_COLOR_SET_A, LV_COLOR_DEPTH)(c, v)
 181:lvgl/src/draw/../core/../misc/lv_color.h **** 
 182:lvgl/src/draw/../core/../misc/lv_color.h **** #define LV_COLOR_GET_R(c) LV_CONCAT(LV_COLOR_GET_R, LV_COLOR_DEPTH)(c)
 183:lvgl/src/draw/../core/../misc/lv_color.h **** #define LV_COLOR_GET_G(c) LV_CONCAT(LV_COLOR_GET_G, LV_COLOR_DEPTH)(c)
 184:lvgl/src/draw/../core/../misc/lv_color.h **** #define LV_COLOR_GET_B(c) LV_CONCAT(LV_COLOR_GET_B, LV_COLOR_DEPTH)(c)
 185:lvgl/src/draw/../core/../misc/lv_color.h **** #define LV_COLOR_GET_A(c) LV_CONCAT(LV_COLOR_GET_A, LV_COLOR_DEPTH)(c)
 186:lvgl/src/draw/../core/../misc/lv_color.h **** 
 187:lvgl/src/draw/../core/../misc/lv_color.h **** #define _LV_COLOR_ZERO_INITIALIZER LV_CONCAT(_LV_COLOR_ZERO_INITIALIZER, LV_COLOR_DEPTH)
 188:lvgl/src/draw/../core/../misc/lv_color.h **** #define LV_COLOR_MAKE(r8, g8, b8) LV_CONCAT(LV_COLOR_MAKE, LV_COLOR_DEPTH)(r8, g8, b8)
 189:lvgl/src/draw/../core/../misc/lv_color.h **** 
ARM GAS  C:\usertemp\ccQAjrYR.s 			page 6


 190:lvgl/src/draw/../core/../misc/lv_color.h **** /**********************
 191:lvgl/src/draw/../core/../misc/lv_color.h ****  *      TYPEDEFS
 192:lvgl/src/draw/../core/../misc/lv_color.h ****  **********************/
 193:lvgl/src/draw/../core/../misc/lv_color.h **** 
 194:lvgl/src/draw/../core/../misc/lv_color.h **** typedef union {
 195:lvgl/src/draw/../core/../misc/lv_color.h ****     uint8_t full; /*must be declared first to set all bits of byte via initializer list*/
 196:lvgl/src/draw/../core/../misc/lv_color.h ****     union {
 197:lvgl/src/draw/../core/../misc/lv_color.h ****         uint8_t blue : 1;
 198:lvgl/src/draw/../core/../misc/lv_color.h ****         uint8_t green : 1;
 199:lvgl/src/draw/../core/../misc/lv_color.h ****         uint8_t red : 1;
 200:lvgl/src/draw/../core/../misc/lv_color.h ****     } ch;
 201:lvgl/src/draw/../core/../misc/lv_color.h **** } lv_color1_t;
 202:lvgl/src/draw/../core/../misc/lv_color.h **** 
 203:lvgl/src/draw/../core/../misc/lv_color.h **** typedef union {
 204:lvgl/src/draw/../core/../misc/lv_color.h ****     struct {
 205:lvgl/src/draw/../core/../misc/lv_color.h ****         uint8_t blue : 2;
 206:lvgl/src/draw/../core/../misc/lv_color.h ****         uint8_t green : 3;
 207:lvgl/src/draw/../core/../misc/lv_color.h ****         uint8_t red : 3;
 208:lvgl/src/draw/../core/../misc/lv_color.h ****     } ch;
 209:lvgl/src/draw/../core/../misc/lv_color.h ****     uint8_t full;
 210:lvgl/src/draw/../core/../misc/lv_color.h **** } lv_color8_t;
 211:lvgl/src/draw/../core/../misc/lv_color.h **** 
 212:lvgl/src/draw/../core/../misc/lv_color.h **** typedef union {
 213:lvgl/src/draw/../core/../misc/lv_color.h ****     struct {
 214:lvgl/src/draw/../core/../misc/lv_color.h **** #if LV_COLOR_16_SWAP == 0
 215:lvgl/src/draw/../core/../misc/lv_color.h ****         uint16_t blue : 5;
 216:lvgl/src/draw/../core/../misc/lv_color.h ****         uint16_t green : 6;
 217:lvgl/src/draw/../core/../misc/lv_color.h ****         uint16_t red : 5;
 218:lvgl/src/draw/../core/../misc/lv_color.h **** #else
 219:lvgl/src/draw/../core/../misc/lv_color.h ****         uint16_t green_h : 3;
 220:lvgl/src/draw/../core/../misc/lv_color.h ****         uint16_t red : 5;
 221:lvgl/src/draw/../core/../misc/lv_color.h ****         uint16_t blue : 5;
 222:lvgl/src/draw/../core/../misc/lv_color.h ****         uint16_t green_l : 3;
 223:lvgl/src/draw/../core/../misc/lv_color.h **** #endif
 224:lvgl/src/draw/../core/../misc/lv_color.h ****     } ch;
 225:lvgl/src/draw/../core/../misc/lv_color.h ****     uint16_t full;
 226:lvgl/src/draw/../core/../misc/lv_color.h **** } lv_color16_t;
 227:lvgl/src/draw/../core/../misc/lv_color.h **** 
 228:lvgl/src/draw/../core/../misc/lv_color.h **** typedef union {
 229:lvgl/src/draw/../core/../misc/lv_color.h ****     struct {
 230:lvgl/src/draw/../core/../misc/lv_color.h ****         uint8_t blue;
 231:lvgl/src/draw/../core/../misc/lv_color.h ****         uint8_t green;
 232:lvgl/src/draw/../core/../misc/lv_color.h ****         uint8_t red;
 233:lvgl/src/draw/../core/../misc/lv_color.h ****         uint8_t alpha;
 234:lvgl/src/draw/../core/../misc/lv_color.h ****     } ch;
 235:lvgl/src/draw/../core/../misc/lv_color.h ****     uint32_t full;
 236:lvgl/src/draw/../core/../misc/lv_color.h **** } lv_color32_t;
 237:lvgl/src/draw/../core/../misc/lv_color.h **** 
 238:lvgl/src/draw/../core/../misc/lv_color.h **** typedef LV_CONCAT3(uint, LV_COLOR_SIZE, _t) lv_color_int_t;
 239:lvgl/src/draw/../core/../misc/lv_color.h **** typedef LV_CONCAT3(lv_color, LV_COLOR_DEPTH, _t) lv_color_t;
 240:lvgl/src/draw/../core/../misc/lv_color.h **** 
 241:lvgl/src/draw/../core/../misc/lv_color.h **** typedef struct {
 242:lvgl/src/draw/../core/../misc/lv_color.h ****     uint16_t h;
 243:lvgl/src/draw/../core/../misc/lv_color.h ****     uint8_t s;
 244:lvgl/src/draw/../core/../misc/lv_color.h ****     uint8_t v;
 245:lvgl/src/draw/../core/../misc/lv_color.h **** } lv_color_hsv_t;
 246:lvgl/src/draw/../core/../misc/lv_color.h **** 
ARM GAS  C:\usertemp\ccQAjrYR.s 			page 7


 247:lvgl/src/draw/../core/../misc/lv_color.h **** //! @cond Doxygen_Suppress
 248:lvgl/src/draw/../core/../misc/lv_color.h **** /*No idea where the guard is required but else throws warnings in the docs*/
 249:lvgl/src/draw/../core/../misc/lv_color.h **** typedef uint8_t lv_opa_t;
 250:lvgl/src/draw/../core/../misc/lv_color.h **** //! @endcond
 251:lvgl/src/draw/../core/../misc/lv_color.h **** 
 252:lvgl/src/draw/../core/../misc/lv_color.h **** struct _lv_color_filter_dsc_t;
 253:lvgl/src/draw/../core/../misc/lv_color.h **** 
 254:lvgl/src/draw/../core/../misc/lv_color.h **** typedef lv_color_t (*lv_color_filter_cb_t)(const struct _lv_color_filter_dsc_t *, lv_color_t, lv_op
 255:lvgl/src/draw/../core/../misc/lv_color.h **** 
 256:lvgl/src/draw/../core/../misc/lv_color.h **** typedef struct _lv_color_filter_dsc_t {
 257:lvgl/src/draw/../core/../misc/lv_color.h ****     lv_color_filter_cb_t filter_cb;
 258:lvgl/src/draw/../core/../misc/lv_color.h ****     void * user_data;
 259:lvgl/src/draw/../core/../misc/lv_color.h **** } lv_color_filter_dsc_t;
 260:lvgl/src/draw/../core/../misc/lv_color.h **** 
 261:lvgl/src/draw/../core/../misc/lv_color.h **** 
 262:lvgl/src/draw/../core/../misc/lv_color.h **** typedef enum {
 263:lvgl/src/draw/../core/../misc/lv_color.h ****     LV_PALETTE_RED,
 264:lvgl/src/draw/../core/../misc/lv_color.h ****     LV_PALETTE_PINK,
 265:lvgl/src/draw/../core/../misc/lv_color.h ****     LV_PALETTE_PURPLE,
 266:lvgl/src/draw/../core/../misc/lv_color.h ****     LV_PALETTE_DEEP_PURPLE,
 267:lvgl/src/draw/../core/../misc/lv_color.h ****     LV_PALETTE_INDIGO,
 268:lvgl/src/draw/../core/../misc/lv_color.h ****     LV_PALETTE_BLUE,
 269:lvgl/src/draw/../core/../misc/lv_color.h ****     LV_PALETTE_LIGHT_BLUE,
 270:lvgl/src/draw/../core/../misc/lv_color.h ****     LV_PALETTE_CYAN,
 271:lvgl/src/draw/../core/../misc/lv_color.h ****     LV_PALETTE_TEAL,
 272:lvgl/src/draw/../core/../misc/lv_color.h ****     LV_PALETTE_GREEN,
 273:lvgl/src/draw/../core/../misc/lv_color.h ****     LV_PALETTE_LIGHT_GREEN,
 274:lvgl/src/draw/../core/../misc/lv_color.h ****     LV_PALETTE_LIME,
 275:lvgl/src/draw/../core/../misc/lv_color.h ****     LV_PALETTE_YELLOW,
 276:lvgl/src/draw/../core/../misc/lv_color.h ****     LV_PALETTE_AMBER,
 277:lvgl/src/draw/../core/../misc/lv_color.h ****     LV_PALETTE_ORANGE,
 278:lvgl/src/draw/../core/../misc/lv_color.h ****     LV_PALETTE_DEEP_ORANGE,
 279:lvgl/src/draw/../core/../misc/lv_color.h ****     LV_PALETTE_BROWN,
 280:lvgl/src/draw/../core/../misc/lv_color.h ****     LV_PALETTE_BLUE_GREY,
 281:lvgl/src/draw/../core/../misc/lv_color.h ****     LV_PALETTE_GREY,
 282:lvgl/src/draw/../core/../misc/lv_color.h ****     _LV_PALETTE_LAST,
 283:lvgl/src/draw/../core/../misc/lv_color.h ****     LV_PALETTE_NONE = 0xff,
 284:lvgl/src/draw/../core/../misc/lv_color.h **** } lv_palette_t;
 285:lvgl/src/draw/../core/../misc/lv_color.h **** 
 286:lvgl/src/draw/../core/../misc/lv_color.h **** /**********************
 287:lvgl/src/draw/../core/../misc/lv_color.h ****  * GLOBAL PROTOTYPES
 288:lvgl/src/draw/../core/../misc/lv_color.h ****  **********************/
 289:lvgl/src/draw/../core/../misc/lv_color.h **** 
 290:lvgl/src/draw/../core/../misc/lv_color.h **** /*In color conversations:
 291:lvgl/src/draw/../core/../misc/lv_color.h ****  * - When converting to bigger color type the LSB weight of 1 LSB is calculated
 292:lvgl/src/draw/../core/../misc/lv_color.h ****  *   E.g. 16 bit Red has 5 bits
 293:lvgl/src/draw/../core/../misc/lv_color.h ****  *         8 bit Red has 3 bits
 294:lvgl/src/draw/../core/../misc/lv_color.h ****  *        ----------------------
 295:lvgl/src/draw/../core/../misc/lv_color.h ****  *        8 bit red LSB = (2^5 - 1) / (2^3 - 1) = 31 / 7 = 4
 296:lvgl/src/draw/../core/../misc/lv_color.h ****  *
 297:lvgl/src/draw/../core/../misc/lv_color.h ****  * - When calculating to smaller color type simply shift out the LSBs
 298:lvgl/src/draw/../core/../misc/lv_color.h ****  *   E.g.  8 bit Red has 3 bits
 299:lvgl/src/draw/../core/../misc/lv_color.h ****  *        16 bit Red has 5 bits
 300:lvgl/src/draw/../core/../misc/lv_color.h ****  *        ----------------------
 301:lvgl/src/draw/../core/../misc/lv_color.h ****  *         Shift right with 5 - 3 = 2
 302:lvgl/src/draw/../core/../misc/lv_color.h ****  */
 303:lvgl/src/draw/../core/../misc/lv_color.h **** static inline uint8_t lv_color_to1(lv_color_t color)
ARM GAS  C:\usertemp\ccQAjrYR.s 			page 8


 304:lvgl/src/draw/../core/../misc/lv_color.h **** {
 305:lvgl/src/draw/../core/../misc/lv_color.h **** #if LV_COLOR_DEPTH == 1
 306:lvgl/src/draw/../core/../misc/lv_color.h ****     return color.full;
 307:lvgl/src/draw/../core/../misc/lv_color.h **** #elif LV_COLOR_DEPTH == 8
 308:lvgl/src/draw/../core/../misc/lv_color.h ****     if((LV_COLOR_GET_R(color) & 0x4) || (LV_COLOR_GET_G(color) & 0x4) || (LV_COLOR_GET_B(color) & 0
 309:lvgl/src/draw/../core/../misc/lv_color.h ****         return 1;
 310:lvgl/src/draw/../core/../misc/lv_color.h ****     }
 311:lvgl/src/draw/../core/../misc/lv_color.h ****     else {
 312:lvgl/src/draw/../core/../misc/lv_color.h ****         return 0;
 313:lvgl/src/draw/../core/../misc/lv_color.h ****     }
 314:lvgl/src/draw/../core/../misc/lv_color.h **** #elif LV_COLOR_DEPTH == 16
 315:lvgl/src/draw/../core/../misc/lv_color.h ****     if((LV_COLOR_GET_R(color) & 0x10) || (LV_COLOR_GET_G(color) & 0x20) || (LV_COLOR_GET_B(color) &
 316:lvgl/src/draw/../core/../misc/lv_color.h ****         return 1;
 317:lvgl/src/draw/../core/../misc/lv_color.h ****     }
 318:lvgl/src/draw/../core/../misc/lv_color.h ****     else {
 319:lvgl/src/draw/../core/../misc/lv_color.h ****         return 0;
 320:lvgl/src/draw/../core/../misc/lv_color.h ****     }
 321:lvgl/src/draw/../core/../misc/lv_color.h **** #elif LV_COLOR_DEPTH == 32
 322:lvgl/src/draw/../core/../misc/lv_color.h ****     if((LV_COLOR_GET_R(color) & 0x80) || (LV_COLOR_GET_G(color) & 0x80) || (LV_COLOR_GET_B(color) &
 323:lvgl/src/draw/../core/../misc/lv_color.h ****         return 1;
 324:lvgl/src/draw/../core/../misc/lv_color.h ****     }
 325:lvgl/src/draw/../core/../misc/lv_color.h ****     else {
 326:lvgl/src/draw/../core/../misc/lv_color.h ****         return 0;
 327:lvgl/src/draw/../core/../misc/lv_color.h ****     }
 328:lvgl/src/draw/../core/../misc/lv_color.h **** #endif
 329:lvgl/src/draw/../core/../misc/lv_color.h **** }
 330:lvgl/src/draw/../core/../misc/lv_color.h **** 
 331:lvgl/src/draw/../core/../misc/lv_color.h **** static inline uint8_t lv_color_to8(lv_color_t color)
 332:lvgl/src/draw/../core/../misc/lv_color.h **** {
 333:lvgl/src/draw/../core/../misc/lv_color.h **** #if LV_COLOR_DEPTH == 1
 334:lvgl/src/draw/../core/../misc/lv_color.h ****     if(color.full == 0)
 335:lvgl/src/draw/../core/../misc/lv_color.h ****         return 0;
 336:lvgl/src/draw/../core/../misc/lv_color.h ****     else
 337:lvgl/src/draw/../core/../misc/lv_color.h ****         return 0xFF;
 338:lvgl/src/draw/../core/../misc/lv_color.h **** #elif LV_COLOR_DEPTH == 8
 339:lvgl/src/draw/../core/../misc/lv_color.h ****     return color.full;
 340:lvgl/src/draw/../core/../misc/lv_color.h **** #elif LV_COLOR_DEPTH == 16
 341:lvgl/src/draw/../core/../misc/lv_color.h ****     lv_color8_t ret;
 342:lvgl/src/draw/../core/../misc/lv_color.h ****     LV_COLOR_SET_R8(ret, LV_COLOR_GET_R(color) >> 2); /*5 - 3  = 2*/
 343:lvgl/src/draw/../core/../misc/lv_color.h ****     LV_COLOR_SET_G8(ret, LV_COLOR_GET_G(color) >> 3); /*6 - 3  = 3*/
 344:lvgl/src/draw/../core/../misc/lv_color.h ****     LV_COLOR_SET_B8(ret, LV_COLOR_GET_B(color) >> 3); /*5 - 2  = 3*/
 345:lvgl/src/draw/../core/../misc/lv_color.h ****     return ret.full;
 346:lvgl/src/draw/../core/../misc/lv_color.h **** #elif LV_COLOR_DEPTH == 32
 347:lvgl/src/draw/../core/../misc/lv_color.h ****     lv_color8_t ret;
 348:lvgl/src/draw/../core/../misc/lv_color.h ****     LV_COLOR_SET_R8(ret, LV_COLOR_GET_R(color) >> 5); /*8 - 3  = 5*/
 349:lvgl/src/draw/../core/../misc/lv_color.h ****     LV_COLOR_SET_G8(ret, LV_COLOR_GET_G(color) >> 5); /*8 - 3  = 5*/
 350:lvgl/src/draw/../core/../misc/lv_color.h ****     LV_COLOR_SET_B8(ret, LV_COLOR_GET_B(color) >> 6); /*8 - 2  = 6*/
 351:lvgl/src/draw/../core/../misc/lv_color.h ****     return ret.full;
 352:lvgl/src/draw/../core/../misc/lv_color.h **** #endif
 353:lvgl/src/draw/../core/../misc/lv_color.h **** }
 354:lvgl/src/draw/../core/../misc/lv_color.h **** 
 355:lvgl/src/draw/../core/../misc/lv_color.h **** static inline uint16_t lv_color_to16(lv_color_t color)
 356:lvgl/src/draw/../core/../misc/lv_color.h **** {
 357:lvgl/src/draw/../core/../misc/lv_color.h **** #if LV_COLOR_DEPTH == 1
 358:lvgl/src/draw/../core/../misc/lv_color.h ****     if(color.full == 0)
 359:lvgl/src/draw/../core/../misc/lv_color.h ****         return 0;
 360:lvgl/src/draw/../core/../misc/lv_color.h ****     else
ARM GAS  C:\usertemp\ccQAjrYR.s 			page 9


 361:lvgl/src/draw/../core/../misc/lv_color.h ****         return 0xFFFF;
 362:lvgl/src/draw/../core/../misc/lv_color.h **** #elif LV_COLOR_DEPTH == 8
 363:lvgl/src/draw/../core/../misc/lv_color.h ****     lv_color16_t ret;
 364:lvgl/src/draw/../core/../misc/lv_color.h ****     LV_COLOR_SET_R16(ret, LV_COLOR_GET_R(color) * 4);  /*(2^5 - 1)/(2^3 - 1) = 31/7 = 4*/
 365:lvgl/src/draw/../core/../misc/lv_color.h ****     LV_COLOR_SET_G16(ret, LV_COLOR_GET_G(color) * 9);  /*(2^6 - 1)/(2^3 - 1) = 63/7 = 9*/
 366:lvgl/src/draw/../core/../misc/lv_color.h ****     LV_COLOR_SET_B16(ret, LV_COLOR_GET_B(color) * 10); /*(2^5 - 1)/(2^2 - 1) = 31/3 = 10*/
 367:lvgl/src/draw/../core/../misc/lv_color.h ****     return ret.full;
 368:lvgl/src/draw/../core/../misc/lv_color.h **** #elif LV_COLOR_DEPTH == 16
 369:lvgl/src/draw/../core/../misc/lv_color.h ****     return color.full;
 370:lvgl/src/draw/../core/../misc/lv_color.h **** #elif LV_COLOR_DEPTH == 32
 371:lvgl/src/draw/../core/../misc/lv_color.h ****     lv_color16_t ret;
 372:lvgl/src/draw/../core/../misc/lv_color.h ****     LV_COLOR_SET_R16(ret, LV_COLOR_GET_R(color) >> 3); /*8 - 5  = 3*/
 373:lvgl/src/draw/../core/../misc/lv_color.h ****     LV_COLOR_SET_G16(ret, LV_COLOR_GET_G(color) >> 2); /*8 - 6  = 2*/
 374:lvgl/src/draw/../core/../misc/lv_color.h ****     LV_COLOR_SET_B16(ret, LV_COLOR_GET_B(color) >> 3); /*8 - 5  = 3*/
 375:lvgl/src/draw/../core/../misc/lv_color.h ****     return ret.full;
 376:lvgl/src/draw/../core/../misc/lv_color.h **** #endif
 377:lvgl/src/draw/../core/../misc/lv_color.h **** }
 378:lvgl/src/draw/../core/../misc/lv_color.h **** 
 379:lvgl/src/draw/../core/../misc/lv_color.h **** static inline uint32_t lv_color_to32(lv_color_t color)
 380:lvgl/src/draw/../core/../misc/lv_color.h **** {
 381:lvgl/src/draw/../core/../misc/lv_color.h **** #if LV_COLOR_DEPTH == 1
 382:lvgl/src/draw/../core/../misc/lv_color.h ****     if(color.full == 0)
 383:lvgl/src/draw/../core/../misc/lv_color.h ****         return 0xFF000000;
 384:lvgl/src/draw/../core/../misc/lv_color.h ****     else
 385:lvgl/src/draw/../core/../misc/lv_color.h ****         return 0xFFFFFFFF;
 386:lvgl/src/draw/../core/../misc/lv_color.h **** #elif LV_COLOR_DEPTH == 8
 387:lvgl/src/draw/../core/../misc/lv_color.h ****     lv_color32_t ret;
 388:lvgl/src/draw/../core/../misc/lv_color.h ****     LV_COLOR_SET_R32(ret, LV_COLOR_GET_R(color) * 36); /*(2^8 - 1)/(2^3 - 1) = 255/7 = 36*/
 389:lvgl/src/draw/../core/../misc/lv_color.h ****     LV_COLOR_SET_G32(ret, LV_COLOR_GET_G(color) * 36); /*(2^8 - 1)/(2^3 - 1) = 255/7 = 36*/
 390:lvgl/src/draw/../core/../misc/lv_color.h ****     LV_COLOR_SET_B32(ret, LV_COLOR_GET_B(color) * 85); /*(2^8 - 1)/(2^2 - 1) = 255/3 = 85*/
 391:lvgl/src/draw/../core/../misc/lv_color.h ****     LV_COLOR_SET_A32(ret, 0xFF);
 392:lvgl/src/draw/../core/../misc/lv_color.h ****     return ret.full;
 393:lvgl/src/draw/../core/../misc/lv_color.h **** #elif LV_COLOR_DEPTH == 16
 394:lvgl/src/draw/../core/../misc/lv_color.h ****     /**
 395:lvgl/src/draw/../core/../misc/lv_color.h ****      * The floating point math for conversion is:
 396:lvgl/src/draw/../core/../misc/lv_color.h ****      *  valueto = valuefrom * ( (2^bitsto - 1) / (float)(2^bitsfrom - 1) )
 397:lvgl/src/draw/../core/../misc/lv_color.h ****      * The faster integer math for conversion is:
 398:lvgl/src/draw/../core/../misc/lv_color.h ****      *  valueto = ( valuefrom * multiplier + adder ) >> divisor
 399:lvgl/src/draw/../core/../misc/lv_color.h ****      *   multiplier = FLOOR( ( (2^bitsto - 1) << divisor ) / (float)(2^bitsfrom - 1) )
 400:lvgl/src/draw/../core/../misc/lv_color.h ****      *
 401:lvgl/src/draw/../core/../misc/lv_color.h ****      * Find the first divisor where ( adder >> divisor ) <= 0
 402:lvgl/src/draw/../core/../misc/lv_color.h ****      *
 403:lvgl/src/draw/../core/../misc/lv_color.h ****      * 5-bit to 8-bit: ( 31 * multiplier + adder ) >> divisor = 255
 404:lvgl/src/draw/../core/../misc/lv_color.h ****      * divisor  multiplier  adder  min (0)  max (31)
 405:lvgl/src/draw/../core/../misc/lv_color.h ****      *       0           8      7        7       255
 406:lvgl/src/draw/../core/../misc/lv_color.h ****      *       1          16     14        7       255
 407:lvgl/src/draw/../core/../misc/lv_color.h ****      *       2          32     28        7       255
 408:lvgl/src/draw/../core/../misc/lv_color.h ****      *       3          65     25        3       255
 409:lvgl/src/draw/../core/../misc/lv_color.h ****      *       4         131     19        1       255
 410:lvgl/src/draw/../core/../misc/lv_color.h ****      *       5         263      7        0       255
 411:lvgl/src/draw/../core/../misc/lv_color.h ****      *
 412:lvgl/src/draw/../core/../misc/lv_color.h ****      * 6-bit to 8-bit: 255 = ( 63 * multiplier + adder ) >> divisor
 413:lvgl/src/draw/../core/../misc/lv_color.h ****      * divisor  multiplier  adder  min (0)  max (63)
 414:lvgl/src/draw/../core/../misc/lv_color.h ****      *       0           4      3        3       255
 415:lvgl/src/draw/../core/../misc/lv_color.h ****      *       1           8      6        3       255
 416:lvgl/src/draw/../core/../misc/lv_color.h ****      *       2          16     12        3       255
 417:lvgl/src/draw/../core/../misc/lv_color.h ****      *       3          32     24        3       255
ARM GAS  C:\usertemp\ccQAjrYR.s 			page 10


 418:lvgl/src/draw/../core/../misc/lv_color.h ****      *       4          64     48        3       255
 419:lvgl/src/draw/../core/../misc/lv_color.h ****      *       5         129     33        1       255
 420:lvgl/src/draw/../core/../misc/lv_color.h ****      *       6         259      3        0       255
 421:lvgl/src/draw/../core/../misc/lv_color.h ****      */
 422:lvgl/src/draw/../core/../misc/lv_color.h **** 
 423:lvgl/src/draw/../core/../misc/lv_color.h ****     lv_color32_t ret;
 424:lvgl/src/draw/../core/../misc/lv_color.h ****     LV_COLOR_SET_R32(ret, (LV_COLOR_GET_R(color) * 263 + 7) >> 5);
 425:lvgl/src/draw/../core/../misc/lv_color.h ****     LV_COLOR_SET_G32(ret, (LV_COLOR_GET_G(color) * 259 + 3) >> 6);
 426:lvgl/src/draw/../core/../misc/lv_color.h ****     LV_COLOR_SET_B32(ret, (LV_COLOR_GET_B(color) * 263 + 7) >> 5);
 427:lvgl/src/draw/../core/../misc/lv_color.h ****     LV_COLOR_SET_A32(ret, 0xFF);
 428:lvgl/src/draw/../core/../misc/lv_color.h ****     return ret.full;
 429:lvgl/src/draw/../core/../misc/lv_color.h **** #elif LV_COLOR_DEPTH == 32
 430:lvgl/src/draw/../core/../misc/lv_color.h ****     return color.full;
 431:lvgl/src/draw/../core/../misc/lv_color.h **** #endif
 432:lvgl/src/draw/../core/../misc/lv_color.h **** }
 433:lvgl/src/draw/../core/../misc/lv_color.h **** 
 434:lvgl/src/draw/../core/../misc/lv_color.h **** //! @cond Doxygen_Suppress
 435:lvgl/src/draw/../core/../misc/lv_color.h **** 
 436:lvgl/src/draw/../core/../misc/lv_color.h **** /**
 437:lvgl/src/draw/../core/../misc/lv_color.h ****  * Mix two colors with a given ratio.
 438:lvgl/src/draw/../core/../misc/lv_color.h ****  * @param c1 the first color to mix (usually the foreground)
 439:lvgl/src/draw/../core/../misc/lv_color.h ****  * @param c2 the second color to mix (usually the background)
 440:lvgl/src/draw/../core/../misc/lv_color.h ****  * @param mix The ratio of the colors. 0: full `c2`, 255: full `c1`, 127: half `c1` and half`c2`
 441:lvgl/src/draw/../core/../misc/lv_color.h ****  * @return the mixed color
 442:lvgl/src/draw/../core/../misc/lv_color.h ****  */
 443:lvgl/src/draw/../core/../misc/lv_color.h **** LV_ATTRIBUTE_FAST_MEM static inline lv_color_t lv_color_mix(lv_color_t c1, lv_color_t c2, uint8_t m
 444:lvgl/src/draw/../core/../misc/lv_color.h **** {
 445:lvgl/src/draw/../core/../misc/lv_color.h ****     lv_color_t ret;
 446:lvgl/src/draw/../core/../misc/lv_color.h **** 
 447:lvgl/src/draw/../core/../misc/lv_color.h **** #if LV_COLOR_DEPTH == 16 && LV_COLOR_16_SWAP == 0
 448:lvgl/src/draw/../core/../misc/lv_color.h ****     /*Source: https://stackoverflow.com/a/50012418/1999969*/
 449:lvgl/src/draw/../core/../misc/lv_color.h ****     mix = (mix + 4) >> 3;
 450:lvgl/src/draw/../core/../misc/lv_color.h ****     uint32_t bg = (uint32_t)((uint32_t)c2.full | ((uint32_t)c2.full << 16)) &
 451:lvgl/src/draw/../core/../misc/lv_color.h ****                   0x7E0F81F; /*0b00000111111000001111100000011111*/
 452:lvgl/src/draw/../core/../misc/lv_color.h ****     uint32_t fg = (uint32_t)((uint32_t)c1.full | ((uint32_t)c1.full << 16)) & 0x7E0F81F;
 453:lvgl/src/draw/../core/../misc/lv_color.h ****     uint32_t result = ((((fg - bg) * mix) >> 5) + bg) & 0x7E0F81F;
 454:lvgl/src/draw/../core/../misc/lv_color.h ****     ret.full = (uint16_t)((result >> 16) | result);
 455:lvgl/src/draw/../core/../misc/lv_color.h **** #elif LV_COLOR_DEPTH != 1
 456:lvgl/src/draw/../core/../misc/lv_color.h ****     /*LV_COLOR_DEPTH == 8, 16 or 32*/
 457:lvgl/src/draw/../core/../misc/lv_color.h ****     LV_COLOR_SET_R(ret, LV_UDIV255((uint16_t)LV_COLOR_GET_R(c1) * mix + LV_COLOR_GET_R(c2) *
 458:lvgl/src/draw/../core/../misc/lv_color.h ****                                    (255 - mix) + LV_COLOR_MIX_ROUND_OFS));
 459:lvgl/src/draw/../core/../misc/lv_color.h ****     LV_COLOR_SET_G(ret, LV_UDIV255((uint16_t)LV_COLOR_GET_G(c1) * mix + LV_COLOR_GET_G(c2) *
 460:lvgl/src/draw/../core/../misc/lv_color.h ****                                    (255 - mix) + LV_COLOR_MIX_ROUND_OFS));
 461:lvgl/src/draw/../core/../misc/lv_color.h ****     LV_COLOR_SET_B(ret, LV_UDIV255((uint16_t)LV_COLOR_GET_B(c1) * mix + LV_COLOR_GET_B(c2) *
 462:lvgl/src/draw/../core/../misc/lv_color.h ****                                    (255 - mix) + LV_COLOR_MIX_ROUND_OFS));
 463:lvgl/src/draw/../core/../misc/lv_color.h ****     LV_COLOR_SET_A(ret, 0xFF);
 464:lvgl/src/draw/../core/../misc/lv_color.h **** #else
 465:lvgl/src/draw/../core/../misc/lv_color.h ****     /*LV_COLOR_DEPTH == 1*/
 466:lvgl/src/draw/../core/../misc/lv_color.h ****     ret.full = mix > LV_OPA_50 ? c1.full : c2.full;
 467:lvgl/src/draw/../core/../misc/lv_color.h **** #endif
 468:lvgl/src/draw/../core/../misc/lv_color.h **** 
 469:lvgl/src/draw/../core/../misc/lv_color.h ****     return ret;
 470:lvgl/src/draw/../core/../misc/lv_color.h **** }
 471:lvgl/src/draw/../core/../misc/lv_color.h **** 
 472:lvgl/src/draw/../core/../misc/lv_color.h **** LV_ATTRIBUTE_FAST_MEM static inline void lv_color_premult(lv_color_t c, uint8_t mix, uint16_t * out
 473:lvgl/src/draw/../core/../misc/lv_color.h **** {
 474:lvgl/src/draw/../core/../misc/lv_color.h **** #if LV_COLOR_DEPTH != 1
ARM GAS  C:\usertemp\ccQAjrYR.s 			page 11


 475:lvgl/src/draw/../core/../misc/lv_color.h ****     out[0] = (uint16_t)LV_COLOR_GET_R(c) * mix;
 476:lvgl/src/draw/../core/../misc/lv_color.h ****     out[1] = (uint16_t)LV_COLOR_GET_G(c) * mix;
 477:lvgl/src/draw/../core/../misc/lv_color.h ****     out[2] = (uint16_t)LV_COLOR_GET_B(c) * mix;
 478:lvgl/src/draw/../core/../misc/lv_color.h **** #else
 479:lvgl/src/draw/../core/../misc/lv_color.h ****     (void) mix;
 480:lvgl/src/draw/../core/../misc/lv_color.h ****     /*Pre-multiplication can't be used with 1 bpp*/
 481:lvgl/src/draw/../core/../misc/lv_color.h ****     out[0] = LV_COLOR_GET_R(c);
 482:lvgl/src/draw/../core/../misc/lv_color.h ****     out[1] = LV_COLOR_GET_G(c);
 483:lvgl/src/draw/../core/../misc/lv_color.h ****     out[2] = LV_COLOR_GET_B(c);
 484:lvgl/src/draw/../core/../misc/lv_color.h **** #endif
 485:lvgl/src/draw/../core/../misc/lv_color.h **** 
 486:lvgl/src/draw/../core/../misc/lv_color.h **** }
 487:lvgl/src/draw/../core/../misc/lv_color.h **** 
 488:lvgl/src/draw/../core/../misc/lv_color.h **** /**
 489:lvgl/src/draw/../core/../misc/lv_color.h ****  * Mix two colors with a given ratio. It runs faster then `lv_color_mix` but requires some pre comp
 490:lvgl/src/draw/../core/../misc/lv_color.h ****  * @param premult_c1 The first color. Should be preprocessed with `lv_color_premult(c1)`
 491:lvgl/src/draw/../core/../misc/lv_color.h ****  * @param c2 The second color. As it is no pre computation required on it
 492:lvgl/src/draw/../core/../misc/lv_color.h ****  * @param mix The ratio of the colors. 0: full `c1`, 255: full `c2`, 127: half `c1` and half `c2`.
 493:lvgl/src/draw/../core/../misc/lv_color.h ****  *            Should be modified like mix = `255 - mix`
 494:lvgl/src/draw/../core/../misc/lv_color.h ****  * @return the mixed color
 495:lvgl/src/draw/../core/../misc/lv_color.h ****  * @note 255 won't give clearly `c1`.
 496:lvgl/src/draw/../core/../misc/lv_color.h ****  */
 497:lvgl/src/draw/../core/../misc/lv_color.h **** LV_ATTRIBUTE_FAST_MEM static inline lv_color_t lv_color_mix_premult(uint16_t * premult_c1, lv_color
 498:lvgl/src/draw/../core/../misc/lv_color.h **** {
 499:lvgl/src/draw/../core/../misc/lv_color.h ****     lv_color_t ret;
 500:lvgl/src/draw/../core/../misc/lv_color.h **** #if LV_COLOR_DEPTH != 1
 501:lvgl/src/draw/../core/../misc/lv_color.h ****     /*LV_COLOR_DEPTH == 8 or 32*/
 502:lvgl/src/draw/../core/../misc/lv_color.h ****     LV_COLOR_SET_R(ret, LV_UDIV255(premult_c1[0] + LV_COLOR_GET_R(c2) * mix + LV_COLOR_MIX_ROUND_OF
 503:lvgl/src/draw/../core/../misc/lv_color.h ****     LV_COLOR_SET_G(ret, LV_UDIV255(premult_c1[1] + LV_COLOR_GET_G(c2) * mix + LV_COLOR_MIX_ROUND_OF
 504:lvgl/src/draw/../core/../misc/lv_color.h ****     LV_COLOR_SET_B(ret, LV_UDIV255(premult_c1[2] + LV_COLOR_GET_B(c2) * mix + LV_COLOR_MIX_ROUND_OF
 505:lvgl/src/draw/../core/../misc/lv_color.h ****     LV_COLOR_SET_A(ret, 0xFF);
 506:lvgl/src/draw/../core/../misc/lv_color.h **** #else
 507:lvgl/src/draw/../core/../misc/lv_color.h ****     /*LV_COLOR_DEPTH == 1*/
 508:lvgl/src/draw/../core/../misc/lv_color.h ****     /*Restore color1*/
 509:lvgl/src/draw/../core/../misc/lv_color.h ****     lv_color_t c1;
 510:lvgl/src/draw/../core/../misc/lv_color.h ****     LV_COLOR_SET_R(c1, premult_c1[0]);
 511:lvgl/src/draw/../core/../misc/lv_color.h ****     LV_COLOR_SET_G(c1, premult_c1[1]);
 512:lvgl/src/draw/../core/../misc/lv_color.h ****     LV_COLOR_SET_B(c1, premult_c1[2]);
 513:lvgl/src/draw/../core/../misc/lv_color.h ****     ret.full = mix > LV_OPA_50 ? c2.full : c1.full;
 514:lvgl/src/draw/../core/../misc/lv_color.h **** #endif
 515:lvgl/src/draw/../core/../misc/lv_color.h **** 
 516:lvgl/src/draw/../core/../misc/lv_color.h ****     return ret;
 517:lvgl/src/draw/../core/../misc/lv_color.h **** }
 518:lvgl/src/draw/../core/../misc/lv_color.h **** 
 519:lvgl/src/draw/../core/../misc/lv_color.h **** /**
 520:lvgl/src/draw/../core/../misc/lv_color.h ****  * Mix two colors. Both color can have alpha value.
 521:lvgl/src/draw/../core/../misc/lv_color.h ****  * @param bg_color background color
 522:lvgl/src/draw/../core/../misc/lv_color.h ****  * @param bg_opa alpha of the background color
 523:lvgl/src/draw/../core/../misc/lv_color.h ****  * @param fg_color foreground color
 524:lvgl/src/draw/../core/../misc/lv_color.h ****  * @param fg_opa alpha of the foreground color
 525:lvgl/src/draw/../core/../misc/lv_color.h ****  * @param res_color the result color
 526:lvgl/src/draw/../core/../misc/lv_color.h ****  * @param res_opa the result opacity
 527:lvgl/src/draw/../core/../misc/lv_color.h ****  */
 528:lvgl/src/draw/../core/../misc/lv_color.h **** LV_ATTRIBUTE_FAST_MEM static inline void lv_color_mix_with_alpha(lv_color_t bg_color, lv_opa_t bg_o
 529:lvgl/src/draw/../core/../misc/lv_color.h ****                                                                  lv_color_t fg_color, lv_opa_t fg_o
 530:lvgl/src/draw/../core/../misc/lv_color.h ****                                                                  lv_color_t * res_color, lv_opa_t *
 531:lvgl/src/draw/../core/../misc/lv_color.h **** {
ARM GAS  C:\usertemp\ccQAjrYR.s 			page 12


 532:lvgl/src/draw/../core/../misc/lv_color.h ****     /*Pick the foreground if it's fully opaque or the Background is fully transparent*/
 533:lvgl/src/draw/../core/../misc/lv_color.h ****     if(fg_opa >= LV_OPA_MAX || bg_opa <= LV_OPA_MIN) {
 534:lvgl/src/draw/../core/../misc/lv_color.h ****         res_color->full = fg_color.full;
 535:lvgl/src/draw/../core/../misc/lv_color.h ****         *res_opa = fg_opa;
 536:lvgl/src/draw/../core/../misc/lv_color.h ****     }
 537:lvgl/src/draw/../core/../misc/lv_color.h ****     /*Transparent foreground: use the Background*/
 538:lvgl/src/draw/../core/../misc/lv_color.h ****     else if(fg_opa <= LV_OPA_MIN) {
 539:lvgl/src/draw/../core/../misc/lv_color.h ****         res_color->full = bg_color.full;
 540:lvgl/src/draw/../core/../misc/lv_color.h ****         *res_opa = bg_opa;
 541:lvgl/src/draw/../core/../misc/lv_color.h ****     }
 542:lvgl/src/draw/../core/../misc/lv_color.h ****     /*Opaque background: use simple mix*/
 543:lvgl/src/draw/../core/../misc/lv_color.h ****     else if(bg_opa >= LV_OPA_MAX) {
 544:lvgl/src/draw/../core/../misc/lv_color.h ****         *res_color = lv_color_mix(fg_color, bg_color, fg_opa);
 545:lvgl/src/draw/../core/../misc/lv_color.h ****         *res_opa = LV_OPA_COVER;
 546:lvgl/src/draw/../core/../misc/lv_color.h ****     }
 547:lvgl/src/draw/../core/../misc/lv_color.h ****     /*Both colors have alpha. Expensive calculation need to be applied*/
 548:lvgl/src/draw/../core/../misc/lv_color.h ****     else {
 549:lvgl/src/draw/../core/../misc/lv_color.h ****         /*Save the parameters and the result. If they will be asked again don't compute again*/
 550:lvgl/src/draw/../core/../misc/lv_color.h ****         static lv_opa_t fg_opa_save     = 0;
 551:lvgl/src/draw/../core/../misc/lv_color.h ****         static lv_opa_t bg_opa_save     = 0;
 552:lvgl/src/draw/../core/../misc/lv_color.h ****         static lv_color_t fg_color_save = _LV_COLOR_ZERO_INITIALIZER;
 553:lvgl/src/draw/../core/../misc/lv_color.h ****         static lv_color_t bg_color_save = _LV_COLOR_ZERO_INITIALIZER;
 554:lvgl/src/draw/../core/../misc/lv_color.h ****         static lv_color_t res_color_saved = _LV_COLOR_ZERO_INITIALIZER;
 555:lvgl/src/draw/../core/../misc/lv_color.h ****         static lv_opa_t res_opa_saved = 0;
 556:lvgl/src/draw/../core/../misc/lv_color.h **** 
 557:lvgl/src/draw/../core/../misc/lv_color.h ****         if(fg_opa != fg_opa_save || bg_opa != bg_opa_save || fg_color.full != fg_color_save.full ||
 558:lvgl/src/draw/../core/../misc/lv_color.h ****            bg_color.full != bg_color_save.full) {
 559:lvgl/src/draw/../core/../misc/lv_color.h ****             fg_opa_save        = fg_opa;
 560:lvgl/src/draw/../core/../misc/lv_color.h ****             bg_opa_save        = bg_opa;
 561:lvgl/src/draw/../core/../misc/lv_color.h ****             fg_color_save.full = fg_color.full;
 562:lvgl/src/draw/../core/../misc/lv_color.h ****             bg_color_save.full = bg_color.full;
 563:lvgl/src/draw/../core/../misc/lv_color.h ****             /*Info:
 564:lvgl/src/draw/../core/../misc/lv_color.h ****              * https://en.wikipedia.org/wiki/Alpha_compositing#Analytical_derivation_of_the_over_op
 565:lvgl/src/draw/../core/../misc/lv_color.h ****             res_opa_saved = 255 - ((uint16_t)((uint16_t)(255 - fg_opa) * (255 - bg_opa)) >> 8);
 566:lvgl/src/draw/../core/../misc/lv_color.h ****             LV_ASSERT(res_opa_saved != 0);
 567:lvgl/src/draw/../core/../misc/lv_color.h ****             lv_opa_t ratio = (uint16_t)((uint16_t)fg_opa * 255) / res_opa_saved;
 568:lvgl/src/draw/../core/../misc/lv_color.h ****             res_color_saved = lv_color_mix(fg_color, bg_color, ratio);
 569:lvgl/src/draw/../core/../misc/lv_color.h **** 
 570:lvgl/src/draw/../core/../misc/lv_color.h ****         }
 571:lvgl/src/draw/../core/../misc/lv_color.h **** 
 572:lvgl/src/draw/../core/../misc/lv_color.h ****         res_color->full = res_color_saved.full;
 573:lvgl/src/draw/../core/../misc/lv_color.h ****         *res_opa = res_opa_saved;
 574:lvgl/src/draw/../core/../misc/lv_color.h ****     }
 575:lvgl/src/draw/../core/../misc/lv_color.h **** }
 576:lvgl/src/draw/../core/../misc/lv_color.h **** 
 577:lvgl/src/draw/../core/../misc/lv_color.h **** //! @endcond
 578:lvgl/src/draw/../core/../misc/lv_color.h **** 
 579:lvgl/src/draw/../core/../misc/lv_color.h **** /**
 580:lvgl/src/draw/../core/../misc/lv_color.h ****  * Get the brightness of a color
 581:lvgl/src/draw/../core/../misc/lv_color.h ****  * @param color a color
 582:lvgl/src/draw/../core/../misc/lv_color.h ****  * @return the brightness [0..255]
 583:lvgl/src/draw/../core/../misc/lv_color.h ****  */
 584:lvgl/src/draw/../core/../misc/lv_color.h **** static inline uint8_t lv_color_brightness(lv_color_t color)
 585:lvgl/src/draw/../core/../misc/lv_color.h **** {
 586:lvgl/src/draw/../core/../misc/lv_color.h ****     lv_color32_t c32;
 587:lvgl/src/draw/../core/../misc/lv_color.h ****     c32.full        = lv_color_to32(color);
 588:lvgl/src/draw/../core/../misc/lv_color.h ****     uint16_t bright = (uint16_t)(3u * LV_COLOR_GET_R32(c32) + LV_COLOR_GET_B32(c32) + 4u * LV_COLOR
ARM GAS  C:\usertemp\ccQAjrYR.s 			page 13


 589:lvgl/src/draw/../core/../misc/lv_color.h ****     return (uint8_t)(bright >> 3);
 590:lvgl/src/draw/../core/../misc/lv_color.h **** }
 591:lvgl/src/draw/../core/../misc/lv_color.h **** 
 592:lvgl/src/draw/../core/../misc/lv_color.h **** static inline lv_color_t lv_color_make(uint8_t r, uint8_t g, uint8_t b)
 593:lvgl/src/draw/../core/../misc/lv_color.h **** {
 594:lvgl/src/draw/../core/../misc/lv_color.h ****     return _LV_COLOR_MAKE_TYPE_HELPER LV_COLOR_MAKE(r, g, b);
 595:lvgl/src/draw/../core/../misc/lv_color.h **** }
 596:lvgl/src/draw/../core/../misc/lv_color.h **** 
 597:lvgl/src/draw/../core/../misc/lv_color.h **** static inline lv_color_t lv_color_hex(uint32_t c)
 598:lvgl/src/draw/../core/../misc/lv_color.h **** {
 599:lvgl/src/draw/../core/../misc/lv_color.h **** #if LV_COLOR_DEPTH == 16
 600:lvgl/src/draw/../core/../misc/lv_color.h ****     lv_color_t r;
 601:lvgl/src/draw/../core/../misc/lv_color.h **** #if LV_COLOR_16_SWAP == 0
 602:lvgl/src/draw/../core/../misc/lv_color.h ****     /* Convert a 4 bytes per pixel in format ARGB32 to R5G6B5 format
 603:lvgl/src/draw/../core/../misc/lv_color.h ****         naive way (by calling lv_color_make with components):
 604:lvgl/src/draw/../core/../misc/lv_color.h ****                     r = ((c & 0xFF0000) >> 19)
 605:lvgl/src/draw/../core/../misc/lv_color.h ****                     g = ((c & 0xFF00) >> 10)
 606:lvgl/src/draw/../core/../misc/lv_color.h ****                     b = ((c & 0xFF) >> 3)
 607:lvgl/src/draw/../core/../misc/lv_color.h ****                     rgb565 = (r << 11) | (g << 5) | b
 608:lvgl/src/draw/../core/../misc/lv_color.h ****         That's 3 mask, 5 bitshift and 2 or operations
 609:lvgl/src/draw/../core/../misc/lv_color.h **** 
 610:lvgl/src/draw/../core/../misc/lv_color.h ****         A bit better:
 611:lvgl/src/draw/../core/../misc/lv_color.h ****                     r = ((c & 0xF80000) >> 8)
 612:lvgl/src/draw/../core/../misc/lv_color.h ****                     g = ((c & 0xFC00) >> 5)
 613:lvgl/src/draw/../core/../misc/lv_color.h ****                     b = ((c & 0xFF) >> 3)
 614:lvgl/src/draw/../core/../misc/lv_color.h ****                     rgb565 = r | g | b
 615:lvgl/src/draw/../core/../misc/lv_color.h ****         That's 3 mask, 3 bitshifts and 2 or operations */
 616:lvgl/src/draw/../core/../misc/lv_color.h ****     r.full = (uint16_t)(((c & 0xF80000) >> 8) | ((c & 0xFC00) >> 5) | ((c & 0xFF) >> 3));
 617:lvgl/src/draw/../core/../misc/lv_color.h **** #else
 618:lvgl/src/draw/../core/../misc/lv_color.h ****     /* We want: rrrr rrrr GGGg gggg bbbb bbbb => gggb bbbb rrrr rGGG */
 619:lvgl/src/draw/../core/../misc/lv_color.h ****     r.full = (uint16_t)(((c & 0xF80000) >> 16) | ((c & 0xFC00) >> 13) | ((c & 0x1C00) << 3) | ((c &
 620:lvgl/src/draw/../core/../misc/lv_color.h **** #endif
 621:lvgl/src/draw/../core/../misc/lv_color.h ****     return r;
 622:lvgl/src/draw/../core/../misc/lv_color.h **** #elif LV_COLOR_DEPTH == 32
 623:lvgl/src/draw/../core/../misc/lv_color.h ****     lv_color_t r;
 624:lvgl/src/draw/../core/../misc/lv_color.h ****     r.full = c | 0xFF000000;
 625:lvgl/src/draw/../core/../misc/lv_color.h ****     return r;
 626:lvgl/src/draw/../core/../misc/lv_color.h **** #else /*LV_COLOR_DEPTH == 8*/
 627:lvgl/src/draw/../core/../misc/lv_color.h ****     return lv_color_make((uint8_t)((c >> 16) & 0xFF), (uint8_t)((c >> 8) & 0xFF), (uint8_t)(c & 0xF
 628:lvgl/src/draw/../core/../misc/lv_color.h **** #endif
 629:lvgl/src/draw/../core/../misc/lv_color.h **** }
 630:lvgl/src/draw/../core/../misc/lv_color.h **** 
 631:lvgl/src/draw/../core/../misc/lv_color.h **** static inline lv_color_t lv_color_hex3(uint32_t c)
 632:lvgl/src/draw/../core/../misc/lv_color.h **** {
 633:lvgl/src/draw/../core/../misc/lv_color.h ****     return lv_color_make((uint8_t)(((c >> 4) & 0xF0) | ((c >> 8) & 0xF)), (uint8_t)((c & 0xF0) | ((
 634:lvgl/src/draw/../core/../misc/lv_color.h ****                          (uint8_t)((c & 0xF) | ((c & 0xF) << 4)));
 635:lvgl/src/draw/../core/../misc/lv_color.h **** }
 636:lvgl/src/draw/../core/../misc/lv_color.h **** 
 637:lvgl/src/draw/../core/../misc/lv_color.h **** static inline void lv_color_filter_dsc_init(lv_color_filter_dsc_t * dsc, lv_color_filter_cb_t cb)
 638:lvgl/src/draw/../core/../misc/lv_color.h **** {
 639:lvgl/src/draw/../core/../misc/lv_color.h ****     dsc->filter_cb = cb;
 640:lvgl/src/draw/../core/../misc/lv_color.h **** }
 641:lvgl/src/draw/../core/../misc/lv_color.h **** 
 642:lvgl/src/draw/../core/../misc/lv_color.h **** //! @cond Doxygen_Suppress
 643:lvgl/src/draw/../core/../misc/lv_color.h **** //!
 644:lvgl/src/draw/../core/../misc/lv_color.h **** LV_ATTRIBUTE_FAST_MEM void lv_color_fill(lv_color_t * buf, lv_color_t color, uint32_t px_num);
 645:lvgl/src/draw/../core/../misc/lv_color.h **** 
ARM GAS  C:\usertemp\ccQAjrYR.s 			page 14


 646:lvgl/src/draw/../core/../misc/lv_color.h **** //! @endcond
 647:lvgl/src/draw/../core/../misc/lv_color.h **** lv_color_t lv_color_lighten(lv_color_t c, lv_opa_t lvl);
 648:lvgl/src/draw/../core/../misc/lv_color.h **** 
 649:lvgl/src/draw/../core/../misc/lv_color.h **** lv_color_t lv_color_darken(lv_color_t c, lv_opa_t lvl);
 650:lvgl/src/draw/../core/../misc/lv_color.h **** 
 651:lvgl/src/draw/../core/../misc/lv_color.h **** lv_color_t lv_color_change_lightness(lv_color_t c, lv_opa_t lvl);
 652:lvgl/src/draw/../core/../misc/lv_color.h **** 
 653:lvgl/src/draw/../core/../misc/lv_color.h **** /**
 654:lvgl/src/draw/../core/../misc/lv_color.h ****  * Convert a HSV color to RGB
 655:lvgl/src/draw/../core/../misc/lv_color.h ****  * @param h hue [0..359]
 656:lvgl/src/draw/../core/../misc/lv_color.h ****  * @param s saturation [0..100]
 657:lvgl/src/draw/../core/../misc/lv_color.h ****  * @param v value [0..100]
 658:lvgl/src/draw/../core/../misc/lv_color.h ****  * @return the given RGB color in RGB (with LV_COLOR_DEPTH depth)
 659:lvgl/src/draw/../core/../misc/lv_color.h ****  */
 660:lvgl/src/draw/../core/../misc/lv_color.h **** lv_color_t lv_color_hsv_to_rgb(uint16_t h, uint8_t s, uint8_t v);
 661:lvgl/src/draw/../core/../misc/lv_color.h **** 
 662:lvgl/src/draw/../core/../misc/lv_color.h **** /**
 663:lvgl/src/draw/../core/../misc/lv_color.h ****  * Convert a 32-bit RGB color to HSV
 664:lvgl/src/draw/../core/../misc/lv_color.h ****  * @param r8 8-bit red
 665:lvgl/src/draw/../core/../misc/lv_color.h ****  * @param g8 8-bit green
 666:lvgl/src/draw/../core/../misc/lv_color.h ****  * @param b8 8-bit blue
 667:lvgl/src/draw/../core/../misc/lv_color.h ****  * @return the given RGB color in HSV
 668:lvgl/src/draw/../core/../misc/lv_color.h ****  */
 669:lvgl/src/draw/../core/../misc/lv_color.h **** lv_color_hsv_t lv_color_rgb_to_hsv(uint8_t r8, uint8_t g8, uint8_t b8);
 670:lvgl/src/draw/../core/../misc/lv_color.h **** 
 671:lvgl/src/draw/../core/../misc/lv_color.h **** /**
 672:lvgl/src/draw/../core/../misc/lv_color.h ****  * Convert a color to HSV
 673:lvgl/src/draw/../core/../misc/lv_color.h ****  * @param color color
 674:lvgl/src/draw/../core/../misc/lv_color.h ****  * @return the given color in HSV
 675:lvgl/src/draw/../core/../misc/lv_color.h ****  */
 676:lvgl/src/draw/../core/../misc/lv_color.h **** lv_color_hsv_t lv_color_to_hsv(lv_color_t color);
 677:lvgl/src/draw/../core/../misc/lv_color.h **** 
 678:lvgl/src/draw/../core/../misc/lv_color.h **** /**
 679:lvgl/src/draw/../core/../misc/lv_color.h ****  * Just a wrapper around LV_COLOR_CHROMA_KEY because it might be more convenient to use a function 
 680:lvgl/src/draw/../core/../misc/lv_color.h ****  * @return LV_COLOR_CHROMA_KEY
 681:lvgl/src/draw/../core/../misc/lv_color.h ****  */
 682:lvgl/src/draw/../core/../misc/lv_color.h **** static inline lv_color_t lv_color_chroma_key(void)
 683:lvgl/src/draw/../core/../misc/lv_color.h **** {
 684:lvgl/src/draw/../core/../misc/lv_color.h ****     return LV_COLOR_CHROMA_KEY;
 685:lvgl/src/draw/../core/../misc/lv_color.h **** }
 686:lvgl/src/draw/../core/../misc/lv_color.h **** 
 687:lvgl/src/draw/../core/../misc/lv_color.h **** /**********************
 688:lvgl/src/draw/../core/../misc/lv_color.h ****  *  PREDEFINED COLORS
 689:lvgl/src/draw/../core/../misc/lv_color.h ****  **********************/
 690:lvgl/src/draw/../core/../misc/lv_color.h **** /*Source: https://vuetifyjs.com/en/styles/colors/#material-colors*/
 691:lvgl/src/draw/../core/../misc/lv_color.h **** 
 692:lvgl/src/draw/../core/../misc/lv_color.h **** lv_color_t lv_palette_main(lv_palette_t p);
 693:lvgl/src/draw/../core/../misc/lv_color.h **** static inline lv_color_t lv_color_white(void)
 694:lvgl/src/draw/../core/../misc/lv_color.h **** {
 695:lvgl/src/draw/../core/../misc/lv_color.h ****     return lv_color_make(0xff, 0xff, 0xff);
 696:lvgl/src/draw/../core/../misc/lv_color.h **** }
 697:lvgl/src/draw/../core/../misc/lv_color.h **** static inline lv_color_t lv_color_black(void)
  56              		.loc 2 697 26 view .LVU8
 698:lvgl/src/draw/../core/../misc/lv_color.h **** {
 699:lvgl/src/draw/../core/../misc/lv_color.h ****     return lv_color_make(0x00, 0x0, 0x00);
  57              		.loc 2 699 5 view .LVU9
  58              	.LVL2:
ARM GAS  C:\usertemp\ccQAjrYR.s 			page 15


  59              	.LBB9:
  60              	.LBI9:
 592:lvgl/src/draw/../core/../misc/lv_color.h **** {
  61              		.loc 2 592 26 view .LVU10
  62              	.LBB10:
 594:lvgl/src/draw/../core/../misc/lv_color.h **** }
  63              		.loc 2 594 5 view .LVU11
 594:lvgl/src/draw/../core/../misc/lv_color.h **** }
  64              		.loc 2 594 12 is_stmt 0 view .LVU12
  65 0012 4FF00003 		mov	r3, #0	@ movhi
  66 0016 23F01F03 		bic	r3, r3, #31
  67 001a 23F4FC63 		bic	r3, r3, #2016
  68 001e 23F47843 		bic	r3, r3, #63488
  69              	.LVL3:
 594:lvgl/src/draw/../core/../misc/lv_color.h **** }
  70              		.loc 2 594 12 view .LVU13
  71              	.LBE10:
  72              	.LBE9:
  73              	.LBE8:
  74              		.loc 1 42 18 view .LVU14
  75 0022 2380     		strh	r3, [r4]	@ movhi
  43:lvgl/src/draw/lv_draw_line.c **** }
  76              		.loc 1 43 1 view .LVU15
  77 0024 10BD     		pop	{r4, pc}
  78              		.loc 1 43 1 view .LVU16
  79              		.cfi_endproc
  80              	.LFE156:
  82              		.section	.text.lv_draw_line,"ax",%progbits
  83              		.align	1
  84              		.global	lv_draw_line
  85              		.syntax unified
  86              		.thumb
  87              		.thumb_func
  89              	lv_draw_line:
  90              	.LVL4:
  91              	.LFB157:
  44:lvgl/src/draw/lv_draw_line.c **** 
  45:lvgl/src/draw/lv_draw_line.c **** LV_ATTRIBUTE_FAST_MEM void lv_draw_line(struct _lv_draw_ctx_t * draw_ctx, const lv_draw_line_dsc_t 
  46:lvgl/src/draw/lv_draw_line.c ****                                         const lv_point_t * point1, const lv_point_t * point2)
  47:lvgl/src/draw/lv_draw_line.c **** {
  92              		.loc 1 47 1 is_stmt 1 view -0
  93              		.cfi_startproc
  94              		@ args = 0, pretend = 0, frame = 0
  95              		@ frame_needed = 0, uses_anonymous_args = 0
  96              		.loc 1 47 1 is_stmt 0 view .LVU18
  97 0000 10B5     		push	{r4, lr}
  98              	.LCFI1:
  99              		.cfi_def_cfa_offset 8
 100              		.cfi_offset 4, -8
 101              		.cfi_offset 14, -4
  48:lvgl/src/draw/lv_draw_line.c ****     if(dsc->width == 0) return;
 102              		.loc 1 48 5 is_stmt 1 view .LVU19
 103              		.loc 1 48 11 is_stmt 0 view .LVU20
 104 0002 B1F90240 		ldrsh	r4, [r1, #2]
 105              		.loc 1 48 7 view .LVU21
 106 0006 24B1     		cbz	r4, .L3
  49:lvgl/src/draw/lv_draw_line.c ****     if(dsc->opa <= LV_OPA_MIN) return;
ARM GAS  C:\usertemp\ccQAjrYR.s 			page 16


 107              		.loc 1 49 5 is_stmt 1 view .LVU22
 108              		.loc 1 49 11 is_stmt 0 view .LVU23
 109 0008 0C7A     		ldrb	r4, [r1, #8]	@ zero_extendqisi2
 110              		.loc 1 49 7 view .LVU24
 111 000a 022C     		cmp	r4, #2
 112 000c 01D9     		bls	.L3
  50:lvgl/src/draw/lv_draw_line.c **** 
  51:lvgl/src/draw/lv_draw_line.c ****     draw_ctx->draw_line(draw_ctx, dsc, point1, point2);
 113              		.loc 1 51 5 is_stmt 1 view .LVU25
 114              		.loc 1 51 13 is_stmt 0 view .LVU26
 115 000e 046A     		ldr	r4, [r0, #32]
 116              		.loc 1 51 5 view .LVU27
 117 0010 A047     		blx	r4
 118              	.LVL5:
 119              	.L3:
  52:lvgl/src/draw/lv_draw_line.c **** }
 120              		.loc 1 52 1 view .LVU28
 121 0012 10BD     		pop	{r4, pc}
 122              		.cfi_endproc
 123              	.LFE157:
 125              		.text
 126              	.Letext0:
 127              		.file 3 "D:/armtoolchain/arm-gnu-toolchain-13.3.rel1-mingw-w64-i686-arm-none-eabi/arm-none-eabi/in
 128              		.file 4 "D:/armtoolchain/arm-gnu-toolchain-13.3.rel1-mingw-w64-i686-arm-none-eabi/arm-none-eabi/in
 129              		.file 5 "D:/armtoolchain/arm-gnu-toolchain-13.3.rel1-mingw-w64-i686-arm-none-eabi/lib/gcc/arm-none
 130              		.file 6 "lvgl/src/draw/../core/../misc/../font/../misc/lv_area.h"
 131              		.file 7 "lvgl/src/draw/../core/../misc/../font/lv_font.h"
 132              		.file 8 "lvgl/src/draw/../core/../misc/lv_types.h"
 133              		.file 9 "lvgl/src/draw/../core/../misc/lv_txt.h"
 134              		.file 10 "lvgl/src/draw/../core/../misc/lv_bidi.h"
 135              		.file 11 "lvgl/src/draw/../core/../misc/lv_style.h"
 136              		.file 12 "lvgl/src/draw/../core/../hal/../draw/lv_img_buf.h"
 137              		.file 13 "lvgl/src/draw/../core/../hal/../draw/lv_draw_rect.h"
 138              		.file 14 "lvgl/src/draw/../core/../hal/../draw/lv_draw_label.h"
 139              		.file 15 "lvgl/src/draw/../core/../hal/../draw/lv_draw_img.h"
 140              		.file 16 "lvgl/src/draw/../core/../hal/../draw/lv_draw_line.h"
 141              		.file 17 "lvgl/src/draw/../core/../hal/../draw/lv_draw_arc.h"
 142              		.file 18 "lvgl/src/draw/../core/../hal/../draw/lv_draw.h"
 143              		.file 19 "lvgl/src/draw/../core/../misc/lv_mem.h"
ARM GAS  C:\usertemp\ccQAjrYR.s 			page 17


DEFINED SYMBOLS
                            *ABS*:00000000 lv_draw_line.c
C:\usertemp\ccQAjrYR.s:20     .text.lv_draw_line_dsc_init:00000000 $t
C:\usertemp\ccQAjrYR.s:26     .text.lv_draw_line_dsc_init:00000000 lv_draw_line_dsc_init
C:\usertemp\ccQAjrYR.s:83     .text.lv_draw_line:00000000 $t
C:\usertemp\ccQAjrYR.s:89     .text.lv_draw_line:00000000 lv_draw_line

UNDEFINED SYMBOLS
lv_memset_00
