ARM GAS  C:\usertemp\ccJ6qoig.s 			page 1


   1              		.cpu cortex-m7
   2              		.arch armv7e-m
   3              		.fpu fpv5-d16
   4              		.eabi_attribute 28, 1
   5              		.eabi_attribute 20, 1
   6              		.eabi_attribute 21, 1
   7              		.eabi_attribute 23, 3
   8              		.eabi_attribute 24, 1
   9              		.eabi_attribute 25, 1
  10              		.eabi_attribute 26, 1
  11              		.eabi_attribute 30, 1
  12              		.eabi_attribute 34, 1
  13              		.eabi_attribute 18, 4
  14              		.file	"lv_draw_sw_polygon.c"
  15              		.text
  16              	.Ltext0:
  17              		.cfi_sections	.debug_frame
  18              		.file 1 "lvgl/src/draw/sw/lv_draw_sw_polygon.c"
  19              		.section	.text.lv_draw_sw_polygon,"ax",%progbits
  20              		.align	1
  21              		.global	lv_draw_sw_polygon
  22              		.syntax unified
  23              		.thumb
  24              		.thumb_func
  26              	lv_draw_sw_polygon:
  27              	.LVL0:
  28              	.LFB56:
   1:lvgl/src/draw/sw/lv_draw_sw_polygon.c **** /**
   2:lvgl/src/draw/sw/lv_draw_sw_polygon.c ****  * @file lv_draw_sw_polygon.c
   3:lvgl/src/draw/sw/lv_draw_sw_polygon.c ****  *
   4:lvgl/src/draw/sw/lv_draw_sw_polygon.c ****  */
   5:lvgl/src/draw/sw/lv_draw_sw_polygon.c **** 
   6:lvgl/src/draw/sw/lv_draw_sw_polygon.c **** /*********************
   7:lvgl/src/draw/sw/lv_draw_sw_polygon.c ****  *      INCLUDES
   8:lvgl/src/draw/sw/lv_draw_sw_polygon.c ****  *********************/
   9:lvgl/src/draw/sw/lv_draw_sw_polygon.c **** #include "lv_draw_sw.h"
  10:lvgl/src/draw/sw/lv_draw_sw_polygon.c **** #include "../../misc/lv_math.h"
  11:lvgl/src/draw/sw/lv_draw_sw_polygon.c **** #include "../../misc/lv_mem.h"
  12:lvgl/src/draw/sw/lv_draw_sw_polygon.c **** #include "../../misc/lv_area.h"
  13:lvgl/src/draw/sw/lv_draw_sw_polygon.c **** #include "../../misc/lv_color.h"
  14:lvgl/src/draw/sw/lv_draw_sw_polygon.c **** #include "../lv_draw_rect.h"
  15:lvgl/src/draw/sw/lv_draw_sw_polygon.c **** 
  16:lvgl/src/draw/sw/lv_draw_sw_polygon.c **** /*********************
  17:lvgl/src/draw/sw/lv_draw_sw_polygon.c ****  *      DEFINES
  18:lvgl/src/draw/sw/lv_draw_sw_polygon.c ****  *********************/
  19:lvgl/src/draw/sw/lv_draw_sw_polygon.c **** 
  20:lvgl/src/draw/sw/lv_draw_sw_polygon.c **** /**********************
  21:lvgl/src/draw/sw/lv_draw_sw_polygon.c ****  *      TYPEDEFS
  22:lvgl/src/draw/sw/lv_draw_sw_polygon.c ****  **********************/
  23:lvgl/src/draw/sw/lv_draw_sw_polygon.c **** 
  24:lvgl/src/draw/sw/lv_draw_sw_polygon.c **** /**********************
  25:lvgl/src/draw/sw/lv_draw_sw_polygon.c ****  *  STATIC PROTOTYPES
  26:lvgl/src/draw/sw/lv_draw_sw_polygon.c ****  **********************/
  27:lvgl/src/draw/sw/lv_draw_sw_polygon.c **** 
  28:lvgl/src/draw/sw/lv_draw_sw_polygon.c **** /**********************
  29:lvgl/src/draw/sw/lv_draw_sw_polygon.c ****  *  STATIC VARIABLES
  30:lvgl/src/draw/sw/lv_draw_sw_polygon.c ****  **********************/
ARM GAS  C:\usertemp\ccJ6qoig.s 			page 2


  31:lvgl/src/draw/sw/lv_draw_sw_polygon.c **** 
  32:lvgl/src/draw/sw/lv_draw_sw_polygon.c **** /**********************
  33:lvgl/src/draw/sw/lv_draw_sw_polygon.c ****  *      MACROS
  34:lvgl/src/draw/sw/lv_draw_sw_polygon.c ****  **********************/
  35:lvgl/src/draw/sw/lv_draw_sw_polygon.c **** 
  36:lvgl/src/draw/sw/lv_draw_sw_polygon.c **** /**********************
  37:lvgl/src/draw/sw/lv_draw_sw_polygon.c ****  *   GLOBAL FUNCTIONS
  38:lvgl/src/draw/sw/lv_draw_sw_polygon.c ****  **********************/
  39:lvgl/src/draw/sw/lv_draw_sw_polygon.c **** 
  40:lvgl/src/draw/sw/lv_draw_sw_polygon.c **** /**
  41:lvgl/src/draw/sw/lv_draw_sw_polygon.c ****  * Draw a polygon. Only convex polygons are supported
  42:lvgl/src/draw/sw/lv_draw_sw_polygon.c ****  * @param points an array of points
  43:lvgl/src/draw/sw/lv_draw_sw_polygon.c ****  * @param point_cnt number of points
  44:lvgl/src/draw/sw/lv_draw_sw_polygon.c ****  * @param clip_area polygon will be drawn only in this area
  45:lvgl/src/draw/sw/lv_draw_sw_polygon.c ****  * @param draw_dsc pointer to an initialized `lv_draw_rect_dsc_t` variable
  46:lvgl/src/draw/sw/lv_draw_sw_polygon.c ****  */
  47:lvgl/src/draw/sw/lv_draw_sw_polygon.c **** void lv_draw_sw_polygon(lv_draw_ctx_t * draw_ctx, const lv_draw_rect_dsc_t * draw_dsc, const lv_poi
  48:lvgl/src/draw/sw/lv_draw_sw_polygon.c ****                         uint16_t point_cnt)
  49:lvgl/src/draw/sw/lv_draw_sw_polygon.c **** {
  29              		.loc 1 49 1 view -0
  30              		.cfi_startproc
  31              		@ args = 0, pretend = 0, frame = 40
  32              		@ frame_needed = 0, uses_anonymous_args = 0
  33              		.loc 1 49 1 is_stmt 0 view .LVU1
  34 0000 2DE9F04F 		push	{r4, r5, r6, r7, r8, r9, r10, fp, lr}
  35              	.LCFI0:
  36              		.cfi_def_cfa_offset 36
  37              		.cfi_offset 4, -36
  38              		.cfi_offset 5, -32
  39              		.cfi_offset 6, -28
  40              		.cfi_offset 7, -24
  41              		.cfi_offset 8, -20
  42              		.cfi_offset 9, -16
  43              		.cfi_offset 10, -12
  44              		.cfi_offset 11, -8
  45              		.cfi_offset 14, -4
  46 0004 8DB0     		sub	sp, sp, #52
  47              	.LCFI1:
  48              		.cfi_def_cfa_offset 88
  49 0006 0591     		str	r1, [sp, #20]
  50:lvgl/src/draw/sw/lv_draw_sw_polygon.c **** #if LV_DRAW_COMPLEX
  51:lvgl/src/draw/sw/lv_draw_sw_polygon.c ****     if(point_cnt < 3) return;
  50              		.loc 1 51 5 is_stmt 1 view .LVU2
  51              		.loc 1 51 7 is_stmt 0 view .LVU3
  52 0008 022B     		cmp	r3, #2
  53 000a 40F25381 		bls	.L1
  54 000e 0546     		mov	r5, r0
  55 0010 1746     		mov	r7, r2
  56 0012 9846     		mov	r8, r3
  52:lvgl/src/draw/sw/lv_draw_sw_polygon.c ****     if(points == NULL) return;
  57              		.loc 1 52 5 is_stmt 1 view .LVU4
  58              		.loc 1 52 7 is_stmt 0 view .LVU5
  59 0014 002A     		cmp	r2, #0
  60 0016 00F04D81 		beq	.L1
  53:lvgl/src/draw/sw/lv_draw_sw_polygon.c **** 
  54:lvgl/src/draw/sw/lv_draw_sw_polygon.c ****     /*Join adjacent points if they are on the same coordinate*/
  55:lvgl/src/draw/sw/lv_draw_sw_polygon.c ****     lv_point_t * p = lv_mem_buf_get(point_cnt * sizeof(lv_point_t));
ARM GAS  C:\usertemp\ccJ6qoig.s 			page 3


  61              		.loc 1 55 5 is_stmt 1 view .LVU6
  62              		.loc 1 55 22 is_stmt 0 view .LVU7
  63 001a 9800     		lsls	r0, r3, #2
  64              	.LVL1:
  65              		.loc 1 55 22 view .LVU8
  66 001c FFF7FEFF 		bl	lv_mem_buf_get
  67              	.LVL2:
  56:lvgl/src/draw/sw/lv_draw_sw_polygon.c ****     if(p == NULL) return;
  68              		.loc 1 56 5 is_stmt 1 view .LVU9
  69              		.loc 1 56 7 is_stmt 0 view .LVU10
  70 0020 0446     		mov	r4, r0
  71 0022 0028     		cmp	r0, #0
  72 0024 00F04681 		beq	.L1
  57:lvgl/src/draw/sw/lv_draw_sw_polygon.c ****     uint16_t i;
  73              		.loc 1 57 5 is_stmt 1 view .LVU11
  58:lvgl/src/draw/sw/lv_draw_sw_polygon.c ****     uint16_t pcnt = 0;
  74              		.loc 1 58 5 view .LVU12
  75              	.LVL3:
  59:lvgl/src/draw/sw/lv_draw_sw_polygon.c ****     p[0] = points[0];
  76              		.loc 1 59 5 view .LVU13
  77              		.loc 1 59 10 is_stmt 0 view .LVU14
  78 0028 3B68     		ldr	r3, [r7]	@ unaligned
  79 002a 0360     		str	r3, [r0]	@ unaligned
  60:lvgl/src/draw/sw/lv_draw_sw_polygon.c ****     for(i = 0; i < point_cnt - 1; i++) {
  80              		.loc 1 60 5 is_stmt 1 view .LVU15
  81              	.LVL4:
  58:lvgl/src/draw/sw/lv_draw_sw_polygon.c ****     uint16_t pcnt = 0;
  82              		.loc 1 58 14 is_stmt 0 view .LVU16
  83 002c 0026     		movs	r6, #0
  84              		.loc 1 60 11 view .LVU17
  85 002e 3146     		mov	r1, r6
  86              		.loc 1 60 5 view .LVU18
  87 0030 06E0     		b	.L3
  88              	.LVL5:
  89              	.L4:
  61:lvgl/src/draw/sw/lv_draw_sw_polygon.c ****         if(points[i].x != points[i + 1].x || points[i].y != points[i + 1].y) {
  62:lvgl/src/draw/sw/lv_draw_sw_polygon.c ****             p[pcnt] = points[i];
  90              		.loc 1 62 13 is_stmt 1 view .LVU19
  91              		.loc 1 62 21 is_stmt 0 view .LVU20
  92 0032 3B58     		ldr	r3, [r7, r0]	@ unaligned
  93 0034 44F82630 		str	r3, [r4, r6, lsl #2]	@ unaligned
  63:lvgl/src/draw/sw/lv_draw_sw_polygon.c ****             pcnt++;
  94              		.loc 1 63 13 is_stmt 1 view .LVU21
  95              		.loc 1 63 17 is_stmt 0 view .LVU22
  96 0038 0136     		adds	r6, r6, #1
  97              	.LVL6:
  98              		.loc 1 63 17 view .LVU23
  99 003a B6B2     		uxth	r6, r6
 100              	.LVL7:
 101              	.L5:
  60:lvgl/src/draw/sw/lv_draw_sw_polygon.c ****     for(i = 0; i < point_cnt - 1; i++) {
 102              		.loc 1 60 36 is_stmt 1 discriminator 2 view .LVU24
 103 003c 0131     		adds	r1, r1, #1
 104              	.LVL8:
  60:lvgl/src/draw/sw/lv_draw_sw_polygon.c ****     for(i = 0; i < point_cnt - 1; i++) {
 105              		.loc 1 60 36 is_stmt 0 discriminator 2 view .LVU25
 106 003e 89B2     		uxth	r1, r1
ARM GAS  C:\usertemp\ccJ6qoig.s 			page 4


 107              	.LVL9:
 108              	.L3:
  60:lvgl/src/draw/sw/lv_draw_sw_polygon.c ****     for(i = 0; i < point_cnt - 1; i++) {
 109              		.loc 1 60 18 is_stmt 1 discriminator 1 view .LVU26
  60:lvgl/src/draw/sw/lv_draw_sw_polygon.c ****     for(i = 0; i < point_cnt - 1; i++) {
 110              		.loc 1 60 30 is_stmt 0 discriminator 1 view .LVU27
 111 0040 08F1FF33 		add	r3, r8, #-1
  60:lvgl/src/draw/sw/lv_draw_sw_polygon.c ****     for(i = 0; i < point_cnt - 1; i++) {
 112              		.loc 1 60 18 discriminator 1 view .LVU28
 113 0044 9942     		cmp	r1, r3
 114 0046 12DA     		bge	.L34
  61:lvgl/src/draw/sw/lv_draw_sw_polygon.c ****         if(points[i].x != points[i + 1].x || points[i].y != points[i + 1].y) {
 115              		.loc 1 61 9 is_stmt 1 view .LVU29
  61:lvgl/src/draw/sw/lv_draw_sw_polygon.c ****         if(points[i].x != points[i + 1].x || points[i].y != points[i + 1].y) {
 116              		.loc 1 61 18 is_stmt 0 view .LVU30
 117 0048 8800     		lsls	r0, r1, #2
 118 004a 07EB810E 		add	lr, r7, r1, lsl #2
  61:lvgl/src/draw/sw/lv_draw_sw_polygon.c ****         if(points[i].x != points[i + 1].x || points[i].y != points[i + 1].y) {
 119              		.loc 1 61 21 view .LVU31
 120 004e 37F92120 		ldrsh	r2, [r7, r1, lsl #2]
  61:lvgl/src/draw/sw/lv_draw_sw_polygon.c ****         if(points[i].x != points[i + 1].x || points[i].y != points[i + 1].y) {
 121              		.loc 1 61 33 view .LVU32
 122 0052 4B1C     		adds	r3, r1, #1
 123 0054 07EB830C 		add	ip, r7, r3, lsl #2
  61:lvgl/src/draw/sw/lv_draw_sw_polygon.c ****         if(points[i].x != points[i + 1].x || points[i].y != points[i + 1].y) {
 124              		.loc 1 61 40 view .LVU33
 125 0058 37F92330 		ldrsh	r3, [r7, r3, lsl #2]
  61:lvgl/src/draw/sw/lv_draw_sw_polygon.c ****         if(points[i].x != points[i + 1].x || points[i].y != points[i + 1].y) {
 126              		.loc 1 61 11 view .LVU34
 127 005c 9A42     		cmp	r2, r3
 128 005e E8D1     		bne	.L4
  61:lvgl/src/draw/sw/lv_draw_sw_polygon.c ****         if(points[i].x != points[i + 1].x || points[i].y != points[i + 1].y) {
 129              		.loc 1 61 55 discriminator 1 view .LVU35
 130 0060 BEF90220 		ldrsh	r2, [lr, #2]
  61:lvgl/src/draw/sw/lv_draw_sw_polygon.c ****         if(points[i].x != points[i + 1].x || points[i].y != points[i + 1].y) {
 131              		.loc 1 61 74 discriminator 1 view .LVU36
 132 0064 BCF90230 		ldrsh	r3, [ip, #2]
  61:lvgl/src/draw/sw/lv_draw_sw_polygon.c ****         if(points[i].x != points[i + 1].x || points[i].y != points[i + 1].y) {
 133              		.loc 1 61 43 discriminator 1 view .LVU37
 134 0068 9A42     		cmp	r2, r3
 135 006a E2D1     		bne	.L4
 136 006c E6E7     		b	.L5
 137              	.L34:
  64:lvgl/src/draw/sw/lv_draw_sw_polygon.c ****         }
  65:lvgl/src/draw/sw/lv_draw_sw_polygon.c ****     }
  66:lvgl/src/draw/sw/lv_draw_sw_polygon.c ****     /*The first and the last points are also adjacent*/
  67:lvgl/src/draw/sw/lv_draw_sw_polygon.c ****     if(points[0].x != points[point_cnt - 1].x || points[0].y != points[point_cnt - 1].y) {
 138              		.loc 1 67 5 is_stmt 1 view .LVU38
 139              		.loc 1 67 17 is_stmt 0 view .LVU39
 140 006e B7F90010 		ldrsh	r1, [r7]
 141              	.LVL10:
 142              		.loc 1 67 29 view .LVU40
 143 0072 6FF04043 		mvn	r3, #-1073741824
 144 0076 4344     		add	r3, r3, r8
 145 0078 07EB8300 		add	r0, r7, r3, lsl #2
 146              		.loc 1 67 44 view .LVU41
 147 007c 37F92320 		ldrsh	r2, [r7, r3, lsl #2]
ARM GAS  C:\usertemp\ccJ6qoig.s 			page 5


 148              		.loc 1 67 7 view .LVU42
 149 0080 9142     		cmp	r1, r2
 150 0082 0FD0     		beq	.L35
 151              	.L7:
  68:lvgl/src/draw/sw/lv_draw_sw_polygon.c ****         p[pcnt] = points[point_cnt - 1];
 152              		.loc 1 68 9 is_stmt 1 view .LVU43
 153              		.loc 1 68 17 is_stmt 0 view .LVU44
 154 0084 57F82330 		ldr	r3, [r7, r3, lsl #2]	@ unaligned
 155 0088 44F82630 		str	r3, [r4, r6, lsl #2]	@ unaligned
  69:lvgl/src/draw/sw/lv_draw_sw_polygon.c ****         pcnt++;
 156              		.loc 1 69 9 is_stmt 1 view .LVU45
 157              		.loc 1 69 13 is_stmt 0 view .LVU46
 158 008c 0136     		adds	r6, r6, #1
 159              	.LVL11:
 160              		.loc 1 69 13 view .LVU47
 161 008e B6B2     		uxth	r6, r6
 162              	.LVL12:
 163              	.L8:
  70:lvgl/src/draw/sw/lv_draw_sw_polygon.c ****     }
  71:lvgl/src/draw/sw/lv_draw_sw_polygon.c **** 
  72:lvgl/src/draw/sw/lv_draw_sw_polygon.c ****     point_cnt = pcnt;
 164              		.loc 1 72 5 is_stmt 1 view .LVU48
  73:lvgl/src/draw/sw/lv_draw_sw_polygon.c ****     if(point_cnt < 3) {
 165              		.loc 1 73 5 view .LVU49
 166              		.loc 1 73 7 is_stmt 0 view .LVU50
 167 0090 022E     		cmp	r6, #2
 168 0092 0ED9     		bls	.L36
  74:lvgl/src/draw/sw/lv_draw_sw_polygon.c ****         lv_mem_buf_release(p);
  75:lvgl/src/draw/sw/lv_draw_sw_polygon.c ****         return;
  76:lvgl/src/draw/sw/lv_draw_sw_polygon.c ****     }
  77:lvgl/src/draw/sw/lv_draw_sw_polygon.c **** 
  78:lvgl/src/draw/sw/lv_draw_sw_polygon.c ****     lv_area_t poly_coords = {.x1 = LV_COORD_MAX, .y1 = LV_COORD_MAX, .x2 = LV_COORD_MIN, .y2 = LV_C
 169              		.loc 1 78 5 is_stmt 1 view .LVU51
 170              		.loc 1 78 15 is_stmt 0 view .LVU52
 171 0094 894B     		ldr	r3, .L44
 172 0096 93E80300 		ldm	r3, {r0, r1}
 173 009a 0CAB     		add	r3, sp, #48
 174 009c 03E90300 		stmdb	r3, {r0, r1}
  79:lvgl/src/draw/sw/lv_draw_sw_polygon.c **** 
  80:lvgl/src/draw/sw/lv_draw_sw_polygon.c ****     for(i = 0; i < point_cnt; i++) {
 175              		.loc 1 80 5 is_stmt 1 view .LVU53
 176              	.LVL13:
 177              		.loc 1 80 11 is_stmt 0 view .LVU54
 178 00a0 0022     		movs	r2, #0
 179              		.loc 1 80 5 view .LVU55
 180 00a2 32E0     		b	.L10
 181              	.LVL14:
 182              	.L35:
  67:lvgl/src/draw/sw/lv_draw_sw_polygon.c ****         p[pcnt] = points[point_cnt - 1];
 183              		.loc 1 67 59 discriminator 1 view .LVU56
 184 00a4 B7F90210 		ldrsh	r1, [r7, #2]
  67:lvgl/src/draw/sw/lv_draw_sw_polygon.c ****         p[pcnt] = points[point_cnt - 1];
 185              		.loc 1 67 86 discriminator 1 view .LVU57
 186 00a8 B0F90220 		ldrsh	r2, [r0, #2]
  67:lvgl/src/draw/sw/lv_draw_sw_polygon.c ****         p[pcnt] = points[point_cnt - 1];
 187              		.loc 1 67 47 discriminator 1 view .LVU58
 188 00ac 9142     		cmp	r1, r2
ARM GAS  C:\usertemp\ccJ6qoig.s 			page 6


 189 00ae E9D1     		bne	.L7
 190 00b0 EEE7     		b	.L8
 191              	.LVL15:
 192              	.L36:
  74:lvgl/src/draw/sw/lv_draw_sw_polygon.c ****         lv_mem_buf_release(p);
 193              		.loc 1 74 9 is_stmt 1 view .LVU59
 194 00b2 2046     		mov	r0, r4
 195 00b4 FFF7FEFF 		bl	lv_mem_buf_release
 196              	.LVL16:
  75:lvgl/src/draw/sw/lv_draw_sw_polygon.c ****     }
 197              		.loc 1 75 9 view .LVU60
 198 00b8 FCE0     		b	.L1
 199              	.LVL17:
 200              	.L11:
  81:lvgl/src/draw/sw/lv_draw_sw_polygon.c ****         poly_coords.x1 = LV_MIN(poly_coords.x1, p[i].x);
 201              		.loc 1 81 9 view .LVU61
 202              		.loc 1 81 26 is_stmt 0 view .LVU62
 203 00ba 04EB8201 		add	r1, r4, r2, lsl #2
 204 00be 34F92230 		ldrsh	r3, [r4, r2, lsl #2]
 205 00c2 BDF92800 		ldrsh	r0, [sp, #40]
 206 00c6 8342     		cmp	r3, r0
 207 00c8 A8BF     		it	ge
 208 00ca 0346     		movge	r3, r0
 209              		.loc 1 81 24 view .LVU63
 210 00cc ADF82830 		strh	r3, [sp, #40]	@ movhi
  82:lvgl/src/draw/sw/lv_draw_sw_polygon.c ****         poly_coords.y1 = LV_MIN(poly_coords.y1, p[i].y);
 211              		.loc 1 82 9 is_stmt 1 view .LVU64
 212              		.loc 1 82 26 is_stmt 0 view .LVU65
 213 00d0 B1F90230 		ldrsh	r3, [r1, #2]
 214 00d4 BDF92A00 		ldrsh	r0, [sp, #42]
 215 00d8 8342     		cmp	r3, r0
 216 00da A8BF     		it	ge
 217 00dc 0346     		movge	r3, r0
 218              		.loc 1 82 24 view .LVU66
 219 00de ADF82A30 		strh	r3, [sp, #42]	@ movhi
  83:lvgl/src/draw/sw/lv_draw_sw_polygon.c ****         poly_coords.x2 = LV_MAX(poly_coords.x2, p[i].x);
 220              		.loc 1 83 9 is_stmt 1 view .LVU67
 221              		.loc 1 83 26 is_stmt 0 view .LVU68
 222 00e2 34F92230 		ldrsh	r3, [r4, r2, lsl #2]
 223 00e6 BDF92C00 		ldrsh	r0, [sp, #44]
 224 00ea 8342     		cmp	r3, r0
 225 00ec B8BF     		it	lt
 226 00ee 0346     		movlt	r3, r0
 227              		.loc 1 83 24 view .LVU69
 228 00f0 ADF82C30 		strh	r3, [sp, #44]	@ movhi
  84:lvgl/src/draw/sw/lv_draw_sw_polygon.c ****         poly_coords.y2 = LV_MAX(poly_coords.y2, p[i].y);
 229              		.loc 1 84 9 is_stmt 1 view .LVU70
 230              		.loc 1 84 26 is_stmt 0 view .LVU71
 231 00f4 B1F90230 		ldrsh	r3, [r1, #2]
 232 00f8 BDF92E10 		ldrsh	r1, [sp, #46]
 233 00fc 8B42     		cmp	r3, r1
 234 00fe B8BF     		it	lt
 235 0100 0B46     		movlt	r3, r1
 236              		.loc 1 84 24 view .LVU72
 237 0102 ADF82E30 		strh	r3, [sp, #46]	@ movhi
  80:lvgl/src/draw/sw/lv_draw_sw_polygon.c ****         poly_coords.x1 = LV_MIN(poly_coords.x1, p[i].x);
 238              		.loc 1 80 32 is_stmt 1 discriminator 3 view .LVU73
ARM GAS  C:\usertemp\ccJ6qoig.s 			page 7


 239 0106 0132     		adds	r2, r2, #1
 240              	.LVL18:
  80:lvgl/src/draw/sw/lv_draw_sw_polygon.c ****         poly_coords.x1 = LV_MIN(poly_coords.x1, p[i].x);
 241              		.loc 1 80 32 is_stmt 0 discriminator 3 view .LVU74
 242 0108 92B2     		uxth	r2, r2
 243              	.LVL19:
 244              	.L10:
  80:lvgl/src/draw/sw/lv_draw_sw_polygon.c ****         poly_coords.x1 = LV_MIN(poly_coords.x1, p[i].x);
 245              		.loc 1 80 18 is_stmt 1 discriminator 1 view .LVU75
 246 010a B242     		cmp	r2, r6
 247 010c D5D3     		bcc	.L11
  85:lvgl/src/draw/sw/lv_draw_sw_polygon.c ****     }
  86:lvgl/src/draw/sw/lv_draw_sw_polygon.c **** 
  87:lvgl/src/draw/sw/lv_draw_sw_polygon.c ****     bool is_common;
 248              		.loc 1 87 5 view .LVU76
  88:lvgl/src/draw/sw/lv_draw_sw_polygon.c ****     lv_area_t clip_area;
 249              		.loc 1 88 5 view .LVU77
  89:lvgl/src/draw/sw/lv_draw_sw_polygon.c ****     is_common = _lv_area_intersect(&clip_area, &poly_coords, draw_ctx->clip_area);
 250              		.loc 1 89 5 view .LVU78
 251              		.loc 1 89 17 is_stmt 0 view .LVU79
 252 010e AA68     		ldr	r2, [r5, #8]
 253              	.LVL20:
 254              		.loc 1 89 17 view .LVU80
 255 0110 0AA9     		add	r1, sp, #40
 256 0112 08A8     		add	r0, sp, #32
 257 0114 FFF7FEFF 		bl	_lv_area_intersect
 258              	.LVL21:
  90:lvgl/src/draw/sw/lv_draw_sw_polygon.c ****     if(!is_common) {
 259              		.loc 1 90 5 is_stmt 1 view .LVU81
 260              		.loc 1 90 7 is_stmt 0 view .LVU82
 261 0118 0390     		str	r0, [sp, #12]
 262 011a 48B1     		cbz	r0, .L37
  91:lvgl/src/draw/sw/lv_draw_sw_polygon.c ****         lv_mem_buf_release(p);
  92:lvgl/src/draw/sw/lv_draw_sw_polygon.c ****         return;
  93:lvgl/src/draw/sw/lv_draw_sw_polygon.c ****     }
  94:lvgl/src/draw/sw/lv_draw_sw_polygon.c **** 
  95:lvgl/src/draw/sw/lv_draw_sw_polygon.c ****     const lv_area_t * clip_area_ori = draw_ctx->clip_area;
 263              		.loc 1 95 5 is_stmt 1 view .LVU83
 264              		.loc 1 95 23 is_stmt 0 view .LVU84
 265 011c AB68     		ldr	r3, [r5, #8]
 266 011e 0693     		str	r3, [sp, #24]
 267              	.LVL22:
  96:lvgl/src/draw/sw/lv_draw_sw_polygon.c ****     draw_ctx->clip_area = &clip_area;
 268              		.loc 1 96 5 is_stmt 1 view .LVU85
 269              		.loc 1 96 25 is_stmt 0 view .LVU86
 270 0120 08AB     		add	r3, sp, #32
 271              	.LVL23:
 272              		.loc 1 96 25 view .LVU87
 273 0122 AB60     		str	r3, [r5, #8]
 274              	.LVL24:
  97:lvgl/src/draw/sw/lv_draw_sw_polygon.c **** 
  98:lvgl/src/draw/sw/lv_draw_sw_polygon.c ****     /*Find the lowest point*/
  99:lvgl/src/draw/sw/lv_draw_sw_polygon.c ****     lv_coord_t y_min = p[0].y;
 275              		.loc 1 99 5 is_stmt 1 view .LVU88
 276              		.loc 1 99 16 is_stmt 0 view .LVU89
 277 0124 B4F90210 		ldrsh	r1, [r4, #2]
 278              	.LVL25:
ARM GAS  C:\usertemp\ccJ6qoig.s 			page 8


 100:lvgl/src/draw/sw/lv_draw_sw_polygon.c ****     int16_t y_min_i = 0;
 279              		.loc 1 100 5 is_stmt 1 view .LVU90
 101:lvgl/src/draw/sw/lv_draw_sw_polygon.c **** 
 102:lvgl/src/draw/sw/lv_draw_sw_polygon.c ****     for(i = 1; i < point_cnt; i++) {
 280              		.loc 1 102 5 view .LVU91
 100:lvgl/src/draw/sw/lv_draw_sw_polygon.c ****     int16_t y_min_i = 0;
 281              		.loc 1 100 13 is_stmt 0 view .LVU92
 282 0128 4FF00008 		mov	r8, #0
 283              		.loc 1 102 11 view .LVU93
 284 012c 0123     		movs	r3, #1
 285              		.loc 1 102 5 view .LVU94
 286 012e 05E0     		b	.L13
 287              	.LVL26:
 288              	.L37:
  91:lvgl/src/draw/sw/lv_draw_sw_polygon.c ****         return;
 289              		.loc 1 91 9 is_stmt 1 view .LVU95
 290 0130 2046     		mov	r0, r4
 291              	.LVL27:
  91:lvgl/src/draw/sw/lv_draw_sw_polygon.c ****         return;
 292              		.loc 1 91 9 is_stmt 0 view .LVU96
 293 0132 FFF7FEFF 		bl	lv_mem_buf_release
 294              	.LVL28:
  92:lvgl/src/draw/sw/lv_draw_sw_polygon.c ****     }
 295              		.loc 1 92 9 is_stmt 1 view .LVU97
 296 0136 BDE0     		b	.L1
 297              	.LVL29:
 298              	.L14:
 299              		.loc 1 102 32 discriminator 2 view .LVU98
 300 0138 0133     		adds	r3, r3, #1
 301              	.LVL30:
 302              		.loc 1 102 32 is_stmt 0 discriminator 2 view .LVU99
 303 013a 9BB2     		uxth	r3, r3
 304              	.LVL31:
 305              	.L13:
 306              		.loc 1 102 18 is_stmt 1 discriminator 1 view .LVU100
 307 013c B342     		cmp	r3, r6
 308 013e 09D2     		bcs	.L38
 103:lvgl/src/draw/sw/lv_draw_sw_polygon.c ****         if(p[i].y < y_min) {
 309              		.loc 1 103 9 view .LVU101
 310              		.loc 1 103 13 is_stmt 0 view .LVU102
 311 0140 04EB8302 		add	r2, r4, r3, lsl #2
 312              		.loc 1 103 16 view .LVU103
 313 0144 B2F90220 		ldrsh	r2, [r2, #2]
 314              		.loc 1 103 11 view .LVU104
 315 0148 8A42     		cmp	r2, r1
 316 014a F5DA     		bge	.L14
 104:lvgl/src/draw/sw/lv_draw_sw_polygon.c ****             y_min = p[i].y;
 317              		.loc 1 104 13 is_stmt 1 view .LVU105
 318              	.LVL32:
 105:lvgl/src/draw/sw/lv_draw_sw_polygon.c ****             y_min_i = i;
 319              		.loc 1 105 13 view .LVU106
 320              		.loc 1 105 21 is_stmt 0 view .LVU107
 321 014c 0FFA83F8 		sxth	r8, r3
 322              	.LVL33:
 104:lvgl/src/draw/sw/lv_draw_sw_polygon.c ****             y_min = p[i].y;
 323              		.loc 1 104 19 view .LVU108
 324 0150 1146     		mov	r1, r2
ARM GAS  C:\usertemp\ccJ6qoig.s 			page 9


 325 0152 F1E7     		b	.L14
 326              	.LVL34:
 327              	.L38:
 106:lvgl/src/draw/sw/lv_draw_sw_polygon.c ****         }
 107:lvgl/src/draw/sw/lv_draw_sw_polygon.c ****     }
 108:lvgl/src/draw/sw/lv_draw_sw_polygon.c **** 
 109:lvgl/src/draw/sw/lv_draw_sw_polygon.c ****     lv_draw_mask_line_param_t * mp = lv_mem_buf_get(sizeof(lv_draw_mask_line_param_t) * point_cnt);
 328              		.loc 1 109 5 is_stmt 1 view .LVU109
 329              		.loc 1 109 38 is_stmt 0 view .LVU110
 330 0154 B246     		mov	r10, r6
 331 0156 2C20     		movs	r0, #44
 332              	.LVL35:
 333              		.loc 1 109 38 view .LVU111
 334 0158 06FB00F0 		mul	r0, r6, r0
 335 015c FFF7FEFF 		bl	lv_mem_buf_get
 336              	.LVL36:
 337              		.loc 1 109 38 view .LVU112
 338 0160 0490     		str	r0, [sp, #16]
 339              	.LVL37:
 110:lvgl/src/draw/sw/lv_draw_sw_polygon.c ****     lv_draw_mask_line_param_t * mp_next = mp;
 340              		.loc 1 110 5 is_stmt 1 view .LVU113
 111:lvgl/src/draw/sw/lv_draw_sw_polygon.c **** 
 112:lvgl/src/draw/sw/lv_draw_sw_polygon.c ****     int32_t i_prev_left = y_min_i;
 341              		.loc 1 112 5 view .LVU114
 342              		.loc 1 112 13 is_stmt 0 view .LVU115
 343 0162 4746     		mov	r7, r8
 344              	.LVL38:
 113:lvgl/src/draw/sw/lv_draw_sw_polygon.c ****     int32_t i_prev_right = y_min_i;
 345              		.loc 1 113 5 is_stmt 1 view .LVU116
 114:lvgl/src/draw/sw/lv_draw_sw_polygon.c ****     int32_t i_next_left;
 346              		.loc 1 114 5 view .LVU117
 115:lvgl/src/draw/sw/lv_draw_sw_polygon.c ****     int32_t i_next_right;
 347              		.loc 1 115 5 view .LVU118
 116:lvgl/src/draw/sw/lv_draw_sw_polygon.c ****     uint32_t mask_cnt = 0;
 348              		.loc 1 116 5 view .LVU119
 117:lvgl/src/draw/sw/lv_draw_sw_polygon.c **** 
 118:lvgl/src/draw/sw/lv_draw_sw_polygon.c ****     /*Get the index of the left and right points*/
 119:lvgl/src/draw/sw/lv_draw_sw_polygon.c ****     i_next_left = y_min_i - 1;
 349              		.loc 1 119 5 view .LVU120
 120:lvgl/src/draw/sw/lv_draw_sw_polygon.c ****     if(i_next_left < 0) i_next_left = point_cnt + i_next_left;
 350              		.loc 1 120 5 view .LVU121
 351              		.loc 1 120 7 is_stmt 0 view .LVU122
 352 0164 B8F10101 		subs	r1, r8, #1
 353              	.LVL39:
 354              		.loc 1 120 7 view .LVU123
 355 0168 2DD4     		bmi	.L39
 356              	.L16:
 121:lvgl/src/draw/sw/lv_draw_sw_polygon.c **** 
 122:lvgl/src/draw/sw/lv_draw_sw_polygon.c ****     i_next_right = y_min_i + 1;
 357              		.loc 1 122 5 is_stmt 1 view .LVU124
 358              		.loc 1 122 18 is_stmt 0 view .LVU125
 359 016a 7B1C     		adds	r3, r7, #1
 360              	.LVL40:
 123:lvgl/src/draw/sw/lv_draw_sw_polygon.c ****     if(i_next_right > point_cnt - 1) i_next_right = 0;
 361              		.loc 1 123 5 is_stmt 1 view .LVU126
 362              		.loc 1 123 21 is_stmt 0 view .LVU127
 363 016c B346     		mov	fp, r6
ARM GAS  C:\usertemp\ccJ6qoig.s 			page 10


 364              		.loc 1 123 7 view .LVU128
 365 016e 9E42     		cmp	r6, r3
 366 0170 00DC     		bgt	.L17
 367              		.loc 1 123 51 discriminator 1 view .LVU129
 368 0172 0023     		movs	r3, #0
 369              	.LVL41:
 370              	.L17:
 124:lvgl/src/draw/sw/lv_draw_sw_polygon.c **** 
 125:lvgl/src/draw/sw/lv_draw_sw_polygon.c ****     /**
 126:lvgl/src/draw/sw/lv_draw_sw_polygon.c ****      * Check if the order of points is inverted or not.
 127:lvgl/src/draw/sw/lv_draw_sw_polygon.c ****      * The normal case is when the left point is on `y_min_i - 1`
 128:lvgl/src/draw/sw/lv_draw_sw_polygon.c ****      * Explanation:
 129:lvgl/src/draw/sw/lv_draw_sw_polygon.c ****      *   if angle(p_left) < angle(p_right) -> inverted
 130:lvgl/src/draw/sw/lv_draw_sw_polygon.c ****      *   dy_left/dx_left < dy_right/dx_right
 131:lvgl/src/draw/sw/lv_draw_sw_polygon.c ****      *   dy_left * dx_right < dy_right * dx_left
 132:lvgl/src/draw/sw/lv_draw_sw_polygon.c ****      */
 133:lvgl/src/draw/sw/lv_draw_sw_polygon.c ****     lv_coord_t dxl = p[i_next_left].x - p[y_min_i].x;
 371              		.loc 1 133 5 is_stmt 1 view .LVU130
 372              		.loc 1 133 23 is_stmt 0 view .LVU131
 373 0174 04EB8102 		add	r2, r4, r1, lsl #2
 374              		.loc 1 133 36 view .LVU132
 375 0178 34F82110 		ldrh	r1, [r4, r1, lsl #2]
 376              	.LVL42:
 377              		.loc 1 133 42 view .LVU133
 378 017c 04EB8806 		add	r6, r4, r8, lsl #2
 379              	.LVL43:
 380              		.loc 1 133 51 view .LVU134
 381 0180 34F828E0 		ldrh	lr, [r4, r8, lsl #2]
 382              		.loc 1 133 39 view .LVU135
 383 0184 A1EB0E01 		sub	r1, r1, lr
 384              		.loc 1 133 16 view .LVU136
 385 0188 09B2     		sxth	r1, r1
 386              	.LVL44:
 134:lvgl/src/draw/sw/lv_draw_sw_polygon.c ****     lv_coord_t dxr = p[i_next_right].x - p[y_min_i].x;
 387              		.loc 1 134 5 is_stmt 1 view .LVU137
 388              		.loc 1 134 23 is_stmt 0 view .LVU138
 389 018a 04EB830C 		add	ip, r4, r3, lsl #2
 390              		.loc 1 134 37 view .LVU139
 391 018e 34F82300 		ldrh	r0, [r4, r3, lsl #2]
 392              	.LVL45:
 393              		.loc 1 134 40 view .LVU140
 394 0192 A0EB0E00 		sub	r0, r0, lr
 395              		.loc 1 134 16 view .LVU141
 396 0196 00B2     		sxth	r0, r0
 397              	.LVL46:
 135:lvgl/src/draw/sw/lv_draw_sw_polygon.c ****     lv_coord_t dyl = p[i_next_left].y - p[y_min_i].y;
 398              		.loc 1 135 5 is_stmt 1 view .LVU142
 399              		.loc 1 135 36 is_stmt 0 view .LVU143
 400 0198 5288     		ldrh	r2, [r2, #2]
 401              		.loc 1 135 51 view .LVU144
 402 019a 7688     		ldrh	r6, [r6, #2]
 403              		.loc 1 135 39 view .LVU145
 404 019c 921B     		subs	r2, r2, r6
 405              		.loc 1 135 16 view .LVU146
 406 019e 12B2     		sxth	r2, r2
 407              	.LVL47:
 136:lvgl/src/draw/sw/lv_draw_sw_polygon.c ****     lv_coord_t dyr = p[i_next_right].y - p[y_min_i].y;
ARM GAS  C:\usertemp\ccJ6qoig.s 			page 11


 408              		.loc 1 136 5 is_stmt 1 view .LVU147
 409              		.loc 1 136 37 is_stmt 0 view .LVU148
 410 01a0 BCF80230 		ldrh	r3, [ip, #2]
 411              	.LVL48:
 412              		.loc 1 136 40 view .LVU149
 413 01a4 9B1B     		subs	r3, r3, r6
 414              		.loc 1 136 16 view .LVU150
 415 01a6 1BB2     		sxth	r3, r3
 416              	.LVL49:
 137:lvgl/src/draw/sw/lv_draw_sw_polygon.c **** 
 138:lvgl/src/draw/sw/lv_draw_sw_polygon.c ****     bool inv = false;
 417              		.loc 1 138 5 is_stmt 1 view .LVU151
 139:lvgl/src/draw/sw/lv_draw_sw_polygon.c ****     if(dyl * dxr < dyr * dxl) inv = true;
 418              		.loc 1 139 5 view .LVU152
 419              		.loc 1 139 12 is_stmt 0 view .LVU153
 420 01a8 00FB02F2 		mul	r2, r0, r2
 421              	.LVL50:
 422              		.loc 1 139 24 view .LVU154
 423 01ac 01FB03F3 		mul	r3, r1, r3
 424              	.LVL51:
 425              		.loc 1 139 7 view .LVU155
 426 01b0 9A42     		cmp	r2, r3
 427 01b2 01DB     		blt	.L18
 138:lvgl/src/draw/sw/lv_draw_sw_polygon.c ****     if(dyl * dxr < dyr * dxl) inv = true;
 428              		.loc 1 138 10 view .LVU156
 429 01b4 0023     		movs	r3, #0
 430 01b6 0393     		str	r3, [sp, #12]
 431              	.LVL52:
 432              	.L18:
 138:lvgl/src/draw/sw/lv_draw_sw_polygon.c ****     if(dyl * dxr < dyr * dxl) inv = true;
 433              		.loc 1 138 10 view .LVU157
 434 01b8 B946     		mov	r9, r7
 435 01ba 049B     		ldr	r3, [sp, #16]
 436 01bc 9E46     		mov	lr, r3
 437 01be 4FF00008 		mov	r8, #0
 438              	.LVL53:
 138:lvgl/src/draw/sw/lv_draw_sw_polygon.c ****     if(dyl * dxr < dyr * dxl) inv = true;
 439              		.loc 1 138 10 view .LVU158
 440 01c2 0795     		str	r5, [sp, #28]
 441 01c4 39E0     		b	.L28
 442              	.LVL54:
 443              	.L39:
 120:lvgl/src/draw/sw/lv_draw_sw_polygon.c **** 
 444              		.loc 1 120 25 is_stmt 1 discriminator 1 view .LVU159
 120:lvgl/src/draw/sw/lv_draw_sw_polygon.c **** 
 445              		.loc 1 120 37 is_stmt 0 discriminator 1 view .LVU160
 446 01c6 3144     		add	r1, r1, r6
 447              	.LVL55:
 120:lvgl/src/draw/sw/lv_draw_sw_polygon.c **** 
 448              		.loc 1 120 37 discriminator 1 view .LVU161
 449 01c8 CFE7     		b	.L16
 450              	.LVL56:
 451              	.L43:
 140:lvgl/src/draw/sw/lv_draw_sw_polygon.c **** 
 141:lvgl/src/draw/sw/lv_draw_sw_polygon.c ****     do {
 142:lvgl/src/draw/sw/lv_draw_sw_polygon.c ****         if(!inv) {
 143:lvgl/src/draw/sw/lv_draw_sw_polygon.c ****             i_next_left = i_prev_left - 1;
ARM GAS  C:\usertemp\ccJ6qoig.s 			page 12


 144:lvgl/src/draw/sw/lv_draw_sw_polygon.c ****             if(i_next_left < 0) i_next_left = point_cnt + i_next_left;
 452              		.loc 1 144 33 is_stmt 1 discriminator 1 view .LVU162
 453              		.loc 1 144 45 is_stmt 0 discriminator 1 view .LVU163
 454 01ca 5D44     		add	r5, r5, fp
 455              	.LVL57:
 456              		.loc 1 144 45 discriminator 1 view .LVU164
 457 01cc 3AE0     		b	.L20
 458              	.LVL58:
 459              	.L19:
 145:lvgl/src/draw/sw/lv_draw_sw_polygon.c **** 
 146:lvgl/src/draw/sw/lv_draw_sw_polygon.c ****             i_next_right = i_prev_right + 1;
 147:lvgl/src/draw/sw/lv_draw_sw_polygon.c ****             if(i_next_right > point_cnt - 1) i_next_right = 0;
 148:lvgl/src/draw/sw/lv_draw_sw_polygon.c ****         }
 149:lvgl/src/draw/sw/lv_draw_sw_polygon.c ****         else {
 150:lvgl/src/draw/sw/lv_draw_sw_polygon.c ****             i_next_left = i_prev_left + 1;
 460              		.loc 1 150 13 is_stmt 1 view .LVU165
 461              		.loc 1 150 25 is_stmt 0 view .LVU166
 462 01ce 7D1C     		adds	r5, r7, #1
 463              	.LVL59:
 151:lvgl/src/draw/sw/lv_draw_sw_polygon.c ****             if(i_next_left > point_cnt - 1) i_next_left = 0;
 464              		.loc 1 151 13 is_stmt 1 view .LVU167
 465              		.loc 1 151 15 is_stmt 0 view .LVU168
 466 01d0 AB45     		cmp	fp, r5
 467 01d2 00DC     		bgt	.L22
 468              		.loc 1 151 57 discriminator 1 view .LVU169
 469 01d4 0025     		movs	r5, #0
 470              	.LVL60:
 471              	.L22:
 152:lvgl/src/draw/sw/lv_draw_sw_polygon.c **** 
 153:lvgl/src/draw/sw/lv_draw_sw_polygon.c ****             i_next_right = i_prev_right - 1;
 472              		.loc 1 153 13 is_stmt 1 view .LVU170
 154:lvgl/src/draw/sw/lv_draw_sw_polygon.c ****             if(i_next_right < 0) i_next_right = point_cnt + i_next_right;
 473              		.loc 1 154 13 view .LVU171
 474              		.loc 1 154 15 is_stmt 0 view .LVU172
 475 01d6 B9F10106 		subs	r6, r9, #1
 476              	.LVL61:
 477              		.loc 1 154 15 view .LVU173
 478 01da 39D4     		bmi	.L40
 479              	.LVL62:
 480              	.L21:
 155:lvgl/src/draw/sw/lv_draw_sw_polygon.c ****         }
 156:lvgl/src/draw/sw/lv_draw_sw_polygon.c **** 
 157:lvgl/src/draw/sw/lv_draw_sw_polygon.c ****         if(p[i_next_left].y >= p[i_prev_left].y) {
 481              		.loc 1 157 9 is_stmt 1 view .LVU174
 482              		.loc 1 157 13 is_stmt 0 view .LVU175
 483 01dc 4FEA850C 		lsl	ip, r5, #2
 484 01e0 04EB8503 		add	r3, r4, r5, lsl #2
 485              		.loc 1 157 26 view .LVU176
 486 01e4 B3F90200 		ldrsh	r0, [r3, #2]
 487              		.loc 1 157 33 view .LVU177
 488 01e8 B900     		lsls	r1, r7, #2
 489 01ea 04EB8703 		add	r3, r4, r7, lsl #2
 490              		.loc 1 157 46 view .LVU178
 491 01ee B3F90220 		ldrsh	r2, [r3, #2]
 492              		.loc 1 157 11 view .LVU179
 493 01f2 9042     		cmp	r0, r2
 494 01f4 08DB     		blt	.L23
ARM GAS  C:\usertemp\ccJ6qoig.s 			page 13


 158:lvgl/src/draw/sw/lv_draw_sw_polygon.c ****             if(p[i_next_left].y != p[i_prev_left].y &&
 495              		.loc 1 158 13 is_stmt 1 view .LVU180
 496              		.loc 1 158 15 is_stmt 0 view .LVU181
 497 01f6 04D0     		beq	.L24
 159:lvgl/src/draw/sw/lv_draw_sw_polygon.c ****                p[i_next_left].x != p[i_prev_left].x) {
 498              		.loc 1 159 30 view .LVU182
 499 01f8 34F90C30 		ldrsh	r3, [r4, ip]
 500              		.loc 1 159 50 view .LVU183
 501 01fc 615E     		ldrsh	r1, [r4, r1]
 158:lvgl/src/draw/sw/lv_draw_sw_polygon.c ****             if(p[i_next_left].y != p[i_prev_left].y &&
 502              		.loc 1 158 53 discriminator 1 view .LVU184
 503 01fe 8B42     		cmp	r3, r1
 504 0200 28D1     		bne	.L41
 505              	.LVL63:
 506              	.L24:
 160:lvgl/src/draw/sw/lv_draw_sw_polygon.c ****                 lv_draw_mask_line_points_init(mp_next, p[i_prev_left].x, p[i_prev_left].y,
 161:lvgl/src/draw/sw/lv_draw_sw_polygon.c ****                                               p[i_next_left].x, p[i_next_left].y,
 162:lvgl/src/draw/sw/lv_draw_sw_polygon.c ****                                               LV_DRAW_MASK_LINE_SIDE_RIGHT);
 163:lvgl/src/draw/sw/lv_draw_sw_polygon.c ****                 lv_draw_mask_add(mp_next, mp);
 164:lvgl/src/draw/sw/lv_draw_sw_polygon.c ****                 mp_next++;
 165:lvgl/src/draw/sw/lv_draw_sw_polygon.c ****             }
 166:lvgl/src/draw/sw/lv_draw_sw_polygon.c ****             mask_cnt++;
 507              		.loc 1 166 13 is_stmt 1 view .LVU185
 508              		.loc 1 166 21 is_stmt 0 view .LVU186
 509 0202 08F10108 		add	r8, r8, #1
 510              	.LVL64:
 167:lvgl/src/draw/sw/lv_draw_sw_polygon.c ****             i_prev_left = i_next_left;
 511              		.loc 1 167 13 is_stmt 1 view .LVU187
 512              		.loc 1 167 25 is_stmt 0 view .LVU188
 513 0206 2F46     		mov	r7, r5
 514              	.LVL65:
 515              	.L23:
 168:lvgl/src/draw/sw/lv_draw_sw_polygon.c ****         }
 169:lvgl/src/draw/sw/lv_draw_sw_polygon.c **** 
 170:lvgl/src/draw/sw/lv_draw_sw_polygon.c ****         if(mask_cnt == point_cnt) break;
 516              		.loc 1 170 9 is_stmt 1 view .LVU189
 517              		.loc 1 170 11 is_stmt 0 view .LVU190
 518 0208 C245     		cmp	r10, r8
 519 020a 41D0     		beq	.L25
 171:lvgl/src/draw/sw/lv_draw_sw_polygon.c **** 
 172:lvgl/src/draw/sw/lv_draw_sw_polygon.c ****         if(p[i_next_right].y >= p[i_prev_right].y) {
 520              		.loc 1 172 9 is_stmt 1 view .LVU191
 521              		.loc 1 172 13 is_stmt 0 view .LVU192
 522 020c B500     		lsls	r5, r6, #2
 523              	.LVL66:
 524              		.loc 1 172 13 view .LVU193
 525 020e 04EB8603 		add	r3, r4, r6, lsl #2
 526              		.loc 1 172 27 view .LVU194
 527 0212 B3F90200 		ldrsh	r0, [r3, #2]
 528              		.loc 1 172 34 view .LVU195
 529 0216 4FEA8901 		lsl	r1, r9, #2
 530 021a 04EB8903 		add	r3, r4, r9, lsl #2
 531              		.loc 1 172 48 view .LVU196
 532 021e B3F90220 		ldrsh	r2, [r3, #2]
 533              		.loc 1 172 11 view .LVU197
 534 0222 9042     		cmp	r0, r2
 535 0224 07DB     		blt	.L26
ARM GAS  C:\usertemp\ccJ6qoig.s 			page 14


 173:lvgl/src/draw/sw/lv_draw_sw_polygon.c ****             if(p[i_next_right].y != p[i_prev_right].y &&
 536              		.loc 1 173 13 is_stmt 1 view .LVU198
 537              		.loc 1 173 15 is_stmt 0 view .LVU199
 538 0226 03D0     		beq	.L27
 174:lvgl/src/draw/sw/lv_draw_sw_polygon.c ****                p[i_next_right].x != p[i_prev_right].x) {
 539              		.loc 1 174 31 view .LVU200
 540 0228 635F     		ldrsh	r3, [r4, r5]
 541              		.loc 1 174 52 view .LVU201
 542 022a 615E     		ldrsh	r1, [r4, r1]
 173:lvgl/src/draw/sw/lv_draw_sw_polygon.c ****             if(p[i_next_right].y != p[i_prev_right].y &&
 543              		.loc 1 173 55 discriminator 1 view .LVU202
 544 022c 8B42     		cmp	r3, r1
 545 022e 20D1     		bne	.L42
 546              	.L27:
 175:lvgl/src/draw/sw/lv_draw_sw_polygon.c **** 
 176:lvgl/src/draw/sw/lv_draw_sw_polygon.c ****                 lv_draw_mask_line_points_init(mp_next, p[i_prev_right].x, p[i_prev_right].y,
 177:lvgl/src/draw/sw/lv_draw_sw_polygon.c ****                                               p[i_next_right].x, p[i_next_right].y,
 178:lvgl/src/draw/sw/lv_draw_sw_polygon.c ****                                               LV_DRAW_MASK_LINE_SIDE_LEFT);
 179:lvgl/src/draw/sw/lv_draw_sw_polygon.c ****                 lv_draw_mask_add(mp_next, mp);
 180:lvgl/src/draw/sw/lv_draw_sw_polygon.c ****                 mp_next++;
 181:lvgl/src/draw/sw/lv_draw_sw_polygon.c ****             }
 182:lvgl/src/draw/sw/lv_draw_sw_polygon.c ****             mask_cnt++;
 547              		.loc 1 182 13 is_stmt 1 view .LVU203
 548              		.loc 1 182 21 is_stmt 0 view .LVU204
 549 0230 08F10108 		add	r8, r8, #1
 550              	.LVL67:
 183:lvgl/src/draw/sw/lv_draw_sw_polygon.c ****             i_prev_right = i_next_right;
 551              		.loc 1 183 13 is_stmt 1 view .LVU205
 552              		.loc 1 183 26 is_stmt 0 view .LVU206
 553 0234 B146     		mov	r9, r6
 554              	.LVL68:
 555              	.L26:
 184:lvgl/src/draw/sw/lv_draw_sw_polygon.c ****         }
 185:lvgl/src/draw/sw/lv_draw_sw_polygon.c **** 
 186:lvgl/src/draw/sw/lv_draw_sw_polygon.c ****     } while(mask_cnt < point_cnt);
 556              		.loc 1 186 22 is_stmt 1 view .LVU207
 557 0236 C245     		cmp	r10, r8
 558 0238 2AD9     		bls	.L25
 559              	.LVL69:
 560              	.L28:
 141:lvgl/src/draw/sw/lv_draw_sw_polygon.c ****         if(!inv) {
 561              		.loc 1 141 5 view .LVU208
 142:lvgl/src/draw/sw/lv_draw_sw_polygon.c ****             i_next_left = i_prev_left - 1;
 562              		.loc 1 142 9 view .LVU209
 142:lvgl/src/draw/sw/lv_draw_sw_polygon.c ****             i_next_left = i_prev_left - 1;
 563              		.loc 1 142 11 is_stmt 0 view .LVU210
 564 023a 039B     		ldr	r3, [sp, #12]
 565 023c 002B     		cmp	r3, #0
 566 023e C6D1     		bne	.L19
 143:lvgl/src/draw/sw/lv_draw_sw_polygon.c ****             if(i_next_left < 0) i_next_left = point_cnt + i_next_left;
 567              		.loc 1 143 13 is_stmt 1 view .LVU211
 568              	.LVL70:
 144:lvgl/src/draw/sw/lv_draw_sw_polygon.c **** 
 569              		.loc 1 144 13 view .LVU212
 144:lvgl/src/draw/sw/lv_draw_sw_polygon.c **** 
 570              		.loc 1 144 15 is_stmt 0 view .LVU213
 571 0240 7D1E     		subs	r5, r7, #1
ARM GAS  C:\usertemp\ccJ6qoig.s 			page 15


 572              	.LVL71:
 144:lvgl/src/draw/sw/lv_draw_sw_polygon.c **** 
 573              		.loc 1 144 15 view .LVU214
 574 0242 C2D4     		bmi	.L43
 575              	.L20:
 146:lvgl/src/draw/sw/lv_draw_sw_polygon.c ****             if(i_next_right > point_cnt - 1) i_next_right = 0;
 576              		.loc 1 146 13 is_stmt 1 view .LVU215
 146:lvgl/src/draw/sw/lv_draw_sw_polygon.c ****             if(i_next_right > point_cnt - 1) i_next_right = 0;
 577              		.loc 1 146 26 is_stmt 0 view .LVU216
 578 0244 09F10106 		add	r6, r9, #1
 579              	.LVL72:
 147:lvgl/src/draw/sw/lv_draw_sw_polygon.c ****         }
 580              		.loc 1 147 13 is_stmt 1 view .LVU217
 147:lvgl/src/draw/sw/lv_draw_sw_polygon.c ****         }
 581              		.loc 1 147 15 is_stmt 0 view .LVU218
 582 0248 B345     		cmp	fp, r6
 583 024a C7DC     		bgt	.L21
 147:lvgl/src/draw/sw/lv_draw_sw_polygon.c ****         }
 584              		.loc 1 147 59 discriminator 1 view .LVU219
 585 024c 0026     		movs	r6, #0
 586              	.LVL73:
 147:lvgl/src/draw/sw/lv_draw_sw_polygon.c ****         }
 587              		.loc 1 147 59 discriminator 1 view .LVU220
 588 024e C5E7     		b	.L21
 589              	.LVL74:
 590              	.L40:
 154:lvgl/src/draw/sw/lv_draw_sw_polygon.c ****         }
 591              		.loc 1 154 34 is_stmt 1 discriminator 1 view .LVU221
 154:lvgl/src/draw/sw/lv_draw_sw_polygon.c ****         }
 592              		.loc 1 154 47 is_stmt 0 discriminator 1 view .LVU222
 593 0250 5E44     		add	r6, r6, fp
 594              	.LVL75:
 154:lvgl/src/draw/sw/lv_draw_sw_polygon.c ****         }
 595              		.loc 1 154 47 discriminator 1 view .LVU223
 596 0252 C3E7     		b	.L21
 597              	.L41:
 160:lvgl/src/draw/sw/lv_draw_sw_polygon.c ****                                               p[i_next_left].x, p[i_next_left].y,
 598              		.loc 1 160 17 is_stmt 1 view .LVU224
 599 0254 0127     		movs	r7, #1
 600              	.LVL76:
 160:lvgl/src/draw/sw/lv_draw_sw_polygon.c ****                                               p[i_next_left].x, p[i_next_left].y,
 601              		.loc 1 160 17 is_stmt 0 view .LVU225
 602 0256 0197     		str	r7, [sp, #4]
 603 0258 0090     		str	r0, [sp]
 604 025a 7746     		mov	r7, lr
 605 025c 7046     		mov	r0, lr
 606 025e FFF7FEFF 		bl	lv_draw_mask_line_points_init
 607              	.LVL77:
 163:lvgl/src/draw/sw/lv_draw_sw_polygon.c ****                 mp_next++;
 608              		.loc 1 163 17 is_stmt 1 view .LVU226
 609 0262 0499     		ldr	r1, [sp, #16]
 610 0264 3846     		mov	r0, r7
 611 0266 FFF7FEFF 		bl	lv_draw_mask_add
 612              	.LVL78:
 164:lvgl/src/draw/sw/lv_draw_sw_polygon.c ****             }
 613              		.loc 1 164 17 view .LVU227
 164:lvgl/src/draw/sw/lv_draw_sw_polygon.c ****             }
ARM GAS  C:\usertemp\ccJ6qoig.s 			page 16


 614              		.loc 1 164 24 is_stmt 0 view .LVU228
 615 026a 3B46     		mov	r3, r7
 616 026c 2C33     		adds	r3, r3, #44
 617 026e 9E46     		mov	lr, r3
 618              	.LVL79:
 164:lvgl/src/draw/sw/lv_draw_sw_polygon.c ****             }
 619              		.loc 1 164 24 view .LVU229
 620 0270 C7E7     		b	.L24
 621              	.LVL80:
 622              	.L42:
 176:lvgl/src/draw/sw/lv_draw_sw_polygon.c ****                                               p[i_next_right].x, p[i_next_right].y,
 623              		.loc 1 176 17 is_stmt 1 view .LVU230
 624 0272 0025     		movs	r5, #0
 625 0274 0195     		str	r5, [sp, #4]
 626 0276 0090     		str	r0, [sp]
 627 0278 7546     		mov	r5, lr
 628 027a 7046     		mov	r0, lr
 629 027c FFF7FEFF 		bl	lv_draw_mask_line_points_init
 630              	.LVL81:
 179:lvgl/src/draw/sw/lv_draw_sw_polygon.c ****                 mp_next++;
 631              		.loc 1 179 17 view .LVU231
 632 0280 0499     		ldr	r1, [sp, #16]
 633 0282 2846     		mov	r0, r5
 634 0284 FFF7FEFF 		bl	lv_draw_mask_add
 635              	.LVL82:
 180:lvgl/src/draw/sw/lv_draw_sw_polygon.c ****             }
 636              		.loc 1 180 17 view .LVU232
 180:lvgl/src/draw/sw/lv_draw_sw_polygon.c ****             }
 637              		.loc 1 180 24 is_stmt 0 view .LVU233
 638 0288 2B46     		mov	r3, r5
 639 028a 2C33     		adds	r3, r3, #44
 640 028c 9E46     		mov	lr, r3
 641              	.LVL83:
 180:lvgl/src/draw/sw/lv_draw_sw_polygon.c ****             }
 642              		.loc 1 180 24 view .LVU234
 643 028e CFE7     		b	.L27
 644              	.LVL84:
 645              	.L25:
 187:lvgl/src/draw/sw/lv_draw_sw_polygon.c **** 
 188:lvgl/src/draw/sw/lv_draw_sw_polygon.c ****     lv_draw_rect(draw_ctx, draw_dsc, &poly_coords);
 646              		.loc 1 188 5 view .LVU235
 647 0290 079D     		ldr	r5, [sp, #28]
 648              		.loc 1 188 5 is_stmt 1 view .LVU236
 649 0292 0AAA     		add	r2, sp, #40
 650 0294 0599     		ldr	r1, [sp, #20]
 651 0296 2846     		mov	r0, r5
 652 0298 FFF7FEFF 		bl	lv_draw_rect
 653              	.LVL85:
 189:lvgl/src/draw/sw/lv_draw_sw_polygon.c **** 
 190:lvgl/src/draw/sw/lv_draw_sw_polygon.c ****     lv_draw_mask_remove_custom(mp);
 654              		.loc 1 190 5 view .LVU237
 655 029c 049E     		ldr	r6, [sp, #16]
 656              	.LVL86:
 657              		.loc 1 190 5 is_stmt 0 view .LVU238
 658 029e 3046     		mov	r0, r6
 659 02a0 FFF7FEFF 		bl	lv_draw_mask_remove_custom
 660              	.LVL87:
ARM GAS  C:\usertemp\ccJ6qoig.s 			page 17


 191:lvgl/src/draw/sw/lv_draw_sw_polygon.c **** 
 192:lvgl/src/draw/sw/lv_draw_sw_polygon.c ****     lv_mem_buf_release(mp);
 661              		.loc 1 192 5 is_stmt 1 view .LVU239
 662 02a4 3046     		mov	r0, r6
 663 02a6 FFF7FEFF 		bl	lv_mem_buf_release
 664              	.LVL88:
 193:lvgl/src/draw/sw/lv_draw_sw_polygon.c ****     lv_mem_buf_release(p);
 665              		.loc 1 193 5 view .LVU240
 666 02aa 2046     		mov	r0, r4
 667 02ac FFF7FEFF 		bl	lv_mem_buf_release
 668              	.LVL89:
 194:lvgl/src/draw/sw/lv_draw_sw_polygon.c **** 
 195:lvgl/src/draw/sw/lv_draw_sw_polygon.c ****     draw_ctx->clip_area = clip_area_ori;
 669              		.loc 1 195 5 view .LVU241
 670              		.loc 1 195 25 is_stmt 0 view .LVU242
 671 02b0 069B     		ldr	r3, [sp, #24]
 672 02b2 AB60     		str	r3, [r5, #8]
 673              	.LVL90:
 674              	.L1:
 196:lvgl/src/draw/sw/lv_draw_sw_polygon.c **** #else
 197:lvgl/src/draw/sw/lv_draw_sw_polygon.c ****     LV_UNUSED(points);
 198:lvgl/src/draw/sw/lv_draw_sw_polygon.c ****     LV_UNUSED(point_cnt);
 199:lvgl/src/draw/sw/lv_draw_sw_polygon.c ****     LV_UNUSED(draw_ctx);
 200:lvgl/src/draw/sw/lv_draw_sw_polygon.c ****     LV_UNUSED(draw_dsc);
 201:lvgl/src/draw/sw/lv_draw_sw_polygon.c ****     LV_LOG_WARN("Can't draw polygon with LV_DRAW_COMPLEX == 0");
 202:lvgl/src/draw/sw/lv_draw_sw_polygon.c **** #endif /*LV_DRAW_COMPLEX*/
 203:lvgl/src/draw/sw/lv_draw_sw_polygon.c **** }
 675              		.loc 1 203 1 view .LVU243
 676 02b4 0DB0     		add	sp, sp, #52
 677              	.LCFI2:
 678              		.cfi_def_cfa_offset 36
 679              		@ sp needed
 680 02b6 BDE8F08F 		pop	{r4, r5, r6, r7, r8, r9, r10, fp, pc}
 681              	.LVL91:
 682              	.L45:
 683              		.loc 1 203 1 view .LVU244
 684 02ba 00BF     		.align	2
 685              	.L44:
 686 02bc 00000000 		.word	.LANCHOR0
 687              		.cfi_endproc
 688              	.LFE56:
 690              		.section	.rodata
 691              		.align	2
 692              		.set	.LANCHOR0,. + 0
 693              	.LC0:
 694 0000 FF1F     		.short	8191
 695 0002 FF1F     		.short	8191
 696 0004 01E0     		.short	-8191
 697 0006 01E0     		.short	-8191
 698              		.text
 699              	.Letext0:
 700              		.file 2 "D:/armtoolchain/arm-gnu-toolchain-13.3.rel1-mingw-w64-i686-arm-none-eabi/arm-none-eabi/in
 701              		.file 3 "D:/armtoolchain/arm-gnu-toolchain-13.3.rel1-mingw-w64-i686-arm-none-eabi/arm-none-eabi/in
 702              		.file 4 "lvgl/src/draw/sw/../../misc/lv_types.h"
 703              		.file 5 "lvgl/src/draw/sw/../../misc/lv_color.h"
 704              		.file 6 "lvgl/src/draw/sw/../../misc/lv_area.h"
 705              		.file 7 "lvgl/src/draw/sw/../../misc/../font/lv_font.h"
ARM GAS  C:\usertemp\ccJ6qoig.s 			page 18


 706              		.file 8 "lvgl/src/draw/sw/../../misc/lv_txt.h"
 707              		.file 9 "lvgl/src/draw/sw/../../misc/lv_bidi.h"
 708              		.file 10 "lvgl/src/draw/sw/../../misc/lv_style.h"
 709              		.file 11 "lvgl/src/draw/sw/../lv_draw_mask.h"
 710              		.file 12 "lvgl/src/draw/sw/../lv_img_buf.h"
 711              		.file 13 "lvgl/src/draw/sw/../lv_draw_rect.h"
 712              		.file 14 "lvgl/src/draw/sw/../lv_draw_label.h"
 713              		.file 15 "lvgl/src/draw/sw/../lv_draw_img.h"
 714              		.file 16 "lvgl/src/draw/sw/../lv_draw_line.h"
 715              		.file 17 "lvgl/src/draw/sw/../lv_draw_arc.h"
 716              		.file 18 "lvgl/src/draw/sw/../lv_draw.h"
 717              		.file 19 "lvgl/src/draw/sw/../../misc/lv_mem.h"
ARM GAS  C:\usertemp\ccJ6qoig.s 			page 19


DEFINED SYMBOLS
                            *ABS*:00000000 lv_draw_sw_polygon.c
C:\usertemp\ccJ6qoig.s:20     .text.lv_draw_sw_polygon:00000000 $t
C:\usertemp\ccJ6qoig.s:26     .text.lv_draw_sw_polygon:00000000 lv_draw_sw_polygon
C:\usertemp\ccJ6qoig.s:686    .text.lv_draw_sw_polygon:000002bc $d
C:\usertemp\ccJ6qoig.s:691    .rodata:00000000 $d

UNDEFINED SYMBOLS
lv_mem_buf_get
lv_mem_buf_release
_lv_area_intersect
lv_draw_mask_line_points_init
lv_draw_mask_add
lv_draw_rect
lv_draw_mask_remove_custom
