ARM GAS  C:\usertemp\ccoJXCsm.s 			page 1


   1              		.cpu cortex-m7
   2              		.arch armv7e-m
   3              		.fpu fpv5-d16
   4              		.eabi_attribute 28, 1
   5              		.eabi_attribute 20, 1
   6              		.eabi_attribute 21, 1
   7              		.eabi_attribute 23, 3
   8              		.eabi_attribute 24, 1
   9              		.eabi_attribute 25, 1
  10              		.eabi_attribute 26, 1
  11              		.eabi_attribute 30, 1
  12              		.eabi_attribute 34, 1
  13              		.eabi_attribute 18, 4
  14              		.file	"lv_draw.c"
  15              		.text
  16              	.Ltext0:
  17              		.cfi_sections	.debug_frame
  18              		.file 1 "lvgl/src/draw/lv_draw.c"
  19              		.section	.text.lv_draw_init,"ax",%progbits
  20              		.align	1
  21              		.global	lv_draw_init
  22              		.syntax unified
  23              		.thumb
  24              		.thumb_func
  26              	lv_draw_init:
  27              	.LFB56:
   1:lvgl/src/draw/lv_draw.c **** /**
   2:lvgl/src/draw/lv_draw.c ****  * @file lv_draw.c
   3:lvgl/src/draw/lv_draw.c ****  *
   4:lvgl/src/draw/lv_draw.c ****  */
   5:lvgl/src/draw/lv_draw.c **** 
   6:lvgl/src/draw/lv_draw.c **** /*********************
   7:lvgl/src/draw/lv_draw.c ****  *      INCLUDES
   8:lvgl/src/draw/lv_draw.c ****  *********************/
   9:lvgl/src/draw/lv_draw.c **** #include "lv_draw.h"
  10:lvgl/src/draw/lv_draw.c **** #include "sw/lv_draw_sw.h"
  11:lvgl/src/draw/lv_draw.c **** 
  12:lvgl/src/draw/lv_draw.c **** /*********************
  13:lvgl/src/draw/lv_draw.c ****  *      DEFINES
  14:lvgl/src/draw/lv_draw.c ****  *********************/
  15:lvgl/src/draw/lv_draw.c **** 
  16:lvgl/src/draw/lv_draw.c **** /**********************
  17:lvgl/src/draw/lv_draw.c ****  *      TYPEDEFS
  18:lvgl/src/draw/lv_draw.c ****  **********************/
  19:lvgl/src/draw/lv_draw.c **** 
  20:lvgl/src/draw/lv_draw.c **** /**********************
  21:lvgl/src/draw/lv_draw.c ****  *  STATIC PROTOTYPES
  22:lvgl/src/draw/lv_draw.c ****  **********************/
  23:lvgl/src/draw/lv_draw.c **** 
  24:lvgl/src/draw/lv_draw.c **** /**********************
  25:lvgl/src/draw/lv_draw.c ****  *  STATIC VARIABLES
  26:lvgl/src/draw/lv_draw.c ****  **********************/
  27:lvgl/src/draw/lv_draw.c **** 
  28:lvgl/src/draw/lv_draw.c **** /**********************
  29:lvgl/src/draw/lv_draw.c ****  *  STATIC VARIABLES
  30:lvgl/src/draw/lv_draw.c ****  **********************/
  31:lvgl/src/draw/lv_draw.c **** 
ARM GAS  C:\usertemp\ccoJXCsm.s 			page 2


  32:lvgl/src/draw/lv_draw.c **** /**********************
  33:lvgl/src/draw/lv_draw.c ****  *      MACROS
  34:lvgl/src/draw/lv_draw.c ****  **********************/
  35:lvgl/src/draw/lv_draw.c **** 
  36:lvgl/src/draw/lv_draw.c **** /**********************
  37:lvgl/src/draw/lv_draw.c ****  *   GLOBAL FUNCTIONS
  38:lvgl/src/draw/lv_draw.c ****  **********************/
  39:lvgl/src/draw/lv_draw.c **** 
  40:lvgl/src/draw/lv_draw.c **** void lv_draw_init(void)
  41:lvgl/src/draw/lv_draw.c **** {
  28              		.loc 1 41 1 view -0
  29              		.cfi_startproc
  30              		@ args = 0, pretend = 0, frame = 0
  31              		@ frame_needed = 0, uses_anonymous_args = 0
  32              		@ link register save eliminated.
  42:lvgl/src/draw/lv_draw.c ****     //    backend_head = NULL;
  43:lvgl/src/draw/lv_draw.c ****     //    lv_draw_sw_init();
  44:lvgl/src/draw/lv_draw.c ****     //
  45:lvgl/src/draw/lv_draw.c ****     //#if LV_USE_GPU_STM32_DMA2D == 0
  46:lvgl/src/draw/lv_draw.c ****     //    lv_gpu_stm32_dma2d_init();
  47:lvgl/src/draw/lv_draw.c ****     //#endif
  48:lvgl/src/draw/lv_draw.c **** }
  33              		.loc 1 48 1 view .LVU1
  34 0000 7047     		bx	lr
  35              		.cfi_endproc
  36              	.LFE56:
  38              		.text
  39              	.Letext0:
ARM GAS  C:\usertemp\ccoJXCsm.s 			page 3


DEFINED SYMBOLS
                            *ABS*:00000000 lv_draw.c
C:\usertemp\ccoJXCsm.s:20     .text.lv_draw_init:00000000 $t
C:\usertemp\ccoJXCsm.s:26     .text.lv_draw_init:00000000 lv_draw_init

NO UNDEFINED SYMBOLS
