ARM GAS  C:\usertemp\ccBwp5me.s 			page 1


   1              		.cpu cortex-m7
   2              		.arch armv7e-m
   3              		.fpu fpv5-d16
   4              		.eabi_attribute 28, 1
   5              		.eabi_attribute 20, 1
   6              		.eabi_attribute 21, 1
   7              		.eabi_attribute 23, 3
   8              		.eabi_attribute 24, 1
   9              		.eabi_attribute 25, 1
  10              		.eabi_attribute 26, 1
  11              		.eabi_attribute 30, 1
  12              		.eabi_attribute 34, 1
  13              		.eabi_attribute 18, 4
  14              		.file	"lv_draw_sw.c"
  15              		.text
  16              	.Ltext0:
  17              		.cfi_sections	.debug_frame
  18              		.file 1 "lvgl/src/draw/sw/lv_draw_sw.c"
  19              		.section	.text.lv_draw_sw_wait_for_finish,"ax",%progbits
  20              		.align	1
  21              		.global	lv_draw_sw_wait_for_finish
  22              		.syntax unified
  23              		.thumb
  24              		.thumb_func
  26              	lv_draw_sw_wait_for_finish:
  27              	.LVL0:
  28              	.LFB58:
   1:lvgl/src/draw/sw/lv_draw_sw.c **** /**
   2:lvgl/src/draw/sw/lv_draw_sw.c ****  * @file lv_draw_sw.c
   3:lvgl/src/draw/sw/lv_draw_sw.c ****  *
   4:lvgl/src/draw/sw/lv_draw_sw.c ****  */
   5:lvgl/src/draw/sw/lv_draw_sw.c **** 
   6:lvgl/src/draw/sw/lv_draw_sw.c **** /*********************
   7:lvgl/src/draw/sw/lv_draw_sw.c ****  *      INCLUDES
   8:lvgl/src/draw/sw/lv_draw_sw.c ****  *********************/
   9:lvgl/src/draw/sw/lv_draw_sw.c **** #include "../lv_draw.h"
  10:lvgl/src/draw/sw/lv_draw_sw.c **** #include "lv_draw_sw.h"
  11:lvgl/src/draw/sw/lv_draw_sw.c **** 
  12:lvgl/src/draw/sw/lv_draw_sw.c **** /*********************
  13:lvgl/src/draw/sw/lv_draw_sw.c ****  *      DEFINES
  14:lvgl/src/draw/sw/lv_draw_sw.c ****  *********************/
  15:lvgl/src/draw/sw/lv_draw_sw.c **** 
  16:lvgl/src/draw/sw/lv_draw_sw.c **** /**********************
  17:lvgl/src/draw/sw/lv_draw_sw.c ****  *      TYPEDEFS
  18:lvgl/src/draw/sw/lv_draw_sw.c ****  **********************/
  19:lvgl/src/draw/sw/lv_draw_sw.c **** 
  20:lvgl/src/draw/sw/lv_draw_sw.c **** /**********************
  21:lvgl/src/draw/sw/lv_draw_sw.c ****  *  STATIC PROTOTYPES
  22:lvgl/src/draw/sw/lv_draw_sw.c ****  **********************/
  23:lvgl/src/draw/sw/lv_draw_sw.c **** 
  24:lvgl/src/draw/sw/lv_draw_sw.c **** /**********************
  25:lvgl/src/draw/sw/lv_draw_sw.c ****  *  GLOBAL PROTOTYPES
  26:lvgl/src/draw/sw/lv_draw_sw.c ****  **********************/
  27:lvgl/src/draw/sw/lv_draw_sw.c **** 
  28:lvgl/src/draw/sw/lv_draw_sw.c **** /**********************
  29:lvgl/src/draw/sw/lv_draw_sw.c ****  *  STATIC VARIABLES
  30:lvgl/src/draw/sw/lv_draw_sw.c ****  **********************/
ARM GAS  C:\usertemp\ccBwp5me.s 			page 2


  31:lvgl/src/draw/sw/lv_draw_sw.c **** 
  32:lvgl/src/draw/sw/lv_draw_sw.c **** /**********************
  33:lvgl/src/draw/sw/lv_draw_sw.c ****  *      MACROS
  34:lvgl/src/draw/sw/lv_draw_sw.c ****  **********************/
  35:lvgl/src/draw/sw/lv_draw_sw.c **** 
  36:lvgl/src/draw/sw/lv_draw_sw.c **** /**********************
  37:lvgl/src/draw/sw/lv_draw_sw.c ****  *   GLOBAL FUNCTIONS
  38:lvgl/src/draw/sw/lv_draw_sw.c ****  **********************/
  39:lvgl/src/draw/sw/lv_draw_sw.c **** 
  40:lvgl/src/draw/sw/lv_draw_sw.c **** void lv_draw_sw_init_ctx(lv_disp_drv_t * drv, lv_draw_ctx_t * draw_ctx)
  41:lvgl/src/draw/sw/lv_draw_sw.c **** {
  42:lvgl/src/draw/sw/lv_draw_sw.c ****     LV_UNUSED(drv);
  43:lvgl/src/draw/sw/lv_draw_sw.c **** 
  44:lvgl/src/draw/sw/lv_draw_sw.c ****     lv_draw_sw_ctx_t * draw_sw_ctx = (lv_draw_sw_ctx_t *) draw_ctx;
  45:lvgl/src/draw/sw/lv_draw_sw.c ****     lv_memset_00(draw_sw_ctx, sizeof(lv_draw_sw_ctx_t));
  46:lvgl/src/draw/sw/lv_draw_sw.c **** 
  47:lvgl/src/draw/sw/lv_draw_sw.c ****     draw_sw_ctx->base_draw.draw_arc = lv_draw_sw_arc;
  48:lvgl/src/draw/sw/lv_draw_sw.c ****     draw_sw_ctx->base_draw.draw_rect = lv_draw_sw_rect;
  49:lvgl/src/draw/sw/lv_draw_sw.c ****     draw_sw_ctx->base_draw.draw_bg = lv_draw_sw_bg;
  50:lvgl/src/draw/sw/lv_draw_sw.c ****     draw_sw_ctx->base_draw.draw_letter = lv_draw_sw_letter;
  51:lvgl/src/draw/sw/lv_draw_sw.c ****     draw_sw_ctx->base_draw.draw_img_decoded = lv_draw_sw_img_decoded;
  52:lvgl/src/draw/sw/lv_draw_sw.c ****     draw_sw_ctx->base_draw.draw_line = lv_draw_sw_line;
  53:lvgl/src/draw/sw/lv_draw_sw.c ****     draw_sw_ctx->base_draw.draw_polygon = lv_draw_sw_polygon;
  54:lvgl/src/draw/sw/lv_draw_sw.c ****     draw_sw_ctx->base_draw.wait_for_finish = lv_draw_sw_wait_for_finish;
  55:lvgl/src/draw/sw/lv_draw_sw.c ****     draw_sw_ctx->blend = lv_draw_sw_blend_basic;
  56:lvgl/src/draw/sw/lv_draw_sw.c **** }
  57:lvgl/src/draw/sw/lv_draw_sw.c **** 
  58:lvgl/src/draw/sw/lv_draw_sw.c **** void lv_draw_sw_deinit_ctx(lv_disp_drv_t * drv, lv_draw_ctx_t * draw_ctx)
  59:lvgl/src/draw/sw/lv_draw_sw.c **** {
  60:lvgl/src/draw/sw/lv_draw_sw.c ****     LV_UNUSED(drv);
  61:lvgl/src/draw/sw/lv_draw_sw.c **** 
  62:lvgl/src/draw/sw/lv_draw_sw.c ****     lv_draw_sw_ctx_t * draw_sw_ctx = (lv_draw_sw_ctx_t *) draw_ctx;
  63:lvgl/src/draw/sw/lv_draw_sw.c ****     lv_memset_00(draw_sw_ctx, sizeof(lv_draw_sw_ctx_t));
  64:lvgl/src/draw/sw/lv_draw_sw.c **** }
  65:lvgl/src/draw/sw/lv_draw_sw.c **** 
  66:lvgl/src/draw/sw/lv_draw_sw.c **** void lv_draw_sw_wait_for_finish(lv_draw_ctx_t * draw_ctx)
  67:lvgl/src/draw/sw/lv_draw_sw.c **** {
  29              		.loc 1 67 1 view -0
  30              		.cfi_startproc
  31              		@ args = 0, pretend = 0, frame = 0
  32              		@ frame_needed = 0, uses_anonymous_args = 0
  33              		@ link register save eliminated.
  68:lvgl/src/draw/sw/lv_draw_sw.c ****     LV_UNUSED(draw_ctx);
  34              		.loc 1 68 5 view .LVU1
  69:lvgl/src/draw/sw/lv_draw_sw.c ****     /*Nothing to wait for*/
  70:lvgl/src/draw/sw/lv_draw_sw.c **** }
  35              		.loc 1 70 1 is_stmt 0 view .LVU2
  36 0000 7047     		bx	lr
  37              		.cfi_endproc
  38              	.LFE58:
  40              		.section	.text.lv_draw_sw_init_ctx,"ax",%progbits
  41              		.align	1
  42              		.global	lv_draw_sw_init_ctx
  43              		.syntax unified
  44              		.thumb
  45              		.thumb_func
  47              	lv_draw_sw_init_ctx:
ARM GAS  C:\usertemp\ccBwp5me.s 			page 3


  48              	.LVL1:
  49              	.LFB56:
  41:lvgl/src/draw/sw/lv_draw_sw.c ****     LV_UNUSED(drv);
  50              		.loc 1 41 1 is_stmt 1 view -0
  51              		.cfi_startproc
  52              		@ args = 0, pretend = 0, frame = 0
  53              		@ frame_needed = 0, uses_anonymous_args = 0
  41:lvgl/src/draw/sw/lv_draw_sw.c ****     LV_UNUSED(drv);
  54              		.loc 1 41 1 is_stmt 0 view .LVU4
  55 0000 10B5     		push	{r4, lr}
  56              	.LCFI0:
  57              		.cfi_def_cfa_offset 8
  58              		.cfi_offset 4, -8
  59              		.cfi_offset 14, -4
  60 0002 0C46     		mov	r4, r1
  42:lvgl/src/draw/sw/lv_draw_sw.c **** 
  61              		.loc 1 42 5 is_stmt 1 view .LVU5
  44:lvgl/src/draw/sw/lv_draw_sw.c ****     lv_memset_00(draw_sw_ctx, sizeof(lv_draw_sw_ctx_t));
  62              		.loc 1 44 5 view .LVU6
  63              	.LVL2:
  45:lvgl/src/draw/sw/lv_draw_sw.c **** 
  64              		.loc 1 45 5 view .LVU7
  65 0004 3821     		movs	r1, #56
  66              	.LVL3:
  45:lvgl/src/draw/sw/lv_draw_sw.c **** 
  67              		.loc 1 45 5 is_stmt 0 view .LVU8
  68 0006 2046     		mov	r0, r4
  69              	.LVL4:
  45:lvgl/src/draw/sw/lv_draw_sw.c **** 
  70              		.loc 1 45 5 view .LVU9
  71 0008 FFF7FEFF 		bl	lv_memset_00
  72              	.LVL5:
  47:lvgl/src/draw/sw/lv_draw_sw.c ****     draw_sw_ctx->base_draw.draw_rect = lv_draw_sw_rect;
  73              		.loc 1 47 5 is_stmt 1 view .LVU10
  47:lvgl/src/draw/sw/lv_draw_sw.c ****     draw_sw_ctx->base_draw.draw_rect = lv_draw_sw_rect;
  74              		.loc 1 47 37 is_stmt 0 view .LVU11
  75 000c 094B     		ldr	r3, .L4
  76 000e 2361     		str	r3, [r4, #16]
  48:lvgl/src/draw/sw/lv_draw_sw.c ****     draw_sw_ctx->base_draw.draw_bg = lv_draw_sw_bg;
  77              		.loc 1 48 5 is_stmt 1 view .LVU12
  48:lvgl/src/draw/sw/lv_draw_sw.c ****     draw_sw_ctx->base_draw.draw_bg = lv_draw_sw_bg;
  78              		.loc 1 48 38 is_stmt 0 view .LVU13
  79 0010 094B     		ldr	r3, .L4+4
  80 0012 E360     		str	r3, [r4, #12]
  49:lvgl/src/draw/sw/lv_draw_sw.c ****     draw_sw_ctx->base_draw.draw_letter = lv_draw_sw_letter;
  81              		.loc 1 49 5 is_stmt 1 view .LVU14
  49:lvgl/src/draw/sw/lv_draw_sw.c ****     draw_sw_ctx->base_draw.draw_letter = lv_draw_sw_letter;
  82              		.loc 1 49 36 is_stmt 0 view .LVU15
  83 0014 094B     		ldr	r3, .L4+8
  84 0016 A362     		str	r3, [r4, #40]
  50:lvgl/src/draw/sw/lv_draw_sw.c ****     draw_sw_ctx->base_draw.draw_img_decoded = lv_draw_sw_img_decoded;
  85              		.loc 1 50 5 is_stmt 1 view .LVU16
  50:lvgl/src/draw/sw/lv_draw_sw.c ****     draw_sw_ctx->base_draw.draw_img_decoded = lv_draw_sw_img_decoded;
  86              		.loc 1 50 40 is_stmt 0 view .LVU17
  87 0018 094B     		ldr	r3, .L4+12
  88 001a E361     		str	r3, [r4, #28]
  51:lvgl/src/draw/sw/lv_draw_sw.c ****     draw_sw_ctx->base_draw.draw_line = lv_draw_sw_line;
ARM GAS  C:\usertemp\ccBwp5me.s 			page 4


  89              		.loc 1 51 5 is_stmt 1 view .LVU18
  51:lvgl/src/draw/sw/lv_draw_sw.c ****     draw_sw_ctx->base_draw.draw_line = lv_draw_sw_line;
  90              		.loc 1 51 45 is_stmt 0 view .LVU19
  91 001c 094B     		ldr	r3, .L4+16
  92 001e 6361     		str	r3, [r4, #20]
  52:lvgl/src/draw/sw/lv_draw_sw.c ****     draw_sw_ctx->base_draw.draw_polygon = lv_draw_sw_polygon;
  93              		.loc 1 52 5 is_stmt 1 view .LVU20
  52:lvgl/src/draw/sw/lv_draw_sw.c ****     draw_sw_ctx->base_draw.draw_polygon = lv_draw_sw_polygon;
  94              		.loc 1 52 38 is_stmt 0 view .LVU21
  95 0020 094B     		ldr	r3, .L4+20
  96 0022 2362     		str	r3, [r4, #32]
  53:lvgl/src/draw/sw/lv_draw_sw.c ****     draw_sw_ctx->base_draw.wait_for_finish = lv_draw_sw_wait_for_finish;
  97              		.loc 1 53 5 is_stmt 1 view .LVU22
  53:lvgl/src/draw/sw/lv_draw_sw.c ****     draw_sw_ctx->base_draw.wait_for_finish = lv_draw_sw_wait_for_finish;
  98              		.loc 1 53 41 is_stmt 0 view .LVU23
  99 0024 094B     		ldr	r3, .L4+24
 100 0026 6362     		str	r3, [r4, #36]
  54:lvgl/src/draw/sw/lv_draw_sw.c ****     draw_sw_ctx->blend = lv_draw_sw_blend_basic;
 101              		.loc 1 54 5 is_stmt 1 view .LVU24
  54:lvgl/src/draw/sw/lv_draw_sw.c ****     draw_sw_ctx->blend = lv_draw_sw_blend_basic;
 102              		.loc 1 54 44 is_stmt 0 view .LVU25
 103 0028 094B     		ldr	r3, .L4+28
 104 002a E362     		str	r3, [r4, #44]
  55:lvgl/src/draw/sw/lv_draw_sw.c **** }
 105              		.loc 1 55 5 is_stmt 1 view .LVU26
  55:lvgl/src/draw/sw/lv_draw_sw.c **** }
 106              		.loc 1 55 24 is_stmt 0 view .LVU27
 107 002c 094B     		ldr	r3, .L4+32
 108 002e 6363     		str	r3, [r4, #52]
  56:lvgl/src/draw/sw/lv_draw_sw.c **** 
 109              		.loc 1 56 1 view .LVU28
 110 0030 10BD     		pop	{r4, pc}
 111              	.LVL6:
 112              	.L5:
  56:lvgl/src/draw/sw/lv_draw_sw.c **** 
 113              		.loc 1 56 1 view .LVU29
 114 0032 00BF     		.align	2
 115              	.L4:
 116 0034 00000000 		.word	lv_draw_sw_arc
 117 0038 00000000 		.word	lv_draw_sw_rect
 118 003c 00000000 		.word	lv_draw_sw_bg
 119 0040 00000000 		.word	lv_draw_sw_letter
 120 0044 00000000 		.word	lv_draw_sw_img_decoded
 121 0048 00000000 		.word	lv_draw_sw_line
 122 004c 00000000 		.word	lv_draw_sw_polygon
 123 0050 00000000 		.word	lv_draw_sw_wait_for_finish
 124 0054 00000000 		.word	lv_draw_sw_blend_basic
 125              		.cfi_endproc
 126              	.LFE56:
 128              		.section	.text.lv_draw_sw_deinit_ctx,"ax",%progbits
 129              		.align	1
 130              		.global	lv_draw_sw_deinit_ctx
 131              		.syntax unified
 132              		.thumb
 133              		.thumb_func
 135              	lv_draw_sw_deinit_ctx:
 136              	.LVL7:
ARM GAS  C:\usertemp\ccBwp5me.s 			page 5


 137              	.LFB57:
  59:lvgl/src/draw/sw/lv_draw_sw.c ****     LV_UNUSED(drv);
 138              		.loc 1 59 1 is_stmt 1 view -0
 139              		.cfi_startproc
 140              		@ args = 0, pretend = 0, frame = 0
 141              		@ frame_needed = 0, uses_anonymous_args = 0
  59:lvgl/src/draw/sw/lv_draw_sw.c ****     LV_UNUSED(drv);
 142              		.loc 1 59 1 is_stmt 0 view .LVU31
 143 0000 08B5     		push	{r3, lr}
 144              	.LCFI1:
 145              		.cfi_def_cfa_offset 8
 146              		.cfi_offset 3, -8
 147              		.cfi_offset 14, -4
 148 0002 0846     		mov	r0, r1
 149              	.LVL8:
  60:lvgl/src/draw/sw/lv_draw_sw.c **** 
 150              		.loc 1 60 5 is_stmt 1 view .LVU32
  62:lvgl/src/draw/sw/lv_draw_sw.c ****     lv_memset_00(draw_sw_ctx, sizeof(lv_draw_sw_ctx_t));
 151              		.loc 1 62 5 view .LVU33
  63:lvgl/src/draw/sw/lv_draw_sw.c **** }
 152              		.loc 1 63 5 view .LVU34
 153 0004 3821     		movs	r1, #56
 154              	.LVL9:
  63:lvgl/src/draw/sw/lv_draw_sw.c **** }
 155              		.loc 1 63 5 is_stmt 0 view .LVU35
 156 0006 FFF7FEFF 		bl	lv_memset_00
 157              	.LVL10:
  64:lvgl/src/draw/sw/lv_draw_sw.c **** 
 158              		.loc 1 64 1 view .LVU36
 159 000a 08BD     		pop	{r3, pc}
 160              		.cfi_endproc
 161              	.LFE57:
 163              		.text
 164              	.Letext0:
 165              		.file 2 "D:/armtoolchain/arm-gnu-toolchain-13.3.rel1-mingw-w64-i686-arm-none-eabi/arm-none-eabi/in
 166              		.file 3 "D:/armtoolchain/arm-gnu-toolchain-13.3.rel1-mingw-w64-i686-arm-none-eabi/arm-none-eabi/in
 167              		.file 4 "D:/armtoolchain/arm-gnu-toolchain-13.3.rel1-mingw-w64-i686-arm-none-eabi/lib/gcc/arm-none
 168              		.file 5 "lvgl/src/draw/sw/../../misc/../font/../misc/lv_area.h"
 169              		.file 6 "lvgl/src/draw/sw/../../misc/../font/lv_font.h"
 170              		.file 7 "lvgl/src/draw/sw/../../misc/lv_types.h"
 171              		.file 8 "lvgl/src/draw/sw/../../misc/lv_color.h"
 172              		.file 9 "lvgl/src/draw/sw/../../misc/lv_txt.h"
 173              		.file 10 "lvgl/src/draw/sw/../../misc/lv_bidi.h"
 174              		.file 11 "lvgl/src/draw/sw/../../misc/lv_style.h"
 175              		.file 12 "lvgl/src/draw/sw/../lv_img_buf.h"
 176              		.file 13 "lvgl/src/draw/sw/../lv_draw_rect.h"
 177              		.file 14 "lvgl/src/draw/sw/../lv_draw_label.h"
 178              		.file 15 "lvgl/src/draw/sw/../lv_draw_img.h"
 179              		.file 16 "lvgl/src/draw/sw/../lv_draw_line.h"
 180              		.file 17 "lvgl/src/draw/sw/../lv_draw_arc.h"
 181              		.file 18 "lvgl/src/draw/sw/../lv_draw_mask.h"
 182              		.file 19 "lvgl/src/draw/sw/../lv_draw.h"
 183              		.file 20 "lvgl/src/draw/sw/lv_draw_sw_blend.h"
 184              		.file 21 "lvgl/src/draw/sw/../../hal/lv_hal_disp.h"
 185              		.file 22 "lvgl/src/draw/sw/lv_draw_sw.h"
 186              		.file 23 "lvgl/src/draw/sw/../../misc/lv_mem.h"
ARM GAS  C:\usertemp\ccBwp5me.s 			page 6


DEFINED SYMBOLS
                            *ABS*:00000000 lv_draw_sw.c
C:\usertemp\ccBwp5me.s:20     .text.lv_draw_sw_wait_for_finish:00000000 $t
C:\usertemp\ccBwp5me.s:26     .text.lv_draw_sw_wait_for_finish:00000000 lv_draw_sw_wait_for_finish
C:\usertemp\ccBwp5me.s:41     .text.lv_draw_sw_init_ctx:00000000 $t
C:\usertemp\ccBwp5me.s:47     .text.lv_draw_sw_init_ctx:00000000 lv_draw_sw_init_ctx
C:\usertemp\ccBwp5me.s:116    .text.lv_draw_sw_init_ctx:00000034 $d
C:\usertemp\ccBwp5me.s:129    .text.lv_draw_sw_deinit_ctx:00000000 $t
C:\usertemp\ccBwp5me.s:135    .text.lv_draw_sw_deinit_ctx:00000000 lv_draw_sw_deinit_ctx

UNDEFINED SYMBOLS
lv_memset_00
lv_draw_sw_arc
lv_draw_sw_rect
lv_draw_sw_bg
lv_draw_sw_letter
lv_draw_sw_img_decoded
lv_draw_sw_line
lv_draw_sw_polygon
lv_draw_sw_blend_basic
