ARM GAS  C:\usertemp\ccsvm3OF.s 			page 1


   1              		.cpu cortex-m7
   2              		.arch armv7e-m
   3              		.fpu fpv5-d16
   4              		.eabi_attribute 28, 1
   5              		.eabi_attribute 20, 1
   6              		.eabi_attribute 21, 1
   7              		.eabi_attribute 23, 3
   8              		.eabi_attribute 24, 1
   9              		.eabi_attribute 25, 1
  10              		.eabi_attribute 26, 1
  11              		.eabi_attribute 30, 1
  12              		.eabi_attribute 34, 1
  13              		.eabi_attribute 18, 4
  14              		.file	"lv_line.c"
  15              		.text
  16              	.Ltext0:
  17              		.cfi_sections	.debug_frame
  18              		.file 1 "lvgl/src/widgets/lv_line.c"
  19              		.section	.text.lv_line_event,"ax",%progbits
  20              		.align	1
  21              		.syntax unified
  22              		.thumb
  23              		.thumb_func
  25              	lv_line_event:
  26              	.LVL0:
  27              	.LFB161:
   1:lvgl/src/widgets/lv_line.c **** /**
   2:lvgl/src/widgets/lv_line.c ****  * @file lv_line.c
   3:lvgl/src/widgets/lv_line.c ****  *
   4:lvgl/src/widgets/lv_line.c ****  */
   5:lvgl/src/widgets/lv_line.c **** 
   6:lvgl/src/widgets/lv_line.c **** /*********************
   7:lvgl/src/widgets/lv_line.c ****  *      INCLUDES
   8:lvgl/src/widgets/lv_line.c ****  *********************/
   9:lvgl/src/widgets/lv_line.c **** #include "lv_line.h"
  10:lvgl/src/widgets/lv_line.c **** 
  11:lvgl/src/widgets/lv_line.c **** #if LV_USE_LINE != 0
  12:lvgl/src/widgets/lv_line.c **** #include "../misc/lv_assert.h"
  13:lvgl/src/widgets/lv_line.c **** #include "../draw/lv_draw.h"
  14:lvgl/src/widgets/lv_line.c **** #include "../misc/lv_math.h"
  15:lvgl/src/widgets/lv_line.c **** #include <stdbool.h>
  16:lvgl/src/widgets/lv_line.c **** #include <stdint.h>
  17:lvgl/src/widgets/lv_line.c **** #include <string.h>
  18:lvgl/src/widgets/lv_line.c **** 
  19:lvgl/src/widgets/lv_line.c **** /*********************
  20:lvgl/src/widgets/lv_line.c ****  *      DEFINES
  21:lvgl/src/widgets/lv_line.c ****  *********************/
  22:lvgl/src/widgets/lv_line.c **** #define MY_CLASS &lv_line_class
  23:lvgl/src/widgets/lv_line.c **** 
  24:lvgl/src/widgets/lv_line.c **** /**********************
  25:lvgl/src/widgets/lv_line.c ****  *      TYPEDEFS
  26:lvgl/src/widgets/lv_line.c ****  **********************/
  27:lvgl/src/widgets/lv_line.c **** 
  28:lvgl/src/widgets/lv_line.c **** /**********************
  29:lvgl/src/widgets/lv_line.c ****  *  STATIC PROTOTYPES
  30:lvgl/src/widgets/lv_line.c ****  **********************/
  31:lvgl/src/widgets/lv_line.c **** static void lv_line_constructor(const lv_obj_class_t * class_p, lv_obj_t * obj);
ARM GAS  C:\usertemp\ccsvm3OF.s 			page 2


  32:lvgl/src/widgets/lv_line.c **** static void lv_line_event(const lv_obj_class_t * class_p, lv_event_t * e);
  33:lvgl/src/widgets/lv_line.c **** 
  34:lvgl/src/widgets/lv_line.c **** /**********************
  35:lvgl/src/widgets/lv_line.c ****  *  STATIC VARIABLES
  36:lvgl/src/widgets/lv_line.c ****  **********************/
  37:lvgl/src/widgets/lv_line.c **** const lv_obj_class_t lv_line_class = {
  38:lvgl/src/widgets/lv_line.c ****     .constructor_cb = lv_line_constructor,
  39:lvgl/src/widgets/lv_line.c ****     .event_cb = lv_line_event,
  40:lvgl/src/widgets/lv_line.c ****     .width_def = LV_SIZE_CONTENT,
  41:lvgl/src/widgets/lv_line.c ****     .height_def = LV_SIZE_CONTENT,
  42:lvgl/src/widgets/lv_line.c ****     .instance_size = sizeof(lv_line_t),
  43:lvgl/src/widgets/lv_line.c ****     .base_class = &lv_obj_class
  44:lvgl/src/widgets/lv_line.c **** };
  45:lvgl/src/widgets/lv_line.c **** 
  46:lvgl/src/widgets/lv_line.c **** /**********************
  47:lvgl/src/widgets/lv_line.c ****  *      MACROS
  48:lvgl/src/widgets/lv_line.c ****  **********************/
  49:lvgl/src/widgets/lv_line.c **** 
  50:lvgl/src/widgets/lv_line.c **** /**********************
  51:lvgl/src/widgets/lv_line.c ****  *   GLOBAL FUNCTIONS
  52:lvgl/src/widgets/lv_line.c ****  **********************/
  53:lvgl/src/widgets/lv_line.c **** 
  54:lvgl/src/widgets/lv_line.c **** lv_obj_t * lv_line_create(lv_obj_t * parent)
  55:lvgl/src/widgets/lv_line.c **** {
  56:lvgl/src/widgets/lv_line.c ****     LV_LOG_INFO("begin");
  57:lvgl/src/widgets/lv_line.c ****     lv_obj_t * obj = lv_obj_class_create_obj(MY_CLASS, parent);
  58:lvgl/src/widgets/lv_line.c ****     lv_obj_class_init_obj(obj);
  59:lvgl/src/widgets/lv_line.c ****     return obj;
  60:lvgl/src/widgets/lv_line.c **** }
  61:lvgl/src/widgets/lv_line.c **** 
  62:lvgl/src/widgets/lv_line.c **** /*=====================
  63:lvgl/src/widgets/lv_line.c ****  * Setter functions
  64:lvgl/src/widgets/lv_line.c ****  *====================*/
  65:lvgl/src/widgets/lv_line.c **** 
  66:lvgl/src/widgets/lv_line.c **** void lv_line_set_points(lv_obj_t * obj, const lv_point_t points[], uint16_t point_num)
  67:lvgl/src/widgets/lv_line.c **** {
  68:lvgl/src/widgets/lv_line.c ****     LV_ASSERT_OBJ(obj, MY_CLASS);
  69:lvgl/src/widgets/lv_line.c **** 
  70:lvgl/src/widgets/lv_line.c ****     lv_line_t * line = (lv_line_t *)obj;
  71:lvgl/src/widgets/lv_line.c ****     line->point_array    = points;
  72:lvgl/src/widgets/lv_line.c ****     line->point_num      = point_num;
  73:lvgl/src/widgets/lv_line.c **** 
  74:lvgl/src/widgets/lv_line.c ****     lv_obj_refresh_self_size(obj);
  75:lvgl/src/widgets/lv_line.c **** 
  76:lvgl/src/widgets/lv_line.c ****     lv_obj_invalidate(obj);
  77:lvgl/src/widgets/lv_line.c **** }
  78:lvgl/src/widgets/lv_line.c **** 
  79:lvgl/src/widgets/lv_line.c **** void lv_line_set_y_invert(lv_obj_t * obj, bool en)
  80:lvgl/src/widgets/lv_line.c **** {
  81:lvgl/src/widgets/lv_line.c ****     LV_ASSERT_OBJ(obj, MY_CLASS);
  82:lvgl/src/widgets/lv_line.c **** 
  83:lvgl/src/widgets/lv_line.c ****     lv_line_t * line = (lv_line_t *)obj;
  84:lvgl/src/widgets/lv_line.c ****     if(line->y_inv == en) return;
  85:lvgl/src/widgets/lv_line.c **** 
  86:lvgl/src/widgets/lv_line.c ****     line->y_inv = en == false ? 0 : 1;
  87:lvgl/src/widgets/lv_line.c **** 
  88:lvgl/src/widgets/lv_line.c ****     lv_obj_invalidate(obj);
ARM GAS  C:\usertemp\ccsvm3OF.s 			page 3


  89:lvgl/src/widgets/lv_line.c **** }
  90:lvgl/src/widgets/lv_line.c **** 
  91:lvgl/src/widgets/lv_line.c **** /*=====================
  92:lvgl/src/widgets/lv_line.c ****  * Getter functions
  93:lvgl/src/widgets/lv_line.c ****  *====================*/
  94:lvgl/src/widgets/lv_line.c **** 
  95:lvgl/src/widgets/lv_line.c **** bool lv_line_get_y_invert(const lv_obj_t * obj)
  96:lvgl/src/widgets/lv_line.c **** {
  97:lvgl/src/widgets/lv_line.c ****     LV_ASSERT_OBJ(obj, MY_CLASS);
  98:lvgl/src/widgets/lv_line.c **** 
  99:lvgl/src/widgets/lv_line.c ****     lv_line_t * line = (lv_line_t *)obj;
 100:lvgl/src/widgets/lv_line.c **** 
 101:lvgl/src/widgets/lv_line.c ****     return line->y_inv == 0 ? false : true;
 102:lvgl/src/widgets/lv_line.c **** }
 103:lvgl/src/widgets/lv_line.c **** 
 104:lvgl/src/widgets/lv_line.c **** /**********************
 105:lvgl/src/widgets/lv_line.c ****  *   STATIC FUNCTIONS
 106:lvgl/src/widgets/lv_line.c ****  **********************/
 107:lvgl/src/widgets/lv_line.c **** 
 108:lvgl/src/widgets/lv_line.c **** static void lv_line_constructor(const lv_obj_class_t * class_p, lv_obj_t * obj)
 109:lvgl/src/widgets/lv_line.c **** {
 110:lvgl/src/widgets/lv_line.c ****     LV_UNUSED(class_p);
 111:lvgl/src/widgets/lv_line.c ****     LV_TRACE_OBJ_CREATE("begin");
 112:lvgl/src/widgets/lv_line.c **** 
 113:lvgl/src/widgets/lv_line.c ****     lv_line_t * line = (lv_line_t *)obj;
 114:lvgl/src/widgets/lv_line.c **** 
 115:lvgl/src/widgets/lv_line.c ****     line->point_num   = 0;
 116:lvgl/src/widgets/lv_line.c ****     line->point_array = NULL;
 117:lvgl/src/widgets/lv_line.c ****     line->y_inv       = 0;
 118:lvgl/src/widgets/lv_line.c **** 
 119:lvgl/src/widgets/lv_line.c ****     lv_obj_clear_flag(obj, LV_OBJ_FLAG_CLICKABLE);
 120:lvgl/src/widgets/lv_line.c **** 
 121:lvgl/src/widgets/lv_line.c ****     LV_TRACE_OBJ_CREATE("finished");
 122:lvgl/src/widgets/lv_line.c **** }
 123:lvgl/src/widgets/lv_line.c **** 
 124:lvgl/src/widgets/lv_line.c **** static void lv_line_event(const lv_obj_class_t * class_p, lv_event_t * e)
 125:lvgl/src/widgets/lv_line.c **** {
  28              		.loc 1 125 1 view -0
  29              		.cfi_startproc
  30              		@ args = 0, pretend = 0, frame = 32
  31              		@ frame_needed = 0, uses_anonymous_args = 0
  32              		.loc 1 125 1 is_stmt 0 view .LVU1
  33 0000 2DE9F043 		push	{r4, r5, r6, r7, r8, r9, lr}
  34              	.LCFI0:
  35              		.cfi_def_cfa_offset 28
  36              		.cfi_offset 4, -28
  37              		.cfi_offset 5, -24
  38              		.cfi_offset 6, -20
  39              		.cfi_offset 7, -16
  40              		.cfi_offset 8, -12
  41              		.cfi_offset 9, -8
  42              		.cfi_offset 14, -4
  43 0004 89B0     		sub	sp, sp, #36
  44              	.LCFI1:
  45              		.cfi_def_cfa_offset 64
  46 0006 0C46     		mov	r4, r1
 126:lvgl/src/widgets/lv_line.c ****     LV_UNUSED(class_p);
ARM GAS  C:\usertemp\ccsvm3OF.s 			page 4


  47              		.loc 1 126 5 is_stmt 1 view .LVU2
 127:lvgl/src/widgets/lv_line.c **** 
 128:lvgl/src/widgets/lv_line.c ****     lv_res_t res;
  48              		.loc 1 128 5 view .LVU3
 129:lvgl/src/widgets/lv_line.c **** 
 130:lvgl/src/widgets/lv_line.c ****     /*Call the ancestor's event handler*/
 131:lvgl/src/widgets/lv_line.c ****     res = lv_obj_event_base(MY_CLASS, e);
  49              		.loc 1 131 5 view .LVU4
  50              		.loc 1 131 11 is_stmt 0 view .LVU5
  51 0008 5B48     		ldr	r0, .L18
  52              	.LVL1:
  53              		.loc 1 131 11 view .LVU6
  54 000a FFF7FEFF 		bl	lv_obj_event_base
  55              	.LVL2:
 132:lvgl/src/widgets/lv_line.c ****     if(res != LV_RES_OK) return;
  56              		.loc 1 132 5 is_stmt 1 view .LVU7
  57              		.loc 1 132 7 is_stmt 0 view .LVU8
  58 000e 0128     		cmp	r0, #1
  59 0010 02D0     		beq	.L15
  60              	.LVL3:
  61              	.L1:
 133:lvgl/src/widgets/lv_line.c **** 
 134:lvgl/src/widgets/lv_line.c ****     lv_event_code_t code = lv_event_get_code(e);
 135:lvgl/src/widgets/lv_line.c ****     lv_obj_t * obj = lv_event_get_target(e);
 136:lvgl/src/widgets/lv_line.c **** 
 137:lvgl/src/widgets/lv_line.c ****     if(code == LV_EVENT_REFR_EXT_DRAW_SIZE) {
 138:lvgl/src/widgets/lv_line.c ****         /*The corner of the skew lines is out of the intended area*/
 139:lvgl/src/widgets/lv_line.c ****         lv_coord_t line_width = lv_obj_get_style_line_width(obj, LV_PART_MAIN);
 140:lvgl/src/widgets/lv_line.c ****         lv_coord_t * s = lv_event_get_param(e);
 141:lvgl/src/widgets/lv_line.c ****         if(*s < line_width) *s = line_width;
 142:lvgl/src/widgets/lv_line.c ****     }
 143:lvgl/src/widgets/lv_line.c ****     else if(code == LV_EVENT_GET_SELF_SIZE) {
 144:lvgl/src/widgets/lv_line.c ****         lv_line_t * line = (lv_line_t *)obj;
 145:lvgl/src/widgets/lv_line.c **** 
 146:lvgl/src/widgets/lv_line.c ****         lv_point_t * p = lv_event_get_param(e);
 147:lvgl/src/widgets/lv_line.c ****         lv_coord_t w = 0;
 148:lvgl/src/widgets/lv_line.c ****         lv_coord_t h = 0;
 149:lvgl/src/widgets/lv_line.c ****         if(line->point_num > 0) {
 150:lvgl/src/widgets/lv_line.c ****             uint16_t i;
 151:lvgl/src/widgets/lv_line.c ****             for(i = 0; i < line->point_num; i++) {
 152:lvgl/src/widgets/lv_line.c ****                 w = LV_MAX(line->point_array[i].x, w);
 153:lvgl/src/widgets/lv_line.c ****                 h = LV_MAX(line->point_array[i].y, h);
 154:lvgl/src/widgets/lv_line.c ****             }
 155:lvgl/src/widgets/lv_line.c **** 
 156:lvgl/src/widgets/lv_line.c ****             lv_coord_t line_width = lv_obj_get_style_line_width(obj, LV_PART_MAIN);
 157:lvgl/src/widgets/lv_line.c ****             w += line_width;
 158:lvgl/src/widgets/lv_line.c ****             h += line_width;
 159:lvgl/src/widgets/lv_line.c ****             p->x = w;
 160:lvgl/src/widgets/lv_line.c ****             p->y = h;
 161:lvgl/src/widgets/lv_line.c ****         }
 162:lvgl/src/widgets/lv_line.c ****     }
 163:lvgl/src/widgets/lv_line.c ****     else if(code == LV_EVENT_DRAW_MAIN) {
 164:lvgl/src/widgets/lv_line.c ****         lv_line_t * line = (lv_line_t *)obj;
 165:lvgl/src/widgets/lv_line.c ****         lv_draw_ctx_t * draw_ctx = lv_event_get_draw_ctx(e);
 166:lvgl/src/widgets/lv_line.c **** 
 167:lvgl/src/widgets/lv_line.c ****         if(line->point_num == 0 || line->point_array == NULL) return;
 168:lvgl/src/widgets/lv_line.c **** 
ARM GAS  C:\usertemp\ccsvm3OF.s 			page 5


 169:lvgl/src/widgets/lv_line.c ****         lv_area_t area;
 170:lvgl/src/widgets/lv_line.c ****         lv_obj_get_coords(obj, &area);
 171:lvgl/src/widgets/lv_line.c ****         lv_coord_t x_ofs = area.x1 - lv_obj_get_scroll_x(obj);
 172:lvgl/src/widgets/lv_line.c ****         lv_coord_t y_ofs = area.y1 - lv_obj_get_scroll_y(obj);
 173:lvgl/src/widgets/lv_line.c ****         lv_point_t p1;
 174:lvgl/src/widgets/lv_line.c ****         lv_point_t p2;
 175:lvgl/src/widgets/lv_line.c ****         lv_coord_t h = lv_obj_get_height(obj);
 176:lvgl/src/widgets/lv_line.c ****         uint16_t i;
 177:lvgl/src/widgets/lv_line.c **** 
 178:lvgl/src/widgets/lv_line.c ****         lv_draw_line_dsc_t line_dsc;
 179:lvgl/src/widgets/lv_line.c ****         lv_draw_line_dsc_init(&line_dsc);
 180:lvgl/src/widgets/lv_line.c ****         lv_obj_init_draw_line_dsc(obj, LV_PART_MAIN, &line_dsc);
 181:lvgl/src/widgets/lv_line.c **** 
 182:lvgl/src/widgets/lv_line.c ****         /*Read all points and draw the lines*/
 183:lvgl/src/widgets/lv_line.c ****         for(i = 0; i < line->point_num - 1; i++) {
 184:lvgl/src/widgets/lv_line.c **** 
 185:lvgl/src/widgets/lv_line.c ****             p1.x = line->point_array[i].x + x_ofs;
 186:lvgl/src/widgets/lv_line.c ****             p2.x = line->point_array[i + 1].x + x_ofs;
 187:lvgl/src/widgets/lv_line.c **** 
 188:lvgl/src/widgets/lv_line.c ****             if(line->y_inv == 0) {
 189:lvgl/src/widgets/lv_line.c ****                 p1.y = line->point_array[i].y + y_ofs;
 190:lvgl/src/widgets/lv_line.c ****                 p2.y = line->point_array[i + 1].y + y_ofs;
 191:lvgl/src/widgets/lv_line.c ****             }
 192:lvgl/src/widgets/lv_line.c ****             else {
 193:lvgl/src/widgets/lv_line.c ****                 p1.y = h - line->point_array[i].y + y_ofs;
 194:lvgl/src/widgets/lv_line.c ****                 p2.y = h - line->point_array[i + 1].y + y_ofs;
 195:lvgl/src/widgets/lv_line.c ****             }
 196:lvgl/src/widgets/lv_line.c ****             lv_draw_line(draw_ctx, &line_dsc, &p1, &p2);
 197:lvgl/src/widgets/lv_line.c ****             line_dsc.round_start = 0;   /*Draw the rounding only on the end points after the first 
 198:lvgl/src/widgets/lv_line.c ****         }
 199:lvgl/src/widgets/lv_line.c ****     }
 200:lvgl/src/widgets/lv_line.c **** }
  62              		.loc 1 200 1 view .LVU9
  63 0012 09B0     		add	sp, sp, #36
  64              	.LCFI2:
  65              		.cfi_remember_state
  66              		.cfi_def_cfa_offset 28
  67              		@ sp needed
  68 0014 BDE8F083 		pop	{r4, r5, r6, r7, r8, r9, pc}
  69              	.LVL4:
  70              	.L15:
  71              	.LCFI3:
  72              		.cfi_restore_state
 134:lvgl/src/widgets/lv_line.c ****     lv_obj_t * obj = lv_event_get_target(e);
  73              		.loc 1 134 5 is_stmt 1 view .LVU10
 134:lvgl/src/widgets/lv_line.c ****     lv_obj_t * obj = lv_event_get_target(e);
  74              		.loc 1 134 28 is_stmt 0 view .LVU11
  75 0018 2046     		mov	r0, r4
  76              	.LVL5:
 134:lvgl/src/widgets/lv_line.c ****     lv_obj_t * obj = lv_event_get_target(e);
  77              		.loc 1 134 28 view .LVU12
  78 001a FFF7FEFF 		bl	lv_event_get_code
  79              	.LVL6:
  80 001e 0646     		mov	r6, r0
  81              	.LVL7:
 135:lvgl/src/widgets/lv_line.c **** 
  82              		.loc 1 135 5 is_stmt 1 view .LVU13
ARM GAS  C:\usertemp\ccsvm3OF.s 			page 6


 135:lvgl/src/widgets/lv_line.c **** 
  83              		.loc 1 135 22 is_stmt 0 view .LVU14
  84 0020 2046     		mov	r0, r4
  85 0022 FFF7FEFF 		bl	lv_event_get_target
  86              	.LVL8:
  87 0026 0546     		mov	r5, r0
  88              	.LVL9:
 137:lvgl/src/widgets/lv_line.c ****         /*The corner of the skew lines is out of the intended area*/
  89              		.loc 1 137 5 is_stmt 1 view .LVU15
 137:lvgl/src/widgets/lv_line.c ****         /*The corner of the skew lines is out of the intended area*/
  90              		.loc 1 137 7 is_stmt 0 view .LVU16
  91 0028 132E     		cmp	r6, #19
  92 002a 2FD0     		beq	.L16
 143:lvgl/src/widgets/lv_line.c ****         lv_line_t * line = (lv_line_t *)obj;
  93              		.loc 1 143 10 is_stmt 1 view .LVU17
 143:lvgl/src/widgets/lv_line.c ****         lv_line_t * line = (lv_line_t *)obj;
  94              		.loc 1 143 12 is_stmt 0 view .LVU18
  95 002c 2C2E     		cmp	r6, #44
  96 002e 3CD0     		beq	.L17
 163:lvgl/src/widgets/lv_line.c ****         lv_line_t * line = (lv_line_t *)obj;
  97              		.loc 1 163 10 is_stmt 1 view .LVU19
 163:lvgl/src/widgets/lv_line.c ****         lv_line_t * line = (lv_line_t *)obj;
  98              		.loc 1 163 12 is_stmt 0 view .LVU20
  99 0030 152E     		cmp	r6, #21
 100 0032 EED1     		bne	.L1
 101              	.LBB10:
 164:lvgl/src/widgets/lv_line.c ****         lv_draw_ctx_t * draw_ctx = lv_event_get_draw_ctx(e);
 102              		.loc 1 164 9 is_stmt 1 view .LVU21
 103              	.LVL10:
 165:lvgl/src/widgets/lv_line.c **** 
 104              		.loc 1 165 9 view .LVU22
 165:lvgl/src/widgets/lv_line.c **** 
 105              		.loc 1 165 36 is_stmt 0 view .LVU23
 106 0034 2046     		mov	r0, r4
 107              	.LVL11:
 165:lvgl/src/widgets/lv_line.c **** 
 108              		.loc 1 165 36 view .LVU24
 109 0036 FFF7FEFF 		bl	lv_event_get_draw_ctx
 110              	.LVL12:
 111 003a 8046     		mov	r8, r0
 112              	.LVL13:
 167:lvgl/src/widgets/lv_line.c **** 
 113              		.loc 1 167 9 is_stmt 1 view .LVU25
 167:lvgl/src/widgets/lv_line.c **** 
 114              		.loc 1 167 16 is_stmt 0 view .LVU26
 115 003c 2B8D     		ldrh	r3, [r5, #40]
 167:lvgl/src/widgets/lv_line.c **** 
 116              		.loc 1 167 11 view .LVU27
 117 003e 002B     		cmp	r3, #0
 118 0040 E7D0     		beq	.L1
 167:lvgl/src/widgets/lv_line.c **** 
 119              		.loc 1 167 40 discriminator 2 view .LVU28
 120 0042 6B6A     		ldr	r3, [r5, #36]
 167:lvgl/src/widgets/lv_line.c **** 
 121              		.loc 1 167 33 discriminator 2 view .LVU29
 122 0044 002B     		cmp	r3, #0
 123 0046 E4D0     		beq	.L1
ARM GAS  C:\usertemp\ccsvm3OF.s 			page 7


 169:lvgl/src/widgets/lv_line.c ****         lv_obj_get_coords(obj, &area);
 124              		.loc 1 169 9 is_stmt 1 view .LVU30
 170:lvgl/src/widgets/lv_line.c ****         lv_coord_t x_ofs = area.x1 - lv_obj_get_scroll_x(obj);
 125              		.loc 1 170 9 view .LVU31
 126 0048 03A9     		add	r1, sp, #12
 127 004a 2846     		mov	r0, r5
 128              	.LVL14:
 170:lvgl/src/widgets/lv_line.c ****         lv_coord_t x_ofs = area.x1 - lv_obj_get_scroll_x(obj);
 129              		.loc 1 170 9 is_stmt 0 view .LVU32
 130 004c FFF7FEFF 		bl	lv_obj_get_coords
 131              	.LVL15:
 171:lvgl/src/widgets/lv_line.c ****         lv_coord_t y_ofs = area.y1 - lv_obj_get_scroll_y(obj);
 132              		.loc 1 171 9 is_stmt 1 view .LVU33
 171:lvgl/src/widgets/lv_line.c ****         lv_coord_t y_ofs = area.y1 - lv_obj_get_scroll_y(obj);
 133              		.loc 1 171 32 is_stmt 0 view .LVU34
 134 0050 BDF80C70 		ldrh	r7, [sp, #12]
 171:lvgl/src/widgets/lv_line.c ****         lv_coord_t y_ofs = area.y1 - lv_obj_get_scroll_y(obj);
 135              		.loc 1 171 38 view .LVU35
 136 0054 2846     		mov	r0, r5
 137 0056 FFF7FEFF 		bl	lv_obj_get_scroll_x
 138              	.LVL16:
 171:lvgl/src/widgets/lv_line.c ****         lv_coord_t y_ofs = area.y1 - lv_obj_get_scroll_y(obj);
 139              		.loc 1 171 38 discriminator 1 view .LVU36
 140 005a 80B2     		uxth	r0, r0
 171:lvgl/src/widgets/lv_line.c ****         lv_coord_t y_ofs = area.y1 - lv_obj_get_scroll_y(obj);
 141              		.loc 1 171 36 discriminator 1 view .LVU37
 142 005c 3F1A     		subs	r7, r7, r0
 143 005e BFB2     		uxth	r7, r7
 144              	.LVL17:
 172:lvgl/src/widgets/lv_line.c ****         lv_point_t p1;
 145              		.loc 1 172 9 is_stmt 1 view .LVU38
 172:lvgl/src/widgets/lv_line.c ****         lv_point_t p1;
 146              		.loc 1 172 32 is_stmt 0 view .LVU39
 147 0060 BDF80E60 		ldrh	r6, [sp, #14]
 148              	.LVL18:
 172:lvgl/src/widgets/lv_line.c ****         lv_point_t p1;
 149              		.loc 1 172 38 view .LVU40
 150 0064 2846     		mov	r0, r5
 151 0066 FFF7FEFF 		bl	lv_obj_get_scroll_y
 152              	.LVL19:
 172:lvgl/src/widgets/lv_line.c ****         lv_point_t p1;
 153              		.loc 1 172 38 discriminator 1 view .LVU41
 154 006a 80B2     		uxth	r0, r0
 172:lvgl/src/widgets/lv_line.c ****         lv_point_t p1;
 155              		.loc 1 172 36 discriminator 1 view .LVU42
 156 006c 361A     		subs	r6, r6, r0
 157 006e B6B2     		uxth	r6, r6
 158              	.LVL20:
 173:lvgl/src/widgets/lv_line.c ****         lv_point_t p2;
 159              		.loc 1 173 9 is_stmt 1 view .LVU43
 174:lvgl/src/widgets/lv_line.c ****         lv_coord_t h = lv_obj_get_height(obj);
 160              		.loc 1 174 9 view .LVU44
 175:lvgl/src/widgets/lv_line.c ****         uint16_t i;
 161              		.loc 1 175 9 view .LVU45
 175:lvgl/src/widgets/lv_line.c ****         uint16_t i;
 162              		.loc 1 175 24 is_stmt 0 view .LVU46
 163 0070 2846     		mov	r0, r5
ARM GAS  C:\usertemp\ccsvm3OF.s 			page 8


 164 0072 FFF7FEFF 		bl	lv_obj_get_height
 165              	.LVL21:
 166 0076 8146     		mov	r9, r0
 167              	.LVL22:
 176:lvgl/src/widgets/lv_line.c **** 
 168              		.loc 1 176 9 is_stmt 1 view .LVU47
 178:lvgl/src/widgets/lv_line.c ****         lv_draw_line_dsc_init(&line_dsc);
 169              		.loc 1 178 9 view .LVU48
 179:lvgl/src/widgets/lv_line.c ****         lv_obj_init_draw_line_dsc(obj, LV_PART_MAIN, &line_dsc);
 170              		.loc 1 179 9 view .LVU49
 171 0078 05A8     		add	r0, sp, #20
 172 007a FFF7FEFF 		bl	lv_draw_line_dsc_init
 173              	.LVL23:
 180:lvgl/src/widgets/lv_line.c **** 
 174              		.loc 1 180 9 view .LVU50
 175 007e 05AA     		add	r2, sp, #20
 176 0080 0021     		movs	r1, #0
 177 0082 2846     		mov	r0, r5
 178 0084 FFF7FEFF 		bl	lv_obj_init_draw_line_dsc
 179              	.LVL24:
 183:lvgl/src/widgets/lv_line.c **** 
 180              		.loc 1 183 9 view .LVU51
 183:lvgl/src/widgets/lv_line.c **** 
 181              		.loc 1 183 15 is_stmt 0 view .LVU52
 182 0088 0024     		movs	r4, #0
 183              	.LVL25:
 183:lvgl/src/widgets/lv_line.c **** 
 184              		.loc 1 183 9 view .LVU53
 185 008a 52E0     		b	.L9
 186              	.LVL26:
 187              	.L16:
 183:lvgl/src/widgets/lv_line.c **** 
 188              		.loc 1 183 9 view .LVU54
 189              	.LBE10:
 190              	.LBB11:
 139:lvgl/src/widgets/lv_line.c ****         lv_coord_t * s = lv_event_get_param(e);
 191              		.loc 1 139 9 is_stmt 1 view .LVU55
 192              	.LBB12:
 193              	.LBI12:
 194              		.file 2 "lvgl/src/widgets/../core/lv_obj_style_gen.h"
   1:lvgl/src/widgets/../core/lv_obj_style_gen.h **** static inline lv_coord_t lv_obj_get_style_width(const struct _lv_obj_t * obj, uint32_t part)
   2:lvgl/src/widgets/../core/lv_obj_style_gen.h **** {
   3:lvgl/src/widgets/../core/lv_obj_style_gen.h ****     lv_style_value_t v = lv_obj_get_style_prop(obj, part, LV_STYLE_WIDTH);
   4:lvgl/src/widgets/../core/lv_obj_style_gen.h ****     return (lv_coord_t)v.num;
   5:lvgl/src/widgets/../core/lv_obj_style_gen.h **** }
   6:lvgl/src/widgets/../core/lv_obj_style_gen.h **** 
   7:lvgl/src/widgets/../core/lv_obj_style_gen.h **** static inline lv_coord_t lv_obj_get_style_min_width(const struct _lv_obj_t * obj, uint32_t part)
   8:lvgl/src/widgets/../core/lv_obj_style_gen.h **** {
   9:lvgl/src/widgets/../core/lv_obj_style_gen.h ****     lv_style_value_t v = lv_obj_get_style_prop(obj, part, LV_STYLE_MIN_WIDTH);
  10:lvgl/src/widgets/../core/lv_obj_style_gen.h ****     return (lv_coord_t)v.num;
  11:lvgl/src/widgets/../core/lv_obj_style_gen.h **** }
  12:lvgl/src/widgets/../core/lv_obj_style_gen.h **** 
  13:lvgl/src/widgets/../core/lv_obj_style_gen.h **** static inline lv_coord_t lv_obj_get_style_max_width(const struct _lv_obj_t * obj, uint32_t part)
  14:lvgl/src/widgets/../core/lv_obj_style_gen.h **** {
  15:lvgl/src/widgets/../core/lv_obj_style_gen.h ****     lv_style_value_t v = lv_obj_get_style_prop(obj, part, LV_STYLE_MAX_WIDTH);
  16:lvgl/src/widgets/../core/lv_obj_style_gen.h ****     return (lv_coord_t)v.num;
  17:lvgl/src/widgets/../core/lv_obj_style_gen.h **** }
ARM GAS  C:\usertemp\ccsvm3OF.s 			page 9


  18:lvgl/src/widgets/../core/lv_obj_style_gen.h **** 
  19:lvgl/src/widgets/../core/lv_obj_style_gen.h **** static inline lv_coord_t lv_obj_get_style_height(const struct _lv_obj_t * obj, uint32_t part)
  20:lvgl/src/widgets/../core/lv_obj_style_gen.h **** {
  21:lvgl/src/widgets/../core/lv_obj_style_gen.h ****     lv_style_value_t v = lv_obj_get_style_prop(obj, part, LV_STYLE_HEIGHT);
  22:lvgl/src/widgets/../core/lv_obj_style_gen.h ****     return (lv_coord_t)v.num;
  23:lvgl/src/widgets/../core/lv_obj_style_gen.h **** }
  24:lvgl/src/widgets/../core/lv_obj_style_gen.h **** 
  25:lvgl/src/widgets/../core/lv_obj_style_gen.h **** static inline lv_coord_t lv_obj_get_style_min_height(const struct _lv_obj_t * obj, uint32_t part)
  26:lvgl/src/widgets/../core/lv_obj_style_gen.h **** {
  27:lvgl/src/widgets/../core/lv_obj_style_gen.h ****     lv_style_value_t v = lv_obj_get_style_prop(obj, part, LV_STYLE_MIN_HEIGHT);
  28:lvgl/src/widgets/../core/lv_obj_style_gen.h ****     return (lv_coord_t)v.num;
  29:lvgl/src/widgets/../core/lv_obj_style_gen.h **** }
  30:lvgl/src/widgets/../core/lv_obj_style_gen.h **** 
  31:lvgl/src/widgets/../core/lv_obj_style_gen.h **** static inline lv_coord_t lv_obj_get_style_max_height(const struct _lv_obj_t * obj, uint32_t part)
  32:lvgl/src/widgets/../core/lv_obj_style_gen.h **** {
  33:lvgl/src/widgets/../core/lv_obj_style_gen.h ****     lv_style_value_t v = lv_obj_get_style_prop(obj, part, LV_STYLE_MAX_HEIGHT);
  34:lvgl/src/widgets/../core/lv_obj_style_gen.h ****     return (lv_coord_t)v.num;
  35:lvgl/src/widgets/../core/lv_obj_style_gen.h **** }
  36:lvgl/src/widgets/../core/lv_obj_style_gen.h **** 
  37:lvgl/src/widgets/../core/lv_obj_style_gen.h **** static inline lv_coord_t lv_obj_get_style_x(const struct _lv_obj_t * obj, uint32_t part)
  38:lvgl/src/widgets/../core/lv_obj_style_gen.h **** {
  39:lvgl/src/widgets/../core/lv_obj_style_gen.h ****     lv_style_value_t v = lv_obj_get_style_prop(obj, part, LV_STYLE_X);
  40:lvgl/src/widgets/../core/lv_obj_style_gen.h ****     return (lv_coord_t)v.num;
  41:lvgl/src/widgets/../core/lv_obj_style_gen.h **** }
  42:lvgl/src/widgets/../core/lv_obj_style_gen.h **** 
  43:lvgl/src/widgets/../core/lv_obj_style_gen.h **** static inline lv_coord_t lv_obj_get_style_y(const struct _lv_obj_t * obj, uint32_t part)
  44:lvgl/src/widgets/../core/lv_obj_style_gen.h **** {
  45:lvgl/src/widgets/../core/lv_obj_style_gen.h ****     lv_style_value_t v = lv_obj_get_style_prop(obj, part, LV_STYLE_Y);
  46:lvgl/src/widgets/../core/lv_obj_style_gen.h ****     return (lv_coord_t)v.num;
  47:lvgl/src/widgets/../core/lv_obj_style_gen.h **** }
  48:lvgl/src/widgets/../core/lv_obj_style_gen.h **** 
  49:lvgl/src/widgets/../core/lv_obj_style_gen.h **** static inline lv_align_t lv_obj_get_style_align(const struct _lv_obj_t * obj, uint32_t part)
  50:lvgl/src/widgets/../core/lv_obj_style_gen.h **** {
  51:lvgl/src/widgets/../core/lv_obj_style_gen.h ****     lv_style_value_t v = lv_obj_get_style_prop(obj, part, LV_STYLE_ALIGN);
  52:lvgl/src/widgets/../core/lv_obj_style_gen.h ****     return (lv_align_t)v.num;
  53:lvgl/src/widgets/../core/lv_obj_style_gen.h **** }
  54:lvgl/src/widgets/../core/lv_obj_style_gen.h **** 
  55:lvgl/src/widgets/../core/lv_obj_style_gen.h **** static inline lv_coord_t lv_obj_get_style_transform_width(const struct _lv_obj_t * obj, uint32_t pa
  56:lvgl/src/widgets/../core/lv_obj_style_gen.h **** {
  57:lvgl/src/widgets/../core/lv_obj_style_gen.h ****     lv_style_value_t v = lv_obj_get_style_prop(obj, part, LV_STYLE_TRANSFORM_WIDTH);
  58:lvgl/src/widgets/../core/lv_obj_style_gen.h ****     return (lv_coord_t)v.num;
  59:lvgl/src/widgets/../core/lv_obj_style_gen.h **** }
  60:lvgl/src/widgets/../core/lv_obj_style_gen.h **** 
  61:lvgl/src/widgets/../core/lv_obj_style_gen.h **** static inline lv_coord_t lv_obj_get_style_transform_height(const struct _lv_obj_t * obj, uint32_t p
  62:lvgl/src/widgets/../core/lv_obj_style_gen.h **** {
  63:lvgl/src/widgets/../core/lv_obj_style_gen.h ****     lv_style_value_t v = lv_obj_get_style_prop(obj, part, LV_STYLE_TRANSFORM_HEIGHT);
  64:lvgl/src/widgets/../core/lv_obj_style_gen.h ****     return (lv_coord_t)v.num;
  65:lvgl/src/widgets/../core/lv_obj_style_gen.h **** }
  66:lvgl/src/widgets/../core/lv_obj_style_gen.h **** 
  67:lvgl/src/widgets/../core/lv_obj_style_gen.h **** static inline lv_coord_t lv_obj_get_style_translate_x(const struct _lv_obj_t * obj, uint32_t part)
  68:lvgl/src/widgets/../core/lv_obj_style_gen.h **** {
  69:lvgl/src/widgets/../core/lv_obj_style_gen.h ****     lv_style_value_t v = lv_obj_get_style_prop(obj, part, LV_STYLE_TRANSLATE_X);
  70:lvgl/src/widgets/../core/lv_obj_style_gen.h ****     return (lv_coord_t)v.num;
  71:lvgl/src/widgets/../core/lv_obj_style_gen.h **** }
  72:lvgl/src/widgets/../core/lv_obj_style_gen.h **** 
  73:lvgl/src/widgets/../core/lv_obj_style_gen.h **** static inline lv_coord_t lv_obj_get_style_translate_y(const struct _lv_obj_t * obj, uint32_t part)
  74:lvgl/src/widgets/../core/lv_obj_style_gen.h **** {
ARM GAS  C:\usertemp\ccsvm3OF.s 			page 10


  75:lvgl/src/widgets/../core/lv_obj_style_gen.h ****     lv_style_value_t v = lv_obj_get_style_prop(obj, part, LV_STYLE_TRANSLATE_Y);
  76:lvgl/src/widgets/../core/lv_obj_style_gen.h ****     return (lv_coord_t)v.num;
  77:lvgl/src/widgets/../core/lv_obj_style_gen.h **** }
  78:lvgl/src/widgets/../core/lv_obj_style_gen.h **** 
  79:lvgl/src/widgets/../core/lv_obj_style_gen.h **** static inline lv_coord_t lv_obj_get_style_transform_zoom(const struct _lv_obj_t * obj, uint32_t par
  80:lvgl/src/widgets/../core/lv_obj_style_gen.h **** {
  81:lvgl/src/widgets/../core/lv_obj_style_gen.h ****     lv_style_value_t v = lv_obj_get_style_prop(obj, part, LV_STYLE_TRANSFORM_ZOOM);
  82:lvgl/src/widgets/../core/lv_obj_style_gen.h ****     return (lv_coord_t)v.num;
  83:lvgl/src/widgets/../core/lv_obj_style_gen.h **** }
  84:lvgl/src/widgets/../core/lv_obj_style_gen.h **** 
  85:lvgl/src/widgets/../core/lv_obj_style_gen.h **** static inline lv_coord_t lv_obj_get_style_transform_angle(const struct _lv_obj_t * obj, uint32_t pa
  86:lvgl/src/widgets/../core/lv_obj_style_gen.h **** {
  87:lvgl/src/widgets/../core/lv_obj_style_gen.h ****     lv_style_value_t v = lv_obj_get_style_prop(obj, part, LV_STYLE_TRANSFORM_ANGLE);
  88:lvgl/src/widgets/../core/lv_obj_style_gen.h ****     return (lv_coord_t)v.num;
  89:lvgl/src/widgets/../core/lv_obj_style_gen.h **** }
  90:lvgl/src/widgets/../core/lv_obj_style_gen.h **** 
  91:lvgl/src/widgets/../core/lv_obj_style_gen.h **** static inline lv_coord_t lv_obj_get_style_pad_top(const struct _lv_obj_t * obj, uint32_t part)
  92:lvgl/src/widgets/../core/lv_obj_style_gen.h **** {
  93:lvgl/src/widgets/../core/lv_obj_style_gen.h ****     lv_style_value_t v = lv_obj_get_style_prop(obj, part, LV_STYLE_PAD_TOP);
  94:lvgl/src/widgets/../core/lv_obj_style_gen.h ****     return (lv_coord_t)v.num;
  95:lvgl/src/widgets/../core/lv_obj_style_gen.h **** }
  96:lvgl/src/widgets/../core/lv_obj_style_gen.h **** 
  97:lvgl/src/widgets/../core/lv_obj_style_gen.h **** static inline lv_coord_t lv_obj_get_style_pad_bottom(const struct _lv_obj_t * obj, uint32_t part)
  98:lvgl/src/widgets/../core/lv_obj_style_gen.h **** {
  99:lvgl/src/widgets/../core/lv_obj_style_gen.h ****     lv_style_value_t v = lv_obj_get_style_prop(obj, part, LV_STYLE_PAD_BOTTOM);
 100:lvgl/src/widgets/../core/lv_obj_style_gen.h ****     return (lv_coord_t)v.num;
 101:lvgl/src/widgets/../core/lv_obj_style_gen.h **** }
 102:lvgl/src/widgets/../core/lv_obj_style_gen.h **** 
 103:lvgl/src/widgets/../core/lv_obj_style_gen.h **** static inline lv_coord_t lv_obj_get_style_pad_left(const struct _lv_obj_t * obj, uint32_t part)
 104:lvgl/src/widgets/../core/lv_obj_style_gen.h **** {
 105:lvgl/src/widgets/../core/lv_obj_style_gen.h ****     lv_style_value_t v = lv_obj_get_style_prop(obj, part, LV_STYLE_PAD_LEFT);
 106:lvgl/src/widgets/../core/lv_obj_style_gen.h ****     return (lv_coord_t)v.num;
 107:lvgl/src/widgets/../core/lv_obj_style_gen.h **** }
 108:lvgl/src/widgets/../core/lv_obj_style_gen.h **** 
 109:lvgl/src/widgets/../core/lv_obj_style_gen.h **** static inline lv_coord_t lv_obj_get_style_pad_right(const struct _lv_obj_t * obj, uint32_t part)
 110:lvgl/src/widgets/../core/lv_obj_style_gen.h **** {
 111:lvgl/src/widgets/../core/lv_obj_style_gen.h ****     lv_style_value_t v = lv_obj_get_style_prop(obj, part, LV_STYLE_PAD_RIGHT);
 112:lvgl/src/widgets/../core/lv_obj_style_gen.h ****     return (lv_coord_t)v.num;
 113:lvgl/src/widgets/../core/lv_obj_style_gen.h **** }
 114:lvgl/src/widgets/../core/lv_obj_style_gen.h **** 
 115:lvgl/src/widgets/../core/lv_obj_style_gen.h **** static inline lv_coord_t lv_obj_get_style_pad_row(const struct _lv_obj_t * obj, uint32_t part)
 116:lvgl/src/widgets/../core/lv_obj_style_gen.h **** {
 117:lvgl/src/widgets/../core/lv_obj_style_gen.h ****     lv_style_value_t v = lv_obj_get_style_prop(obj, part, LV_STYLE_PAD_ROW);
 118:lvgl/src/widgets/../core/lv_obj_style_gen.h ****     return (lv_coord_t)v.num;
 119:lvgl/src/widgets/../core/lv_obj_style_gen.h **** }
 120:lvgl/src/widgets/../core/lv_obj_style_gen.h **** 
 121:lvgl/src/widgets/../core/lv_obj_style_gen.h **** static inline lv_coord_t lv_obj_get_style_pad_column(const struct _lv_obj_t * obj, uint32_t part)
 122:lvgl/src/widgets/../core/lv_obj_style_gen.h **** {
 123:lvgl/src/widgets/../core/lv_obj_style_gen.h ****     lv_style_value_t v = lv_obj_get_style_prop(obj, part, LV_STYLE_PAD_COLUMN);
 124:lvgl/src/widgets/../core/lv_obj_style_gen.h ****     return (lv_coord_t)v.num;
 125:lvgl/src/widgets/../core/lv_obj_style_gen.h **** }
 126:lvgl/src/widgets/../core/lv_obj_style_gen.h **** 
 127:lvgl/src/widgets/../core/lv_obj_style_gen.h **** static inline lv_color_t lv_obj_get_style_bg_color(const struct _lv_obj_t * obj, uint32_t part)
 128:lvgl/src/widgets/../core/lv_obj_style_gen.h **** {
 129:lvgl/src/widgets/../core/lv_obj_style_gen.h ****     lv_style_value_t v = lv_obj_get_style_prop(obj, part, LV_STYLE_BG_COLOR);
 130:lvgl/src/widgets/../core/lv_obj_style_gen.h ****     return v.color;
 131:lvgl/src/widgets/../core/lv_obj_style_gen.h **** }
ARM GAS  C:\usertemp\ccsvm3OF.s 			page 11


 132:lvgl/src/widgets/../core/lv_obj_style_gen.h **** 
 133:lvgl/src/widgets/../core/lv_obj_style_gen.h **** static inline lv_color_t lv_obj_get_style_bg_color_filtered(const struct _lv_obj_t * obj, uint32_t 
 134:lvgl/src/widgets/../core/lv_obj_style_gen.h **** {
 135:lvgl/src/widgets/../core/lv_obj_style_gen.h ****     lv_style_value_t v = lv_obj_get_style_prop(obj, part, LV_STYLE_BG_COLOR_FILTERED);
 136:lvgl/src/widgets/../core/lv_obj_style_gen.h ****     return v.color;
 137:lvgl/src/widgets/../core/lv_obj_style_gen.h **** }
 138:lvgl/src/widgets/../core/lv_obj_style_gen.h **** 
 139:lvgl/src/widgets/../core/lv_obj_style_gen.h **** static inline lv_opa_t lv_obj_get_style_bg_opa(const struct _lv_obj_t * obj, uint32_t part)
 140:lvgl/src/widgets/../core/lv_obj_style_gen.h **** {
 141:lvgl/src/widgets/../core/lv_obj_style_gen.h ****     lv_style_value_t v = lv_obj_get_style_prop(obj, part, LV_STYLE_BG_OPA);
 142:lvgl/src/widgets/../core/lv_obj_style_gen.h ****     return (lv_opa_t)v.num;
 143:lvgl/src/widgets/../core/lv_obj_style_gen.h **** }
 144:lvgl/src/widgets/../core/lv_obj_style_gen.h **** 
 145:lvgl/src/widgets/../core/lv_obj_style_gen.h **** static inline lv_color_t lv_obj_get_style_bg_grad_color(const struct _lv_obj_t * obj, uint32_t part
 146:lvgl/src/widgets/../core/lv_obj_style_gen.h **** {
 147:lvgl/src/widgets/../core/lv_obj_style_gen.h ****     lv_style_value_t v = lv_obj_get_style_prop(obj, part, LV_STYLE_BG_GRAD_COLOR);
 148:lvgl/src/widgets/../core/lv_obj_style_gen.h ****     return v.color;
 149:lvgl/src/widgets/../core/lv_obj_style_gen.h **** }
 150:lvgl/src/widgets/../core/lv_obj_style_gen.h **** 
 151:lvgl/src/widgets/../core/lv_obj_style_gen.h **** static inline lv_color_t lv_obj_get_style_bg_grad_color_filtered(const struct _lv_obj_t * obj, uint
 152:lvgl/src/widgets/../core/lv_obj_style_gen.h **** {
 153:lvgl/src/widgets/../core/lv_obj_style_gen.h ****     lv_style_value_t v = lv_obj_get_style_prop(obj, part, LV_STYLE_BG_GRAD_COLOR_FILTERED);
 154:lvgl/src/widgets/../core/lv_obj_style_gen.h ****     return v.color;
 155:lvgl/src/widgets/../core/lv_obj_style_gen.h **** }
 156:lvgl/src/widgets/../core/lv_obj_style_gen.h **** 
 157:lvgl/src/widgets/../core/lv_obj_style_gen.h **** static inline lv_grad_dir_t lv_obj_get_style_bg_grad_dir(const struct _lv_obj_t * obj, uint32_t par
 158:lvgl/src/widgets/../core/lv_obj_style_gen.h **** {
 159:lvgl/src/widgets/../core/lv_obj_style_gen.h ****     lv_style_value_t v = lv_obj_get_style_prop(obj, part, LV_STYLE_BG_GRAD_DIR);
 160:lvgl/src/widgets/../core/lv_obj_style_gen.h ****     return (lv_grad_dir_t)v.num;
 161:lvgl/src/widgets/../core/lv_obj_style_gen.h **** }
 162:lvgl/src/widgets/../core/lv_obj_style_gen.h **** 
 163:lvgl/src/widgets/../core/lv_obj_style_gen.h **** static inline lv_coord_t lv_obj_get_style_bg_main_stop(const struct _lv_obj_t * obj, uint32_t part)
 164:lvgl/src/widgets/../core/lv_obj_style_gen.h **** {
 165:lvgl/src/widgets/../core/lv_obj_style_gen.h ****     lv_style_value_t v = lv_obj_get_style_prop(obj, part, LV_STYLE_BG_MAIN_STOP);
 166:lvgl/src/widgets/../core/lv_obj_style_gen.h ****     return (lv_coord_t)v.num;
 167:lvgl/src/widgets/../core/lv_obj_style_gen.h **** }
 168:lvgl/src/widgets/../core/lv_obj_style_gen.h **** 
 169:lvgl/src/widgets/../core/lv_obj_style_gen.h **** static inline lv_coord_t lv_obj_get_style_bg_grad_stop(const struct _lv_obj_t * obj, uint32_t part)
 170:lvgl/src/widgets/../core/lv_obj_style_gen.h **** {
 171:lvgl/src/widgets/../core/lv_obj_style_gen.h ****     lv_style_value_t v = lv_obj_get_style_prop(obj, part, LV_STYLE_BG_GRAD_STOP);
 172:lvgl/src/widgets/../core/lv_obj_style_gen.h ****     return (lv_coord_t)v.num;
 173:lvgl/src/widgets/../core/lv_obj_style_gen.h **** }
 174:lvgl/src/widgets/../core/lv_obj_style_gen.h **** 
 175:lvgl/src/widgets/../core/lv_obj_style_gen.h **** static inline const lv_grad_dsc_t * lv_obj_get_style_bg_grad(const struct _lv_obj_t * obj, uint32_t
 176:lvgl/src/widgets/../core/lv_obj_style_gen.h **** {
 177:lvgl/src/widgets/../core/lv_obj_style_gen.h ****     lv_style_value_t v = lv_obj_get_style_prop(obj, part, LV_STYLE_BG_GRAD);
 178:lvgl/src/widgets/../core/lv_obj_style_gen.h ****     return (const lv_grad_dsc_t *)v.ptr;
 179:lvgl/src/widgets/../core/lv_obj_style_gen.h **** }
 180:lvgl/src/widgets/../core/lv_obj_style_gen.h **** 
 181:lvgl/src/widgets/../core/lv_obj_style_gen.h **** static inline lv_dither_mode_t lv_obj_get_style_bg_dither_mode(const struct _lv_obj_t * obj, uint32
 182:lvgl/src/widgets/../core/lv_obj_style_gen.h **** {
 183:lvgl/src/widgets/../core/lv_obj_style_gen.h ****     lv_style_value_t v = lv_obj_get_style_prop(obj, part, LV_STYLE_BG_DITHER_MODE);
 184:lvgl/src/widgets/../core/lv_obj_style_gen.h ****     return (lv_dither_mode_t)v.num;
 185:lvgl/src/widgets/../core/lv_obj_style_gen.h **** }
 186:lvgl/src/widgets/../core/lv_obj_style_gen.h **** 
 187:lvgl/src/widgets/../core/lv_obj_style_gen.h **** static inline const void * lv_obj_get_style_bg_img_src(const struct _lv_obj_t * obj, uint32_t part)
 188:lvgl/src/widgets/../core/lv_obj_style_gen.h **** {
ARM GAS  C:\usertemp\ccsvm3OF.s 			page 12


 189:lvgl/src/widgets/../core/lv_obj_style_gen.h ****     lv_style_value_t v = lv_obj_get_style_prop(obj, part, LV_STYLE_BG_IMG_SRC);
 190:lvgl/src/widgets/../core/lv_obj_style_gen.h ****     return (const void *)v.ptr;
 191:lvgl/src/widgets/../core/lv_obj_style_gen.h **** }
 192:lvgl/src/widgets/../core/lv_obj_style_gen.h **** 
 193:lvgl/src/widgets/../core/lv_obj_style_gen.h **** static inline lv_opa_t lv_obj_get_style_bg_img_opa(const struct _lv_obj_t * obj, uint32_t part)
 194:lvgl/src/widgets/../core/lv_obj_style_gen.h **** {
 195:lvgl/src/widgets/../core/lv_obj_style_gen.h ****     lv_style_value_t v = lv_obj_get_style_prop(obj, part, LV_STYLE_BG_IMG_OPA);
 196:lvgl/src/widgets/../core/lv_obj_style_gen.h ****     return (lv_opa_t)v.num;
 197:lvgl/src/widgets/../core/lv_obj_style_gen.h **** }
 198:lvgl/src/widgets/../core/lv_obj_style_gen.h **** 
 199:lvgl/src/widgets/../core/lv_obj_style_gen.h **** static inline lv_color_t lv_obj_get_style_bg_img_recolor(const struct _lv_obj_t * obj, uint32_t par
 200:lvgl/src/widgets/../core/lv_obj_style_gen.h **** {
 201:lvgl/src/widgets/../core/lv_obj_style_gen.h ****     lv_style_value_t v = lv_obj_get_style_prop(obj, part, LV_STYLE_BG_IMG_RECOLOR);
 202:lvgl/src/widgets/../core/lv_obj_style_gen.h ****     return v.color;
 203:lvgl/src/widgets/../core/lv_obj_style_gen.h **** }
 204:lvgl/src/widgets/../core/lv_obj_style_gen.h **** 
 205:lvgl/src/widgets/../core/lv_obj_style_gen.h **** static inline lv_color_t lv_obj_get_style_bg_img_recolor_filtered(const struct _lv_obj_t * obj, uin
 206:lvgl/src/widgets/../core/lv_obj_style_gen.h **** {
 207:lvgl/src/widgets/../core/lv_obj_style_gen.h ****     lv_style_value_t v = lv_obj_get_style_prop(obj, part, LV_STYLE_BG_IMG_RECOLOR_FILTERED);
 208:lvgl/src/widgets/../core/lv_obj_style_gen.h ****     return v.color;
 209:lvgl/src/widgets/../core/lv_obj_style_gen.h **** }
 210:lvgl/src/widgets/../core/lv_obj_style_gen.h **** 
 211:lvgl/src/widgets/../core/lv_obj_style_gen.h **** static inline lv_opa_t lv_obj_get_style_bg_img_recolor_opa(const struct _lv_obj_t * obj, uint32_t p
 212:lvgl/src/widgets/../core/lv_obj_style_gen.h **** {
 213:lvgl/src/widgets/../core/lv_obj_style_gen.h ****     lv_style_value_t v = lv_obj_get_style_prop(obj, part, LV_STYLE_BG_IMG_RECOLOR_OPA);
 214:lvgl/src/widgets/../core/lv_obj_style_gen.h ****     return (lv_opa_t)v.num;
 215:lvgl/src/widgets/../core/lv_obj_style_gen.h **** }
 216:lvgl/src/widgets/../core/lv_obj_style_gen.h **** 
 217:lvgl/src/widgets/../core/lv_obj_style_gen.h **** static inline bool lv_obj_get_style_bg_img_tiled(const struct _lv_obj_t * obj, uint32_t part)
 218:lvgl/src/widgets/../core/lv_obj_style_gen.h **** {
 219:lvgl/src/widgets/../core/lv_obj_style_gen.h ****     lv_style_value_t v = lv_obj_get_style_prop(obj, part, LV_STYLE_BG_IMG_TILED);
 220:lvgl/src/widgets/../core/lv_obj_style_gen.h ****     return (bool)v.num;
 221:lvgl/src/widgets/../core/lv_obj_style_gen.h **** }
 222:lvgl/src/widgets/../core/lv_obj_style_gen.h **** 
 223:lvgl/src/widgets/../core/lv_obj_style_gen.h **** static inline lv_color_t lv_obj_get_style_border_color(const struct _lv_obj_t * obj, uint32_t part)
 224:lvgl/src/widgets/../core/lv_obj_style_gen.h **** {
 225:lvgl/src/widgets/../core/lv_obj_style_gen.h ****     lv_style_value_t v = lv_obj_get_style_prop(obj, part, LV_STYLE_BORDER_COLOR);
 226:lvgl/src/widgets/../core/lv_obj_style_gen.h ****     return v.color;
 227:lvgl/src/widgets/../core/lv_obj_style_gen.h **** }
 228:lvgl/src/widgets/../core/lv_obj_style_gen.h **** 
 229:lvgl/src/widgets/../core/lv_obj_style_gen.h **** static inline lv_color_t lv_obj_get_style_border_color_filtered(const struct _lv_obj_t * obj, uint3
 230:lvgl/src/widgets/../core/lv_obj_style_gen.h **** {
 231:lvgl/src/widgets/../core/lv_obj_style_gen.h ****     lv_style_value_t v = lv_obj_get_style_prop(obj, part, LV_STYLE_BORDER_COLOR_FILTERED);
 232:lvgl/src/widgets/../core/lv_obj_style_gen.h ****     return v.color;
 233:lvgl/src/widgets/../core/lv_obj_style_gen.h **** }
 234:lvgl/src/widgets/../core/lv_obj_style_gen.h **** 
 235:lvgl/src/widgets/../core/lv_obj_style_gen.h **** static inline lv_opa_t lv_obj_get_style_border_opa(const struct _lv_obj_t * obj, uint32_t part)
 236:lvgl/src/widgets/../core/lv_obj_style_gen.h **** {
 237:lvgl/src/widgets/../core/lv_obj_style_gen.h ****     lv_style_value_t v = lv_obj_get_style_prop(obj, part, LV_STYLE_BORDER_OPA);
 238:lvgl/src/widgets/../core/lv_obj_style_gen.h ****     return (lv_opa_t)v.num;
 239:lvgl/src/widgets/../core/lv_obj_style_gen.h **** }
 240:lvgl/src/widgets/../core/lv_obj_style_gen.h **** 
 241:lvgl/src/widgets/../core/lv_obj_style_gen.h **** static inline lv_coord_t lv_obj_get_style_border_width(const struct _lv_obj_t * obj, uint32_t part)
 242:lvgl/src/widgets/../core/lv_obj_style_gen.h **** {
 243:lvgl/src/widgets/../core/lv_obj_style_gen.h ****     lv_style_value_t v = lv_obj_get_style_prop(obj, part, LV_STYLE_BORDER_WIDTH);
 244:lvgl/src/widgets/../core/lv_obj_style_gen.h ****     return (lv_coord_t)v.num;
 245:lvgl/src/widgets/../core/lv_obj_style_gen.h **** }
ARM GAS  C:\usertemp\ccsvm3OF.s 			page 13


 246:lvgl/src/widgets/../core/lv_obj_style_gen.h **** 
 247:lvgl/src/widgets/../core/lv_obj_style_gen.h **** static inline lv_border_side_t lv_obj_get_style_border_side(const struct _lv_obj_t * obj, uint32_t 
 248:lvgl/src/widgets/../core/lv_obj_style_gen.h **** {
 249:lvgl/src/widgets/../core/lv_obj_style_gen.h ****     lv_style_value_t v = lv_obj_get_style_prop(obj, part, LV_STYLE_BORDER_SIDE);
 250:lvgl/src/widgets/../core/lv_obj_style_gen.h ****     return (lv_border_side_t)v.num;
 251:lvgl/src/widgets/../core/lv_obj_style_gen.h **** }
 252:lvgl/src/widgets/../core/lv_obj_style_gen.h **** 
 253:lvgl/src/widgets/../core/lv_obj_style_gen.h **** static inline bool lv_obj_get_style_border_post(const struct _lv_obj_t * obj, uint32_t part)
 254:lvgl/src/widgets/../core/lv_obj_style_gen.h **** {
 255:lvgl/src/widgets/../core/lv_obj_style_gen.h ****     lv_style_value_t v = lv_obj_get_style_prop(obj, part, LV_STYLE_BORDER_POST);
 256:lvgl/src/widgets/../core/lv_obj_style_gen.h ****     return (bool)v.num;
 257:lvgl/src/widgets/../core/lv_obj_style_gen.h **** }
 258:lvgl/src/widgets/../core/lv_obj_style_gen.h **** 
 259:lvgl/src/widgets/../core/lv_obj_style_gen.h **** static inline lv_coord_t lv_obj_get_style_outline_width(const struct _lv_obj_t * obj, uint32_t part
 260:lvgl/src/widgets/../core/lv_obj_style_gen.h **** {
 261:lvgl/src/widgets/../core/lv_obj_style_gen.h ****     lv_style_value_t v = lv_obj_get_style_prop(obj, part, LV_STYLE_OUTLINE_WIDTH);
 262:lvgl/src/widgets/../core/lv_obj_style_gen.h ****     return (lv_coord_t)v.num;
 263:lvgl/src/widgets/../core/lv_obj_style_gen.h **** }
 264:lvgl/src/widgets/../core/lv_obj_style_gen.h **** 
 265:lvgl/src/widgets/../core/lv_obj_style_gen.h **** static inline lv_color_t lv_obj_get_style_outline_color(const struct _lv_obj_t * obj, uint32_t part
 266:lvgl/src/widgets/../core/lv_obj_style_gen.h **** {
 267:lvgl/src/widgets/../core/lv_obj_style_gen.h ****     lv_style_value_t v = lv_obj_get_style_prop(obj, part, LV_STYLE_OUTLINE_COLOR);
 268:lvgl/src/widgets/../core/lv_obj_style_gen.h ****     return v.color;
 269:lvgl/src/widgets/../core/lv_obj_style_gen.h **** }
 270:lvgl/src/widgets/../core/lv_obj_style_gen.h **** 
 271:lvgl/src/widgets/../core/lv_obj_style_gen.h **** static inline lv_color_t lv_obj_get_style_outline_color_filtered(const struct _lv_obj_t * obj, uint
 272:lvgl/src/widgets/../core/lv_obj_style_gen.h **** {
 273:lvgl/src/widgets/../core/lv_obj_style_gen.h ****     lv_style_value_t v = lv_obj_get_style_prop(obj, part, LV_STYLE_OUTLINE_COLOR_FILTERED);
 274:lvgl/src/widgets/../core/lv_obj_style_gen.h ****     return v.color;
 275:lvgl/src/widgets/../core/lv_obj_style_gen.h **** }
 276:lvgl/src/widgets/../core/lv_obj_style_gen.h **** 
 277:lvgl/src/widgets/../core/lv_obj_style_gen.h **** static inline lv_opa_t lv_obj_get_style_outline_opa(const struct _lv_obj_t * obj, uint32_t part)
 278:lvgl/src/widgets/../core/lv_obj_style_gen.h **** {
 279:lvgl/src/widgets/../core/lv_obj_style_gen.h ****     lv_style_value_t v = lv_obj_get_style_prop(obj, part, LV_STYLE_OUTLINE_OPA);
 280:lvgl/src/widgets/../core/lv_obj_style_gen.h ****     return (lv_opa_t)v.num;
 281:lvgl/src/widgets/../core/lv_obj_style_gen.h **** }
 282:lvgl/src/widgets/../core/lv_obj_style_gen.h **** 
 283:lvgl/src/widgets/../core/lv_obj_style_gen.h **** static inline lv_coord_t lv_obj_get_style_outline_pad(const struct _lv_obj_t * obj, uint32_t part)
 284:lvgl/src/widgets/../core/lv_obj_style_gen.h **** {
 285:lvgl/src/widgets/../core/lv_obj_style_gen.h ****     lv_style_value_t v = lv_obj_get_style_prop(obj, part, LV_STYLE_OUTLINE_PAD);
 286:lvgl/src/widgets/../core/lv_obj_style_gen.h ****     return (lv_coord_t)v.num;
 287:lvgl/src/widgets/../core/lv_obj_style_gen.h **** }
 288:lvgl/src/widgets/../core/lv_obj_style_gen.h **** 
 289:lvgl/src/widgets/../core/lv_obj_style_gen.h **** static inline lv_coord_t lv_obj_get_style_shadow_width(const struct _lv_obj_t * obj, uint32_t part)
 290:lvgl/src/widgets/../core/lv_obj_style_gen.h **** {
 291:lvgl/src/widgets/../core/lv_obj_style_gen.h ****     lv_style_value_t v = lv_obj_get_style_prop(obj, part, LV_STYLE_SHADOW_WIDTH);
 292:lvgl/src/widgets/../core/lv_obj_style_gen.h ****     return (lv_coord_t)v.num;
 293:lvgl/src/widgets/../core/lv_obj_style_gen.h **** }
 294:lvgl/src/widgets/../core/lv_obj_style_gen.h **** 
 295:lvgl/src/widgets/../core/lv_obj_style_gen.h **** static inline lv_coord_t lv_obj_get_style_shadow_ofs_x(const struct _lv_obj_t * obj, uint32_t part)
 296:lvgl/src/widgets/../core/lv_obj_style_gen.h **** {
 297:lvgl/src/widgets/../core/lv_obj_style_gen.h ****     lv_style_value_t v = lv_obj_get_style_prop(obj, part, LV_STYLE_SHADOW_OFS_X);
 298:lvgl/src/widgets/../core/lv_obj_style_gen.h ****     return (lv_coord_t)v.num;
 299:lvgl/src/widgets/../core/lv_obj_style_gen.h **** }
 300:lvgl/src/widgets/../core/lv_obj_style_gen.h **** 
 301:lvgl/src/widgets/../core/lv_obj_style_gen.h **** static inline lv_coord_t lv_obj_get_style_shadow_ofs_y(const struct _lv_obj_t * obj, uint32_t part)
 302:lvgl/src/widgets/../core/lv_obj_style_gen.h **** {
ARM GAS  C:\usertemp\ccsvm3OF.s 			page 14


 303:lvgl/src/widgets/../core/lv_obj_style_gen.h ****     lv_style_value_t v = lv_obj_get_style_prop(obj, part, LV_STYLE_SHADOW_OFS_Y);
 304:lvgl/src/widgets/../core/lv_obj_style_gen.h ****     return (lv_coord_t)v.num;
 305:lvgl/src/widgets/../core/lv_obj_style_gen.h **** }
 306:lvgl/src/widgets/../core/lv_obj_style_gen.h **** 
 307:lvgl/src/widgets/../core/lv_obj_style_gen.h **** static inline lv_coord_t lv_obj_get_style_shadow_spread(const struct _lv_obj_t * obj, uint32_t part
 308:lvgl/src/widgets/../core/lv_obj_style_gen.h **** {
 309:lvgl/src/widgets/../core/lv_obj_style_gen.h ****     lv_style_value_t v = lv_obj_get_style_prop(obj, part, LV_STYLE_SHADOW_SPREAD);
 310:lvgl/src/widgets/../core/lv_obj_style_gen.h ****     return (lv_coord_t)v.num;
 311:lvgl/src/widgets/../core/lv_obj_style_gen.h **** }
 312:lvgl/src/widgets/../core/lv_obj_style_gen.h **** 
 313:lvgl/src/widgets/../core/lv_obj_style_gen.h **** static inline lv_color_t lv_obj_get_style_shadow_color(const struct _lv_obj_t * obj, uint32_t part)
 314:lvgl/src/widgets/../core/lv_obj_style_gen.h **** {
 315:lvgl/src/widgets/../core/lv_obj_style_gen.h ****     lv_style_value_t v = lv_obj_get_style_prop(obj, part, LV_STYLE_SHADOW_COLOR);
 316:lvgl/src/widgets/../core/lv_obj_style_gen.h ****     return v.color;
 317:lvgl/src/widgets/../core/lv_obj_style_gen.h **** }
 318:lvgl/src/widgets/../core/lv_obj_style_gen.h **** 
 319:lvgl/src/widgets/../core/lv_obj_style_gen.h **** static inline lv_color_t lv_obj_get_style_shadow_color_filtered(const struct _lv_obj_t * obj, uint3
 320:lvgl/src/widgets/../core/lv_obj_style_gen.h **** {
 321:lvgl/src/widgets/../core/lv_obj_style_gen.h ****     lv_style_value_t v = lv_obj_get_style_prop(obj, part, LV_STYLE_SHADOW_COLOR_FILTERED);
 322:lvgl/src/widgets/../core/lv_obj_style_gen.h ****     return v.color;
 323:lvgl/src/widgets/../core/lv_obj_style_gen.h **** }
 324:lvgl/src/widgets/../core/lv_obj_style_gen.h **** 
 325:lvgl/src/widgets/../core/lv_obj_style_gen.h **** static inline lv_opa_t lv_obj_get_style_shadow_opa(const struct _lv_obj_t * obj, uint32_t part)
 326:lvgl/src/widgets/../core/lv_obj_style_gen.h **** {
 327:lvgl/src/widgets/../core/lv_obj_style_gen.h ****     lv_style_value_t v = lv_obj_get_style_prop(obj, part, LV_STYLE_SHADOW_OPA);
 328:lvgl/src/widgets/../core/lv_obj_style_gen.h ****     return (lv_opa_t)v.num;
 329:lvgl/src/widgets/../core/lv_obj_style_gen.h **** }
 330:lvgl/src/widgets/../core/lv_obj_style_gen.h **** 
 331:lvgl/src/widgets/../core/lv_obj_style_gen.h **** static inline lv_opa_t lv_obj_get_style_img_opa(const struct _lv_obj_t * obj, uint32_t part)
 332:lvgl/src/widgets/../core/lv_obj_style_gen.h **** {
 333:lvgl/src/widgets/../core/lv_obj_style_gen.h ****     lv_style_value_t v = lv_obj_get_style_prop(obj, part, LV_STYLE_IMG_OPA);
 334:lvgl/src/widgets/../core/lv_obj_style_gen.h ****     return (lv_opa_t)v.num;
 335:lvgl/src/widgets/../core/lv_obj_style_gen.h **** }
 336:lvgl/src/widgets/../core/lv_obj_style_gen.h **** 
 337:lvgl/src/widgets/../core/lv_obj_style_gen.h **** static inline lv_color_t lv_obj_get_style_img_recolor(const struct _lv_obj_t * obj, uint32_t part)
 338:lvgl/src/widgets/../core/lv_obj_style_gen.h **** {
 339:lvgl/src/widgets/../core/lv_obj_style_gen.h ****     lv_style_value_t v = lv_obj_get_style_prop(obj, part, LV_STYLE_IMG_RECOLOR);
 340:lvgl/src/widgets/../core/lv_obj_style_gen.h ****     return v.color;
 341:lvgl/src/widgets/../core/lv_obj_style_gen.h **** }
 342:lvgl/src/widgets/../core/lv_obj_style_gen.h **** 
 343:lvgl/src/widgets/../core/lv_obj_style_gen.h **** static inline lv_color_t lv_obj_get_style_img_recolor_filtered(const struct _lv_obj_t * obj, uint32
 344:lvgl/src/widgets/../core/lv_obj_style_gen.h **** {
 345:lvgl/src/widgets/../core/lv_obj_style_gen.h ****     lv_style_value_t v = lv_obj_get_style_prop(obj, part, LV_STYLE_IMG_RECOLOR_FILTERED);
 346:lvgl/src/widgets/../core/lv_obj_style_gen.h ****     return v.color;
 347:lvgl/src/widgets/../core/lv_obj_style_gen.h **** }
 348:lvgl/src/widgets/../core/lv_obj_style_gen.h **** 
 349:lvgl/src/widgets/../core/lv_obj_style_gen.h **** static inline lv_opa_t lv_obj_get_style_img_recolor_opa(const struct _lv_obj_t * obj, uint32_t part
 350:lvgl/src/widgets/../core/lv_obj_style_gen.h **** {
 351:lvgl/src/widgets/../core/lv_obj_style_gen.h ****     lv_style_value_t v = lv_obj_get_style_prop(obj, part, LV_STYLE_IMG_RECOLOR_OPA);
 352:lvgl/src/widgets/../core/lv_obj_style_gen.h ****     return (lv_opa_t)v.num;
 353:lvgl/src/widgets/../core/lv_obj_style_gen.h **** }
 354:lvgl/src/widgets/../core/lv_obj_style_gen.h **** 
 355:lvgl/src/widgets/../core/lv_obj_style_gen.h **** static inline lv_coord_t lv_obj_get_style_line_width(const struct _lv_obj_t * obj, uint32_t part)
 195              		.loc 2 355 26 view .LVU56
 196              	.LBB13:
 356:lvgl/src/widgets/../core/lv_obj_style_gen.h **** {
 357:lvgl/src/widgets/../core/lv_obj_style_gen.h ****     lv_style_value_t v = lv_obj_get_style_prop(obj, part, LV_STYLE_LINE_WIDTH);
ARM GAS  C:\usertemp\ccsvm3OF.s 			page 15


 197              		.loc 2 357 5 view .LVU57
 198              		.loc 2 357 26 is_stmt 0 view .LVU58
 199 008c 40F64902 		movw	r2, #2121
 200 0090 0021     		movs	r1, #0
 201 0092 FFF7FEFF 		bl	lv_obj_get_style_prop
 202              	.LVL27:
 358:lvgl/src/widgets/../core/lv_obj_style_gen.h ****     return (lv_coord_t)v.num;
 203              		.loc 2 358 5 is_stmt 1 view .LVU59
 204              		.loc 2 358 12 is_stmt 0 view .LVU60
 205 0096 05B2     		sxth	r5, r0
 206              	.LVL28:
 207              		.loc 2 358 12 view .LVU61
 208              	.LBE13:
 209              	.LBE12:
 140:lvgl/src/widgets/lv_line.c ****         if(*s < line_width) *s = line_width;
 210              		.loc 1 140 9 is_stmt 1 view .LVU62
 140:lvgl/src/widgets/lv_line.c ****         if(*s < line_width) *s = line_width;
 211              		.loc 1 140 26 is_stmt 0 view .LVU63
 212 0098 2046     		mov	r0, r4
 213 009a FFF7FEFF 		bl	lv_event_get_param
 214              	.LVL29:
 141:lvgl/src/widgets/lv_line.c ****     }
 215              		.loc 1 141 9 is_stmt 1 view .LVU64
 141:lvgl/src/widgets/lv_line.c ****     }
 216              		.loc 1 141 12 is_stmt 0 view .LVU65
 217 009e B0F90030 		ldrsh	r3, [r0]
 141:lvgl/src/widgets/lv_line.c ****     }
 218              		.loc 1 141 11 view .LVU66
 219 00a2 AB42     		cmp	r3, r5
 220 00a4 B5DA     		bge	.L1
 141:lvgl/src/widgets/lv_line.c ****     }
 221              		.loc 1 141 29 is_stmt 1 discriminator 1 view .LVU67
 141:lvgl/src/widgets/lv_line.c ****     }
 222              		.loc 1 141 32 is_stmt 0 discriminator 1 view .LVU68
 223 00a6 0580     		strh	r5, [r0]	@ movhi
 224 00a8 B3E7     		b	.L1
 225              	.LVL30:
 226              	.L17:
 141:lvgl/src/widgets/lv_line.c ****     }
 227              		.loc 1 141 32 discriminator 1 view .LVU69
 228              	.LBE11:
 229              	.LBB14:
 144:lvgl/src/widgets/lv_line.c **** 
 230              		.loc 1 144 9 is_stmt 1 view .LVU70
 146:lvgl/src/widgets/lv_line.c ****         lv_coord_t w = 0;
 231              		.loc 1 146 9 view .LVU71
 146:lvgl/src/widgets/lv_line.c ****         lv_coord_t w = 0;
 232              		.loc 1 146 26 is_stmt 0 view .LVU72
 233 00aa 2046     		mov	r0, r4
 234              	.LVL31:
 146:lvgl/src/widgets/lv_line.c ****         lv_coord_t w = 0;
 235              		.loc 1 146 26 view .LVU73
 236 00ac FFF7FEFF 		bl	lv_event_get_param
 237              	.LVL32:
 238 00b0 0746     		mov	r7, r0
 239              	.LVL33:
 147:lvgl/src/widgets/lv_line.c ****         lv_coord_t h = 0;
ARM GAS  C:\usertemp\ccsvm3OF.s 			page 16


 240              		.loc 1 147 9 is_stmt 1 view .LVU74
 148:lvgl/src/widgets/lv_line.c ****         if(line->point_num > 0) {
 241              		.loc 1 148 9 view .LVU75
 149:lvgl/src/widgets/lv_line.c ****             uint16_t i;
 242              		.loc 1 149 9 view .LVU76
 149:lvgl/src/widgets/lv_line.c ****             uint16_t i;
 243              		.loc 1 149 16 is_stmt 0 view .LVU77
 244 00b2 288D     		ldrh	r0, [r5, #40]
 245              	.LVL34:
 149:lvgl/src/widgets/lv_line.c ****             uint16_t i;
 246              		.loc 1 149 11 view .LVU78
 247 00b4 0028     		cmp	r0, #0
 248 00b6 ACD0     		beq	.L1
 249              	.LBB15:
 151:lvgl/src/widgets/lv_line.c ****                 w = LV_MAX(line->point_array[i].x, w);
 250              		.loc 1 151 19 view .LVU79
 251 00b8 0023     		movs	r3, #0
 252              	.LBE15:
 148:lvgl/src/widgets/lv_line.c ****         if(line->point_num > 0) {
 253              		.loc 1 148 20 view .LVU80
 254 00ba 1E46     		mov	r6, r3
 255              	.LVL35:
 147:lvgl/src/widgets/lv_line.c ****         lv_coord_t h = 0;
 256              		.loc 1 147 20 view .LVU81
 257 00bc 1C46     		mov	r4, r3
 258              	.LVL36:
 147:lvgl/src/widgets/lv_line.c ****         lv_coord_t h = 0;
 259              		.loc 1 147 20 view .LVU82
 260 00be 0EE0     		b	.L5
 261              	.LVL37:
 262              	.L6:
 263              	.LBB18:
 152:lvgl/src/widgets/lv_line.c ****                 h = LV_MAX(line->point_array[i].y, h);
 264              		.loc 1 152 17 is_stmt 1 view .LVU83
 152:lvgl/src/widgets/lv_line.c ****                 h = LV_MAX(line->point_array[i].y, h);
 265              		.loc 1 152 21 is_stmt 0 view .LVU84
 266 00c0 6A6A     		ldr	r2, [r5, #36]
 267 00c2 02EB8301 		add	r1, r2, r3, lsl #2
 268 00c6 32F92320 		ldrsh	r2, [r2, r3, lsl #2]
 152:lvgl/src/widgets/lv_line.c ****                 h = LV_MAX(line->point_array[i].y, h);
 269              		.loc 1 152 19 view .LVU85
 270 00ca 9442     		cmp	r4, r2
 271 00cc B8BF     		it	lt
 272 00ce 1446     		movlt	r4, r2
 273              	.LVL38:
 153:lvgl/src/widgets/lv_line.c ****             }
 274              		.loc 1 153 17 is_stmt 1 view .LVU86
 153:lvgl/src/widgets/lv_line.c ****             }
 275              		.loc 1 153 21 is_stmt 0 view .LVU87
 276 00d0 B1F90220 		ldrsh	r2, [r1, #2]
 153:lvgl/src/widgets/lv_line.c ****             }
 277              		.loc 1 153 19 view .LVU88
 278 00d4 9642     		cmp	r6, r2
 279 00d6 B8BF     		it	lt
 280 00d8 1646     		movlt	r6, r2
 281              	.LVL39:
 151:lvgl/src/widgets/lv_line.c ****                 w = LV_MAX(line->point_array[i].x, w);
ARM GAS  C:\usertemp\ccsvm3OF.s 			page 17


 282              		.loc 1 151 46 is_stmt 1 discriminator 3 view .LVU89
 283 00da 0133     		adds	r3, r3, #1
 284              	.LVL40:
 151:lvgl/src/widgets/lv_line.c ****                 w = LV_MAX(line->point_array[i].x, w);
 285              		.loc 1 151 46 is_stmt 0 discriminator 3 view .LVU90
 286 00dc 9BB2     		uxth	r3, r3
 287              	.LVL41:
 288              	.L5:
 151:lvgl/src/widgets/lv_line.c ****                 w = LV_MAX(line->point_array[i].x, w);
 289              		.loc 1 151 26 is_stmt 1 discriminator 1 view .LVU91
 290 00de 9842     		cmp	r0, r3
 291 00e0 EED8     		bhi	.L6
 156:lvgl/src/widgets/lv_line.c ****             w += line_width;
 292              		.loc 1 156 13 view .LVU92
 293              	.LVL42:
 294              	.LBB16:
 295              	.LBI16:
 355:lvgl/src/widgets/../core/lv_obj_style_gen.h **** {
 296              		.loc 2 355 26 view .LVU93
 297              	.LBB17:
 357:lvgl/src/widgets/../core/lv_obj_style_gen.h ****     return (lv_coord_t)v.num;
 298              		.loc 2 357 5 view .LVU94
 357:lvgl/src/widgets/../core/lv_obj_style_gen.h ****     return (lv_coord_t)v.num;
 299              		.loc 2 357 26 is_stmt 0 view .LVU95
 300 00e2 40F64902 		movw	r2, #2121
 301 00e6 0021     		movs	r1, #0
 302 00e8 2846     		mov	r0, r5
 303 00ea FFF7FEFF 		bl	lv_obj_get_style_prop
 304              	.LVL43:
 305              		.loc 2 358 5 is_stmt 1 view .LVU96
 306              		.loc 2 358 5 is_stmt 0 view .LVU97
 307              	.LBE17:
 308              	.LBE16:
 157:lvgl/src/widgets/lv_line.c ****             h += line_width;
 309              		.loc 1 157 13 is_stmt 1 view .LVU98
 157:lvgl/src/widgets/lv_line.c ****             h += line_width;
 310              		.loc 1 157 15 is_stmt 0 view .LVU99
 311 00ee 80B2     		uxth	r0, r0
 157:lvgl/src/widgets/lv_line.c ****             h += line_width;
 312              		.loc 1 157 15 view .LVU100
 313 00f0 0444     		add	r4, r4, r0
 314              	.LVL44:
 158:lvgl/src/widgets/lv_line.c ****             p->x = w;
 315              		.loc 1 158 13 is_stmt 1 view .LVU101
 158:lvgl/src/widgets/lv_line.c ****             p->x = w;
 316              		.loc 1 158 15 is_stmt 0 view .LVU102
 317 00f2 3044     		add	r0, r0, r6
 318              	.LVL45:
 159:lvgl/src/widgets/lv_line.c ****             p->y = h;
 319              		.loc 1 159 13 is_stmt 1 view .LVU103
 159:lvgl/src/widgets/lv_line.c ****             p->y = h;
 320              		.loc 1 159 18 is_stmt 0 view .LVU104
 321 00f4 3C80     		strh	r4, [r7]	@ movhi
 160:lvgl/src/widgets/lv_line.c ****         }
 322              		.loc 1 160 13 is_stmt 1 view .LVU105
 160:lvgl/src/widgets/lv_line.c ****         }
 323              		.loc 1 160 18 is_stmt 0 view .LVU106
ARM GAS  C:\usertemp\ccsvm3OF.s 			page 18


 324 00f6 7880     		strh	r0, [r7, #2]	@ movhi
 325 00f8 8BE7     		b	.L1
 326              	.LVL46:
 327              	.L10:
 160:lvgl/src/widgets/lv_line.c ****         }
 328              		.loc 1 160 18 view .LVU107
 329              	.LBE18:
 330              	.LBE14:
 331              	.LBB19:
 193:lvgl/src/widgets/lv_line.c ****                 p2.y = h - line->point_array[i + 1].y + y_ofs;
 332              		.loc 1 193 17 is_stmt 1 view .LVU108
 193:lvgl/src/widgets/lv_line.c ****                 p2.y = h - line->point_array[i + 1].y + y_ofs;
 333              		.loc 1 193 26 is_stmt 0 view .LVU109
 334 00fa 1FFA89F3 		uxth	r3, r9
 193:lvgl/src/widgets/lv_line.c ****                 p2.y = h - line->point_array[i + 1].y + y_ofs;
 335              		.loc 1 193 48 view .LVU110
 336 00fe 4288     		ldrh	r2, [r0, #2]
 193:lvgl/src/widgets/lv_line.c ****                 p2.y = h - line->point_array[i + 1].y + y_ofs;
 337              		.loc 1 193 26 view .LVU111
 338 0100 9A1A     		subs	r2, r3, r2
 193:lvgl/src/widgets/lv_line.c ****                 p2.y = h - line->point_array[i + 1].y + y_ofs;
 339              		.loc 1 193 51 view .LVU112
 340 0102 16FA82F2 		uxtah	r2, r6, r2
 193:lvgl/src/widgets/lv_line.c ****                 p2.y = h - line->point_array[i + 1].y + y_ofs;
 341              		.loc 1 193 22 view .LVU113
 342 0106 ADF80620 		strh	r2, [sp, #6]	@ movhi
 194:lvgl/src/widgets/lv_line.c ****             }
 343              		.loc 1 194 17 is_stmt 1 view .LVU114
 194:lvgl/src/widgets/lv_line.c ****             }
 344              		.loc 1 194 52 is_stmt 0 view .LVU115
 345 010a 4A88     		ldrh	r2, [r1, #2]
 194:lvgl/src/widgets/lv_line.c ****             }
 346              		.loc 1 194 26 view .LVU116
 347 010c 9B1A     		subs	r3, r3, r2
 194:lvgl/src/widgets/lv_line.c ****             }
 348              		.loc 1 194 55 view .LVU117
 349 010e 16FA83F3 		uxtah	r3, r6, r3
 194:lvgl/src/widgets/lv_line.c ****             }
 350              		.loc 1 194 22 view .LVU118
 351 0112 ADF80A30 		strh	r3, [sp, #10]	@ movhi
 352              	.L11:
 196:lvgl/src/widgets/lv_line.c ****             line_dsc.round_start = 0;   /*Draw the rounding only on the end points after the first 
 353              		.loc 1 196 13 is_stmt 1 view .LVU119
 354 0116 02AB     		add	r3, sp, #8
 355 0118 01AA     		add	r2, sp, #4
 356 011a 05A9     		add	r1, sp, #20
 357 011c 4046     		mov	r0, r8
 358 011e FFF7FEFF 		bl	lv_draw_line
 359              	.LVL47:
 197:lvgl/src/widgets/lv_line.c ****         }
 360              		.loc 1 197 13 view .LVU120
 197:lvgl/src/widgets/lv_line.c ****         }
 361              		.loc 1 197 34 is_stmt 0 view .LVU121
 362 0122 9DF81D30 		ldrb	r3, [sp, #29]	@ zero_extendqisi2
 363 0126 23F00403 		bic	r3, r3, #4
 364 012a 8DF81D30 		strb	r3, [sp, #29]
 183:lvgl/src/widgets/lv_line.c **** 
ARM GAS  C:\usertemp\ccsvm3OF.s 			page 19


 365              		.loc 1 183 46 is_stmt 1 discriminator 2 view .LVU122
 366 012e 0134     		adds	r4, r4, #1
 367              	.LVL48:
 183:lvgl/src/widgets/lv_line.c **** 
 368              		.loc 1 183 46 is_stmt 0 discriminator 2 view .LVU123
 369 0130 A4B2     		uxth	r4, r4
 370              	.LVL49:
 371              	.L9:
 183:lvgl/src/widgets/lv_line.c **** 
 372              		.loc 1 183 22 is_stmt 1 discriminator 1 view .LVU124
 183:lvgl/src/widgets/lv_line.c **** 
 373              		.loc 1 183 28 is_stmt 0 discriminator 1 view .LVU125
 374 0132 2B8D     		ldrh	r3, [r5, #40]
 183:lvgl/src/widgets/lv_line.c **** 
 375              		.loc 1 183 40 discriminator 1 view .LVU126
 376 0134 013B     		subs	r3, r3, #1
 183:lvgl/src/widgets/lv_line.c **** 
 377              		.loc 1 183 22 discriminator 1 view .LVU127
 378 0136 9C42     		cmp	r4, r3
 379 0138 BFF66BAF 		bge	.L1
 185:lvgl/src/widgets/lv_line.c ****             p2.x = line->point_array[i + 1].x + x_ofs;
 380              		.loc 1 185 13 is_stmt 1 view .LVU128
 185:lvgl/src/widgets/lv_line.c ****             p2.x = line->point_array[i + 1].x + x_ofs;
 381              		.loc 1 185 24 is_stmt 0 view .LVU129
 382 013c 6B6A     		ldr	r3, [r5, #36]
 185:lvgl/src/widgets/lv_line.c ****             p2.x = line->point_array[i + 1].x + x_ofs;
 383              		.loc 1 185 37 view .LVU130
 384 013e 03EB8400 		add	r0, r3, r4, lsl #2
 185:lvgl/src/widgets/lv_line.c ****             p2.x = line->point_array[i + 1].x + x_ofs;
 385              		.loc 1 185 40 view .LVU131
 386 0142 33F82420 		ldrh	r2, [r3, r4, lsl #2]
 185:lvgl/src/widgets/lv_line.c ****             p2.x = line->point_array[i + 1].x + x_ofs;
 387              		.loc 1 185 43 view .LVU132
 388 0146 3A44     		add	r2, r2, r7
 185:lvgl/src/widgets/lv_line.c ****             p2.x = line->point_array[i + 1].x + x_ofs;
 389              		.loc 1 185 18 view .LVU133
 390 0148 ADF80420 		strh	r2, [sp, #4]	@ movhi
 186:lvgl/src/widgets/lv_line.c **** 
 391              		.loc 1 186 13 is_stmt 1 view .LVU134
 186:lvgl/src/widgets/lv_line.c **** 
 392              		.loc 1 186 37 is_stmt 0 view .LVU135
 393 014c 621C     		adds	r2, r4, #1
 394 014e 03EB8201 		add	r1, r3, r2, lsl #2
 186:lvgl/src/widgets/lv_line.c **** 
 395              		.loc 1 186 44 view .LVU136
 396 0152 33F82230 		ldrh	r3, [r3, r2, lsl #2]
 186:lvgl/src/widgets/lv_line.c **** 
 397              		.loc 1 186 47 view .LVU137
 398 0156 3B44     		add	r3, r3, r7
 186:lvgl/src/widgets/lv_line.c **** 
 399              		.loc 1 186 18 view .LVU138
 400 0158 ADF80830 		strh	r3, [sp, #8]	@ movhi
 188:lvgl/src/widgets/lv_line.c ****                 p1.y = line->point_array[i].y + y_ofs;
 401              		.loc 1 188 13 is_stmt 1 view .LVU139
 188:lvgl/src/widgets/lv_line.c ****                 p1.y = line->point_array[i].y + y_ofs;
 402              		.loc 1 188 28 is_stmt 0 view .LVU140
 403 015c 95F82A30 		ldrb	r3, [r5, #42]	@ zero_extendqisi2
ARM GAS  C:\usertemp\ccsvm3OF.s 			page 20


 188:lvgl/src/widgets/lv_line.c ****                 p1.y = line->point_array[i].y + y_ofs;
 404              		.loc 1 188 15 view .LVU141
 405 0160 13F0010F 		tst	r3, #1
 406 0164 C9D1     		bne	.L10
 189:lvgl/src/widgets/lv_line.c ****                 p2.y = line->point_array[i + 1].y + y_ofs;
 407              		.loc 1 189 17 is_stmt 1 view .LVU142
 189:lvgl/src/widgets/lv_line.c ****                 p2.y = line->point_array[i + 1].y + y_ofs;
 408              		.loc 1 189 44 is_stmt 0 view .LVU143
 409 0166 4388     		ldrh	r3, [r0, #2]
 189:lvgl/src/widgets/lv_line.c ****                 p2.y = line->point_array[i + 1].y + y_ofs;
 410              		.loc 1 189 47 view .LVU144
 411 0168 3344     		add	r3, r3, r6
 189:lvgl/src/widgets/lv_line.c ****                 p2.y = line->point_array[i + 1].y + y_ofs;
 412              		.loc 1 189 22 view .LVU145
 413 016a ADF80630 		strh	r3, [sp, #6]	@ movhi
 190:lvgl/src/widgets/lv_line.c ****             }
 414              		.loc 1 190 17 is_stmt 1 view .LVU146
 190:lvgl/src/widgets/lv_line.c ****             }
 415              		.loc 1 190 48 is_stmt 0 view .LVU147
 416 016e 4B88     		ldrh	r3, [r1, #2]
 190:lvgl/src/widgets/lv_line.c ****             }
 417              		.loc 1 190 51 view .LVU148
 418 0170 3344     		add	r3, r3, r6
 190:lvgl/src/widgets/lv_line.c ****             }
 419              		.loc 1 190 22 view .LVU149
 420 0172 ADF80A30 		strh	r3, [sp, #10]	@ movhi
 421 0176 CEE7     		b	.L11
 422              	.L19:
 423              		.align	2
 424              	.L18:
 425 0178 00000000 		.word	lv_line_class
 426              	.LBE19:
 427              		.cfi_endproc
 428              	.LFE161:
 430              		.section	.text.lv_line_constructor,"ax",%progbits
 431              		.align	1
 432              		.syntax unified
 433              		.thumb
 434              		.thumb_func
 436              	lv_line_constructor:
 437              	.LVL50:
 438              	.LFB160:
 109:lvgl/src/widgets/lv_line.c ****     LV_UNUSED(class_p);
 439              		.loc 1 109 1 is_stmt 1 view -0
 440              		.cfi_startproc
 441              		@ args = 0, pretend = 0, frame = 0
 442              		@ frame_needed = 0, uses_anonymous_args = 0
 109:lvgl/src/widgets/lv_line.c ****     LV_UNUSED(class_p);
 443              		.loc 1 109 1 is_stmt 0 view .LVU151
 444 0000 08B5     		push	{r3, lr}
 445              	.LCFI4:
 446              		.cfi_def_cfa_offset 8
 447              		.cfi_offset 3, -8
 448              		.cfi_offset 14, -4
 449 0002 0846     		mov	r0, r1
 450              	.LVL51:
 110:lvgl/src/widgets/lv_line.c ****     LV_TRACE_OBJ_CREATE("begin");
ARM GAS  C:\usertemp\ccsvm3OF.s 			page 21


 451              		.loc 1 110 5 is_stmt 1 view .LVU152
 111:lvgl/src/widgets/lv_line.c **** 
 452              		.loc 1 111 5 view .LVU153
 111:lvgl/src/widgets/lv_line.c **** 
 453              		.loc 1 111 5 view .LVU154
 111:lvgl/src/widgets/lv_line.c **** 
 454              		.loc 1 111 5 view .LVU155
 113:lvgl/src/widgets/lv_line.c **** 
 455              		.loc 1 113 5 view .LVU156
 115:lvgl/src/widgets/lv_line.c ****     line->point_array = NULL;
 456              		.loc 1 115 5 view .LVU157
 115:lvgl/src/widgets/lv_line.c ****     line->point_array = NULL;
 457              		.loc 1 115 23 is_stmt 0 view .LVU158
 458 0004 0023     		movs	r3, #0
 459 0006 0B85     		strh	r3, [r1, #40]	@ movhi
 116:lvgl/src/widgets/lv_line.c ****     line->y_inv       = 0;
 460              		.loc 1 116 5 is_stmt 1 view .LVU159
 116:lvgl/src/widgets/lv_line.c ****     line->y_inv       = 0;
 461              		.loc 1 116 23 is_stmt 0 view .LVU160
 462 0008 4B62     		str	r3, [r1, #36]
 117:lvgl/src/widgets/lv_line.c **** 
 463              		.loc 1 117 5 is_stmt 1 view .LVU161
 117:lvgl/src/widgets/lv_line.c **** 
 464              		.loc 1 117 23 is_stmt 0 view .LVU162
 465 000a 91F82A20 		ldrb	r2, [r1, #42]	@ zero_extendqisi2
 466 000e 63F30002 		bfi	r2, r3, #0, #1
 467 0012 81F82A20 		strb	r2, [r1, #42]
 119:lvgl/src/widgets/lv_line.c **** 
 468              		.loc 1 119 5 is_stmt 1 view .LVU163
 469 0016 0221     		movs	r1, #2
 470              	.LVL52:
 119:lvgl/src/widgets/lv_line.c **** 
 471              		.loc 1 119 5 is_stmt 0 view .LVU164
 472 0018 FFF7FEFF 		bl	lv_obj_clear_flag
 473              	.LVL53:
 121:lvgl/src/widgets/lv_line.c **** }
 474              		.loc 1 121 5 is_stmt 1 view .LVU165
 121:lvgl/src/widgets/lv_line.c **** }
 475              		.loc 1 121 5 view .LVU166
 121:lvgl/src/widgets/lv_line.c **** }
 476              		.loc 1 121 5 view .LVU167
 122:lvgl/src/widgets/lv_line.c **** 
 477              		.loc 1 122 1 is_stmt 0 view .LVU168
 478 001c 08BD     		pop	{r3, pc}
 479              		.cfi_endproc
 480              	.LFE160:
 482              		.section	.text.lv_line_create,"ax",%progbits
 483              		.align	1
 484              		.global	lv_line_create
 485              		.syntax unified
 486              		.thumb
 487              		.thumb_func
 489              	lv_line_create:
 490              	.LVL54:
 491              	.LFB156:
  55:lvgl/src/widgets/lv_line.c ****     LV_LOG_INFO("begin");
 492              		.loc 1 55 1 is_stmt 1 view -0
ARM GAS  C:\usertemp\ccsvm3OF.s 			page 22


 493              		.cfi_startproc
 494              		@ args = 0, pretend = 0, frame = 0
 495              		@ frame_needed = 0, uses_anonymous_args = 0
  55:lvgl/src/widgets/lv_line.c ****     LV_LOG_INFO("begin");
 496              		.loc 1 55 1 is_stmt 0 view .LVU170
 497 0000 10B5     		push	{r4, lr}
 498              	.LCFI5:
 499              		.cfi_def_cfa_offset 8
 500              		.cfi_offset 4, -8
 501              		.cfi_offset 14, -4
 502 0002 0146     		mov	r1, r0
  56:lvgl/src/widgets/lv_line.c ****     lv_obj_t * obj = lv_obj_class_create_obj(MY_CLASS, parent);
 503              		.loc 1 56 5 is_stmt 1 view .LVU171
  56:lvgl/src/widgets/lv_line.c ****     lv_obj_t * obj = lv_obj_class_create_obj(MY_CLASS, parent);
 504              		.loc 1 56 5 view .LVU172
  56:lvgl/src/widgets/lv_line.c ****     lv_obj_t * obj = lv_obj_class_create_obj(MY_CLASS, parent);
 505              		.loc 1 56 5 view .LVU173
  57:lvgl/src/widgets/lv_line.c ****     lv_obj_class_init_obj(obj);
 506              		.loc 1 57 5 view .LVU174
  57:lvgl/src/widgets/lv_line.c ****     lv_obj_class_init_obj(obj);
 507              		.loc 1 57 22 is_stmt 0 view .LVU175
 508 0004 0348     		ldr	r0, .L24
 509              	.LVL55:
  57:lvgl/src/widgets/lv_line.c ****     lv_obj_class_init_obj(obj);
 510              		.loc 1 57 22 view .LVU176
 511 0006 FFF7FEFF 		bl	lv_obj_class_create_obj
 512              	.LVL56:
  57:lvgl/src/widgets/lv_line.c ****     lv_obj_class_init_obj(obj);
 513              		.loc 1 57 22 view .LVU177
 514 000a 0446     		mov	r4, r0
 515              	.LVL57:
  58:lvgl/src/widgets/lv_line.c ****     return obj;
 516              		.loc 1 58 5 is_stmt 1 view .LVU178
 517 000c FFF7FEFF 		bl	lv_obj_class_init_obj
 518              	.LVL58:
  59:lvgl/src/widgets/lv_line.c **** }
 519              		.loc 1 59 5 view .LVU179
  60:lvgl/src/widgets/lv_line.c **** 
 520              		.loc 1 60 1 is_stmt 0 view .LVU180
 521 0010 2046     		mov	r0, r4
 522 0012 10BD     		pop	{r4, pc}
 523              	.LVL59:
 524              	.L25:
  60:lvgl/src/widgets/lv_line.c **** 
 525              		.loc 1 60 1 view .LVU181
 526              		.align	2
 527              	.L24:
 528 0014 00000000 		.word	lv_line_class
 529              		.cfi_endproc
 530              	.LFE156:
 532              		.section	.text.lv_line_set_points,"ax",%progbits
 533              		.align	1
 534              		.global	lv_line_set_points
 535              		.syntax unified
 536              		.thumb
 537              		.thumb_func
 539              	lv_line_set_points:
ARM GAS  C:\usertemp\ccsvm3OF.s 			page 23


 540              	.LVL60:
 541              	.LFB157:
  67:lvgl/src/widgets/lv_line.c ****     LV_ASSERT_OBJ(obj, MY_CLASS);
 542              		.loc 1 67 1 is_stmt 1 view -0
 543              		.cfi_startproc
 544              		@ args = 0, pretend = 0, frame = 0
 545              		@ frame_needed = 0, uses_anonymous_args = 0
  67:lvgl/src/widgets/lv_line.c ****     LV_ASSERT_OBJ(obj, MY_CLASS);
 546              		.loc 1 67 1 is_stmt 0 view .LVU183
 547 0000 10B5     		push	{r4, lr}
 548              	.LCFI6:
 549              		.cfi_def_cfa_offset 8
 550              		.cfi_offset 4, -8
 551              		.cfi_offset 14, -4
 552 0002 0446     		mov	r4, r0
  68:lvgl/src/widgets/lv_line.c **** 
 553              		.loc 1 68 5 is_stmt 1 view .LVU184
  68:lvgl/src/widgets/lv_line.c **** 
 554              		.loc 1 68 5 view .LVU185
  68:lvgl/src/widgets/lv_line.c **** 
 555              		.loc 1 68 5 view .LVU186
  70:lvgl/src/widgets/lv_line.c ****     line->point_array    = points;
 556              		.loc 1 70 5 view .LVU187
 557              	.LVL61:
  71:lvgl/src/widgets/lv_line.c ****     line->point_num      = point_num;
 558              		.loc 1 71 5 view .LVU188
  71:lvgl/src/widgets/lv_line.c ****     line->point_num      = point_num;
 559              		.loc 1 71 26 is_stmt 0 view .LVU189
 560 0004 4162     		str	r1, [r0, #36]
  72:lvgl/src/widgets/lv_line.c **** 
 561              		.loc 1 72 5 is_stmt 1 view .LVU190
  72:lvgl/src/widgets/lv_line.c **** 
 562              		.loc 1 72 26 is_stmt 0 view .LVU191
 563 0006 0285     		strh	r2, [r0, #40]	@ movhi
  74:lvgl/src/widgets/lv_line.c **** 
 564              		.loc 1 74 5 is_stmt 1 view .LVU192
 565 0008 FFF7FEFF 		bl	lv_obj_refresh_self_size
 566              	.LVL62:
  76:lvgl/src/widgets/lv_line.c **** }
 567              		.loc 1 76 5 view .LVU193
 568 000c 2046     		mov	r0, r4
 569 000e FFF7FEFF 		bl	lv_obj_invalidate
 570              	.LVL63:
  77:lvgl/src/widgets/lv_line.c **** 
 571              		.loc 1 77 1 is_stmt 0 view .LVU194
 572 0012 10BD     		pop	{r4, pc}
  77:lvgl/src/widgets/lv_line.c **** 
 573              		.loc 1 77 1 view .LVU195
 574              		.cfi_endproc
 575              	.LFE157:
 577              		.section	.text.lv_line_set_y_invert,"ax",%progbits
 578              		.align	1
 579              		.global	lv_line_set_y_invert
 580              		.syntax unified
 581              		.thumb
 582              		.thumb_func
 584              	lv_line_set_y_invert:
ARM GAS  C:\usertemp\ccsvm3OF.s 			page 24


 585              	.LVL64:
 586              	.LFB158:
  80:lvgl/src/widgets/lv_line.c ****     LV_ASSERT_OBJ(obj, MY_CLASS);
 587              		.loc 1 80 1 is_stmt 1 view -0
 588              		.cfi_startproc
 589              		@ args = 0, pretend = 0, frame = 0
 590              		@ frame_needed = 0, uses_anonymous_args = 0
  80:lvgl/src/widgets/lv_line.c ****     LV_ASSERT_OBJ(obj, MY_CLASS);
 591              		.loc 1 80 1 is_stmt 0 view .LVU197
 592 0000 08B5     		push	{r3, lr}
 593              	.LCFI7:
 594              		.cfi_def_cfa_offset 8
 595              		.cfi_offset 3, -8
 596              		.cfi_offset 14, -4
  81:lvgl/src/widgets/lv_line.c **** 
 597              		.loc 1 81 5 is_stmt 1 view .LVU198
  81:lvgl/src/widgets/lv_line.c **** 
 598              		.loc 1 81 5 view .LVU199
  81:lvgl/src/widgets/lv_line.c **** 
 599              		.loc 1 81 5 view .LVU200
  83:lvgl/src/widgets/lv_line.c ****     if(line->y_inv == en) return;
 600              		.loc 1 83 5 view .LVU201
 601              	.LVL65:
  84:lvgl/src/widgets/lv_line.c **** 
 602              		.loc 1 84 5 view .LVU202
  84:lvgl/src/widgets/lv_line.c **** 
 603              		.loc 1 84 12 is_stmt 0 view .LVU203
 604 0002 90F82A30 		ldrb	r3, [r0, #42]	@ zero_extendqisi2
 605 0006 03F00103 		and	r3, r3, #1
  84:lvgl/src/widgets/lv_line.c **** 
 606              		.loc 1 84 7 view .LVU204
 607 000a 8B42     		cmp	r3, r1
 608 000c 07D0     		beq	.L28
  86:lvgl/src/widgets/lv_line.c **** 
 609              		.loc 1 86 5 is_stmt 1 view .LVU205
  86:lvgl/src/widgets/lv_line.c **** 
 610              		.loc 1 86 17 is_stmt 0 discriminator 4 view .LVU206
 611 000e 90F82A30 		ldrb	r3, [r0, #42]	@ zero_extendqisi2
 612 0012 61F30003 		bfi	r3, r1, #0, #1
 613 0016 80F82A30 		strb	r3, [r0, #42]
  88:lvgl/src/widgets/lv_line.c **** }
 614              		.loc 1 88 5 is_stmt 1 view .LVU207
 615 001a FFF7FEFF 		bl	lv_obj_invalidate
 616              	.LVL66:
 617              	.L28:
  89:lvgl/src/widgets/lv_line.c **** 
 618              		.loc 1 89 1 is_stmt 0 view .LVU208
 619 001e 08BD     		pop	{r3, pc}
 620              		.cfi_endproc
 621              	.LFE158:
 623              		.section	.text.lv_line_get_y_invert,"ax",%progbits
 624              		.align	1
 625              		.global	lv_line_get_y_invert
 626              		.syntax unified
 627              		.thumb
 628              		.thumb_func
 630              	lv_line_get_y_invert:
ARM GAS  C:\usertemp\ccsvm3OF.s 			page 25


 631              	.LVL67:
 632              	.LFB159:
  96:lvgl/src/widgets/lv_line.c ****     LV_ASSERT_OBJ(obj, MY_CLASS);
 633              		.loc 1 96 1 is_stmt 1 view -0
 634              		.cfi_startproc
 635              		@ args = 0, pretend = 0, frame = 0
 636              		@ frame_needed = 0, uses_anonymous_args = 0
 637              		@ link register save eliminated.
  97:lvgl/src/widgets/lv_line.c **** 
 638              		.loc 1 97 5 view .LVU210
  97:lvgl/src/widgets/lv_line.c **** 
 639              		.loc 1 97 5 view .LVU211
  97:lvgl/src/widgets/lv_line.c **** 
 640              		.loc 1 97 5 view .LVU212
  99:lvgl/src/widgets/lv_line.c **** 
 641              		.loc 1 99 5 view .LVU213
 101:lvgl/src/widgets/lv_line.c **** }
 642              		.loc 1 101 5 view .LVU214
 101:lvgl/src/widgets/lv_line.c **** }
 643              		.loc 1 101 24 is_stmt 0 view .LVU215
 644 0000 90F82A00 		ldrb	r0, [r0, #42]	@ zero_extendqisi2
 645              	.LVL68:
 102:lvgl/src/widgets/lv_line.c **** 
 646              		.loc 1 102 1 view .LVU216
 647 0004 00F00100 		and	r0, r0, #1
 648 0008 7047     		bx	lr
 649              		.cfi_endproc
 650              	.LFE159:
 652              		.global	lv_line_class
 653              		.section	.rodata.lv_line_class,"a"
 654              		.align	2
 657              	lv_line_class:
 658 0000 00000000 		.word	lv_obj_class
 659 0004 00000000 		.word	lv_line_constructor
 660 0008 00000000 		.space	8
 660      00000000 
 661 0010 00000000 		.word	lv_line_event
 662 0014 D127     		.short	10193
 663 0016 D127     		.short	10193
 664 0018 C0       		.byte	192
 665 0019 02       		.byte	2
 666 001a 00       		.byte	0
 667 001b 00       		.space	1
 668              		.text
 669              	.Letext0:
 670              		.file 3 "D:/armtoolchain/arm-gnu-toolchain-13.3.rel1-mingw-w64-i686-arm-none-eabi/arm-none-eabi/in
 671              		.file 4 "D:/armtoolchain/arm-gnu-toolchain-13.3.rel1-mingw-w64-i686-arm-none-eabi/arm-none-eabi/in
 672              		.file 5 "lvgl/src/widgets/../core/../misc/../font/../misc/lv_area.h"
 673              		.file 6 "lvgl/src/widgets/../core/../misc/../font/lv_font.h"
 674              		.file 7 "lvgl/src/widgets/../core/../misc/lv_types.h"
 675              		.file 8 "lvgl/src/widgets/../core/../misc/lv_color.h"
 676              		.file 9 "lvgl/src/widgets/../core/../misc/lv_txt.h"
 677              		.file 10 "lvgl/src/widgets/../core/../misc/lv_bidi.h"
 678              		.file 11 "lvgl/src/widgets/../core/../misc/lv_style.h"
 679              		.file 12 "lvgl/src/widgets/../core/../hal/../draw/lv_img_buf.h"
 680              		.file 13 "lvgl/src/widgets/../core/lv_obj.h"
 681              		.file 14 "lvgl/src/widgets/../core/../hal/../draw/lv_draw_rect.h"
ARM GAS  C:\usertemp\ccsvm3OF.s 			page 26


 682              		.file 15 "lvgl/src/widgets/../core/../hal/../draw/lv_draw_label.h"
 683              		.file 16 "lvgl/src/widgets/../core/../hal/../draw/lv_draw_img.h"
 684              		.file 17 "lvgl/src/widgets/../core/../hal/../draw/lv_draw_line.h"
 685              		.file 18 "lvgl/src/widgets/../core/../hal/../draw/lv_draw_arc.h"
 686              		.file 19 "lvgl/src/widgets/../core/../hal/../draw/lv_draw.h"
 687              		.file 20 "lvgl/src/widgets/../core/../hal/../misc/lv_ll.h"
 688              		.file 21 "lvgl/src/widgets/../core/lv_group.h"
 689              		.file 22 "lvgl/src/widgets/../core/lv_obj_scroll.h"
 690              		.file 23 "lvgl/src/widgets/../core/lv_obj_style.h"
 691              		.file 24 "lvgl/src/widgets/../core/lv_obj_class.h"
 692              		.file 25 "lvgl/src/widgets/../core/lv_event.h"
 693              		.file 26 "lvgl/src/widgets/lv_line.h"
 694              		.file 27 "D:/update_2024EL/changeform/743zit6/lvgl/src/core/lv_obj_pos.h"
 695              		.file 28 "lvgl/src/widgets/../core/lv_obj_draw.h"
ARM GAS  C:\usertemp\ccsvm3OF.s 			page 27


DEFINED SYMBOLS
                            *ABS*:00000000 lv_line.c
C:\usertemp\ccsvm3OF.s:20     .text.lv_line_event:00000000 $t
C:\usertemp\ccsvm3OF.s:25     .text.lv_line_event:00000000 lv_line_event
C:\usertemp\ccsvm3OF.s:425    .text.lv_line_event:00000178 $d
C:\usertemp\ccsvm3OF.s:657    .rodata.lv_line_class:00000000 lv_line_class
C:\usertemp\ccsvm3OF.s:431    .text.lv_line_constructor:00000000 $t
C:\usertemp\ccsvm3OF.s:436    .text.lv_line_constructor:00000000 lv_line_constructor
C:\usertemp\ccsvm3OF.s:483    .text.lv_line_create:00000000 $t
C:\usertemp\ccsvm3OF.s:489    .text.lv_line_create:00000000 lv_line_create
C:\usertemp\ccsvm3OF.s:528    .text.lv_line_create:00000014 $d
C:\usertemp\ccsvm3OF.s:533    .text.lv_line_set_points:00000000 $t
C:\usertemp\ccsvm3OF.s:539    .text.lv_line_set_points:00000000 lv_line_set_points
C:\usertemp\ccsvm3OF.s:578    .text.lv_line_set_y_invert:00000000 $t
C:\usertemp\ccsvm3OF.s:584    .text.lv_line_set_y_invert:00000000 lv_line_set_y_invert
C:\usertemp\ccsvm3OF.s:624    .text.lv_line_get_y_invert:00000000 $t
C:\usertemp\ccsvm3OF.s:630    .text.lv_line_get_y_invert:00000000 lv_line_get_y_invert
C:\usertemp\ccsvm3OF.s:654    .rodata.lv_line_class:00000000 $d

UNDEFINED SYMBOLS
lv_obj_event_base
lv_event_get_code
lv_event_get_target
lv_event_get_draw_ctx
lv_obj_get_coords
lv_obj_get_scroll_x
lv_obj_get_scroll_y
lv_obj_get_height
lv_draw_line_dsc_init
lv_obj_init_draw_line_dsc
lv_obj_get_style_prop
lv_event_get_param
lv_draw_line
lv_obj_clear_flag
lv_obj_class_create_obj
lv_obj_class_init_obj
lv_obj_refresh_self_size
lv_obj_invalidate
lv_obj_class
