ARM GAS  C:\usertemp\ccMC5K8d.s 			page 1


   1              		.cpu cortex-m7
   2              		.arch armv7e-m
   3              		.fpu fpv5-d16
   4              		.eabi_attribute 28, 1
   5              		.eabi_attribute 20, 1
   6              		.eabi_attribute 21, 1
   7              		.eabi_attribute 23, 3
   8              		.eabi_attribute 24, 1
   9              		.eabi_attribute 25, 1
  10              		.eabi_attribute 26, 1
  11              		.eabi_attribute 30, 1
  12              		.eabi_attribute 34, 1
  13              		.eabi_attribute 18, 4
  14              		.file	"lv_obj_class.c"
  15              		.text
  16              	.Ltext0:
  17              		.cfi_sections	.debug_frame
  18              		.file 1 "lvgl/src/core/lv_obj_class.c"
  19              		.section	.text.lv_obj_construct,"ax",%progbits
  20              		.align	1
  21              		.syntax unified
  22              		.thumb
  23              		.thumb_func
  25              	lv_obj_construct:
  26              	.LVL0:
  27              	.LFB161:
   1:lvgl/src/core/lv_obj_class.c **** /**
   2:lvgl/src/core/lv_obj_class.c ****  * @file lv_obj_class.c
   3:lvgl/src/core/lv_obj_class.c ****  *
   4:lvgl/src/core/lv_obj_class.c ****  */
   5:lvgl/src/core/lv_obj_class.c **** 
   6:lvgl/src/core/lv_obj_class.c **** /*********************
   7:lvgl/src/core/lv_obj_class.c ****  *      INCLUDES
   8:lvgl/src/core/lv_obj_class.c ****  *********************/
   9:lvgl/src/core/lv_obj_class.c **** #include "lv_obj.h"
  10:lvgl/src/core/lv_obj_class.c **** #include "lv_theme.h"
  11:lvgl/src/core/lv_obj_class.c **** 
  12:lvgl/src/core/lv_obj_class.c **** /*********************
  13:lvgl/src/core/lv_obj_class.c ****  *      DEFINES
  14:lvgl/src/core/lv_obj_class.c ****  *********************/
  15:lvgl/src/core/lv_obj_class.c **** #define MY_CLASS &lv_obj_class
  16:lvgl/src/core/lv_obj_class.c **** 
  17:lvgl/src/core/lv_obj_class.c **** /**********************
  18:lvgl/src/core/lv_obj_class.c ****  *      TYPEDEFS
  19:lvgl/src/core/lv_obj_class.c ****  **********************/
  20:lvgl/src/core/lv_obj_class.c **** 
  21:lvgl/src/core/lv_obj_class.c **** /**********************
  22:lvgl/src/core/lv_obj_class.c ****  *  GLOBAL PROTOTYPES
  23:lvgl/src/core/lv_obj_class.c ****  **********************/
  24:lvgl/src/core/lv_obj_class.c **** 
  25:lvgl/src/core/lv_obj_class.c **** /**********************
  26:lvgl/src/core/lv_obj_class.c ****  *  STATIC PROTOTYPES
  27:lvgl/src/core/lv_obj_class.c ****  **********************/
  28:lvgl/src/core/lv_obj_class.c **** static void lv_obj_construct(lv_obj_t * obj);
  29:lvgl/src/core/lv_obj_class.c **** static uint32_t get_instance_size(const lv_obj_class_t * class_p);
  30:lvgl/src/core/lv_obj_class.c **** 
  31:lvgl/src/core/lv_obj_class.c **** /**********************
ARM GAS  C:\usertemp\ccMC5K8d.s 			page 2


  32:lvgl/src/core/lv_obj_class.c ****  *  STATIC VARIABLES
  33:lvgl/src/core/lv_obj_class.c ****  **********************/
  34:lvgl/src/core/lv_obj_class.c **** 
  35:lvgl/src/core/lv_obj_class.c **** /**********************
  36:lvgl/src/core/lv_obj_class.c ****  *      MACROS
  37:lvgl/src/core/lv_obj_class.c ****  **********************/
  38:lvgl/src/core/lv_obj_class.c **** 
  39:lvgl/src/core/lv_obj_class.c **** /**********************
  40:lvgl/src/core/lv_obj_class.c ****  *   GLOBAL FUNCTIONS
  41:lvgl/src/core/lv_obj_class.c ****  **********************/
  42:lvgl/src/core/lv_obj_class.c **** 
  43:lvgl/src/core/lv_obj_class.c **** lv_obj_t * lv_obj_class_create_obj(const lv_obj_class_t * class_p, lv_obj_t * parent)
  44:lvgl/src/core/lv_obj_class.c **** {
  45:lvgl/src/core/lv_obj_class.c ****     LV_TRACE_OBJ_CREATE("Creating object with %p class on %p parent", (void *)class_p, (void *)pare
  46:lvgl/src/core/lv_obj_class.c ****     uint32_t s = get_instance_size(class_p);
  47:lvgl/src/core/lv_obj_class.c ****     lv_obj_t * obj = lv_mem_alloc(s);
  48:lvgl/src/core/lv_obj_class.c ****     if(obj == NULL) return NULL;
  49:lvgl/src/core/lv_obj_class.c ****     lv_memset_00(obj, s);
  50:lvgl/src/core/lv_obj_class.c ****     obj->class_p = class_p;
  51:lvgl/src/core/lv_obj_class.c ****     obj->parent = parent;
  52:lvgl/src/core/lv_obj_class.c **** 
  53:lvgl/src/core/lv_obj_class.c ****     /*Create a screen*/
  54:lvgl/src/core/lv_obj_class.c ****     if(parent == NULL) {
  55:lvgl/src/core/lv_obj_class.c ****         LV_TRACE_OBJ_CREATE("creating a screen");
  56:lvgl/src/core/lv_obj_class.c ****         lv_disp_t * disp = lv_disp_get_default();
  57:lvgl/src/core/lv_obj_class.c ****         if(!disp) {
  58:lvgl/src/core/lv_obj_class.c ****             LV_LOG_WARN("No display created yet. No place to assign the new screen");
  59:lvgl/src/core/lv_obj_class.c ****             return NULL;
  60:lvgl/src/core/lv_obj_class.c ****         }
  61:lvgl/src/core/lv_obj_class.c **** 
  62:lvgl/src/core/lv_obj_class.c ****         if(disp->screens == NULL) {
  63:lvgl/src/core/lv_obj_class.c ****             disp->screens = lv_mem_alloc(sizeof(lv_obj_t *));
  64:lvgl/src/core/lv_obj_class.c ****             disp->screens[0] = obj;
  65:lvgl/src/core/lv_obj_class.c ****             disp->screen_cnt = 1;
  66:lvgl/src/core/lv_obj_class.c ****         }
  67:lvgl/src/core/lv_obj_class.c ****         else {
  68:lvgl/src/core/lv_obj_class.c ****             disp->screen_cnt++;
  69:lvgl/src/core/lv_obj_class.c ****             disp->screens = lv_mem_realloc(disp->screens, sizeof(lv_obj_t *) * disp->screen_cnt);
  70:lvgl/src/core/lv_obj_class.c ****             disp->screens[disp->screen_cnt - 1] = obj;
  71:lvgl/src/core/lv_obj_class.c ****         }
  72:lvgl/src/core/lv_obj_class.c **** 
  73:lvgl/src/core/lv_obj_class.c ****         /*Set coordinates to full screen size*/
  74:lvgl/src/core/lv_obj_class.c ****         obj->coords.x1 = 0;
  75:lvgl/src/core/lv_obj_class.c ****         obj->coords.y1 = 0;
  76:lvgl/src/core/lv_obj_class.c ****         obj->coords.x2 = lv_disp_get_hor_res(NULL) - 1;
  77:lvgl/src/core/lv_obj_class.c ****         obj->coords.y2 = lv_disp_get_ver_res(NULL) - 1;
  78:lvgl/src/core/lv_obj_class.c ****     }
  79:lvgl/src/core/lv_obj_class.c ****     /*Create a normal object*/
  80:lvgl/src/core/lv_obj_class.c ****     else {
  81:lvgl/src/core/lv_obj_class.c ****         LV_TRACE_OBJ_CREATE("creating normal object");
  82:lvgl/src/core/lv_obj_class.c ****         LV_ASSERT_OBJ(parent, MY_CLASS);
  83:lvgl/src/core/lv_obj_class.c ****         if(parent->spec_attr == NULL) {
  84:lvgl/src/core/lv_obj_class.c ****             lv_obj_allocate_spec_attr(parent);
  85:lvgl/src/core/lv_obj_class.c ****         }
  86:lvgl/src/core/lv_obj_class.c **** 
  87:lvgl/src/core/lv_obj_class.c ****         if(parent->spec_attr->children == NULL) {
  88:lvgl/src/core/lv_obj_class.c ****             parent->spec_attr->children = lv_mem_alloc(sizeof(lv_obj_t *));
ARM GAS  C:\usertemp\ccMC5K8d.s 			page 3


  89:lvgl/src/core/lv_obj_class.c ****             parent->spec_attr->children[0] = obj;
  90:lvgl/src/core/lv_obj_class.c ****             parent->spec_attr->child_cnt = 1;
  91:lvgl/src/core/lv_obj_class.c ****         }
  92:lvgl/src/core/lv_obj_class.c ****         else {
  93:lvgl/src/core/lv_obj_class.c ****             parent->spec_attr->child_cnt++;
  94:lvgl/src/core/lv_obj_class.c ****             parent->spec_attr->children = lv_mem_realloc(parent->spec_attr->children,
  95:lvgl/src/core/lv_obj_class.c ****                                                          sizeof(lv_obj_t *) * parent->spec_attr->ch
  96:lvgl/src/core/lv_obj_class.c ****             parent->spec_attr->children[parent->spec_attr->child_cnt - 1] = obj;
  97:lvgl/src/core/lv_obj_class.c ****         }
  98:lvgl/src/core/lv_obj_class.c ****     }
  99:lvgl/src/core/lv_obj_class.c **** 
 100:lvgl/src/core/lv_obj_class.c ****     return obj;
 101:lvgl/src/core/lv_obj_class.c **** }
 102:lvgl/src/core/lv_obj_class.c **** 
 103:lvgl/src/core/lv_obj_class.c **** void lv_obj_class_init_obj(lv_obj_t * obj)
 104:lvgl/src/core/lv_obj_class.c **** {
 105:lvgl/src/core/lv_obj_class.c ****     lv_obj_mark_layout_as_dirty(obj);
 106:lvgl/src/core/lv_obj_class.c ****     lv_obj_enable_style_refresh(false);
 107:lvgl/src/core/lv_obj_class.c **** 
 108:lvgl/src/core/lv_obj_class.c ****     lv_theme_apply(obj);
 109:lvgl/src/core/lv_obj_class.c ****     lv_obj_construct(obj);
 110:lvgl/src/core/lv_obj_class.c **** 
 111:lvgl/src/core/lv_obj_class.c ****     lv_obj_enable_style_refresh(true);
 112:lvgl/src/core/lv_obj_class.c ****     lv_obj_refresh_style(obj, LV_PART_ANY, LV_STYLE_PROP_ANY);
 113:lvgl/src/core/lv_obj_class.c **** 
 114:lvgl/src/core/lv_obj_class.c ****     lv_obj_refresh_self_size(obj);
 115:lvgl/src/core/lv_obj_class.c **** 
 116:lvgl/src/core/lv_obj_class.c ****     lv_group_t * def_group = lv_group_get_default();
 117:lvgl/src/core/lv_obj_class.c ****     if(def_group && lv_obj_is_group_def(obj)) {
 118:lvgl/src/core/lv_obj_class.c ****         lv_group_add_obj(def_group, obj);
 119:lvgl/src/core/lv_obj_class.c ****     }
 120:lvgl/src/core/lv_obj_class.c **** 
 121:lvgl/src/core/lv_obj_class.c ****     lv_obj_t * parent = lv_obj_get_parent(obj);
 122:lvgl/src/core/lv_obj_class.c ****     if(parent) {
 123:lvgl/src/core/lv_obj_class.c ****         /*Call the ancestor's event handler to the parent to notify it about the new child.
 124:lvgl/src/core/lv_obj_class.c ****          *Also triggers layout update*/
 125:lvgl/src/core/lv_obj_class.c ****         lv_event_send(parent, LV_EVENT_CHILD_CHANGED, obj);
 126:lvgl/src/core/lv_obj_class.c ****         lv_event_send(parent, LV_EVENT_CHILD_CREATED, obj);
 127:lvgl/src/core/lv_obj_class.c **** 
 128:lvgl/src/core/lv_obj_class.c ****         /*Invalidate the area if not screen created*/
 129:lvgl/src/core/lv_obj_class.c ****         lv_obj_invalidate(obj);
 130:lvgl/src/core/lv_obj_class.c ****     }
 131:lvgl/src/core/lv_obj_class.c **** }
 132:lvgl/src/core/lv_obj_class.c **** 
 133:lvgl/src/core/lv_obj_class.c **** void _lv_obj_destruct(lv_obj_t * obj)
 134:lvgl/src/core/lv_obj_class.c **** {
 135:lvgl/src/core/lv_obj_class.c ****     if(obj->class_p->destructor_cb) obj->class_p->destructor_cb(obj->class_p, obj);
 136:lvgl/src/core/lv_obj_class.c **** 
 137:lvgl/src/core/lv_obj_class.c ****     if(obj->class_p->base_class) {
 138:lvgl/src/core/lv_obj_class.c ****         /*Don't let the descendant methods run during destructing the ancestor type*/
 139:lvgl/src/core/lv_obj_class.c ****         obj->class_p = obj->class_p->base_class;
 140:lvgl/src/core/lv_obj_class.c **** 
 141:lvgl/src/core/lv_obj_class.c ****         /*Call the base class's destructor too*/
 142:lvgl/src/core/lv_obj_class.c ****         _lv_obj_destruct(obj);
 143:lvgl/src/core/lv_obj_class.c ****     }
 144:lvgl/src/core/lv_obj_class.c **** }
 145:lvgl/src/core/lv_obj_class.c **** 
ARM GAS  C:\usertemp\ccMC5K8d.s 			page 4


 146:lvgl/src/core/lv_obj_class.c **** bool lv_obj_is_editable(lv_obj_t * obj)
 147:lvgl/src/core/lv_obj_class.c **** {
 148:lvgl/src/core/lv_obj_class.c ****     const lv_obj_class_t * class_p = obj->class_p;
 149:lvgl/src/core/lv_obj_class.c **** 
 150:lvgl/src/core/lv_obj_class.c ****     /*Find a base in which editable is set*/
 151:lvgl/src/core/lv_obj_class.c ****     while(class_p && class_p->editable == LV_OBJ_CLASS_EDITABLE_INHERIT) class_p = class_p->base_cl
 152:lvgl/src/core/lv_obj_class.c **** 
 153:lvgl/src/core/lv_obj_class.c ****     if(class_p == NULL) return false;
 154:lvgl/src/core/lv_obj_class.c **** 
 155:lvgl/src/core/lv_obj_class.c ****     return class_p->editable == LV_OBJ_CLASS_EDITABLE_TRUE ? true : false;
 156:lvgl/src/core/lv_obj_class.c **** }
 157:lvgl/src/core/lv_obj_class.c **** 
 158:lvgl/src/core/lv_obj_class.c **** bool lv_obj_is_group_def(lv_obj_t * obj)
 159:lvgl/src/core/lv_obj_class.c **** {
 160:lvgl/src/core/lv_obj_class.c ****     const lv_obj_class_t * class_p = obj->class_p;
 161:lvgl/src/core/lv_obj_class.c **** 
 162:lvgl/src/core/lv_obj_class.c ****     /*Find a base in which group_def is set*/
 163:lvgl/src/core/lv_obj_class.c ****     while(class_p && class_p->group_def == LV_OBJ_CLASS_GROUP_DEF_INHERIT) class_p = class_p->base_
 164:lvgl/src/core/lv_obj_class.c **** 
 165:lvgl/src/core/lv_obj_class.c ****     if(class_p == NULL) return false;
 166:lvgl/src/core/lv_obj_class.c **** 
 167:lvgl/src/core/lv_obj_class.c ****     return class_p->group_def == LV_OBJ_CLASS_GROUP_DEF_TRUE ? true : false;
 168:lvgl/src/core/lv_obj_class.c **** }
 169:lvgl/src/core/lv_obj_class.c **** 
 170:lvgl/src/core/lv_obj_class.c **** /**********************
 171:lvgl/src/core/lv_obj_class.c ****  *   STATIC FUNCTIONS
 172:lvgl/src/core/lv_obj_class.c ****  **********************/
 173:lvgl/src/core/lv_obj_class.c **** 
 174:lvgl/src/core/lv_obj_class.c **** static void lv_obj_construct(lv_obj_t * obj)
 175:lvgl/src/core/lv_obj_class.c **** {
  28              		.loc 1 175 1 view -0
  29              		.cfi_startproc
  30              		@ args = 0, pretend = 0, frame = 0
  31              		@ frame_needed = 0, uses_anonymous_args = 0
  32              		.loc 1 175 1 is_stmt 0 view .LVU1
  33 0000 38B5     		push	{r3, r4, r5, lr}
  34              	.LCFI0:
  35              		.cfi_def_cfa_offset 16
  36              		.cfi_offset 3, -16
  37              		.cfi_offset 4, -12
  38              		.cfi_offset 5, -8
  39              		.cfi_offset 14, -4
  40 0002 0446     		mov	r4, r0
 176:lvgl/src/core/lv_obj_class.c ****     const lv_obj_class_t * original_class_p = obj->class_p;
  41              		.loc 1 176 5 is_stmt 1 view .LVU2
  42              		.loc 1 176 28 is_stmt 0 view .LVU3
  43 0004 0568     		ldr	r5, [r0]
  44              	.LVL1:
 177:lvgl/src/core/lv_obj_class.c **** 
 178:lvgl/src/core/lv_obj_class.c ****     if(obj->class_p->base_class) {
  45              		.loc 1 178 5 is_stmt 1 view .LVU4
  46              		.loc 1 178 20 is_stmt 0 view .LVU5
  47 0006 2B68     		ldr	r3, [r5]
  48              		.loc 1 178 7 view .LVU6
  49 0008 13B1     		cbz	r3, .L2
 179:lvgl/src/core/lv_obj_class.c ****         /*Don't let the descendant methods run during constructing the ancestor type*/
 180:lvgl/src/core/lv_obj_class.c ****         obj->class_p = obj->class_p->base_class;
ARM GAS  C:\usertemp\ccMC5K8d.s 			page 5


  50              		.loc 1 180 9 is_stmt 1 view .LVU7
  51              		.loc 1 180 22 is_stmt 0 view .LVU8
  52 000a 0360     		str	r3, [r0]
 181:lvgl/src/core/lv_obj_class.c **** 
 182:lvgl/src/core/lv_obj_class.c ****         /*Construct the base first*/
 183:lvgl/src/core/lv_obj_class.c ****         lv_obj_construct(obj);
  53              		.loc 1 183 9 is_stmt 1 view .LVU9
  54 000c FFF7F8FF 		bl	lv_obj_construct
  55              	.LVL2:
  56              	.L2:
 184:lvgl/src/core/lv_obj_class.c ****     }
 185:lvgl/src/core/lv_obj_class.c **** 
 186:lvgl/src/core/lv_obj_class.c ****     /*Restore the original class*/
 187:lvgl/src/core/lv_obj_class.c ****     obj->class_p = original_class_p;
  57              		.loc 1 187 5 view .LVU10
  58              		.loc 1 187 18 is_stmt 0 view .LVU11
  59 0010 2560     		str	r5, [r4]
 188:lvgl/src/core/lv_obj_class.c **** 
 189:lvgl/src/core/lv_obj_class.c ****     if(obj->class_p->constructor_cb) obj->class_p->constructor_cb(obj->class_p, obj);
  60              		.loc 1 189 5 is_stmt 1 view .LVU12
  61              		.loc 1 189 20 is_stmt 0 view .LVU13
  62 0012 6B68     		ldr	r3, [r5, #4]
  63              		.loc 1 189 7 view .LVU14
  64 0014 13B1     		cbz	r3, .L1
  65              		.loc 1 189 38 is_stmt 1 discriminator 1 view .LVU15
  66 0016 2146     		mov	r1, r4
  67 0018 2846     		mov	r0, r5
  68 001a 9847     		blx	r3
  69              	.LVL3:
  70              	.L1:
 190:lvgl/src/core/lv_obj_class.c **** }
  71              		.loc 1 190 1 is_stmt 0 view .LVU16
  72 001c 38BD     		pop	{r3, r4, r5, pc}
  73              		.loc 1 190 1 view .LVU17
  74              		.cfi_endproc
  75              	.LFE161:
  77              		.section	.text.get_instance_size,"ax",%progbits
  78              		.align	1
  79              		.syntax unified
  80              		.thumb
  81              		.thumb_func
  83              	get_instance_size:
  84              	.LVL4:
  85              	.LFB162:
 191:lvgl/src/core/lv_obj_class.c **** 
 192:lvgl/src/core/lv_obj_class.c **** static uint32_t get_instance_size(const lv_obj_class_t * class_p)
 193:lvgl/src/core/lv_obj_class.c **** {
  86              		.loc 1 193 1 is_stmt 1 view -0
  87              		.cfi_startproc
  88              		@ args = 0, pretend = 0, frame = 0
  89              		@ frame_needed = 0, uses_anonymous_args = 0
  90              		@ link register save eliminated.
 194:lvgl/src/core/lv_obj_class.c ****     /*Find a base in which instance size is set*/
 195:lvgl/src/core/lv_obj_class.c ****     const lv_obj_class_t * base = class_p;
  91              		.loc 1 195 5 view .LVU19
 196:lvgl/src/core/lv_obj_class.c ****     while(base && base->instance_size == 0) base = base->base_class;
  92              		.loc 1 196 5 view .LVU20
ARM GAS  C:\usertemp\ccMC5K8d.s 			page 6


  93              		.loc 1 196 10 is_stmt 0 view .LVU21
  94 0000 00E0     		b	.L6
  95              	.LVL5:
  96              	.L8:
  97              		.loc 1 196 45 is_stmt 1 discriminator 3 view .LVU22
  98              		.loc 1 196 50 is_stmt 0 discriminator 3 view .LVU23
  99 0002 0068     		ldr	r0, [r0]
 100              	.LVL6:
 101              	.L6:
 102              		.loc 1 196 16 is_stmt 1 discriminator 1 view .LVU24
 103 0004 20B1     		cbz	r0, .L7
 104              		.loc 1 196 39 is_stmt 0 discriminator 2 view .LVU25
 105 0006 8269     		ldr	r2, [r0, #24]
 106 0008 054B     		ldr	r3, .L11
 107 000a 1340     		ands	r3, r3, r2
 108              		.loc 1 196 16 discriminator 2 view .LVU26
 109 000c 002B     		cmp	r3, #0
 110 000e F8D0     		beq	.L8
 111              	.L7:
 197:lvgl/src/core/lv_obj_class.c **** 
 198:lvgl/src/core/lv_obj_class.c ****     if(base == NULL) return 0;  /*Never happens: set at least in `lv_obj` class*/
 112              		.loc 1 198 5 is_stmt 1 view .LVU27
 113              		.loc 1 198 7 is_stmt 0 view .LVU28
 114 0010 18B1     		cbz	r0, .L10
 199:lvgl/src/core/lv_obj_class.c **** 
 200:lvgl/src/core/lv_obj_class.c ****     return base->instance_size;
 115              		.loc 1 200 5 is_stmt 1 view .LVU29
 116              		.loc 1 200 16 is_stmt 0 view .LVU30
 117 0012 8069     		ldr	r0, [r0, #24]
 118              	.LVL7:
 119              		.loc 1 200 16 view .LVU31
 120 0014 C0F30F10 		ubfx	r0, r0, #4, #16
 121 0018 7047     		bx	lr
 122              	.LVL8:
 123              	.L10:
 198:lvgl/src/core/lv_obj_class.c **** 
 124              		.loc 1 198 29 discriminator 1 view .LVU32
 125 001a 0020     		movs	r0, #0
 126              	.LVL9:
 201:lvgl/src/core/lv_obj_class.c **** }
 127              		.loc 1 201 1 view .LVU33
 128 001c 7047     		bx	lr
 129              	.L12:
 130 001e 00BF     		.align	2
 131              	.L11:
 132 0020 F0FF0F00 		.word	1048560
 133              		.cfi_endproc
 134              	.LFE162:
 136              		.section	.text.lv_obj_class_create_obj,"ax",%progbits
 137              		.align	1
 138              		.global	lv_obj_class_create_obj
 139              		.syntax unified
 140              		.thumb
 141              		.thumb_func
 143              	lv_obj_class_create_obj:
 144              	.LVL10:
 145              	.LFB156:
ARM GAS  C:\usertemp\ccMC5K8d.s 			page 7


  44:lvgl/src/core/lv_obj_class.c ****     LV_TRACE_OBJ_CREATE("Creating object with %p class on %p parent", (void *)class_p, (void *)pare
 146              		.loc 1 44 1 is_stmt 1 view -0
 147              		.cfi_startproc
 148              		@ args = 0, pretend = 0, frame = 0
 149              		@ frame_needed = 0, uses_anonymous_args = 0
  44:lvgl/src/core/lv_obj_class.c ****     LV_TRACE_OBJ_CREATE("Creating object with %p class on %p parent", (void *)class_p, (void *)pare
 150              		.loc 1 44 1 is_stmt 0 view .LVU35
 151 0000 F8B5     		push	{r3, r4, r5, r6, r7, lr}
 152              	.LCFI1:
 153              		.cfi_def_cfa_offset 24
 154              		.cfi_offset 3, -24
 155              		.cfi_offset 4, -20
 156              		.cfi_offset 5, -16
 157              		.cfi_offset 6, -12
 158              		.cfi_offset 7, -8
 159              		.cfi_offset 14, -4
 160 0002 0646     		mov	r6, r0
 161 0004 0C46     		mov	r4, r1
  45:lvgl/src/core/lv_obj_class.c ****     uint32_t s = get_instance_size(class_p);
 162              		.loc 1 45 5 is_stmt 1 view .LVU36
  45:lvgl/src/core/lv_obj_class.c ****     uint32_t s = get_instance_size(class_p);
 163              		.loc 1 45 5 view .LVU37
  45:lvgl/src/core/lv_obj_class.c ****     uint32_t s = get_instance_size(class_p);
 164              		.loc 1 45 5 view .LVU38
  46:lvgl/src/core/lv_obj_class.c ****     lv_obj_t * obj = lv_mem_alloc(s);
 165              		.loc 1 46 5 view .LVU39
  46:lvgl/src/core/lv_obj_class.c ****     lv_obj_t * obj = lv_mem_alloc(s);
 166              		.loc 1 46 18 is_stmt 0 view .LVU40
 167 0006 FFF7FEFF 		bl	get_instance_size
 168              	.LVL11:
  46:lvgl/src/core/lv_obj_class.c ****     lv_obj_t * obj = lv_mem_alloc(s);
 169              		.loc 1 46 18 view .LVU41
 170 000a 0746     		mov	r7, r0
 171              	.LVL12:
  47:lvgl/src/core/lv_obj_class.c ****     if(obj == NULL) return NULL;
 172              		.loc 1 47 5 is_stmt 1 view .LVU42
  47:lvgl/src/core/lv_obj_class.c ****     if(obj == NULL) return NULL;
 173              		.loc 1 47 22 is_stmt 0 view .LVU43
 174 000c FFF7FEFF 		bl	lv_mem_alloc
 175              	.LVL13:
  48:lvgl/src/core/lv_obj_class.c ****     lv_memset_00(obj, s);
 176              		.loc 1 48 5 is_stmt 1 view .LVU44
  48:lvgl/src/core/lv_obj_class.c ****     lv_memset_00(obj, s);
 177              		.loc 1 48 7 is_stmt 0 view .LVU45
 178 0010 0546     		mov	r5, r0
 179 0012 F0B1     		cbz	r0, .L13
  49:lvgl/src/core/lv_obj_class.c ****     obj->class_p = class_p;
 180              		.loc 1 49 5 is_stmt 1 view .LVU46
 181 0014 3946     		mov	r1, r7
 182 0016 FFF7FEFF 		bl	lv_memset_00
 183              	.LVL14:
  50:lvgl/src/core/lv_obj_class.c ****     obj->parent = parent;
 184              		.loc 1 50 5 view .LVU47
  50:lvgl/src/core/lv_obj_class.c ****     obj->parent = parent;
 185              		.loc 1 50 18 is_stmt 0 view .LVU48
 186 001a 2E60     		str	r6, [r5]
  51:lvgl/src/core/lv_obj_class.c **** 
ARM GAS  C:\usertemp\ccMC5K8d.s 			page 8


 187              		.loc 1 51 5 is_stmt 1 view .LVU49
  51:lvgl/src/core/lv_obj_class.c **** 
 188              		.loc 1 51 17 is_stmt 0 view .LVU50
 189 001c 6C60     		str	r4, [r5, #4]
  54:lvgl/src/core/lv_obj_class.c ****         LV_TRACE_OBJ_CREATE("creating a screen");
 190              		.loc 1 54 5 is_stmt 1 view .LVU51
  54:lvgl/src/core/lv_obj_class.c ****         LV_TRACE_OBJ_CREATE("creating a screen");
 191              		.loc 1 54 7 is_stmt 0 view .LVU52
 192 001e D4B1     		cbz	r4, .L22
  81:lvgl/src/core/lv_obj_class.c ****         LV_ASSERT_OBJ(parent, MY_CLASS);
 193              		.loc 1 81 9 is_stmt 1 view .LVU53
  81:lvgl/src/core/lv_obj_class.c ****         LV_ASSERT_OBJ(parent, MY_CLASS);
 194              		.loc 1 81 9 view .LVU54
  81:lvgl/src/core/lv_obj_class.c ****         LV_ASSERT_OBJ(parent, MY_CLASS);
 195              		.loc 1 81 9 view .LVU55
  82:lvgl/src/core/lv_obj_class.c ****         if(parent->spec_attr == NULL) {
 196              		.loc 1 82 9 view .LVU56
  82:lvgl/src/core/lv_obj_class.c ****         if(parent->spec_attr == NULL) {
 197              		.loc 1 82 9 view .LVU57
  82:lvgl/src/core/lv_obj_class.c ****         if(parent->spec_attr == NULL) {
 198              		.loc 1 82 9 view .LVU58
  83:lvgl/src/core/lv_obj_class.c ****             lv_obj_allocate_spec_attr(parent);
 199              		.loc 1 83 9 view .LVU59
  83:lvgl/src/core/lv_obj_class.c ****             lv_obj_allocate_spec_attr(parent);
 200              		.loc 1 83 18 is_stmt 0 view .LVU60
 201 0020 A368     		ldr	r3, [r4, #8]
  83:lvgl/src/core/lv_obj_class.c ****             lv_obj_allocate_spec_attr(parent);
 202              		.loc 1 83 11 view .LVU61
 203 0022 002B     		cmp	r3, #0
 204 0024 43D0     		beq	.L23
 205              	.L18:
  87:lvgl/src/core/lv_obj_class.c ****             parent->spec_attr->children = lv_mem_alloc(sizeof(lv_obj_t *));
 206              		.loc 1 87 9 is_stmt 1 view .LVU62
  87:lvgl/src/core/lv_obj_class.c ****             parent->spec_attr->children = lv_mem_alloc(sizeof(lv_obj_t *));
 207              		.loc 1 87 18 is_stmt 0 view .LVU63
 208 0026 A668     		ldr	r6, [r4, #8]
 209              	.LVL15:
  87:lvgl/src/core/lv_obj_class.c ****             parent->spec_attr->children = lv_mem_alloc(sizeof(lv_obj_t *));
 210              		.loc 1 87 29 view .LVU64
 211 0028 3368     		ldr	r3, [r6]
  87:lvgl/src/core/lv_obj_class.c ****             parent->spec_attr->children = lv_mem_alloc(sizeof(lv_obj_t *));
 212              		.loc 1 87 11 view .LVU65
 213 002a 002B     		cmp	r3, #0
 214 002c 43D0     		beq	.L24
  93:lvgl/src/core/lv_obj_class.c ****             parent->spec_attr->children = lv_mem_realloc(parent->spec_attr->children,
 215              		.loc 1 93 13 is_stmt 1 view .LVU66
  93:lvgl/src/core/lv_obj_class.c ****             parent->spec_attr->children = lv_mem_realloc(parent->spec_attr->children,
 216              		.loc 1 93 30 is_stmt 0 view .LVU67
 217 002e 7368     		ldr	r3, [r6, #4]
  93:lvgl/src/core/lv_obj_class.c ****             parent->spec_attr->children = lv_mem_realloc(parent->spec_attr->children,
 218              		.loc 1 93 41 view .LVU68
 219 0030 0133     		adds	r3, r3, #1
 220 0032 7360     		str	r3, [r6, #4]
  94:lvgl/src/core/lv_obj_class.c ****                                                          sizeof(lv_obj_t *) * parent->spec_attr->ch
 221              		.loc 1 94 13 is_stmt 1 view .LVU69
  94:lvgl/src/core/lv_obj_class.c ****                                                          sizeof(lv_obj_t *) * parent->spec_attr->ch
 222              		.loc 1 94 64 is_stmt 0 view .LVU70
ARM GAS  C:\usertemp\ccMC5K8d.s 			page 9


 223 0034 A668     		ldr	r6, [r4, #8]
  95:lvgl/src/core/lv_obj_class.c ****             parent->spec_attr->children[parent->spec_attr->child_cnt - 1] = obj;
 224              		.loc 1 95 96 view .LVU71
 225 0036 7168     		ldr	r1, [r6, #4]
  94:lvgl/src/core/lv_obj_class.c ****                                                          sizeof(lv_obj_t *) * parent->spec_attr->ch
 226              		.loc 1 94 43 view .LVU72
 227 0038 8900     		lsls	r1, r1, #2
 228 003a 3068     		ldr	r0, [r6]
 229 003c FFF7FEFF 		bl	lv_mem_realloc
 230              	.LVL16:
  94:lvgl/src/core/lv_obj_class.c ****                                                          sizeof(lv_obj_t *) * parent->spec_attr->ch
 231              		.loc 1 94 41 discriminator 1 view .LVU73
 232 0040 3060     		str	r0, [r6]
  96:lvgl/src/core/lv_obj_class.c ****         }
 233              		.loc 1 96 13 is_stmt 1 view .LVU74
  96:lvgl/src/core/lv_obj_class.c ****         }
 234              		.loc 1 96 19 is_stmt 0 view .LVU75
 235 0042 A368     		ldr	r3, [r4, #8]
  96:lvgl/src/core/lv_obj_class.c ****         }
 236              		.loc 1 96 30 view .LVU76
 237 0044 1A68     		ldr	r2, [r3]
  96:lvgl/src/core/lv_obj_class.c ****         }
 238              		.loc 1 96 58 view .LVU77
 239 0046 5968     		ldr	r1, [r3, #4]
  96:lvgl/src/core/lv_obj_class.c ****         }
 240              		.loc 1 96 40 view .LVU78
 241 0048 6FF04043 		mvn	r3, #-1073741824
 242 004c 0B44     		add	r3, r3, r1
  96:lvgl/src/core/lv_obj_class.c ****         }
 243              		.loc 1 96 75 view .LVU79
 244 004e 42F82350 		str	r5, [r2, r3, lsl #2]
 245              	.LVL17:
 246              	.L13:
 101:lvgl/src/core/lv_obj_class.c **** 
 247              		.loc 1 101 1 view .LVU80
 248 0052 2846     		mov	r0, r5
 249 0054 F8BD     		pop	{r3, r4, r5, r6, r7, pc}
 250              	.LVL18:
 251              	.L22:
 252              	.LBB2:
  55:lvgl/src/core/lv_obj_class.c ****         lv_disp_t * disp = lv_disp_get_default();
 253              		.loc 1 55 9 is_stmt 1 view .LVU81
  55:lvgl/src/core/lv_obj_class.c ****         lv_disp_t * disp = lv_disp_get_default();
 254              		.loc 1 55 9 view .LVU82
  55:lvgl/src/core/lv_obj_class.c ****         lv_disp_t * disp = lv_disp_get_default();
 255              		.loc 1 55 9 view .LVU83
  56:lvgl/src/core/lv_obj_class.c ****         if(!disp) {
 256              		.loc 1 56 9 view .LVU84
  56:lvgl/src/core/lv_obj_class.c ****         if(!disp) {
 257              		.loc 1 56 28 is_stmt 0 view .LVU85
 258 0056 FFF7FEFF 		bl	lv_disp_get_default
 259              	.LVL19:
  57:lvgl/src/core/lv_obj_class.c ****             LV_LOG_WARN("No display created yet. No place to assign the new screen");
 260              		.loc 1 57 9 is_stmt 1 view .LVU86
  57:lvgl/src/core/lv_obj_class.c ****             LV_LOG_WARN("No display created yet. No place to assign the new screen");
 261              		.loc 1 57 11 is_stmt 0 view .LVU87
 262 005a 0446     		mov	r4, r0
ARM GAS  C:\usertemp\ccMC5K8d.s 			page 10


 263              	.LVL20:
  57:lvgl/src/core/lv_obj_class.c ****             LV_LOG_WARN("No display created yet. No place to assign the new screen");
 264              		.loc 1 57 11 view .LVU88
 265 005c 0028     		cmp	r0, #0
 266 005e 35D0     		beq	.L20
  62:lvgl/src/core/lv_obj_class.c ****             disp->screens = lv_mem_alloc(sizeof(lv_obj_t *));
 267              		.loc 1 62 9 is_stmt 1 view .LVU89
  62:lvgl/src/core/lv_obj_class.c ****             disp->screens = lv_mem_alloc(sizeof(lv_obj_t *));
 268              		.loc 1 62 16 is_stmt 0 view .LVU90
 269 0060 C068     		ldr	r0, [r0, #12]
 270              	.LVL21:
  62:lvgl/src/core/lv_obj_class.c ****             disp->screens = lv_mem_alloc(sizeof(lv_obj_t *));
 271              		.loc 1 62 11 view .LVU91
 272 0062 E0B1     		cbz	r0, .L25
  68:lvgl/src/core/lv_obj_class.c ****             disp->screens = lv_mem_realloc(disp->screens, sizeof(lv_obj_t *) * disp->screen_cnt);
 273              		.loc 1 68 13 is_stmt 1 view .LVU92
  68:lvgl/src/core/lv_obj_class.c ****             disp->screens = lv_mem_realloc(disp->screens, sizeof(lv_obj_t *) * disp->screen_cnt);
 274              		.loc 1 68 17 is_stmt 0 view .LVU93
 275 0064 616A     		ldr	r1, [r4, #36]
  68:lvgl/src/core/lv_obj_class.c ****             disp->screens = lv_mem_realloc(disp->screens, sizeof(lv_obj_t *) * disp->screen_cnt);
 276              		.loc 1 68 29 view .LVU94
 277 0066 0131     		adds	r1, r1, #1
 278 0068 6162     		str	r1, [r4, #36]
  69:lvgl/src/core/lv_obj_class.c ****             disp->screens[disp->screen_cnt - 1] = obj;
 279              		.loc 1 69 13 is_stmt 1 view .LVU95
  69:lvgl/src/core/lv_obj_class.c ****             disp->screens[disp->screen_cnt - 1] = obj;
 280              		.loc 1 69 29 is_stmt 0 view .LVU96
 281 006a 8900     		lsls	r1, r1, #2
 282 006c FFF7FEFF 		bl	lv_mem_realloc
 283              	.LVL22:
  69:lvgl/src/core/lv_obj_class.c ****             disp->screens[disp->screen_cnt - 1] = obj;
 284              		.loc 1 69 27 discriminator 1 view .LVU97
 285 0070 E060     		str	r0, [r4, #12]
  70:lvgl/src/core/lv_obj_class.c ****         }
 286              		.loc 1 70 13 is_stmt 1 view .LVU98
  70:lvgl/src/core/lv_obj_class.c ****         }
 287              		.loc 1 70 31 is_stmt 0 view .LVU99
 288 0072 626A     		ldr	r2, [r4, #36]
  70:lvgl/src/core/lv_obj_class.c ****         }
 289              		.loc 1 70 26 view .LVU100
 290 0074 6FF04043 		mvn	r3, #-1073741824
 291 0078 1344     		add	r3, r3, r2
  70:lvgl/src/core/lv_obj_class.c ****         }
 292              		.loc 1 70 49 view .LVU101
 293 007a 40F82350 		str	r5, [r0, r3, lsl #2]
 294              	.L17:
  74:lvgl/src/core/lv_obj_class.c ****         obj->coords.y1 = 0;
 295              		.loc 1 74 9 is_stmt 1 view .LVU102
  74:lvgl/src/core/lv_obj_class.c ****         obj->coords.y1 = 0;
 296              		.loc 1 74 24 is_stmt 0 view .LVU103
 297 007e 0024     		movs	r4, #0
 298              	.LVL23:
  74:lvgl/src/core/lv_obj_class.c ****         obj->coords.y1 = 0;
 299              		.loc 1 74 24 view .LVU104
 300 0080 AC82     		strh	r4, [r5, #20]	@ movhi
  75:lvgl/src/core/lv_obj_class.c ****         obj->coords.x2 = lv_disp_get_hor_res(NULL) - 1;
 301              		.loc 1 75 9 is_stmt 1 view .LVU105
ARM GAS  C:\usertemp\ccMC5K8d.s 			page 11


  75:lvgl/src/core/lv_obj_class.c ****         obj->coords.x2 = lv_disp_get_hor_res(NULL) - 1;
 302              		.loc 1 75 24 is_stmt 0 view .LVU106
 303 0082 EC82     		strh	r4, [r5, #22]	@ movhi
  76:lvgl/src/core/lv_obj_class.c ****         obj->coords.y2 = lv_disp_get_ver_res(NULL) - 1;
 304              		.loc 1 76 9 is_stmt 1 view .LVU107
  76:lvgl/src/core/lv_obj_class.c ****         obj->coords.y2 = lv_disp_get_ver_res(NULL) - 1;
 305              		.loc 1 76 26 is_stmt 0 view .LVU108
 306 0084 2046     		mov	r0, r4
 307 0086 FFF7FEFF 		bl	lv_disp_get_hor_res
 308              	.LVL24:
  76:lvgl/src/core/lv_obj_class.c ****         obj->coords.y2 = lv_disp_get_ver_res(NULL) - 1;
 309              		.loc 1 76 26 discriminator 1 view .LVU109
 310 008a 80B2     		uxth	r0, r0
  76:lvgl/src/core/lv_obj_class.c ****         obj->coords.y2 = lv_disp_get_ver_res(NULL) - 1;
 311              		.loc 1 76 52 discriminator 1 view .LVU110
 312 008c 0138     		subs	r0, r0, #1
  76:lvgl/src/core/lv_obj_class.c ****         obj->coords.y2 = lv_disp_get_ver_res(NULL) - 1;
 313              		.loc 1 76 24 discriminator 1 view .LVU111
 314 008e 2883     		strh	r0, [r5, #24]	@ movhi
  77:lvgl/src/core/lv_obj_class.c ****     }
 315              		.loc 1 77 9 is_stmt 1 view .LVU112
  77:lvgl/src/core/lv_obj_class.c ****     }
 316              		.loc 1 77 26 is_stmt 0 view .LVU113
 317 0090 2046     		mov	r0, r4
 318 0092 FFF7FEFF 		bl	lv_disp_get_ver_res
 319              	.LVL25:
  77:lvgl/src/core/lv_obj_class.c ****     }
 320              		.loc 1 77 26 discriminator 1 view .LVU114
 321 0096 80B2     		uxth	r0, r0
  77:lvgl/src/core/lv_obj_class.c ****     }
 322              		.loc 1 77 52 discriminator 1 view .LVU115
 323 0098 0138     		subs	r0, r0, #1
  77:lvgl/src/core/lv_obj_class.c ****     }
 324              		.loc 1 77 24 discriminator 1 view .LVU116
 325 009a 6883     		strh	r0, [r5, #26]	@ movhi
 326              	.LBE2:
 327 009c D9E7     		b	.L13
 328              	.LVL26:
 329              	.L25:
 330              	.LBB3:
  63:lvgl/src/core/lv_obj_class.c ****             disp->screens[0] = obj;
 331              		.loc 1 63 13 is_stmt 1 view .LVU117
  63:lvgl/src/core/lv_obj_class.c ****             disp->screens[0] = obj;
 332              		.loc 1 63 29 is_stmt 0 view .LVU118
 333 009e 0420     		movs	r0, #4
 334 00a0 FFF7FEFF 		bl	lv_mem_alloc
 335              	.LVL27:
  63:lvgl/src/core/lv_obj_class.c ****             disp->screens[0] = obj;
 336              		.loc 1 63 27 discriminator 1 view .LVU119
 337 00a4 E060     		str	r0, [r4, #12]
  64:lvgl/src/core/lv_obj_class.c ****             disp->screen_cnt = 1;
 338              		.loc 1 64 13 is_stmt 1 view .LVU120
  64:lvgl/src/core/lv_obj_class.c ****             disp->screen_cnt = 1;
 339              		.loc 1 64 30 is_stmt 0 view .LVU121
 340 00a6 0560     		str	r5, [r0]
  65:lvgl/src/core/lv_obj_class.c ****         }
 341              		.loc 1 65 13 is_stmt 1 view .LVU122
ARM GAS  C:\usertemp\ccMC5K8d.s 			page 12


  65:lvgl/src/core/lv_obj_class.c ****         }
 342              		.loc 1 65 30 is_stmt 0 view .LVU123
 343 00a8 0123     		movs	r3, #1
 344 00aa 6362     		str	r3, [r4, #36]
 345 00ac E7E7     		b	.L17
 346              	.LVL28:
 347              	.L23:
  65:lvgl/src/core/lv_obj_class.c ****         }
 348              		.loc 1 65 30 view .LVU124
 349              	.LBE3:
  84:lvgl/src/core/lv_obj_class.c ****         }
 350              		.loc 1 84 13 is_stmt 1 view .LVU125
 351 00ae 2046     		mov	r0, r4
 352 00b0 FFF7FEFF 		bl	lv_obj_allocate_spec_attr
 353              	.LVL29:
 354 00b4 B7E7     		b	.L18
 355              	.LVL30:
 356              	.L24:
  88:lvgl/src/core/lv_obj_class.c ****             parent->spec_attr->children[0] = obj;
 357              		.loc 1 88 13 view .LVU126
  88:lvgl/src/core/lv_obj_class.c ****             parent->spec_attr->children[0] = obj;
 358              		.loc 1 88 43 is_stmt 0 view .LVU127
 359 00b6 0420     		movs	r0, #4
 360 00b8 FFF7FEFF 		bl	lv_mem_alloc
 361              	.LVL31:
  88:lvgl/src/core/lv_obj_class.c ****             parent->spec_attr->children[0] = obj;
 362              		.loc 1 88 41 discriminator 1 view .LVU128
 363 00bc 3060     		str	r0, [r6]
  89:lvgl/src/core/lv_obj_class.c ****             parent->spec_attr->child_cnt = 1;
 364              		.loc 1 89 13 is_stmt 1 view .LVU129
  89:lvgl/src/core/lv_obj_class.c ****             parent->spec_attr->child_cnt = 1;
 365              		.loc 1 89 19 is_stmt 0 view .LVU130
 366 00be A368     		ldr	r3, [r4, #8]
  89:lvgl/src/core/lv_obj_class.c ****             parent->spec_attr->child_cnt = 1;
 367              		.loc 1 89 30 view .LVU131
 368 00c0 1B68     		ldr	r3, [r3]
  89:lvgl/src/core/lv_obj_class.c ****             parent->spec_attr->child_cnt = 1;
 369              		.loc 1 89 44 view .LVU132
 370 00c2 1D60     		str	r5, [r3]
  90:lvgl/src/core/lv_obj_class.c ****         }
 371              		.loc 1 90 13 is_stmt 1 view .LVU133
  90:lvgl/src/core/lv_obj_class.c ****         }
 372              		.loc 1 90 19 is_stmt 0 view .LVU134
 373 00c4 A368     		ldr	r3, [r4, #8]
  90:lvgl/src/core/lv_obj_class.c ****         }
 374              		.loc 1 90 42 view .LVU135
 375 00c6 0122     		movs	r2, #1
 376 00c8 5A60     		str	r2, [r3, #4]
 377 00ca C2E7     		b	.L13
 378              	.LVL32:
 379              	.L20:
 380              	.LBB4:
  59:lvgl/src/core/lv_obj_class.c ****         }
 381              		.loc 1 59 20 view .LVU136
 382 00cc 0546     		mov	r5, r0
 383              	.LVL33:
  59:lvgl/src/core/lv_obj_class.c ****         }
ARM GAS  C:\usertemp\ccMC5K8d.s 			page 13


 384              		.loc 1 59 20 view .LVU137
 385 00ce C0E7     		b	.L13
 386              	.LBE4:
 387              		.cfi_endproc
 388              	.LFE156:
 390              		.section	.text._lv_obj_destruct,"ax",%progbits
 391              		.align	1
 392              		.global	_lv_obj_destruct
 393              		.syntax unified
 394              		.thumb
 395              		.thumb_func
 397              	_lv_obj_destruct:
 398              	.LVL34:
 399              	.LFB158:
 134:lvgl/src/core/lv_obj_class.c ****     if(obj->class_p->destructor_cb) obj->class_p->destructor_cb(obj->class_p, obj);
 400              		.loc 1 134 1 is_stmt 1 view -0
 401              		.cfi_startproc
 402              		@ args = 0, pretend = 0, frame = 0
 403              		@ frame_needed = 0, uses_anonymous_args = 0
 134:lvgl/src/core/lv_obj_class.c ****     if(obj->class_p->destructor_cb) obj->class_p->destructor_cb(obj->class_p, obj);
 404              		.loc 1 134 1 is_stmt 0 view .LVU139
 405 0000 10B5     		push	{r4, lr}
 406              	.LCFI2:
 407              		.cfi_def_cfa_offset 8
 408              		.cfi_offset 4, -8
 409              		.cfi_offset 14, -4
 410 0002 0446     		mov	r4, r0
 135:lvgl/src/core/lv_obj_class.c **** 
 411              		.loc 1 135 5 is_stmt 1 view .LVU140
 135:lvgl/src/core/lv_obj_class.c **** 
 412              		.loc 1 135 11 is_stmt 0 view .LVU141
 413 0004 0068     		ldr	r0, [r0]
 414              	.LVL35:
 135:lvgl/src/core/lv_obj_class.c **** 
 415              		.loc 1 135 20 view .LVU142
 416 0006 8368     		ldr	r3, [r0, #8]
 135:lvgl/src/core/lv_obj_class.c **** 
 417              		.loc 1 135 7 view .LVU143
 418 0008 0BB1     		cbz	r3, .L27
 135:lvgl/src/core/lv_obj_class.c **** 
 419              		.loc 1 135 37 is_stmt 1 discriminator 1 view .LVU144
 420 000a 2146     		mov	r1, r4
 421 000c 9847     		blx	r3
 422              	.LVL36:
 423              	.L27:
 137:lvgl/src/core/lv_obj_class.c ****         /*Don't let the descendant methods run during destructing the ancestor type*/
 424              		.loc 1 137 5 view .LVU145
 137:lvgl/src/core/lv_obj_class.c ****         /*Don't let the descendant methods run during destructing the ancestor type*/
 425              		.loc 1 137 11 is_stmt 0 view .LVU146
 426 000e 2368     		ldr	r3, [r4]
 137:lvgl/src/core/lv_obj_class.c ****         /*Don't let the descendant methods run during destructing the ancestor type*/
 427              		.loc 1 137 20 view .LVU147
 428 0010 1B68     		ldr	r3, [r3]
 137:lvgl/src/core/lv_obj_class.c ****         /*Don't let the descendant methods run during destructing the ancestor type*/
 429              		.loc 1 137 7 view .LVU148
 430 0012 1BB1     		cbz	r3, .L26
 139:lvgl/src/core/lv_obj_class.c **** 
ARM GAS  C:\usertemp\ccMC5K8d.s 			page 14


 431              		.loc 1 139 9 is_stmt 1 view .LVU149
 139:lvgl/src/core/lv_obj_class.c **** 
 432              		.loc 1 139 22 is_stmt 0 view .LVU150
 433 0014 2360     		str	r3, [r4]
 142:lvgl/src/core/lv_obj_class.c ****     }
 434              		.loc 1 142 9 is_stmt 1 view .LVU151
 435 0016 2046     		mov	r0, r4
 436 0018 FFF7FEFF 		bl	_lv_obj_destruct
 437              	.LVL37:
 438              	.L26:
 144:lvgl/src/core/lv_obj_class.c **** 
 439              		.loc 1 144 1 is_stmt 0 view .LVU152
 440 001c 10BD     		pop	{r4, pc}
 144:lvgl/src/core/lv_obj_class.c **** 
 441              		.loc 1 144 1 view .LVU153
 442              		.cfi_endproc
 443              	.LFE158:
 445              		.section	.text.lv_obj_is_editable,"ax",%progbits
 446              		.align	1
 447              		.global	lv_obj_is_editable
 448              		.syntax unified
 449              		.thumb
 450              		.thumb_func
 452              	lv_obj_is_editable:
 453              	.LVL38:
 454              	.LFB159:
 147:lvgl/src/core/lv_obj_class.c ****     const lv_obj_class_t * class_p = obj->class_p;
 455              		.loc 1 147 1 is_stmt 1 view -0
 456              		.cfi_startproc
 457              		@ args = 0, pretend = 0, frame = 0
 458              		@ frame_needed = 0, uses_anonymous_args = 0
 459              		@ link register save eliminated.
 148:lvgl/src/core/lv_obj_class.c **** 
 460              		.loc 1 148 5 view .LVU155
 148:lvgl/src/core/lv_obj_class.c **** 
 461              		.loc 1 148 28 is_stmt 0 view .LVU156
 462 0000 0368     		ldr	r3, [r0]
 463              	.LVL39:
 151:lvgl/src/core/lv_obj_class.c **** 
 464              		.loc 1 151 5 is_stmt 1 view .LVU157
 151:lvgl/src/core/lv_obj_class.c **** 
 465              		.loc 1 151 10 is_stmt 0 view .LVU158
 466 0002 00E0     		b	.L31
 467              	.L33:
 151:lvgl/src/core/lv_obj_class.c **** 
 468              		.loc 1 151 74 is_stmt 1 discriminator 3 view .LVU159
 151:lvgl/src/core/lv_obj_class.c **** 
 469              		.loc 1 151 82 is_stmt 0 discriminator 3 view .LVU160
 470 0004 1B68     		ldr	r3, [r3]
 471              	.LVL40:
 472              	.L31:
 151:lvgl/src/core/lv_obj_class.c **** 
 473              		.loc 1 151 19 is_stmt 1 discriminator 1 view .LVU161
 474 0006 1BB1     		cbz	r3, .L32
 151:lvgl/src/core/lv_obj_class.c **** 
 475              		.loc 1 151 40 is_stmt 0 discriminator 2 view .LVU162
 476 0008 1A7E     		ldrb	r2, [r3, #24]	@ zero_extendqisi2
ARM GAS  C:\usertemp\ccMC5K8d.s 			page 15


 151:lvgl/src/core/lv_obj_class.c **** 
 477              		.loc 1 151 19 discriminator 2 view .LVU163
 478 000a 12F0030F 		tst	r2, #3
 479 000e F9D0     		beq	.L33
 480              	.L32:
 153:lvgl/src/core/lv_obj_class.c **** 
 481              		.loc 1 153 5 is_stmt 1 view .LVU164
 153:lvgl/src/core/lv_obj_class.c **** 
 482              		.loc 1 153 7 is_stmt 0 view .LVU165
 483 0010 3BB1     		cbz	r3, .L35
 155:lvgl/src/core/lv_obj_class.c **** }
 484              		.loc 1 155 5 is_stmt 1 view .LVU166
 155:lvgl/src/core/lv_obj_class.c **** }
 485              		.loc 1 155 30 is_stmt 0 view .LVU167
 486 0012 187E     		ldrb	r0, [r3, #24]	@ zero_extendqisi2
 487              	.LVL41:
 155:lvgl/src/core/lv_obj_class.c **** }
 488              		.loc 1 155 67 view .LVU168
 489 0014 00F00300 		and	r0, r0, #3
 490 0018 0128     		cmp	r0, #1
 491 001a 14BF     		ite	ne
 492 001c 0020     		movne	r0, #0
 493 001e 0120     		moveq	r0, #1
 494 0020 7047     		bx	lr
 495              	.LVL42:
 496              	.L35:
 153:lvgl/src/core/lv_obj_class.c **** 
 497              		.loc 1 153 32 discriminator 1 view .LVU169
 498 0022 0020     		movs	r0, #0
 499              	.LVL43:
 156:lvgl/src/core/lv_obj_class.c **** 
 500              		.loc 1 156 1 view .LVU170
 501 0024 7047     		bx	lr
 502              		.cfi_endproc
 503              	.LFE159:
 505              		.section	.text.lv_obj_is_group_def,"ax",%progbits
 506              		.align	1
 507              		.global	lv_obj_is_group_def
 508              		.syntax unified
 509              		.thumb
 510              		.thumb_func
 512              	lv_obj_is_group_def:
 513              	.LVL44:
 514              	.LFB160:
 159:lvgl/src/core/lv_obj_class.c ****     const lv_obj_class_t * class_p = obj->class_p;
 515              		.loc 1 159 1 is_stmt 1 view -0
 516              		.cfi_startproc
 517              		@ args = 0, pretend = 0, frame = 0
 518              		@ frame_needed = 0, uses_anonymous_args = 0
 519              		@ link register save eliminated.
 160:lvgl/src/core/lv_obj_class.c **** 
 520              		.loc 1 160 5 view .LVU172
 160:lvgl/src/core/lv_obj_class.c **** 
 521              		.loc 1 160 28 is_stmt 0 view .LVU173
 522 0000 0368     		ldr	r3, [r0]
 523              	.LVL45:
 163:lvgl/src/core/lv_obj_class.c **** 
ARM GAS  C:\usertemp\ccMC5K8d.s 			page 16


 524              		.loc 1 163 5 is_stmt 1 view .LVU174
 163:lvgl/src/core/lv_obj_class.c **** 
 525              		.loc 1 163 10 is_stmt 0 view .LVU175
 526 0002 00E0     		b	.L37
 527              	.L39:
 163:lvgl/src/core/lv_obj_class.c **** 
 528              		.loc 1 163 76 is_stmt 1 discriminator 3 view .LVU176
 163:lvgl/src/core/lv_obj_class.c **** 
 529              		.loc 1 163 84 is_stmt 0 discriminator 3 view .LVU177
 530 0004 1B68     		ldr	r3, [r3]
 531              	.LVL46:
 532              	.L37:
 163:lvgl/src/core/lv_obj_class.c **** 
 533              		.loc 1 163 19 is_stmt 1 discriminator 1 view .LVU178
 534 0006 1BB1     		cbz	r3, .L38
 163:lvgl/src/core/lv_obj_class.c **** 
 535              		.loc 1 163 41 is_stmt 0 discriminator 2 view .LVU179
 536 0008 1A7E     		ldrb	r2, [r3, #24]	@ zero_extendqisi2
 163:lvgl/src/core/lv_obj_class.c **** 
 537              		.loc 1 163 19 discriminator 2 view .LVU180
 538 000a 12F00C0F 		tst	r2, #12
 539 000e F9D0     		beq	.L39
 540              	.L38:
 165:lvgl/src/core/lv_obj_class.c **** 
 541              		.loc 1 165 5 is_stmt 1 view .LVU181
 165:lvgl/src/core/lv_obj_class.c **** 
 542              		.loc 1 165 7 is_stmt 0 view .LVU182
 543 0010 3BB1     		cbz	r3, .L41
 167:lvgl/src/core/lv_obj_class.c **** }
 544              		.loc 1 167 5 is_stmt 1 view .LVU183
 167:lvgl/src/core/lv_obj_class.c **** }
 545              		.loc 1 167 31 is_stmt 0 view .LVU184
 546 0012 187E     		ldrb	r0, [r3, #24]	@ zero_extendqisi2
 547              	.LVL47:
 167:lvgl/src/core/lv_obj_class.c **** }
 548              		.loc 1 167 69 view .LVU185
 549 0014 00F00C00 		and	r0, r0, #12
 550 0018 0428     		cmp	r0, #4
 551 001a 14BF     		ite	ne
 552 001c 0020     		movne	r0, #0
 553 001e 0120     		moveq	r0, #1
 554 0020 7047     		bx	lr
 555              	.LVL48:
 556              	.L41:
 165:lvgl/src/core/lv_obj_class.c **** 
 557              		.loc 1 165 32 discriminator 1 view .LVU186
 558 0022 0020     		movs	r0, #0
 559              	.LVL49:
 168:lvgl/src/core/lv_obj_class.c **** 
 560              		.loc 1 168 1 view .LVU187
 561 0024 7047     		bx	lr
 562              		.cfi_endproc
 563              	.LFE160:
 565              		.section	.text.lv_obj_class_init_obj,"ax",%progbits
 566              		.align	1
 567              		.global	lv_obj_class_init_obj
 568              		.syntax unified
ARM GAS  C:\usertemp\ccMC5K8d.s 			page 17


 569              		.thumb
 570              		.thumb_func
 572              	lv_obj_class_init_obj:
 573              	.LVL50:
 574              	.LFB157:
 104:lvgl/src/core/lv_obj_class.c ****     lv_obj_mark_layout_as_dirty(obj);
 575              		.loc 1 104 1 is_stmt 1 view -0
 576              		.cfi_startproc
 577              		@ args = 0, pretend = 0, frame = 0
 578              		@ frame_needed = 0, uses_anonymous_args = 0
 104:lvgl/src/core/lv_obj_class.c ****     lv_obj_mark_layout_as_dirty(obj);
 579              		.loc 1 104 1 is_stmt 0 view .LVU189
 580 0000 38B5     		push	{r3, r4, r5, lr}
 581              	.LCFI3:
 582              		.cfi_def_cfa_offset 16
 583              		.cfi_offset 3, -16
 584              		.cfi_offset 4, -12
 585              		.cfi_offset 5, -8
 586              		.cfi_offset 14, -4
 587 0002 0446     		mov	r4, r0
 105:lvgl/src/core/lv_obj_class.c ****     lv_obj_enable_style_refresh(false);
 588              		.loc 1 105 5 is_stmt 1 view .LVU190
 589 0004 FFF7FEFF 		bl	lv_obj_mark_layout_as_dirty
 590              	.LVL51:
 106:lvgl/src/core/lv_obj_class.c **** 
 591              		.loc 1 106 5 view .LVU191
 592 0008 0020     		movs	r0, #0
 593 000a FFF7FEFF 		bl	lv_obj_enable_style_refresh
 594              	.LVL52:
 108:lvgl/src/core/lv_obj_class.c ****     lv_obj_construct(obj);
 595              		.loc 1 108 5 view .LVU192
 596 000e 2046     		mov	r0, r4
 597 0010 FFF7FEFF 		bl	lv_theme_apply
 598              	.LVL53:
 109:lvgl/src/core/lv_obj_class.c **** 
 599              		.loc 1 109 5 view .LVU193
 600 0014 2046     		mov	r0, r4
 601 0016 FFF7FEFF 		bl	lv_obj_construct
 602              	.LVL54:
 111:lvgl/src/core/lv_obj_class.c ****     lv_obj_refresh_style(obj, LV_PART_ANY, LV_STYLE_PROP_ANY);
 603              		.loc 1 111 5 view .LVU194
 604 001a 0120     		movs	r0, #1
 605 001c FFF7FEFF 		bl	lv_obj_enable_style_refresh
 606              	.LVL55:
 112:lvgl/src/core/lv_obj_class.c **** 
 607              		.loc 1 112 5 view .LVU195
 608 0020 4FF6FF72 		movw	r2, #65535
 609 0024 4FF47021 		mov	r1, #983040
 610 0028 2046     		mov	r0, r4
 611 002a FFF7FEFF 		bl	lv_obj_refresh_style
 612              	.LVL56:
 114:lvgl/src/core/lv_obj_class.c **** 
 613              		.loc 1 114 5 view .LVU196
 614 002e 2046     		mov	r0, r4
 615 0030 FFF7FEFF 		bl	lv_obj_refresh_self_size
 616              	.LVL57:
 116:lvgl/src/core/lv_obj_class.c ****     if(def_group && lv_obj_is_group_def(obj)) {
ARM GAS  C:\usertemp\ccMC5K8d.s 			page 18


 617              		.loc 1 116 5 view .LVU197
 116:lvgl/src/core/lv_obj_class.c ****     if(def_group && lv_obj_is_group_def(obj)) {
 618              		.loc 1 116 30 is_stmt 0 view .LVU198
 619 0034 FFF7FEFF 		bl	lv_group_get_default
 620              	.LVL58:
 117:lvgl/src/core/lv_obj_class.c ****         lv_group_add_obj(def_group, obj);
 621              		.loc 1 117 5 is_stmt 1 view .LVU199
 117:lvgl/src/core/lv_obj_class.c ****         lv_group_add_obj(def_group, obj);
 622              		.loc 1 117 7 is_stmt 0 view .LVU200
 623 0038 20B1     		cbz	r0, .L43
 624 003a 0546     		mov	r5, r0
 117:lvgl/src/core/lv_obj_class.c ****         lv_group_add_obj(def_group, obj);
 625              		.loc 1 117 21 discriminator 1 view .LVU201
 626 003c 2046     		mov	r0, r4
 627              	.LVL59:
 117:lvgl/src/core/lv_obj_class.c ****         lv_group_add_obj(def_group, obj);
 628              		.loc 1 117 21 discriminator 1 view .LVU202
 629 003e FFF7FEFF 		bl	lv_obj_is_group_def
 630              	.LVL60:
 117:lvgl/src/core/lv_obj_class.c ****         lv_group_add_obj(def_group, obj);
 631              		.loc 1 117 18 discriminator 1 view .LVU203
 632 0042 88B9     		cbnz	r0, .L46
 633              	.LVL61:
 634              	.L43:
 121:lvgl/src/core/lv_obj_class.c ****     if(parent) {
 635              		.loc 1 121 5 is_stmt 1 view .LVU204
 121:lvgl/src/core/lv_obj_class.c ****     if(parent) {
 636              		.loc 1 121 25 is_stmt 0 view .LVU205
 637 0044 2046     		mov	r0, r4
 638 0046 FFF7FEFF 		bl	lv_obj_get_parent
 639              	.LVL62:
 122:lvgl/src/core/lv_obj_class.c ****         /*Call the ancestor's event handler to the parent to notify it about the new child.
 640              		.loc 1 122 5 is_stmt 1 view .LVU206
 122:lvgl/src/core/lv_obj_class.c ****         /*Call the ancestor's event handler to the parent to notify it about the new child.
 641              		.loc 1 122 7 is_stmt 0 view .LVU207
 642 004a 0546     		mov	r5, r0
 643 004c 58B1     		cbz	r0, .L42
 125:lvgl/src/core/lv_obj_class.c ****         lv_event_send(parent, LV_EVENT_CHILD_CREATED, obj);
 644              		.loc 1 125 9 is_stmt 1 view .LVU208
 645 004e 2246     		mov	r2, r4
 646 0050 2221     		movs	r1, #34
 647 0052 FFF7FEFF 		bl	lv_event_send
 648              	.LVL63:
 126:lvgl/src/core/lv_obj_class.c **** 
 649              		.loc 1 126 9 view .LVU209
 650 0056 2246     		mov	r2, r4
 651 0058 2321     		movs	r1, #35
 652 005a 2846     		mov	r0, r5
 653 005c FFF7FEFF 		bl	lv_event_send
 654              	.LVL64:
 129:lvgl/src/core/lv_obj_class.c ****     }
 655              		.loc 1 129 9 view .LVU210
 656 0060 2046     		mov	r0, r4
 657 0062 FFF7FEFF 		bl	lv_obj_invalidate
 658              	.LVL65:
 659              	.L42:
 131:lvgl/src/core/lv_obj_class.c **** 
ARM GAS  C:\usertemp\ccMC5K8d.s 			page 19


 660              		.loc 1 131 1 is_stmt 0 view .LVU211
 661 0066 38BD     		pop	{r3, r4, r5, pc}
 662              	.LVL66:
 663              	.L46:
 118:lvgl/src/core/lv_obj_class.c ****     }
 664              		.loc 1 118 9 is_stmt 1 view .LVU212
 665 0068 2146     		mov	r1, r4
 666 006a 2846     		mov	r0, r5
 667 006c FFF7FEFF 		bl	lv_group_add_obj
 668              	.LVL67:
 669 0070 E8E7     		b	.L43
 670              		.cfi_endproc
 671              	.LFE157:
 673              		.text
 674              	.Letext0:
 675              		.file 2 "D:/armtoolchain/arm-gnu-toolchain-13.3.rel1-mingw-w64-i686-arm-none-eabi/arm-none-eabi/in
 676              		.file 3 "D:/armtoolchain/arm-gnu-toolchain-13.3.rel1-mingw-w64-i686-arm-none-eabi/arm-none-eabi/in
 677              		.file 4 "D:/armtoolchain/arm-gnu-toolchain-13.3.rel1-mingw-w64-i686-arm-none-eabi/lib/gcc/arm-none
 678              		.file 5 "lvgl/src/core/../misc/../font/../misc/lv_area.h"
 679              		.file 6 "lvgl/src/core/../misc/../font/lv_font.h"
 680              		.file 7 "lvgl/src/core/../misc/lv_types.h"
 681              		.file 8 "lvgl/src/core/../misc/lv_color.h"
 682              		.file 9 "lvgl/src/core/../misc/lv_txt.h"
 683              		.file 10 "lvgl/src/core/../misc/lv_bidi.h"
 684              		.file 11 "lvgl/src/core/../misc/lv_style.h"
 685              		.file 12 "lvgl/src/core/../hal/../draw/lv_img_buf.h"
 686              		.file 13 "lvgl/src/core/lv_obj.h"
 687              		.file 14 "lvgl/src/core/../hal/../draw/lv_draw_rect.h"
 688              		.file 15 "lvgl/src/core/../hal/../draw/lv_draw_label.h"
 689              		.file 16 "lvgl/src/core/../hal/../draw/lv_draw_img.h"
 690              		.file 17 "lvgl/src/core/../hal/../draw/lv_draw_line.h"
 691              		.file 18 "lvgl/src/core/../hal/../draw/lv_draw_arc.h"
 692              		.file 19 "lvgl/src/core/../hal/../draw/lv_draw.h"
 693              		.file 20 "lvgl/src/core/../hal/../misc/lv_ll.h"
 694              		.file 21 "lvgl/src/core/../hal/../misc/lv_timer.h"
 695              		.file 22 "lvgl/src/core/../hal/lv_hal_disp.h"
 696              		.file 23 "lvgl/src/core/lv_theme.h"
 697              		.file 24 "lvgl/src/core/lv_group.h"
 698              		.file 25 "lvgl/src/core/lv_obj_scroll.h"
 699              		.file 26 "lvgl/src/core/lv_obj_style.h"
 700              		.file 27 "lvgl/src/core/lv_obj_class.h"
 701              		.file 28 "lvgl/src/core/lv_event.h"
 702              		.file 29 "lvgl/src/core/lv_obj_tree.h"
 703              		.file 30 "lvgl/src/core/../hal/../draw/sw/../../core/lv_obj_pos.h"
 704              		.file 31 "lvgl/src/core/../misc/lv_mem.h"
ARM GAS  C:\usertemp\ccMC5K8d.s 			page 20


DEFINED SYMBOLS
                            *ABS*:00000000 lv_obj_class.c
C:\usertemp\ccMC5K8d.s:20     .text.lv_obj_construct:00000000 $t
C:\usertemp\ccMC5K8d.s:25     .text.lv_obj_construct:00000000 lv_obj_construct
C:\usertemp\ccMC5K8d.s:78     .text.get_instance_size:00000000 $t
C:\usertemp\ccMC5K8d.s:83     .text.get_instance_size:00000000 get_instance_size
C:\usertemp\ccMC5K8d.s:132    .text.get_instance_size:00000020 $d
C:\usertemp\ccMC5K8d.s:137    .text.lv_obj_class_create_obj:00000000 $t
C:\usertemp\ccMC5K8d.s:143    .text.lv_obj_class_create_obj:00000000 lv_obj_class_create_obj
C:\usertemp\ccMC5K8d.s:391    .text._lv_obj_destruct:00000000 $t
C:\usertemp\ccMC5K8d.s:397    .text._lv_obj_destruct:00000000 _lv_obj_destruct
C:\usertemp\ccMC5K8d.s:446    .text.lv_obj_is_editable:00000000 $t
C:\usertemp\ccMC5K8d.s:452    .text.lv_obj_is_editable:00000000 lv_obj_is_editable
C:\usertemp\ccMC5K8d.s:506    .text.lv_obj_is_group_def:00000000 $t
C:\usertemp\ccMC5K8d.s:512    .text.lv_obj_is_group_def:00000000 lv_obj_is_group_def
C:\usertemp\ccMC5K8d.s:566    .text.lv_obj_class_init_obj:00000000 $t
C:\usertemp\ccMC5K8d.s:572    .text.lv_obj_class_init_obj:00000000 lv_obj_class_init_obj

UNDEFINED SYMBOLS
lv_mem_alloc
lv_memset_00
lv_mem_realloc
lv_disp_get_default
lv_disp_get_hor_res
lv_disp_get_ver_res
lv_obj_allocate_spec_attr
lv_obj_mark_layout_as_dirty
lv_obj_enable_style_refresh
lv_theme_apply
lv_obj_refresh_style
lv_obj_refresh_self_size
lv_group_get_default
lv_obj_get_parent
lv_event_send
lv_obj_invalidate
lv_group_add_obj
