ARM GAS  C:\usertemp\cc22CnWj.s 			page 1


   1              		.cpu cortex-m7
   2              		.arch armv7e-m
   3              		.fpu fpv5-d16
   4              		.eabi_attribute 28, 1
   5              		.eabi_attribute 20, 1
   6              		.eabi_attribute 21, 1
   7              		.eabi_attribute 23, 3
   8              		.eabi_attribute 24, 1
   9              		.eabi_attribute 25, 1
  10              		.eabi_attribute 26, 1
  11              		.eabi_attribute 30, 1
  12              		.eabi_attribute 34, 1
  13              		.eabi_attribute 18, 4
  14              		.file	"lv_win.c"
  15              		.text
  16              	.Ltext0:
  17              		.cfi_sections	.debug_frame
  18              		.file 1 "lvgl/src/extra/widgets/win/lv_win.c"
  19              		.section	.text.lv_win_constructor,"ax",%progbits
  20              		.align	1
  21              		.syntax unified
  22              		.thumb
  23              		.thumb_func
  25              	lv_win_constructor:
  26              	.LVL0:
  27              	.LFB201:
   1:lvgl/src/extra/widgets/win/lv_win.c **** /**
   2:lvgl/src/extra/widgets/win/lv_win.c ****  * @file lv_win.c
   3:lvgl/src/extra/widgets/win/lv_win.c ****  *
   4:lvgl/src/extra/widgets/win/lv_win.c ****  */
   5:lvgl/src/extra/widgets/win/lv_win.c **** 
   6:lvgl/src/extra/widgets/win/lv_win.c **** /*********************
   7:lvgl/src/extra/widgets/win/lv_win.c ****  *      INCLUDES
   8:lvgl/src/extra/widgets/win/lv_win.c ****  *********************/
   9:lvgl/src/extra/widgets/win/lv_win.c **** #include "lv_win.h"
  10:lvgl/src/extra/widgets/win/lv_win.c **** #if LV_USE_WIN
  11:lvgl/src/extra/widgets/win/lv_win.c **** 
  12:lvgl/src/extra/widgets/win/lv_win.c **** 
  13:lvgl/src/extra/widgets/win/lv_win.c **** /*********************
  14:lvgl/src/extra/widgets/win/lv_win.c ****  *      DEFINES
  15:lvgl/src/extra/widgets/win/lv_win.c ****  *********************/
  16:lvgl/src/extra/widgets/win/lv_win.c **** 
  17:lvgl/src/extra/widgets/win/lv_win.c **** /**********************
  18:lvgl/src/extra/widgets/win/lv_win.c ****  *      TYPEDEFS
  19:lvgl/src/extra/widgets/win/lv_win.c ****  **********************/
  20:lvgl/src/extra/widgets/win/lv_win.c **** 
  21:lvgl/src/extra/widgets/win/lv_win.c **** /**********************
  22:lvgl/src/extra/widgets/win/lv_win.c ****  *  STATIC PROTOTYPES
  23:lvgl/src/extra/widgets/win/lv_win.c ****  **********************/
  24:lvgl/src/extra/widgets/win/lv_win.c **** static void lv_win_constructor(const lv_obj_class_t * class_p, lv_obj_t * obj);
  25:lvgl/src/extra/widgets/win/lv_win.c **** 
  26:lvgl/src/extra/widgets/win/lv_win.c **** /**********************
  27:lvgl/src/extra/widgets/win/lv_win.c ****  *  STATIC VARIABLES
  28:lvgl/src/extra/widgets/win/lv_win.c ****  **********************/
  29:lvgl/src/extra/widgets/win/lv_win.c **** const lv_obj_class_t lv_win_class = {
  30:lvgl/src/extra/widgets/win/lv_win.c ****     .constructor_cb = lv_win_constructor,
  31:lvgl/src/extra/widgets/win/lv_win.c ****     .width_def = LV_PCT(100),
ARM GAS  C:\usertemp\cc22CnWj.s 			page 2


  32:lvgl/src/extra/widgets/win/lv_win.c ****     .height_def = LV_PCT(100),
  33:lvgl/src/extra/widgets/win/lv_win.c ****     .base_class = &lv_obj_class,
  34:lvgl/src/extra/widgets/win/lv_win.c ****     .instance_size = sizeof(lv_win_t)
  35:lvgl/src/extra/widgets/win/lv_win.c **** };
  36:lvgl/src/extra/widgets/win/lv_win.c **** static lv_coord_t create_header_height;
  37:lvgl/src/extra/widgets/win/lv_win.c **** /**********************
  38:lvgl/src/extra/widgets/win/lv_win.c ****  *      MACROS
  39:lvgl/src/extra/widgets/win/lv_win.c ****  **********************/
  40:lvgl/src/extra/widgets/win/lv_win.c **** 
  41:lvgl/src/extra/widgets/win/lv_win.c **** /**********************
  42:lvgl/src/extra/widgets/win/lv_win.c ****  *   GLOBAL FUNCTIONS
  43:lvgl/src/extra/widgets/win/lv_win.c ****  **********************/
  44:lvgl/src/extra/widgets/win/lv_win.c **** 
  45:lvgl/src/extra/widgets/win/lv_win.c **** lv_obj_t * lv_win_create(lv_obj_t * parent, lv_coord_t header_height)
  46:lvgl/src/extra/widgets/win/lv_win.c **** {
  47:lvgl/src/extra/widgets/win/lv_win.c ****     LV_LOG_INFO("begin");
  48:lvgl/src/extra/widgets/win/lv_win.c ****     create_header_height = header_height;
  49:lvgl/src/extra/widgets/win/lv_win.c **** 
  50:lvgl/src/extra/widgets/win/lv_win.c ****     lv_obj_t * obj = lv_obj_class_create_obj(&lv_win_class, parent);
  51:lvgl/src/extra/widgets/win/lv_win.c ****     lv_obj_class_init_obj(obj);
  52:lvgl/src/extra/widgets/win/lv_win.c ****     return obj;
  53:lvgl/src/extra/widgets/win/lv_win.c **** }
  54:lvgl/src/extra/widgets/win/lv_win.c **** 
  55:lvgl/src/extra/widgets/win/lv_win.c **** lv_obj_t * lv_win_add_title(lv_obj_t * win, const char * txt)
  56:lvgl/src/extra/widgets/win/lv_win.c **** {
  57:lvgl/src/extra/widgets/win/lv_win.c ****     lv_obj_t * header = lv_win_get_header(win);
  58:lvgl/src/extra/widgets/win/lv_win.c ****     lv_obj_t * title = lv_label_create(header);
  59:lvgl/src/extra/widgets/win/lv_win.c ****     lv_label_set_long_mode(title, LV_LABEL_LONG_DOT);
  60:lvgl/src/extra/widgets/win/lv_win.c ****     lv_label_set_text(title, txt);
  61:lvgl/src/extra/widgets/win/lv_win.c ****     lv_obj_set_flex_grow(title, 1);
  62:lvgl/src/extra/widgets/win/lv_win.c ****     return title;
  63:lvgl/src/extra/widgets/win/lv_win.c **** }
  64:lvgl/src/extra/widgets/win/lv_win.c **** 
  65:lvgl/src/extra/widgets/win/lv_win.c **** lv_obj_t * lv_win_add_btn(lv_obj_t * win, const void * icon, lv_coord_t btn_w)
  66:lvgl/src/extra/widgets/win/lv_win.c **** {
  67:lvgl/src/extra/widgets/win/lv_win.c ****     lv_obj_t * header = lv_win_get_header(win);
  68:lvgl/src/extra/widgets/win/lv_win.c ****     lv_obj_t * btn = lv_btn_create(header);
  69:lvgl/src/extra/widgets/win/lv_win.c ****     lv_obj_set_size(btn, btn_w, LV_PCT(100));
  70:lvgl/src/extra/widgets/win/lv_win.c **** 
  71:lvgl/src/extra/widgets/win/lv_win.c ****     lv_obj_t * img = lv_img_create(btn);
  72:lvgl/src/extra/widgets/win/lv_win.c ****     lv_img_set_src(img, icon);
  73:lvgl/src/extra/widgets/win/lv_win.c ****     lv_obj_align(img, LV_ALIGN_CENTER, 0, 0);
  74:lvgl/src/extra/widgets/win/lv_win.c **** 
  75:lvgl/src/extra/widgets/win/lv_win.c ****     return btn;
  76:lvgl/src/extra/widgets/win/lv_win.c **** }
  77:lvgl/src/extra/widgets/win/lv_win.c **** 
  78:lvgl/src/extra/widgets/win/lv_win.c **** lv_obj_t * lv_win_get_header(lv_obj_t * win)
  79:lvgl/src/extra/widgets/win/lv_win.c **** {
  80:lvgl/src/extra/widgets/win/lv_win.c ****     return lv_obj_get_child(win, 0);
  81:lvgl/src/extra/widgets/win/lv_win.c **** }
  82:lvgl/src/extra/widgets/win/lv_win.c **** 
  83:lvgl/src/extra/widgets/win/lv_win.c **** lv_obj_t * lv_win_get_content(lv_obj_t * win)
  84:lvgl/src/extra/widgets/win/lv_win.c **** {
  85:lvgl/src/extra/widgets/win/lv_win.c ****     return lv_obj_get_child(win, 1);
  86:lvgl/src/extra/widgets/win/lv_win.c **** }
  87:lvgl/src/extra/widgets/win/lv_win.c **** 
  88:lvgl/src/extra/widgets/win/lv_win.c **** /**********************
ARM GAS  C:\usertemp\cc22CnWj.s 			page 3


  89:lvgl/src/extra/widgets/win/lv_win.c ****  *   STATIC FUNCTIONS
  90:lvgl/src/extra/widgets/win/lv_win.c ****  **********************/
  91:lvgl/src/extra/widgets/win/lv_win.c **** 
  92:lvgl/src/extra/widgets/win/lv_win.c **** static void lv_win_constructor(const lv_obj_class_t * class_p, lv_obj_t * obj)
  93:lvgl/src/extra/widgets/win/lv_win.c **** {
  28              		.loc 1 93 1 view -0
  29              		.cfi_startproc
  30              		@ args = 0, pretend = 0, frame = 0
  31              		@ frame_needed = 0, uses_anonymous_args = 0
  32              		.loc 1 93 1 is_stmt 0 view .LVU1
  33 0000 70B5     		push	{r4, r5, r6, lr}
  34              	.LCFI0:
  35              		.cfi_def_cfa_offset 16
  36              		.cfi_offset 4, -16
  37              		.cfi_offset 5, -12
  38              		.cfi_offset 6, -8
  39              		.cfi_offset 14, -4
  40 0002 0C46     		mov	r4, r1
  94:lvgl/src/extra/widgets/win/lv_win.c ****     LV_UNUSED(class_p);
  41              		.loc 1 94 5 is_stmt 1 view .LVU2
  95:lvgl/src/extra/widgets/win/lv_win.c ****     lv_obj_t * parent = lv_obj_get_parent(obj);
  42              		.loc 1 95 5 view .LVU3
  43              		.loc 1 95 25 is_stmt 0 view .LVU4
  44 0004 0846     		mov	r0, r1
  45              	.LVL1:
  46              		.loc 1 95 25 view .LVU5
  47 0006 FFF7FEFF 		bl	lv_obj_get_parent
  48              	.LVL2:
  49              		.loc 1 95 25 view .LVU6
  50 000a 0646     		mov	r6, r0
  51              	.LVL3:
  96:lvgl/src/extra/widgets/win/lv_win.c ****     lv_obj_set_size(obj, lv_obj_get_width(parent), lv_obj_get_height(parent));
  52              		.loc 1 96 5 is_stmt 1 view .LVU7
  53 000c FFF7FEFF 		bl	lv_obj_get_width
  54              	.LVL4:
  55              		.loc 1 96 5 is_stmt 0 view .LVU8
  56 0010 0546     		mov	r5, r0
  57              		.loc 1 96 5 discriminator 1 view .LVU9
  58 0012 3046     		mov	r0, r6
  59 0014 FFF7FEFF 		bl	lv_obj_get_height
  60              	.LVL5:
  61 0018 0246     		mov	r2, r0
  62              		.loc 1 96 5 discriminator 2 view .LVU10
  63 001a 2946     		mov	r1, r5
  64 001c 2046     		mov	r0, r4
  65 001e FFF7FEFF 		bl	lv_obj_set_size
  66              	.LVL6:
  97:lvgl/src/extra/widgets/win/lv_win.c ****     lv_obj_set_flex_flow(obj, LV_FLEX_FLOW_COLUMN);
  67              		.loc 1 97 5 is_stmt 1 view .LVU11
  68 0022 0121     		movs	r1, #1
  69 0024 2046     		mov	r0, r4
  70 0026 FFF7FEFF 		bl	lv_obj_set_flex_flow
  71              	.LVL7:
  98:lvgl/src/extra/widgets/win/lv_win.c **** 
  99:lvgl/src/extra/widgets/win/lv_win.c ****     lv_obj_t * header = lv_obj_create(obj);
  72              		.loc 1 99 5 view .LVU12
  73              		.loc 1 99 25 is_stmt 0 view .LVU13
ARM GAS  C:\usertemp\cc22CnWj.s 			page 4


  74 002a 2046     		mov	r0, r4
  75 002c FFF7FEFF 		bl	lv_obj_create
  76              	.LVL8:
  77 0030 0546     		mov	r5, r0
  78              	.LVL9:
 100:lvgl/src/extra/widgets/win/lv_win.c ****     lv_obj_set_size(header, LV_PCT(100), create_header_height);
  79              		.loc 1 100 5 is_stmt 1 view .LVU14
  80 0032 0F4B     		ldr	r3, .L3
  81 0034 B3F90020 		ldrsh	r2, [r3]
  82 0038 42F26401 		movw	r1, #8292
  83 003c FFF7FEFF 		bl	lv_obj_set_size
  84              	.LVL10:
 101:lvgl/src/extra/widgets/win/lv_win.c ****     lv_obj_set_flex_flow(header, LV_FLEX_FLOW_ROW);
  85              		.loc 1 101 5 view .LVU15
  86 0040 0021     		movs	r1, #0
  87 0042 2846     		mov	r0, r5
  88 0044 FFF7FEFF 		bl	lv_obj_set_flex_flow
  89              	.LVL11:
 102:lvgl/src/extra/widgets/win/lv_win.c ****     lv_obj_set_flex_align(header, LV_FLEX_ALIGN_START, LV_FLEX_ALIGN_CENTER, LV_FLEX_ALIGN_CENTER);
  90              		.loc 1 102 5 view .LVU16
  91 0048 0223     		movs	r3, #2
  92 004a 1A46     		mov	r2, r3
  93 004c 0021     		movs	r1, #0
  94 004e 2846     		mov	r0, r5
  95 0050 FFF7FEFF 		bl	lv_obj_set_flex_align
  96              	.LVL12:
 103:lvgl/src/extra/widgets/win/lv_win.c **** 
 104:lvgl/src/extra/widgets/win/lv_win.c ****     lv_obj_t * cont = lv_obj_create(obj);
  97              		.loc 1 104 5 view .LVU17
  98              		.loc 1 104 23 is_stmt 0 view .LVU18
  99 0054 2046     		mov	r0, r4
 100 0056 FFF7FEFF 		bl	lv_obj_create
 101              	.LVL13:
 102 005a 0446     		mov	r4, r0
 103              	.LVL14:
 105:lvgl/src/extra/widgets/win/lv_win.c ****     lv_obj_set_flex_grow(cont, 1);
 104              		.loc 1 105 5 is_stmt 1 view .LVU19
 105 005c 0121     		movs	r1, #1
 106 005e FFF7FEFF 		bl	lv_obj_set_flex_grow
 107              	.LVL15:
 106:lvgl/src/extra/widgets/win/lv_win.c ****     lv_obj_set_width(cont, LV_PCT(100));
 108              		.loc 1 106 5 view .LVU20
 109 0062 42F26401 		movw	r1, #8292
 110 0066 2046     		mov	r0, r4
 111 0068 FFF7FEFF 		bl	lv_obj_set_width
 112              	.LVL16:
 107:lvgl/src/extra/widgets/win/lv_win.c **** }
 113              		.loc 1 107 1 is_stmt 0 view .LVU21
 114 006c 70BD     		pop	{r4, r5, r6, pc}
 115              	.LVL17:
 116              	.L4:
 117              		.loc 1 107 1 view .LVU22
 118 006e 00BF     		.align	2
 119              	.L3:
 120 0070 00000000 		.word	create_header_height
 121              		.cfi_endproc
 122              	.LFE201:
ARM GAS  C:\usertemp\cc22CnWj.s 			page 5


 124              		.section	.text.lv_win_create,"ax",%progbits
 125              		.align	1
 126              		.global	lv_win_create
 127              		.syntax unified
 128              		.thumb
 129              		.thumb_func
 131              	lv_win_create:
 132              	.LVL18:
 133              	.LFB196:
  46:lvgl/src/extra/widgets/win/lv_win.c ****     LV_LOG_INFO("begin");
 134              		.loc 1 46 1 is_stmt 1 view -0
 135              		.cfi_startproc
 136              		@ args = 0, pretend = 0, frame = 0
 137              		@ frame_needed = 0, uses_anonymous_args = 0
  46:lvgl/src/extra/widgets/win/lv_win.c ****     LV_LOG_INFO("begin");
 138              		.loc 1 46 1 is_stmt 0 view .LVU24
 139 0000 10B5     		push	{r4, lr}
 140              	.LCFI1:
 141              		.cfi_def_cfa_offset 8
 142              		.cfi_offset 4, -8
 143              		.cfi_offset 14, -4
  47:lvgl/src/extra/widgets/win/lv_win.c ****     create_header_height = header_height;
 144              		.loc 1 47 5 is_stmt 1 view .LVU25
  47:lvgl/src/extra/widgets/win/lv_win.c ****     create_header_height = header_height;
 145              		.loc 1 47 5 view .LVU26
  47:lvgl/src/extra/widgets/win/lv_win.c ****     create_header_height = header_height;
 146              		.loc 1 47 5 view .LVU27
  48:lvgl/src/extra/widgets/win/lv_win.c **** 
 147              		.loc 1 48 5 view .LVU28
  48:lvgl/src/extra/widgets/win/lv_win.c **** 
 148              		.loc 1 48 26 is_stmt 0 view .LVU29
 149 0002 054B     		ldr	r3, .L7
 150 0004 1980     		strh	r1, [r3]	@ movhi
  50:lvgl/src/extra/widgets/win/lv_win.c ****     lv_obj_class_init_obj(obj);
 151              		.loc 1 50 5 is_stmt 1 view .LVU30
  50:lvgl/src/extra/widgets/win/lv_win.c ****     lv_obj_class_init_obj(obj);
 152              		.loc 1 50 22 is_stmt 0 view .LVU31
 153 0006 0146     		mov	r1, r0
 154              	.LVL19:
  50:lvgl/src/extra/widgets/win/lv_win.c ****     lv_obj_class_init_obj(obj);
 155              		.loc 1 50 22 view .LVU32
 156 0008 0448     		ldr	r0, .L7+4
 157              	.LVL20:
  50:lvgl/src/extra/widgets/win/lv_win.c ****     lv_obj_class_init_obj(obj);
 158              		.loc 1 50 22 view .LVU33
 159 000a FFF7FEFF 		bl	lv_obj_class_create_obj
 160              	.LVL21:
  50:lvgl/src/extra/widgets/win/lv_win.c ****     lv_obj_class_init_obj(obj);
 161              		.loc 1 50 22 view .LVU34
 162 000e 0446     		mov	r4, r0
 163              	.LVL22:
  51:lvgl/src/extra/widgets/win/lv_win.c ****     return obj;
 164              		.loc 1 51 5 is_stmt 1 view .LVU35
 165 0010 FFF7FEFF 		bl	lv_obj_class_init_obj
 166              	.LVL23:
  52:lvgl/src/extra/widgets/win/lv_win.c **** }
 167              		.loc 1 52 5 view .LVU36
ARM GAS  C:\usertemp\cc22CnWj.s 			page 6


  53:lvgl/src/extra/widgets/win/lv_win.c **** 
 168              		.loc 1 53 1 is_stmt 0 view .LVU37
 169 0014 2046     		mov	r0, r4
 170 0016 10BD     		pop	{r4, pc}
 171              	.LVL24:
 172              	.L8:
  53:lvgl/src/extra/widgets/win/lv_win.c **** 
 173              		.loc 1 53 1 view .LVU38
 174              		.align	2
 175              	.L7:
 176 0018 00000000 		.word	create_header_height
 177 001c 00000000 		.word	lv_win_class
 178              		.cfi_endproc
 179              	.LFE196:
 181              		.section	.text.lv_win_get_header,"ax",%progbits
 182              		.align	1
 183              		.global	lv_win_get_header
 184              		.syntax unified
 185              		.thumb
 186              		.thumb_func
 188              	lv_win_get_header:
 189              	.LVL25:
 190              	.LFB199:
  79:lvgl/src/extra/widgets/win/lv_win.c ****     return lv_obj_get_child(win, 0);
 191              		.loc 1 79 1 is_stmt 1 view -0
 192              		.cfi_startproc
 193              		@ args = 0, pretend = 0, frame = 0
 194              		@ frame_needed = 0, uses_anonymous_args = 0
  79:lvgl/src/extra/widgets/win/lv_win.c ****     return lv_obj_get_child(win, 0);
 195              		.loc 1 79 1 is_stmt 0 view .LVU40
 196 0000 08B5     		push	{r3, lr}
 197              	.LCFI2:
 198              		.cfi_def_cfa_offset 8
 199              		.cfi_offset 3, -8
 200              		.cfi_offset 14, -4
  80:lvgl/src/extra/widgets/win/lv_win.c **** }
 201              		.loc 1 80 5 is_stmt 1 view .LVU41
  80:lvgl/src/extra/widgets/win/lv_win.c **** }
 202              		.loc 1 80 12 is_stmt 0 view .LVU42
 203 0002 0021     		movs	r1, #0
 204 0004 FFF7FEFF 		bl	lv_obj_get_child
 205              	.LVL26:
  81:lvgl/src/extra/widgets/win/lv_win.c **** 
 206              		.loc 1 81 1 view .LVU43
 207 0008 08BD     		pop	{r3, pc}
 208              		.cfi_endproc
 209              	.LFE199:
 211              		.section	.text.lv_win_add_title,"ax",%progbits
 212              		.align	1
 213              		.global	lv_win_add_title
 214              		.syntax unified
 215              		.thumb
 216              		.thumb_func
 218              	lv_win_add_title:
 219              	.LVL27:
 220              	.LFB197:
  56:lvgl/src/extra/widgets/win/lv_win.c ****     lv_obj_t * header = lv_win_get_header(win);
ARM GAS  C:\usertemp\cc22CnWj.s 			page 7


 221              		.loc 1 56 1 is_stmt 1 view -0
 222              		.cfi_startproc
 223              		@ args = 0, pretend = 0, frame = 0
 224              		@ frame_needed = 0, uses_anonymous_args = 0
  56:lvgl/src/extra/widgets/win/lv_win.c ****     lv_obj_t * header = lv_win_get_header(win);
 225              		.loc 1 56 1 is_stmt 0 view .LVU45
 226 0000 38B5     		push	{r3, r4, r5, lr}
 227              	.LCFI3:
 228              		.cfi_def_cfa_offset 16
 229              		.cfi_offset 3, -16
 230              		.cfi_offset 4, -12
 231              		.cfi_offset 5, -8
 232              		.cfi_offset 14, -4
 233 0002 0D46     		mov	r5, r1
  57:lvgl/src/extra/widgets/win/lv_win.c ****     lv_obj_t * title = lv_label_create(header);
 234              		.loc 1 57 5 is_stmt 1 view .LVU46
  57:lvgl/src/extra/widgets/win/lv_win.c ****     lv_obj_t * title = lv_label_create(header);
 235              		.loc 1 57 25 is_stmt 0 view .LVU47
 236 0004 FFF7FEFF 		bl	lv_win_get_header
 237              	.LVL28:
  58:lvgl/src/extra/widgets/win/lv_win.c ****     lv_label_set_long_mode(title, LV_LABEL_LONG_DOT);
 238              		.loc 1 58 5 is_stmt 1 view .LVU48
  58:lvgl/src/extra/widgets/win/lv_win.c ****     lv_label_set_long_mode(title, LV_LABEL_LONG_DOT);
 239              		.loc 1 58 24 is_stmt 0 view .LVU49
 240 0008 FFF7FEFF 		bl	lv_label_create
 241              	.LVL29:
  58:lvgl/src/extra/widgets/win/lv_win.c ****     lv_label_set_long_mode(title, LV_LABEL_LONG_DOT);
 242              		.loc 1 58 24 view .LVU50
 243 000c 0446     		mov	r4, r0
 244              	.LVL30:
  59:lvgl/src/extra/widgets/win/lv_win.c ****     lv_label_set_text(title, txt);
 245              		.loc 1 59 5 is_stmt 1 view .LVU51
 246 000e 0121     		movs	r1, #1
 247 0010 FFF7FEFF 		bl	lv_label_set_long_mode
 248              	.LVL31:
  60:lvgl/src/extra/widgets/win/lv_win.c ****     lv_obj_set_flex_grow(title, 1);
 249              		.loc 1 60 5 view .LVU52
 250 0014 2946     		mov	r1, r5
 251 0016 2046     		mov	r0, r4
 252 0018 FFF7FEFF 		bl	lv_label_set_text
 253              	.LVL32:
  61:lvgl/src/extra/widgets/win/lv_win.c ****     return title;
 254              		.loc 1 61 5 view .LVU53
 255 001c 0121     		movs	r1, #1
 256 001e 2046     		mov	r0, r4
 257 0020 FFF7FEFF 		bl	lv_obj_set_flex_grow
 258              	.LVL33:
  62:lvgl/src/extra/widgets/win/lv_win.c **** }
 259              		.loc 1 62 5 view .LVU54
  63:lvgl/src/extra/widgets/win/lv_win.c **** 
 260              		.loc 1 63 1 is_stmt 0 view .LVU55
 261 0024 2046     		mov	r0, r4
 262 0026 38BD     		pop	{r3, r4, r5, pc}
  63:lvgl/src/extra/widgets/win/lv_win.c **** 
 263              		.loc 1 63 1 view .LVU56
 264              		.cfi_endproc
 265              	.LFE197:
ARM GAS  C:\usertemp\cc22CnWj.s 			page 8


 267              		.section	.text.lv_win_add_btn,"ax",%progbits
 268              		.align	1
 269              		.global	lv_win_add_btn
 270              		.syntax unified
 271              		.thumb
 272              		.thumb_func
 274              	lv_win_add_btn:
 275              	.LVL34:
 276              	.LFB198:
  66:lvgl/src/extra/widgets/win/lv_win.c ****     lv_obj_t * header = lv_win_get_header(win);
 277              		.loc 1 66 1 is_stmt 1 view -0
 278              		.cfi_startproc
 279              		@ args = 0, pretend = 0, frame = 0
 280              		@ frame_needed = 0, uses_anonymous_args = 0
  66:lvgl/src/extra/widgets/win/lv_win.c ****     lv_obj_t * header = lv_win_get_header(win);
 281              		.loc 1 66 1 is_stmt 0 view .LVU58
 282 0000 70B5     		push	{r4, r5, r6, lr}
 283              	.LCFI4:
 284              		.cfi_def_cfa_offset 16
 285              		.cfi_offset 4, -16
 286              		.cfi_offset 5, -12
 287              		.cfi_offset 6, -8
 288              		.cfi_offset 14, -4
 289 0002 0E46     		mov	r6, r1
 290 0004 1546     		mov	r5, r2
  67:lvgl/src/extra/widgets/win/lv_win.c ****     lv_obj_t * btn = lv_btn_create(header);
 291              		.loc 1 67 5 is_stmt 1 view .LVU59
  67:lvgl/src/extra/widgets/win/lv_win.c ****     lv_obj_t * btn = lv_btn_create(header);
 292              		.loc 1 67 25 is_stmt 0 view .LVU60
 293 0006 FFF7FEFF 		bl	lv_win_get_header
 294              	.LVL35:
  68:lvgl/src/extra/widgets/win/lv_win.c ****     lv_obj_set_size(btn, btn_w, LV_PCT(100));
 295              		.loc 1 68 5 is_stmt 1 view .LVU61
  68:lvgl/src/extra/widgets/win/lv_win.c ****     lv_obj_set_size(btn, btn_w, LV_PCT(100));
 296              		.loc 1 68 22 is_stmt 0 view .LVU62
 297 000a FFF7FEFF 		bl	lv_btn_create
 298              	.LVL36:
  68:lvgl/src/extra/widgets/win/lv_win.c ****     lv_obj_set_size(btn, btn_w, LV_PCT(100));
 299              		.loc 1 68 22 view .LVU63
 300 000e 0446     		mov	r4, r0
 301              	.LVL37:
  69:lvgl/src/extra/widgets/win/lv_win.c **** 
 302              		.loc 1 69 5 is_stmt 1 view .LVU64
 303 0010 42F26402 		movw	r2, #8292
 304 0014 2946     		mov	r1, r5
 305 0016 FFF7FEFF 		bl	lv_obj_set_size
 306              	.LVL38:
  71:lvgl/src/extra/widgets/win/lv_win.c ****     lv_img_set_src(img, icon);
 307              		.loc 1 71 5 view .LVU65
  71:lvgl/src/extra/widgets/win/lv_win.c ****     lv_img_set_src(img, icon);
 308              		.loc 1 71 22 is_stmt 0 view .LVU66
 309 001a 2046     		mov	r0, r4
 310 001c FFF7FEFF 		bl	lv_img_create
 311              	.LVL39:
 312 0020 0546     		mov	r5, r0
 313              	.LVL40:
  72:lvgl/src/extra/widgets/win/lv_win.c ****     lv_obj_align(img, LV_ALIGN_CENTER, 0, 0);
ARM GAS  C:\usertemp\cc22CnWj.s 			page 9


 314              		.loc 1 72 5 is_stmt 1 view .LVU67
 315 0022 3146     		mov	r1, r6
 316 0024 FFF7FEFF 		bl	lv_img_set_src
 317              	.LVL41:
  73:lvgl/src/extra/widgets/win/lv_win.c **** 
 318              		.loc 1 73 5 view .LVU68
 319 0028 0023     		movs	r3, #0
 320 002a 1A46     		mov	r2, r3
 321 002c 0921     		movs	r1, #9
 322 002e 2846     		mov	r0, r5
 323 0030 FFF7FEFF 		bl	lv_obj_align
 324              	.LVL42:
  75:lvgl/src/extra/widgets/win/lv_win.c **** }
 325              		.loc 1 75 5 view .LVU69
  76:lvgl/src/extra/widgets/win/lv_win.c **** 
 326              		.loc 1 76 1 is_stmt 0 view .LVU70
 327 0034 2046     		mov	r0, r4
 328 0036 70BD     		pop	{r4, r5, r6, pc}
  76:lvgl/src/extra/widgets/win/lv_win.c **** 
 329              		.loc 1 76 1 view .LVU71
 330              		.cfi_endproc
 331              	.LFE198:
 333              		.section	.text.lv_win_get_content,"ax",%progbits
 334              		.align	1
 335              		.global	lv_win_get_content
 336              		.syntax unified
 337              		.thumb
 338              		.thumb_func
 340              	lv_win_get_content:
 341              	.LVL43:
 342              	.LFB200:
  84:lvgl/src/extra/widgets/win/lv_win.c ****     return lv_obj_get_child(win, 1);
 343              		.loc 1 84 1 is_stmt 1 view -0
 344              		.cfi_startproc
 345              		@ args = 0, pretend = 0, frame = 0
 346              		@ frame_needed = 0, uses_anonymous_args = 0
  84:lvgl/src/extra/widgets/win/lv_win.c ****     return lv_obj_get_child(win, 1);
 347              		.loc 1 84 1 is_stmt 0 view .LVU73
 348 0000 08B5     		push	{r3, lr}
 349              	.LCFI5:
 350              		.cfi_def_cfa_offset 8
 351              		.cfi_offset 3, -8
 352              		.cfi_offset 14, -4
  85:lvgl/src/extra/widgets/win/lv_win.c **** }
 353              		.loc 1 85 5 is_stmt 1 view .LVU74
  85:lvgl/src/extra/widgets/win/lv_win.c **** }
 354              		.loc 1 85 12 is_stmt 0 view .LVU75
 355 0002 0121     		movs	r1, #1
 356 0004 FFF7FEFF 		bl	lv_obj_get_child
 357              	.LVL44:
  86:lvgl/src/extra/widgets/win/lv_win.c **** 
 358              		.loc 1 86 1 view .LVU76
 359 0008 08BD     		pop	{r3, pc}
 360              		.cfi_endproc
 361              	.LFE200:
 363              		.section	.bss.create_header_height,"aw",%nobits
 364              		.align	1
ARM GAS  C:\usertemp\cc22CnWj.s 			page 10


 367              	create_header_height:
 368 0000 0000     		.space	2
 369              		.global	lv_win_class
 370              		.section	.rodata.lv_win_class,"a"
 371              		.align	2
 374              	lv_win_class:
 375 0000 00000000 		.word	lv_obj_class
 376 0004 00000000 		.word	lv_win_constructor
 377 0008 00000000 		.space	12
 377      00000000 
 377      00000000 
 378 0014 6420     		.short	8292
 379 0016 6420     		.short	8292
 380 0018 40       		.byte	64
 381 0019 02       		.byte	2
 382 001a 00       		.byte	0
 383 001b 00       		.space	1
 384              		.text
 385              	.Letext0:
 386              		.file 2 "D:/armtoolchain/arm-gnu-toolchain-13.3.rel1-mingw-w64-i686-arm-none-eabi/arm-none-eabi/in
 387              		.file 3 "D:/armtoolchain/arm-gnu-toolchain-13.3.rel1-mingw-w64-i686-arm-none-eabi/arm-none-eabi/in
 388              		.file 4 "D:/update_2024EL/changeform/743zit6/lvgl/src/misc/lv_area.h"
 389              		.file 5 "D:/update_2024EL/changeform/743zit6/lvgl/src/misc/lv_color.h"
 390              		.file 6 "D:/update_2024EL/changeform/743zit6/lvgl/src/misc/lv_style.h"
 391              		.file 7 "lvgl/src/extra/widgets/win/../../../../src/core/lv_obj.h"
 392              		.file 8 "D:/update_2024EL/changeform/743zit6/lvgl/src/misc/lv_ll.h"
 393              		.file 9 "lvgl/src/extra/widgets/win/../../../../src/core/lv_group.h"
 394              		.file 10 "lvgl/src/extra/widgets/win/../../../../src/core/lv_obj_scroll.h"
 395              		.file 11 "lvgl/src/extra/widgets/win/../../../../src/core/lv_obj_style.h"
 396              		.file 12 "lvgl/src/extra/widgets/win/../../../../src/core/lv_obj_class.h"
 397              		.file 13 "lvgl/src/extra/widgets/win/../../../../src/core/lv_event.h"
 398              		.file 14 "lvgl/src/extra/widgets/win/../../../../src/widgets/lv_label.h"
 399              		.file 15 "lvgl/src/extra/widgets/win/../../../../src/widgets/lv_bar.h"
 400              		.file 16 "D:/update_2024EL/changeform/743zit6/lvgl/src/extra/layouts/flex/lv_flex.h"
 401              		.file 17 "lvgl/src/extra/widgets/win/../../../../src/extra/widgets/imgbtn/lv_imgbtn.h"
 402              		.file 18 "lvgl/src/extra/widgets/win/lv_win.h"
 403              		.file 19 "D:/update_2024EL/changeform/743zit6/lvgl/src/core/lv_obj_pos.h"
 404              		.file 20 "lvgl/src/extra/widgets/win/../../../../src/widgets/lv_img.h"
 405              		.file 21 "lvgl/src/extra/widgets/win/../../../../src/core/lv_obj_tree.h"
 406              		.file 22 "lvgl/src/extra/widgets/win/../../../../src/widgets/lv_btn.h"
ARM GAS  C:\usertemp\cc22CnWj.s 			page 11


DEFINED SYMBOLS
                            *ABS*:00000000 lv_win.c
C:\usertemp\cc22CnWj.s:20     .text.lv_win_constructor:00000000 $t
C:\usertemp\cc22CnWj.s:25     .text.lv_win_constructor:00000000 lv_win_constructor
C:\usertemp\cc22CnWj.s:120    .text.lv_win_constructor:00000070 $d
C:\usertemp\cc22CnWj.s:367    .bss.create_header_height:00000000 create_header_height
C:\usertemp\cc22CnWj.s:125    .text.lv_win_create:00000000 $t
C:\usertemp\cc22CnWj.s:131    .text.lv_win_create:00000000 lv_win_create
C:\usertemp\cc22CnWj.s:176    .text.lv_win_create:00000018 $d
C:\usertemp\cc22CnWj.s:374    .rodata.lv_win_class:00000000 lv_win_class
C:\usertemp\cc22CnWj.s:182    .text.lv_win_get_header:00000000 $t
C:\usertemp\cc22CnWj.s:188    .text.lv_win_get_header:00000000 lv_win_get_header
C:\usertemp\cc22CnWj.s:212    .text.lv_win_add_title:00000000 $t
C:\usertemp\cc22CnWj.s:218    .text.lv_win_add_title:00000000 lv_win_add_title
C:\usertemp\cc22CnWj.s:268    .text.lv_win_add_btn:00000000 $t
C:\usertemp\cc22CnWj.s:274    .text.lv_win_add_btn:00000000 lv_win_add_btn
C:\usertemp\cc22CnWj.s:334    .text.lv_win_get_content:00000000 $t
C:\usertemp\cc22CnWj.s:340    .text.lv_win_get_content:00000000 lv_win_get_content
C:\usertemp\cc22CnWj.s:364    .bss.create_header_height:00000000 $d
C:\usertemp\cc22CnWj.s:371    .rodata.lv_win_class:00000000 $d

UNDEFINED SYMBOLS
lv_obj_get_parent
lv_obj_get_width
lv_obj_get_height
lv_obj_set_size
lv_obj_set_flex_flow
lv_obj_create
lv_obj_set_flex_align
lv_obj_set_flex_grow
lv_obj_set_width
lv_obj_class_create_obj
lv_obj_class_init_obj
lv_obj_get_child
lv_label_create
lv_label_set_long_mode
lv_label_set_text
lv_btn_create
lv_img_create
lv_img_set_src
lv_obj_align
lv_obj_class
