ARM GAS  C:\Users\zdy\AppData\Local\Temp\ccZdt3H2.s 			page 1


   1              		.cpu cortex-m7
   2              		.arch armv7e-m
   3              		.fpu fpv5-d16
   4              		.eabi_attribute 28, 1
   5              		.eabi_attribute 20, 1
   6              		.eabi_attribute 21, 1
   7              		.eabi_attribute 23, 3
   8              		.eabi_attribute 24, 1
   9              		.eabi_attribute 25, 1
  10              		.eabi_attribute 26, 1
  11              		.eabi_attribute 30, 1
  12              		.eabi_attribute 34, 1
  13              		.eabi_attribute 18, 4
  14              		.file	"netbuf.c"
  15              		.text
  16              	.Ltext0:
  17              		.cfi_sections	.debug_frame
  18              		.section	.text.netbuf_new,"ax",%progbits
  19              		.align	1
  20              		.global	netbuf_new
  21              		.syntax unified
  22              		.thumb
  23              		.thumb_func
  25              	netbuf_new:
  26              	.LFB359:
  27              		.file 1 "Middlewares/Third_Party/LwIP/src/api/netbuf.c"
   1:Middlewares/Third_Party/LwIP/src/api/netbuf.c **** /**
   2:Middlewares/Third_Party/LwIP/src/api/netbuf.c ****  * @file
   3:Middlewares/Third_Party/LwIP/src/api/netbuf.c ****  * Network buffer management
   4:Middlewares/Third_Party/LwIP/src/api/netbuf.c ****  *
   5:Middlewares/Third_Party/LwIP/src/api/netbuf.c ****  * @defgroup netbuf Network buffers
   6:Middlewares/Third_Party/LwIP/src/api/netbuf.c ****  * @ingroup netconn
   7:Middlewares/Third_Party/LwIP/src/api/netbuf.c ****  * Network buffer descriptor for @ref netconn. Based on @ref pbuf internally
   8:Middlewares/Third_Party/LwIP/src/api/netbuf.c ****  * to avoid copying data around.\n
   9:Middlewares/Third_Party/LwIP/src/api/netbuf.c ****  * Buffers must not be shared accross multiple threads, all functions except
  10:Middlewares/Third_Party/LwIP/src/api/netbuf.c ****  * netbuf_new() and netbuf_delete() are not thread-safe.
  11:Middlewares/Third_Party/LwIP/src/api/netbuf.c ****  */
  12:Middlewares/Third_Party/LwIP/src/api/netbuf.c **** 
  13:Middlewares/Third_Party/LwIP/src/api/netbuf.c **** /*
  14:Middlewares/Third_Party/LwIP/src/api/netbuf.c ****  * Copyright (c) 2001-2004 Swedish Institute of Computer Science.
  15:Middlewares/Third_Party/LwIP/src/api/netbuf.c ****  * All rights reserved.
  16:Middlewares/Third_Party/LwIP/src/api/netbuf.c ****  *
  17:Middlewares/Third_Party/LwIP/src/api/netbuf.c ****  * Redistribution and use in source and binary forms, with or without modification,
  18:Middlewares/Third_Party/LwIP/src/api/netbuf.c ****  * are permitted provided that the following conditions are met:
  19:Middlewares/Third_Party/LwIP/src/api/netbuf.c ****  *
  20:Middlewares/Third_Party/LwIP/src/api/netbuf.c ****  * 1. Redistributions of source code must retain the above copyright notice,
  21:Middlewares/Third_Party/LwIP/src/api/netbuf.c ****  *    this list of conditions and the following disclaimer.
  22:Middlewares/Third_Party/LwIP/src/api/netbuf.c ****  * 2. Redistributions in binary form must reproduce the above copyright notice,
  23:Middlewares/Third_Party/LwIP/src/api/netbuf.c ****  *    this list of conditions and the following disclaimer in the documentation
  24:Middlewares/Third_Party/LwIP/src/api/netbuf.c ****  *    and/or other materials provided with the distribution.
  25:Middlewares/Third_Party/LwIP/src/api/netbuf.c ****  * 3. The name of the author may not be used to endorse or promote products
  26:Middlewares/Third_Party/LwIP/src/api/netbuf.c ****  *    derived from this software without specific prior written permission.
  27:Middlewares/Third_Party/LwIP/src/api/netbuf.c ****  *
  28:Middlewares/Third_Party/LwIP/src/api/netbuf.c ****  * THIS SOFTWARE IS PROVIDED BY THE AUTHOR ``AS IS'' AND ANY EXPRESS OR IMPLIED
  29:Middlewares/Third_Party/LwIP/src/api/netbuf.c ****  * WARRANTIES, INCLUDING, BUT NOT LIMITED TO, THE IMPLIED WARRANTIES OF
  30:Middlewares/Third_Party/LwIP/src/api/netbuf.c ****  * MERCHANTABILITY AND FITNESS FOR A PARTICULAR PURPOSE ARE DISCLAIMED. IN NO EVENT
  31:Middlewares/Third_Party/LwIP/src/api/netbuf.c ****  * SHALL THE AUTHOR BE LIABLE FOR ANY DIRECT, INDIRECT, INCIDENTAL, SPECIAL,
ARM GAS  C:\Users\zdy\AppData\Local\Temp\ccZdt3H2.s 			page 2


  32:Middlewares/Third_Party/LwIP/src/api/netbuf.c ****  * EXEMPLARY, OR CONSEQUENTIAL DAMAGES (INCLUDING, BUT NOT LIMITED TO, PROCUREMENT
  33:Middlewares/Third_Party/LwIP/src/api/netbuf.c ****  * OF SUBSTITUTE GOODS OR SERVICES; LOSS OF USE, DATA, OR PROFITS; OR BUSINESS
  34:Middlewares/Third_Party/LwIP/src/api/netbuf.c ****  * INTERRUPTION) HOWEVER CAUSED AND ON ANY THEORY OF LIABILITY, WHETHER IN
  35:Middlewares/Third_Party/LwIP/src/api/netbuf.c ****  * CONTRACT, STRICT LIABILITY, OR TORT (INCLUDING NEGLIGENCE OR OTHERWISE) ARISING
  36:Middlewares/Third_Party/LwIP/src/api/netbuf.c ****  * IN ANY WAY OUT OF THE USE OF THIS SOFTWARE, EVEN IF ADVISED OF THE POSSIBILITY
  37:Middlewares/Third_Party/LwIP/src/api/netbuf.c ****  * OF SUCH DAMAGE.
  38:Middlewares/Third_Party/LwIP/src/api/netbuf.c ****  *
  39:Middlewares/Third_Party/LwIP/src/api/netbuf.c ****  * This file is part of the lwIP TCP/IP stack.
  40:Middlewares/Third_Party/LwIP/src/api/netbuf.c ****  *
  41:Middlewares/Third_Party/LwIP/src/api/netbuf.c ****  * Author: Adam Dunkels <adam@sics.se>
  42:Middlewares/Third_Party/LwIP/src/api/netbuf.c ****  *
  43:Middlewares/Third_Party/LwIP/src/api/netbuf.c ****  */
  44:Middlewares/Third_Party/LwIP/src/api/netbuf.c **** 
  45:Middlewares/Third_Party/LwIP/src/api/netbuf.c **** #include "lwip/opt.h"
  46:Middlewares/Third_Party/LwIP/src/api/netbuf.c **** 
  47:Middlewares/Third_Party/LwIP/src/api/netbuf.c **** #if LWIP_NETCONN /* don't build if not configured for use in lwipopts.h */
  48:Middlewares/Third_Party/LwIP/src/api/netbuf.c **** 
  49:Middlewares/Third_Party/LwIP/src/api/netbuf.c **** #include "lwip/netbuf.h"
  50:Middlewares/Third_Party/LwIP/src/api/netbuf.c **** #include "lwip/memp.h"
  51:Middlewares/Third_Party/LwIP/src/api/netbuf.c **** 
  52:Middlewares/Third_Party/LwIP/src/api/netbuf.c **** #include <string.h>
  53:Middlewares/Third_Party/LwIP/src/api/netbuf.c **** 
  54:Middlewares/Third_Party/LwIP/src/api/netbuf.c **** /**
  55:Middlewares/Third_Party/LwIP/src/api/netbuf.c ****  * @ingroup netbuf
  56:Middlewares/Third_Party/LwIP/src/api/netbuf.c ****  * Create (allocate) and initialize a new netbuf.
  57:Middlewares/Third_Party/LwIP/src/api/netbuf.c ****  * The netbuf doesn't yet contain a packet buffer!
  58:Middlewares/Third_Party/LwIP/src/api/netbuf.c ****  *
  59:Middlewares/Third_Party/LwIP/src/api/netbuf.c ****  * @return a pointer to a new netbuf
  60:Middlewares/Third_Party/LwIP/src/api/netbuf.c ****  *         NULL on lack of memory
  61:Middlewares/Third_Party/LwIP/src/api/netbuf.c ****  */
  62:Middlewares/Third_Party/LwIP/src/api/netbuf.c **** struct
  63:Middlewares/Third_Party/LwIP/src/api/netbuf.c **** netbuf *netbuf_new(void)
  64:Middlewares/Third_Party/LwIP/src/api/netbuf.c **** {
  28              		.loc 1 64 1 view -0
  29              		.cfi_startproc
  30              		@ args = 0, pretend = 0, frame = 0
  31              		@ frame_needed = 0, uses_anonymous_args = 0
  32 0000 08B5     		push	{r3, lr}
  33              	.LCFI0:
  34              		.cfi_def_cfa_offset 8
  35              		.cfi_offset 3, -8
  36              		.cfi_offset 14, -4
  65:Middlewares/Third_Party/LwIP/src/api/netbuf.c ****   struct netbuf *buf;
  37              		.loc 1 65 3 view .LVU1
  66:Middlewares/Third_Party/LwIP/src/api/netbuf.c **** 
  67:Middlewares/Third_Party/LwIP/src/api/netbuf.c ****   buf = (struct netbuf *)memp_malloc(MEMP_NETBUF);
  38              		.loc 1 67 3 view .LVU2
  39              		.loc 1 67 26 is_stmt 0 view .LVU3
  40 0002 0620     		movs	r0, #6
  41 0004 FFF7FEFF 		bl	memp_malloc
  42              	.LVL0:
  68:Middlewares/Third_Party/LwIP/src/api/netbuf.c ****   if (buf != NULL) {
  43              		.loc 1 68 3 is_stmt 1 view .LVU4
  44              		.loc 1 68 6 is_stmt 0 view .LVU5
  45 0008 0346     		mov	r3, r0
  46 000a 20B1     		cbz	r0, .L1
  69:Middlewares/Third_Party/LwIP/src/api/netbuf.c ****     memset(buf, 0, sizeof(struct netbuf));
ARM GAS  C:\Users\zdy\AppData\Local\Temp\ccZdt3H2.s 			page 3


  47              		.loc 1 69 5 is_stmt 1 view .LVU6
  48 000c 0022     		movs	r2, #0
  49 000e 0260     		str	r2, [r0]	@ unaligned
  50 0010 4260     		str	r2, [r0, #4]	@ unaligned
  51 0012 8260     		str	r2, [r0, #8]	@ unaligned
  52 0014 C260     		str	r2, [r0, #12]	@ unaligned
  70:Middlewares/Third_Party/LwIP/src/api/netbuf.c ****   }
  71:Middlewares/Third_Party/LwIP/src/api/netbuf.c ****   return buf;
  53              		.loc 1 71 3 view .LVU7
  54              	.L1:
  72:Middlewares/Third_Party/LwIP/src/api/netbuf.c **** }
  55              		.loc 1 72 1 is_stmt 0 view .LVU8
  56 0016 1846     		mov	r0, r3
  57              	.LVL1:
  58              		.loc 1 72 1 view .LVU9
  59 0018 08BD     		pop	{r3, pc}
  60              		.loc 1 72 1 view .LVU10
  61              		.cfi_endproc
  62              	.LFE359:
  64              		.section	.text.netbuf_delete,"ax",%progbits
  65              		.align	1
  66              		.global	netbuf_delete
  67              		.syntax unified
  68              		.thumb
  69              		.thumb_func
  71              	netbuf_delete:
  72              	.LVL2:
  73              	.LFB360:
  73:Middlewares/Third_Party/LwIP/src/api/netbuf.c **** 
  74:Middlewares/Third_Party/LwIP/src/api/netbuf.c **** /**
  75:Middlewares/Third_Party/LwIP/src/api/netbuf.c ****  * @ingroup netbuf
  76:Middlewares/Third_Party/LwIP/src/api/netbuf.c ****  * Deallocate a netbuf allocated by netbuf_new().
  77:Middlewares/Third_Party/LwIP/src/api/netbuf.c ****  *
  78:Middlewares/Third_Party/LwIP/src/api/netbuf.c ****  * @param buf pointer to a netbuf allocated by netbuf_new()
  79:Middlewares/Third_Party/LwIP/src/api/netbuf.c ****  */
  80:Middlewares/Third_Party/LwIP/src/api/netbuf.c **** void
  81:Middlewares/Third_Party/LwIP/src/api/netbuf.c **** netbuf_delete(struct netbuf *buf)
  82:Middlewares/Third_Party/LwIP/src/api/netbuf.c **** {
  74              		.loc 1 82 1 is_stmt 1 view -0
  75              		.cfi_startproc
  76              		@ args = 0, pretend = 0, frame = 0
  77              		@ frame_needed = 0, uses_anonymous_args = 0
  83:Middlewares/Third_Party/LwIP/src/api/netbuf.c ****   if (buf != NULL) {
  78              		.loc 1 83 3 view .LVU12
  79              		.loc 1 83 6 is_stmt 0 view .LVU13
  80 0000 68B1     		cbz	r0, .L8
  82:Middlewares/Third_Party/LwIP/src/api/netbuf.c ****   if (buf != NULL) {
  81              		.loc 1 82 1 view .LVU14
  82 0002 10B5     		push	{r4, lr}
  83              	.LCFI1:
  84              		.cfi_def_cfa_offset 8
  85              		.cfi_offset 4, -8
  86              		.cfi_offset 14, -4
  87 0004 0446     		mov	r4, r0
  84:Middlewares/Third_Party/LwIP/src/api/netbuf.c ****     if (buf->p != NULL) {
  88              		.loc 1 84 5 is_stmt 1 view .LVU15
  89              		.loc 1 84 12 is_stmt 0 view .LVU16
ARM GAS  C:\Users\zdy\AppData\Local\Temp\ccZdt3H2.s 			page 4


  90 0006 0068     		ldr	r0, [r0]
  91              	.LVL3:
  92              		.loc 1 84 8 view .LVU17
  93 0008 20B1     		cbz	r0, .L6
  85:Middlewares/Third_Party/LwIP/src/api/netbuf.c ****       pbuf_free(buf->p);
  94              		.loc 1 85 7 is_stmt 1 view .LVU18
  95 000a FFF7FEFF 		bl	pbuf_free
  96              	.LVL4:
  86:Middlewares/Third_Party/LwIP/src/api/netbuf.c ****       buf->p = buf->ptr = NULL;
  97              		.loc 1 86 7 view .LVU19
  98              		.loc 1 86 25 is_stmt 0 view .LVU20
  99 000e 0023     		movs	r3, #0
 100 0010 6360     		str	r3, [r4, #4]
 101              		.loc 1 86 14 view .LVU21
 102 0012 2360     		str	r3, [r4]
 103              	.L6:
  87:Middlewares/Third_Party/LwIP/src/api/netbuf.c ****     }
  88:Middlewares/Third_Party/LwIP/src/api/netbuf.c ****     memp_free(MEMP_NETBUF, buf);
 104              		.loc 1 88 5 is_stmt 1 view .LVU22
 105 0014 2146     		mov	r1, r4
 106 0016 0620     		movs	r0, #6
 107 0018 FFF7FEFF 		bl	memp_free
 108              	.LVL5:
  89:Middlewares/Third_Party/LwIP/src/api/netbuf.c ****   }
  90:Middlewares/Third_Party/LwIP/src/api/netbuf.c **** }
 109              		.loc 1 90 1 is_stmt 0 view .LVU23
 110 001c 10BD     		pop	{r4, pc}
 111              	.LVL6:
 112              	.L8:
 113              	.LCFI2:
 114              		.cfi_def_cfa_offset 0
 115              		.cfi_restore 4
 116              		.cfi_restore 14
 117              		.loc 1 90 1 view .LVU24
 118 001e 7047     		bx	lr
 119              		.cfi_endproc
 120              	.LFE360:
 122              		.section	.rodata.netbuf_alloc.str1.4,"aMS",%progbits,1
 123              		.align	2
 124              	.LC0:
 125 0000 4D696464 		.ascii	"Middlewares/Third_Party/LwIP/src/api/netbuf.c\000"
 125      6C657761 
 125      7265732F 
 125      54686972 
 125      645F5061 
 126 002e 0000     		.align	2
 127              	.LC1:
 128 0030 6E657462 		.ascii	"netbuf_alloc: invalid buf\000"
 128      75665F61 
 128      6C6C6F63 
 128      3A20696E 
 128      76616C69 
 129 004a 0000     		.align	2
 130              	.LC2:
 131 004c 41737365 		.ascii	"Assertion \"%s\" failed at line %d in %s\012\000"
 131      7274696F 
 131      6E202225 
ARM GAS  C:\Users\zdy\AppData\Local\Temp\ccZdt3H2.s 			page 5


 131      73222066 
 131      61696C65 
 132              		.align	2
 133              	.LC3:
 134 0074 63686563 		.ascii	"check that first pbuf can hold size\000"
 134      6B207468 
 134      61742066 
 134      69727374 
 134      20706275 
 135              		.section	.text.netbuf_alloc,"ax",%progbits
 136              		.align	1
 137              		.global	netbuf_alloc
 138              		.syntax unified
 139              		.thumb
 140              		.thumb_func
 142              	netbuf_alloc:
 143              	.LVL7:
 144              	.LFB361:
  91:Middlewares/Third_Party/LwIP/src/api/netbuf.c **** 
  92:Middlewares/Third_Party/LwIP/src/api/netbuf.c **** /**
  93:Middlewares/Third_Party/LwIP/src/api/netbuf.c ****  * @ingroup netbuf
  94:Middlewares/Third_Party/LwIP/src/api/netbuf.c ****  * Allocate memory for a packet buffer for a given netbuf.
  95:Middlewares/Third_Party/LwIP/src/api/netbuf.c ****  *
  96:Middlewares/Third_Party/LwIP/src/api/netbuf.c ****  * @param buf the netbuf for which to allocate a packet buffer
  97:Middlewares/Third_Party/LwIP/src/api/netbuf.c ****  * @param size the size of the packet buffer to allocate
  98:Middlewares/Third_Party/LwIP/src/api/netbuf.c ****  * @return pointer to the allocated memory
  99:Middlewares/Third_Party/LwIP/src/api/netbuf.c ****  *         NULL if no memory could be allocated
 100:Middlewares/Third_Party/LwIP/src/api/netbuf.c ****  */
 101:Middlewares/Third_Party/LwIP/src/api/netbuf.c **** void *
 102:Middlewares/Third_Party/LwIP/src/api/netbuf.c **** netbuf_alloc(struct netbuf *buf, u16_t size)
 103:Middlewares/Third_Party/LwIP/src/api/netbuf.c **** {
 145              		.loc 1 103 1 is_stmt 1 view -0
 146              		.cfi_startproc
 147              		@ args = 0, pretend = 0, frame = 0
 148              		@ frame_needed = 0, uses_anonymous_args = 0
 149              		.loc 1 103 1 is_stmt 0 view .LVU26
 150 0000 38B5     		push	{r3, r4, r5, lr}
 151              	.LCFI3:
 152              		.cfi_def_cfa_offset 16
 153              		.cfi_offset 3, -16
 154              		.cfi_offset 4, -12
 155              		.cfi_offset 5, -8
 156              		.cfi_offset 14, -4
 104:Middlewares/Third_Party/LwIP/src/api/netbuf.c ****   LWIP_ERROR("netbuf_alloc: invalid buf", (buf != NULL), return NULL;);
 157              		.loc 1 104 3 is_stmt 1 view .LVU27
 158              		.loc 1 104 3 view .LVU28
 159 0002 0546     		mov	r5, r0
 160 0004 98B1     		cbz	r0, .L17
 161 0006 0C46     		mov	r4, r1
 162              		.loc 1 104 3 discriminator 2 view .LVU29
 163              		.loc 1 104 3 discriminator 2 view .LVU30
 105:Middlewares/Third_Party/LwIP/src/api/netbuf.c **** 
 106:Middlewares/Third_Party/LwIP/src/api/netbuf.c ****   /* Deallocate any previously allocated memory. */
 107:Middlewares/Third_Party/LwIP/src/api/netbuf.c ****   if (buf->p != NULL) {
 164              		.loc 1 107 3 discriminator 2 view .LVU31
 165              		.loc 1 107 10 is_stmt 0 discriminator 2 view .LVU32
 166 0008 0068     		ldr	r0, [r0]
ARM GAS  C:\Users\zdy\AppData\Local\Temp\ccZdt3H2.s 			page 6


 167              	.LVL8:
 168              		.loc 1 107 6 discriminator 2 view .LVU33
 169 000a 08B1     		cbz	r0, .L14
 108:Middlewares/Third_Party/LwIP/src/api/netbuf.c ****     pbuf_free(buf->p);
 170              		.loc 1 108 5 is_stmt 1 view .LVU34
 171 000c FFF7FEFF 		bl	pbuf_free
 172              	.LVL9:
 173              	.L14:
 109:Middlewares/Third_Party/LwIP/src/api/netbuf.c ****   }
 110:Middlewares/Third_Party/LwIP/src/api/netbuf.c ****   buf->p = pbuf_alloc(PBUF_TRANSPORT, size, PBUF_RAM);
 174              		.loc 1 110 3 view .LVU35
 175              		.loc 1 110 12 is_stmt 0 view .LVU36
 176 0010 4FF42072 		mov	r2, #640
 177 0014 2146     		mov	r1, r4
 178 0016 3620     		movs	r0, #54
 179 0018 FFF7FEFF 		bl	pbuf_alloc
 180              	.LVL10:
 181              		.loc 1 110 10 view .LVU37
 182 001c 2860     		str	r0, [r5]
 111:Middlewares/Third_Party/LwIP/src/api/netbuf.c ****   if (buf->p == NULL) {
 183              		.loc 1 111 3 is_stmt 1 view .LVU38
 184              		.loc 1 111 6 is_stmt 0 view .LVU39
 185 001e 28B1     		cbz	r0, .L11
 112:Middlewares/Third_Party/LwIP/src/api/netbuf.c ****     return NULL;
 113:Middlewares/Third_Party/LwIP/src/api/netbuf.c ****   }
 114:Middlewares/Third_Party/LwIP/src/api/netbuf.c ****   LWIP_ASSERT("check that first pbuf can hold size",
 186              		.loc 1 114 3 is_stmt 1 view .LVU40
 187              		.loc 1 114 3 view .LVU41
 188 0020 4389     		ldrh	r3, [r0, #10]
 189 0022 A342     		cmp	r3, r4
 190 0024 0BD3     		bcc	.L18
 191              	.L15:
 192              		.loc 1 114 3 discriminator 3 view .LVU42
 193              		.loc 1 114 3 discriminator 3 view .LVU43
 115:Middlewares/Third_Party/LwIP/src/api/netbuf.c ****               (buf->p->len >= size));
 116:Middlewares/Third_Party/LwIP/src/api/netbuf.c ****   buf->ptr = buf->p;
 194              		.loc 1 116 3 discriminator 3 view .LVU44
 195              		.loc 1 116 17 is_stmt 0 discriminator 3 view .LVU45
 196 0026 2B68     		ldr	r3, [r5]
 197              		.loc 1 116 12 discriminator 3 view .LVU46
 198 0028 6B60     		str	r3, [r5, #4]
 117:Middlewares/Third_Party/LwIP/src/api/netbuf.c ****   return buf->p->payload;
 199              		.loc 1 117 3 is_stmt 1 discriminator 3 view .LVU47
 200              		.loc 1 117 16 is_stmt 0 discriminator 3 view .LVU48
 201 002a 5868     		ldr	r0, [r3, #4]
 202              	.L11:
 118:Middlewares/Third_Party/LwIP/src/api/netbuf.c **** }
 203              		.loc 1 118 1 view .LVU49
 204 002c 38BD     		pop	{r3, r4, r5, pc}
 205              	.LVL11:
 206              	.L17:
 104:Middlewares/Third_Party/LwIP/src/api/netbuf.c **** 
 207              		.loc 1 104 3 is_stmt 1 discriminator 1 view .LVU50
 104:Middlewares/Third_Party/LwIP/src/api/netbuf.c **** 
 208              		.loc 1 104 3 discriminator 1 view .LVU51
 209 002e 074B     		ldr	r3, .L19
 210 0030 6822     		movs	r2, #104
ARM GAS  C:\Users\zdy\AppData\Local\Temp\ccZdt3H2.s 			page 7


 211 0032 0749     		ldr	r1, .L19+4
 212              	.LVL12:
 104:Middlewares/Third_Party/LwIP/src/api/netbuf.c **** 
 213              		.loc 1 104 3 is_stmt 0 discriminator 1 view .LVU52
 214 0034 0748     		ldr	r0, .L19+8
 215              	.LVL13:
 104:Middlewares/Third_Party/LwIP/src/api/netbuf.c **** 
 216              		.loc 1 104 3 discriminator 1 view .LVU53
 217 0036 FFF7FEFF 		bl	printf
 218              	.LVL14:
 104:Middlewares/Third_Party/LwIP/src/api/netbuf.c **** 
 219              		.loc 1 104 3 is_stmt 1 discriminator 1 view .LVU54
 104:Middlewares/Third_Party/LwIP/src/api/netbuf.c **** 
 220              		.loc 1 104 3 discriminator 1 view .LVU55
 221 003a 2846     		mov	r0, r5
 222 003c F6E7     		b	.L11
 223              	.L18:
 114:Middlewares/Third_Party/LwIP/src/api/netbuf.c ****               (buf->p->len >= size));
 224              		.loc 1 114 3 discriminator 1 view .LVU56
 114:Middlewares/Third_Party/LwIP/src/api/netbuf.c ****               (buf->p->len >= size));
 225              		.loc 1 114 3 discriminator 1 view .LVU57
 226 003e 034B     		ldr	r3, .L19
 227 0040 7222     		movs	r2, #114
 228 0042 0549     		ldr	r1, .L19+12
 229 0044 0348     		ldr	r0, .L19+8
 230 0046 FFF7FEFF 		bl	printf
 231              	.LVL15:
 232 004a ECE7     		b	.L15
 233              	.L20:
 234              		.align	2
 235              	.L19:
 236 004c 00000000 		.word	.LC0
 237 0050 30000000 		.word	.LC1
 238 0054 4C000000 		.word	.LC2
 239 0058 74000000 		.word	.LC3
 240              		.cfi_endproc
 241              	.LFE361:
 243              		.section	.rodata.netbuf_free.str1.4,"aMS",%progbits,1
 244              		.align	2
 245              	.LC4:
 246 0000 6E657462 		.ascii	"netbuf_free: invalid buf\000"
 246      75665F66 
 246      7265653A 
 246      20696E76 
 246      616C6964 
 247              		.section	.text.netbuf_free,"ax",%progbits
 248              		.align	1
 249              		.global	netbuf_free
 250              		.syntax unified
 251              		.thumb
 252              		.thumb_func
 254              	netbuf_free:
 255              	.LVL16:
 256              	.LFB362:
 119:Middlewares/Third_Party/LwIP/src/api/netbuf.c **** 
 120:Middlewares/Third_Party/LwIP/src/api/netbuf.c **** /**
 121:Middlewares/Third_Party/LwIP/src/api/netbuf.c ****  * @ingroup netbuf
ARM GAS  C:\Users\zdy\AppData\Local\Temp\ccZdt3H2.s 			page 8


 122:Middlewares/Third_Party/LwIP/src/api/netbuf.c ****  * Free the packet buffer included in a netbuf
 123:Middlewares/Third_Party/LwIP/src/api/netbuf.c ****  *
 124:Middlewares/Third_Party/LwIP/src/api/netbuf.c ****  * @param buf pointer to the netbuf which contains the packet buffer to free
 125:Middlewares/Third_Party/LwIP/src/api/netbuf.c ****  */
 126:Middlewares/Third_Party/LwIP/src/api/netbuf.c **** void
 127:Middlewares/Third_Party/LwIP/src/api/netbuf.c **** netbuf_free(struct netbuf *buf)
 128:Middlewares/Third_Party/LwIP/src/api/netbuf.c **** {
 257              		.loc 1 128 1 view -0
 258              		.cfi_startproc
 259              		@ args = 0, pretend = 0, frame = 0
 260              		@ frame_needed = 0, uses_anonymous_args = 0
 261              		.loc 1 128 1 is_stmt 0 view .LVU59
 262 0000 10B5     		push	{r4, lr}
 263              	.LCFI4:
 264              		.cfi_def_cfa_offset 8
 265              		.cfi_offset 4, -8
 266              		.cfi_offset 14, -4
 129:Middlewares/Third_Party/LwIP/src/api/netbuf.c ****   LWIP_ERROR("netbuf_free: invalid buf", (buf != NULL), return;);
 267              		.loc 1 129 3 is_stmt 1 view .LVU60
 268              		.loc 1 129 3 view .LVU61
 269 0002 40B1     		cbz	r0, .L26
 270 0004 0446     		mov	r4, r0
 271              		.loc 1 129 3 discriminator 2 view .LVU62
 272              		.loc 1 129 3 discriminator 2 view .LVU63
 130:Middlewares/Third_Party/LwIP/src/api/netbuf.c ****   if (buf->p != NULL) {
 273              		.loc 1 130 3 discriminator 2 view .LVU64
 274              		.loc 1 130 10 is_stmt 0 discriminator 2 view .LVU65
 275 0006 0068     		ldr	r0, [r0]
 276              	.LVL17:
 277              		.loc 1 130 6 discriminator 2 view .LVU66
 278 0008 08B1     		cbz	r0, .L24
 131:Middlewares/Third_Party/LwIP/src/api/netbuf.c ****     pbuf_free(buf->p);
 279              		.loc 1 131 5 is_stmt 1 view .LVU67
 280 000a FFF7FEFF 		bl	pbuf_free
 281              	.LVL18:
 282              	.L24:
 132:Middlewares/Third_Party/LwIP/src/api/netbuf.c ****   }
 133:Middlewares/Third_Party/LwIP/src/api/netbuf.c ****   buf->p = buf->ptr = NULL;
 283              		.loc 1 133 3 view .LVU68
 284              		.loc 1 133 21 is_stmt 0 view .LVU69
 285 000e 0023     		movs	r3, #0
 286 0010 6360     		str	r3, [r4, #4]
 287              		.loc 1 133 10 view .LVU70
 288 0012 2360     		str	r3, [r4]
 289              	.LVL19:
 290              	.L21:
 134:Middlewares/Third_Party/LwIP/src/api/netbuf.c **** #if LWIP_CHECKSUM_ON_COPY
 135:Middlewares/Third_Party/LwIP/src/api/netbuf.c ****   buf->flags = 0;
 136:Middlewares/Third_Party/LwIP/src/api/netbuf.c ****   buf->toport_chksum = 0;
 137:Middlewares/Third_Party/LwIP/src/api/netbuf.c **** #endif /* LWIP_CHECKSUM_ON_COPY */
 138:Middlewares/Third_Party/LwIP/src/api/netbuf.c **** }
 291              		.loc 1 138 1 view .LVU71
 292 0014 10BD     		pop	{r4, pc}
 293              	.LVL20:
 294              	.L26:
 129:Middlewares/Third_Party/LwIP/src/api/netbuf.c ****   if (buf->p != NULL) {
 295              		.loc 1 129 3 is_stmt 1 discriminator 1 view .LVU72
ARM GAS  C:\Users\zdy\AppData\Local\Temp\ccZdt3H2.s 			page 9


 129:Middlewares/Third_Party/LwIP/src/api/netbuf.c ****   if (buf->p != NULL) {
 296              		.loc 1 129 3 discriminator 1 view .LVU73
 297 0016 034B     		ldr	r3, .L27
 298 0018 8122     		movs	r2, #129
 299 001a 0349     		ldr	r1, .L27+4
 300 001c 0348     		ldr	r0, .L27+8
 301              	.LVL21:
 129:Middlewares/Third_Party/LwIP/src/api/netbuf.c ****   if (buf->p != NULL) {
 302              		.loc 1 129 3 is_stmt 0 discriminator 1 view .LVU74
 303 001e FFF7FEFF 		bl	printf
 304              	.LVL22:
 129:Middlewares/Third_Party/LwIP/src/api/netbuf.c ****   if (buf->p != NULL) {
 305              		.loc 1 129 3 is_stmt 1 discriminator 1 view .LVU75
 129:Middlewares/Third_Party/LwIP/src/api/netbuf.c ****   if (buf->p != NULL) {
 306              		.loc 1 129 3 discriminator 1 view .LVU76
 307 0022 F7E7     		b	.L21
 308              	.L28:
 309              		.align	2
 310              	.L27:
 311 0024 00000000 		.word	.LC0
 312 0028 00000000 		.word	.LC4
 313 002c 4C000000 		.word	.LC2
 314              		.cfi_endproc
 315              	.LFE362:
 317              		.section	.rodata.netbuf_ref.str1.4,"aMS",%progbits,1
 318              		.align	2
 319              	.LC5:
 320 0000 6E657462 		.ascii	"netbuf_ref: invalid buf\000"
 320      75665F72 
 320      65663A20 
 320      696E7661 
 320      6C696420 
 321              		.section	.text.netbuf_ref,"ax",%progbits
 322              		.align	1
 323              		.global	netbuf_ref
 324              		.syntax unified
 325              		.thumb
 326              		.thumb_func
 328              	netbuf_ref:
 329              	.LVL23:
 330              	.LFB363:
 139:Middlewares/Third_Party/LwIP/src/api/netbuf.c **** 
 140:Middlewares/Third_Party/LwIP/src/api/netbuf.c **** /**
 141:Middlewares/Third_Party/LwIP/src/api/netbuf.c ****  * @ingroup netbuf
 142:Middlewares/Third_Party/LwIP/src/api/netbuf.c ****  * Let a netbuf reference existing (non-volatile) data.
 143:Middlewares/Third_Party/LwIP/src/api/netbuf.c ****  *
 144:Middlewares/Third_Party/LwIP/src/api/netbuf.c ****  * @param buf netbuf which should reference the data
 145:Middlewares/Third_Party/LwIP/src/api/netbuf.c ****  * @param dataptr pointer to the data to reference
 146:Middlewares/Third_Party/LwIP/src/api/netbuf.c ****  * @param size size of the data
 147:Middlewares/Third_Party/LwIP/src/api/netbuf.c ****  * @return ERR_OK if data is referenced
 148:Middlewares/Third_Party/LwIP/src/api/netbuf.c ****  *         ERR_MEM if data couldn't be referenced due to lack of memory
 149:Middlewares/Third_Party/LwIP/src/api/netbuf.c ****  */
 150:Middlewares/Third_Party/LwIP/src/api/netbuf.c **** err_t
 151:Middlewares/Third_Party/LwIP/src/api/netbuf.c **** netbuf_ref(struct netbuf *buf, const void *dataptr, u16_t size)
 152:Middlewares/Third_Party/LwIP/src/api/netbuf.c **** {
 331              		.loc 1 152 1 view -0
 332              		.cfi_startproc
ARM GAS  C:\Users\zdy\AppData\Local\Temp\ccZdt3H2.s 			page 10


 333              		@ args = 0, pretend = 0, frame = 0
 334              		@ frame_needed = 0, uses_anonymous_args = 0
 335              		.loc 1 152 1 is_stmt 0 view .LVU78
 336 0000 70B5     		push	{r4, r5, r6, lr}
 337              	.LCFI5:
 338              		.cfi_def_cfa_offset 16
 339              		.cfi_offset 4, -16
 340              		.cfi_offset 5, -12
 341              		.cfi_offset 6, -8
 342              		.cfi_offset 14, -4
 153:Middlewares/Third_Party/LwIP/src/api/netbuf.c ****   LWIP_ERROR("netbuf_ref: invalid buf", (buf != NULL), return ERR_ARG;);
 343              		.loc 1 153 3 is_stmt 1 view .LVU79
 344              		.loc 1 153 3 view .LVU80
 345 0002 B0B1     		cbz	r0, .L35
 346 0004 0E46     		mov	r6, r1
 347 0006 1546     		mov	r5, r2
 348 0008 0446     		mov	r4, r0
 349              		.loc 1 153 3 discriminator 2 view .LVU81
 350              		.loc 1 153 3 discriminator 2 view .LVU82
 154:Middlewares/Third_Party/LwIP/src/api/netbuf.c ****   if (buf->p != NULL) {
 351              		.loc 1 154 3 discriminator 2 view .LVU83
 352              		.loc 1 154 10 is_stmt 0 discriminator 2 view .LVU84
 353 000a 0068     		ldr	r0, [r0]
 354              	.LVL24:
 355              		.loc 1 154 6 discriminator 2 view .LVU85
 356 000c 08B1     		cbz	r0, .L32
 155:Middlewares/Third_Party/LwIP/src/api/netbuf.c ****     pbuf_free(buf->p);
 357              		.loc 1 155 5 is_stmt 1 view .LVU86
 358 000e FFF7FEFF 		bl	pbuf_free
 359              	.LVL25:
 360              	.L32:
 156:Middlewares/Third_Party/LwIP/src/api/netbuf.c ****   }
 157:Middlewares/Third_Party/LwIP/src/api/netbuf.c ****   buf->p = pbuf_alloc(PBUF_TRANSPORT, 0, PBUF_REF);
 361              		.loc 1 157 3 view .LVU87
 362              		.loc 1 157 12 is_stmt 0 view .LVU88
 363 0012 4122     		movs	r2, #65
 364 0014 0021     		movs	r1, #0
 365 0016 3620     		movs	r0, #54
 366 0018 FFF7FEFF 		bl	pbuf_alloc
 367              	.LVL26:
 368              		.loc 1 157 10 view .LVU89
 369 001c 2060     		str	r0, [r4]
 158:Middlewares/Third_Party/LwIP/src/api/netbuf.c ****   if (buf->p == NULL) {
 370              		.loc 1 158 3 is_stmt 1 view .LVU90
 371              		.loc 1 158 6 is_stmt 0 view .LVU91
 372 001e 88B1     		cbz	r0, .L36
 159:Middlewares/Third_Party/LwIP/src/api/netbuf.c ****     buf->ptr = NULL;
 160:Middlewares/Third_Party/LwIP/src/api/netbuf.c ****     return ERR_MEM;
 161:Middlewares/Third_Party/LwIP/src/api/netbuf.c ****   }
 162:Middlewares/Third_Party/LwIP/src/api/netbuf.c ****   ((struct pbuf_rom *)buf->p)->payload = dataptr;
 373              		.loc 1 162 3 is_stmt 1 view .LVU92
 374              		.loc 1 162 40 is_stmt 0 view .LVU93
 375 0020 4660     		str	r6, [r0, #4]
 163:Middlewares/Third_Party/LwIP/src/api/netbuf.c ****   buf->p->len = buf->p->tot_len = size;
 376              		.loc 1 163 3 is_stmt 1 view .LVU94
 377              		.loc 1 163 20 is_stmt 0 view .LVU95
 378 0022 2368     		ldr	r3, [r4]
ARM GAS  C:\Users\zdy\AppData\Local\Temp\ccZdt3H2.s 			page 11


 379              		.loc 1 163 33 view .LVU96
 380 0024 1D81     		strh	r5, [r3, #8]	@ movhi
 381              		.loc 1 163 6 view .LVU97
 382 0026 2368     		ldr	r3, [r4]
 383              		.loc 1 163 15 view .LVU98
 384 0028 5D81     		strh	r5, [r3, #10]	@ movhi
 164:Middlewares/Third_Party/LwIP/src/api/netbuf.c ****   buf->ptr = buf->p;
 385              		.loc 1 164 3 is_stmt 1 view .LVU99
 386              		.loc 1 164 17 is_stmt 0 view .LVU100
 387 002a 2368     		ldr	r3, [r4]
 388              		.loc 1 164 12 view .LVU101
 389 002c 6360     		str	r3, [r4, #4]
 165:Middlewares/Third_Party/LwIP/src/api/netbuf.c ****   return ERR_OK;
 390              		.loc 1 165 3 is_stmt 1 view .LVU102
 391              		.loc 1 165 10 is_stmt 0 view .LVU103
 392 002e 0020     		movs	r0, #0
 393              	.LVL27:
 394              	.L31:
 166:Middlewares/Third_Party/LwIP/src/api/netbuf.c **** }
 395              		.loc 1 166 1 view .LVU104
 396 0030 70BD     		pop	{r4, r5, r6, pc}
 397              	.LVL28:
 398              	.L35:
 153:Middlewares/Third_Party/LwIP/src/api/netbuf.c ****   if (buf->p != NULL) {
 399              		.loc 1 153 3 is_stmt 1 discriminator 1 view .LVU105
 153:Middlewares/Third_Party/LwIP/src/api/netbuf.c ****   if (buf->p != NULL) {
 400              		.loc 1 153 3 discriminator 1 view .LVU106
 401 0032 074B     		ldr	r3, .L37
 402 0034 9922     		movs	r2, #153
 403              	.LVL29:
 153:Middlewares/Third_Party/LwIP/src/api/netbuf.c ****   if (buf->p != NULL) {
 404              		.loc 1 153 3 is_stmt 0 discriminator 1 view .LVU107
 405 0036 0749     		ldr	r1, .L37+4
 406              	.LVL30:
 153:Middlewares/Third_Party/LwIP/src/api/netbuf.c ****   if (buf->p != NULL) {
 407              		.loc 1 153 3 discriminator 1 view .LVU108
 408 0038 0748     		ldr	r0, .L37+8
 409              	.LVL31:
 153:Middlewares/Third_Party/LwIP/src/api/netbuf.c ****   if (buf->p != NULL) {
 410              		.loc 1 153 3 discriminator 1 view .LVU109
 411 003a FFF7FEFF 		bl	printf
 412              	.LVL32:
 153:Middlewares/Third_Party/LwIP/src/api/netbuf.c ****   if (buf->p != NULL) {
 413              		.loc 1 153 3 is_stmt 1 discriminator 1 view .LVU110
 153:Middlewares/Third_Party/LwIP/src/api/netbuf.c ****   if (buf->p != NULL) {
 414              		.loc 1 153 3 discriminator 1 view .LVU111
 415 003e 6FF00F00 		mvn	r0, #15
 416 0042 F5E7     		b	.L31
 417              	.LVL33:
 418              	.L36:
 159:Middlewares/Third_Party/LwIP/src/api/netbuf.c ****     return ERR_MEM;
 419              		.loc 1 159 5 view .LVU112
 159:Middlewares/Third_Party/LwIP/src/api/netbuf.c ****     return ERR_MEM;
 420              		.loc 1 159 14 is_stmt 0 view .LVU113
 421 0044 0023     		movs	r3, #0
 422 0046 6360     		str	r3, [r4, #4]
 160:Middlewares/Third_Party/LwIP/src/api/netbuf.c ****   }
ARM GAS  C:\Users\zdy\AppData\Local\Temp\ccZdt3H2.s 			page 12


 423              		.loc 1 160 5 is_stmt 1 view .LVU114
 160:Middlewares/Third_Party/LwIP/src/api/netbuf.c ****   }
 424              		.loc 1 160 12 is_stmt 0 view .LVU115
 425 0048 4FF0FF30 		mov	r0, #-1
 426 004c F0E7     		b	.L31
 427              	.L38:
 428 004e 00BF     		.align	2
 429              	.L37:
 430 0050 00000000 		.word	.LC0
 431 0054 00000000 		.word	.LC5
 432 0058 4C000000 		.word	.LC2
 433              		.cfi_endproc
 434              	.LFE363:
 436              		.section	.rodata.netbuf_chain.str1.4,"aMS",%progbits,1
 437              		.align	2
 438              	.LC6:
 439 0000 6E657462 		.ascii	"netbuf_chain: invalid head\000"
 439      75665F63 
 439      6861696E 
 439      3A20696E 
 439      76616C69 
 440 001b 00       		.align	2
 441              	.LC7:
 442 001c 6E657462 		.ascii	"netbuf_chain: invalid tail\000"
 442      75665F63 
 442      6861696E 
 442      3A20696E 
 442      76616C69 
 443              		.section	.text.netbuf_chain,"ax",%progbits
 444              		.align	1
 445              		.global	netbuf_chain
 446              		.syntax unified
 447              		.thumb
 448              		.thumb_func
 450              	netbuf_chain:
 451              	.LVL34:
 452              	.LFB364:
 167:Middlewares/Third_Party/LwIP/src/api/netbuf.c **** 
 168:Middlewares/Third_Party/LwIP/src/api/netbuf.c **** /**
 169:Middlewares/Third_Party/LwIP/src/api/netbuf.c ****  * @ingroup netbuf
 170:Middlewares/Third_Party/LwIP/src/api/netbuf.c ****  * Chain one netbuf to another (@see pbuf_chain)
 171:Middlewares/Third_Party/LwIP/src/api/netbuf.c ****  *
 172:Middlewares/Third_Party/LwIP/src/api/netbuf.c ****  * @param head the first netbuf
 173:Middlewares/Third_Party/LwIP/src/api/netbuf.c ****  * @param tail netbuf to chain after head, freed by this function, may not be reference after retur
 174:Middlewares/Third_Party/LwIP/src/api/netbuf.c ****  */
 175:Middlewares/Third_Party/LwIP/src/api/netbuf.c **** void
 176:Middlewares/Third_Party/LwIP/src/api/netbuf.c **** netbuf_chain(struct netbuf *head, struct netbuf *tail)
 177:Middlewares/Third_Party/LwIP/src/api/netbuf.c **** {
 453              		.loc 1 177 1 is_stmt 1 view -0
 454              		.cfi_startproc
 455              		@ args = 0, pretend = 0, frame = 0
 456              		@ frame_needed = 0, uses_anonymous_args = 0
 457              		.loc 1 177 1 is_stmt 0 view .LVU117
 458 0000 38B5     		push	{r3, r4, r5, lr}
 459              	.LCFI6:
 460              		.cfi_def_cfa_offset 16
 461              		.cfi_offset 3, -16
ARM GAS  C:\Users\zdy\AppData\Local\Temp\ccZdt3H2.s 			page 13


 462              		.cfi_offset 4, -12
 463              		.cfi_offset 5, -8
 464              		.cfi_offset 14, -4
 178:Middlewares/Third_Party/LwIP/src/api/netbuf.c ****   LWIP_ERROR("netbuf_chain: invalid head", (head != NULL), return;);
 465              		.loc 1 178 3 is_stmt 1 view .LVU118
 466              		.loc 1 178 3 view .LVU119
 467 0002 68B1     		cbz	r0, .L44
 468 0004 0C46     		mov	r4, r1
 469 0006 0546     		mov	r5, r0
 470              		.loc 1 178 3 discriminator 2 view .LVU120
 471              		.loc 1 178 3 discriminator 2 view .LVU121
 179:Middlewares/Third_Party/LwIP/src/api/netbuf.c ****   LWIP_ERROR("netbuf_chain: invalid tail", (tail != NULL), return;);
 472              		.loc 1 179 3 discriminator 2 view .LVU122
 473              		.loc 1 179 3 discriminator 2 view .LVU123
 474 0008 89B1     		cbz	r1, .L45
 475              		.loc 1 179 3 discriminator 2 view .LVU124
 476              		.loc 1 179 3 discriminator 2 view .LVU125
 180:Middlewares/Third_Party/LwIP/src/api/netbuf.c ****   pbuf_cat(head->p, tail->p);
 477              		.loc 1 180 3 discriminator 2 view .LVU126
 478 000a 0968     		ldr	r1, [r1]
 479              	.LVL35:
 480              		.loc 1 180 3 is_stmt 0 discriminator 2 view .LVU127
 481 000c 0068     		ldr	r0, [r0]
 482              	.LVL36:
 483              		.loc 1 180 3 discriminator 2 view .LVU128
 484 000e FFF7FEFF 		bl	pbuf_cat
 485              	.LVL37:
 181:Middlewares/Third_Party/LwIP/src/api/netbuf.c ****   head->ptr = head->p;
 486              		.loc 1 181 3 is_stmt 1 discriminator 2 view .LVU129
 487              		.loc 1 181 19 is_stmt 0 discriminator 2 view .LVU130
 488 0012 2B68     		ldr	r3, [r5]
 489              		.loc 1 181 13 discriminator 2 view .LVU131
 490 0014 6B60     		str	r3, [r5, #4]
 182:Middlewares/Third_Party/LwIP/src/api/netbuf.c ****   memp_free(MEMP_NETBUF, tail);
 491              		.loc 1 182 3 is_stmt 1 discriminator 2 view .LVU132
 492 0016 2146     		mov	r1, r4
 493 0018 0620     		movs	r0, #6
 494 001a FFF7FEFF 		bl	memp_free
 495              	.LVL38:
 496              	.L39:
 183:Middlewares/Third_Party/LwIP/src/api/netbuf.c **** }
 497              		.loc 1 183 1 is_stmt 0 view .LVU133
 498 001e 38BD     		pop	{r3, r4, r5, pc}
 499              	.LVL39:
 500              	.L44:
 178:Middlewares/Third_Party/LwIP/src/api/netbuf.c ****   LWIP_ERROR("netbuf_chain: invalid tail", (tail != NULL), return;);
 501              		.loc 1 178 3 is_stmt 1 discriminator 1 view .LVU134
 178:Middlewares/Third_Party/LwIP/src/api/netbuf.c ****   LWIP_ERROR("netbuf_chain: invalid tail", (tail != NULL), return;);
 502              		.loc 1 178 3 discriminator 1 view .LVU135
 503 0020 064B     		ldr	r3, .L46
 504 0022 B222     		movs	r2, #178
 505 0024 0649     		ldr	r1, .L46+4
 506              	.LVL40:
 178:Middlewares/Third_Party/LwIP/src/api/netbuf.c ****   LWIP_ERROR("netbuf_chain: invalid tail", (tail != NULL), return;);
 507              		.loc 1 178 3 is_stmt 0 discriminator 1 view .LVU136
 508 0026 0748     		ldr	r0, .L46+8
 509              	.LVL41:
ARM GAS  C:\Users\zdy\AppData\Local\Temp\ccZdt3H2.s 			page 14


 178:Middlewares/Third_Party/LwIP/src/api/netbuf.c ****   LWIP_ERROR("netbuf_chain: invalid tail", (tail != NULL), return;);
 510              		.loc 1 178 3 discriminator 1 view .LVU137
 511 0028 FFF7FEFF 		bl	printf
 512              	.LVL42:
 178:Middlewares/Third_Party/LwIP/src/api/netbuf.c ****   LWIP_ERROR("netbuf_chain: invalid tail", (tail != NULL), return;);
 513              		.loc 1 178 3 is_stmt 1 discriminator 1 view .LVU138
 178:Middlewares/Third_Party/LwIP/src/api/netbuf.c ****   LWIP_ERROR("netbuf_chain: invalid tail", (tail != NULL), return;);
 514              		.loc 1 178 3 discriminator 1 view .LVU139
 515 002c F7E7     		b	.L39
 516              	.LVL43:
 517              	.L45:
 179:Middlewares/Third_Party/LwIP/src/api/netbuf.c ****   pbuf_cat(head->p, tail->p);
 518              		.loc 1 179 3 discriminator 1 view .LVU140
 179:Middlewares/Third_Party/LwIP/src/api/netbuf.c ****   pbuf_cat(head->p, tail->p);
 519              		.loc 1 179 3 discriminator 1 view .LVU141
 520 002e 034B     		ldr	r3, .L46
 521 0030 B322     		movs	r2, #179
 522 0032 0549     		ldr	r1, .L46+12
 523              	.LVL44:
 179:Middlewares/Third_Party/LwIP/src/api/netbuf.c ****   pbuf_cat(head->p, tail->p);
 524              		.loc 1 179 3 is_stmt 0 discriminator 1 view .LVU142
 525 0034 0348     		ldr	r0, .L46+8
 526              	.LVL45:
 179:Middlewares/Third_Party/LwIP/src/api/netbuf.c ****   pbuf_cat(head->p, tail->p);
 527              		.loc 1 179 3 discriminator 1 view .LVU143
 528 0036 FFF7FEFF 		bl	printf
 529              	.LVL46:
 179:Middlewares/Third_Party/LwIP/src/api/netbuf.c ****   pbuf_cat(head->p, tail->p);
 530              		.loc 1 179 3 is_stmt 1 discriminator 1 view .LVU144
 179:Middlewares/Third_Party/LwIP/src/api/netbuf.c ****   pbuf_cat(head->p, tail->p);
 531              		.loc 1 179 3 discriminator 1 view .LVU145
 532 003a F0E7     		b	.L39
 533              	.L47:
 534              		.align	2
 535              	.L46:
 536 003c 00000000 		.word	.LC0
 537 0040 00000000 		.word	.LC6
 538 0044 4C000000 		.word	.LC2
 539 0048 1C000000 		.word	.LC7
 540              		.cfi_endproc
 541              	.LFE364:
 543              		.section	.rodata.netbuf_data.str1.4,"aMS",%progbits,1
 544              		.align	2
 545              	.LC8:
 546 0000 6E657462 		.ascii	"netbuf_data: invalid buf\000"
 546      75665F64 
 546      6174613A 
 546      20696E76 
 546      616C6964 
 547 0019 000000   		.align	2
 548              	.LC9:
 549 001c 6E657462 		.ascii	"netbuf_data: invalid dataptr\000"
 549      75665F64 
 549      6174613A 
 549      20696E76 
 549      616C6964 
 550 0039 000000   		.align	2
ARM GAS  C:\Users\zdy\AppData\Local\Temp\ccZdt3H2.s 			page 15


 551              	.LC10:
 552 003c 6E657462 		.ascii	"netbuf_data: invalid len\000"
 552      75665F64 
 552      6174613A 
 552      20696E76 
 552      616C6964 
 553              		.section	.text.netbuf_data,"ax",%progbits
 554              		.align	1
 555              		.global	netbuf_data
 556              		.syntax unified
 557              		.thumb
 558              		.thumb_func
 560              	netbuf_data:
 561              	.LVL47:
 562              	.LFB365:
 184:Middlewares/Third_Party/LwIP/src/api/netbuf.c **** 
 185:Middlewares/Third_Party/LwIP/src/api/netbuf.c **** /**
 186:Middlewares/Third_Party/LwIP/src/api/netbuf.c ****  * @ingroup netbuf
 187:Middlewares/Third_Party/LwIP/src/api/netbuf.c ****  * Get the data pointer and length of the data inside a netbuf.
 188:Middlewares/Third_Party/LwIP/src/api/netbuf.c ****  *
 189:Middlewares/Third_Party/LwIP/src/api/netbuf.c ****  * @param buf netbuf to get the data from
 190:Middlewares/Third_Party/LwIP/src/api/netbuf.c ****  * @param dataptr pointer to a void pointer where to store the data pointer
 191:Middlewares/Third_Party/LwIP/src/api/netbuf.c ****  * @param len pointer to an u16_t where the length of the data is stored
 192:Middlewares/Third_Party/LwIP/src/api/netbuf.c ****  * @return ERR_OK if the information was retrieved,
 193:Middlewares/Third_Party/LwIP/src/api/netbuf.c ****  *         ERR_BUF on error.
 194:Middlewares/Third_Party/LwIP/src/api/netbuf.c ****  */
 195:Middlewares/Third_Party/LwIP/src/api/netbuf.c **** err_t
 196:Middlewares/Third_Party/LwIP/src/api/netbuf.c **** netbuf_data(struct netbuf *buf, void **dataptr, u16_t *len)
 197:Middlewares/Third_Party/LwIP/src/api/netbuf.c **** {
 563              		.loc 1 197 1 view -0
 564              		.cfi_startproc
 565              		@ args = 0, pretend = 0, frame = 0
 566              		@ frame_needed = 0, uses_anonymous_args = 0
 567              		.loc 1 197 1 is_stmt 0 view .LVU147
 568 0000 08B5     		push	{r3, lr}
 569              	.LCFI7:
 570              		.cfi_def_cfa_offset 8
 571              		.cfi_offset 3, -8
 572              		.cfi_offset 14, -4
 198:Middlewares/Third_Party/LwIP/src/api/netbuf.c ****   LWIP_ERROR("netbuf_data: invalid buf", (buf != NULL), return ERR_ARG;);
 573              		.loc 1 198 3 is_stmt 1 view .LVU148
 574              		.loc 1 198 3 view .LVU149
 575 0002 58B1     		cbz	r0, .L55
 576 0004 0346     		mov	r3, r0
 577              		.loc 1 198 3 discriminator 2 view .LVU150
 578              		.loc 1 198 3 discriminator 2 view .LVU151
 199:Middlewares/Third_Party/LwIP/src/api/netbuf.c ****   LWIP_ERROR("netbuf_data: invalid dataptr", (dataptr != NULL), return ERR_ARG;);
 579              		.loc 1 199 3 discriminator 2 view .LVU152
 580              		.loc 1 199 3 discriminator 2 view .LVU153
 581 0006 91B1     		cbz	r1, .L56
 582              		.loc 1 199 3 discriminator 2 view .LVU154
 583              		.loc 1 199 3 discriminator 2 view .LVU155
 200:Middlewares/Third_Party/LwIP/src/api/netbuf.c ****   LWIP_ERROR("netbuf_data: invalid len", (len != NULL), return ERR_ARG;);
 584              		.loc 1 200 3 discriminator 2 view .LVU156
 585              		.loc 1 200 3 discriminator 2 view .LVU157
 586 0008 D2B1     		cbz	r2, .L57
 587              		.loc 1 200 3 discriminator 2 view .LVU158
ARM GAS  C:\Users\zdy\AppData\Local\Temp\ccZdt3H2.s 			page 16


 588              		.loc 1 200 3 discriminator 2 view .LVU159
 201:Middlewares/Third_Party/LwIP/src/api/netbuf.c **** 
 202:Middlewares/Third_Party/LwIP/src/api/netbuf.c ****   if (buf->ptr == NULL) {
 589              		.loc 1 202 3 discriminator 2 view .LVU160
 590              		.loc 1 202 10 is_stmt 0 discriminator 2 view .LVU161
 591 000a 4068     		ldr	r0, [r0, #4]
 592              	.LVL48:
 593              		.loc 1 202 6 discriminator 2 view .LVU162
 594 000c 08B3     		cbz	r0, .L53
 203:Middlewares/Third_Party/LwIP/src/api/netbuf.c ****     return ERR_BUF;
 204:Middlewares/Third_Party/LwIP/src/api/netbuf.c ****   }
 205:Middlewares/Third_Party/LwIP/src/api/netbuf.c ****   *dataptr = buf->ptr->payload;
 595              		.loc 1 205 3 is_stmt 1 view .LVU163
 596              		.loc 1 205 22 is_stmt 0 view .LVU164
 597 000e 4068     		ldr	r0, [r0, #4]
 598              		.loc 1 205 12 view .LVU165
 599 0010 0860     		str	r0, [r1]
 206:Middlewares/Third_Party/LwIP/src/api/netbuf.c ****   *len = buf->ptr->len;
 600              		.loc 1 206 3 is_stmt 1 view .LVU166
 601              		.loc 1 206 13 is_stmt 0 view .LVU167
 602 0012 5B68     		ldr	r3, [r3, #4]
 603              	.LVL49:
 604              		.loc 1 206 18 view .LVU168
 605 0014 5B89     		ldrh	r3, [r3, #10]
 606              		.loc 1 206 8 view .LVU169
 607 0016 1380     		strh	r3, [r2]	@ movhi
 207:Middlewares/Third_Party/LwIP/src/api/netbuf.c ****   return ERR_OK;
 608              		.loc 1 207 3 is_stmt 1 view .LVU170
 609              		.loc 1 207 10 is_stmt 0 view .LVU171
 610 0018 0020     		movs	r0, #0
 611              	.LVL50:
 612              	.L50:
 208:Middlewares/Third_Party/LwIP/src/api/netbuf.c **** }
 613              		.loc 1 208 1 view .LVU172
 614 001a 08BD     		pop	{r3, pc}
 615              	.LVL51:
 616              	.L55:
 198:Middlewares/Third_Party/LwIP/src/api/netbuf.c ****   LWIP_ERROR("netbuf_data: invalid dataptr", (dataptr != NULL), return ERR_ARG;);
 617              		.loc 1 198 3 is_stmt 1 discriminator 1 view .LVU173
 198:Middlewares/Third_Party/LwIP/src/api/netbuf.c ****   LWIP_ERROR("netbuf_data: invalid dataptr", (dataptr != NULL), return ERR_ARG;);
 618              		.loc 1 198 3 discriminator 1 view .LVU174
 619 001c 0E4B     		ldr	r3, .L58
 620 001e C622     		movs	r2, #198
 621              	.LVL52:
 198:Middlewares/Third_Party/LwIP/src/api/netbuf.c ****   LWIP_ERROR("netbuf_data: invalid dataptr", (dataptr != NULL), return ERR_ARG;);
 622              		.loc 1 198 3 is_stmt 0 discriminator 1 view .LVU175
 623 0020 0E49     		ldr	r1, .L58+4
 624              	.LVL53:
 198:Middlewares/Third_Party/LwIP/src/api/netbuf.c ****   LWIP_ERROR("netbuf_data: invalid dataptr", (dataptr != NULL), return ERR_ARG;);
 625              		.loc 1 198 3 discriminator 1 view .LVU176
 626 0022 0F48     		ldr	r0, .L58+8
 627              	.LVL54:
 198:Middlewares/Third_Party/LwIP/src/api/netbuf.c ****   LWIP_ERROR("netbuf_data: invalid dataptr", (dataptr != NULL), return ERR_ARG;);
 628              		.loc 1 198 3 discriminator 1 view .LVU177
 629 0024 FFF7FEFF 		bl	printf
 630              	.LVL55:
 198:Middlewares/Third_Party/LwIP/src/api/netbuf.c ****   LWIP_ERROR("netbuf_data: invalid dataptr", (dataptr != NULL), return ERR_ARG;);
ARM GAS  C:\Users\zdy\AppData\Local\Temp\ccZdt3H2.s 			page 17


 631              		.loc 1 198 3 is_stmt 1 discriminator 1 view .LVU178
 198:Middlewares/Third_Party/LwIP/src/api/netbuf.c ****   LWIP_ERROR("netbuf_data: invalid dataptr", (dataptr != NULL), return ERR_ARG;);
 632              		.loc 1 198 3 discriminator 1 view .LVU179
 633 0028 6FF00F00 		mvn	r0, #15
 634 002c F5E7     		b	.L50
 635              	.LVL56:
 636              	.L56:
 199:Middlewares/Third_Party/LwIP/src/api/netbuf.c ****   LWIP_ERROR("netbuf_data: invalid len", (len != NULL), return ERR_ARG;);
 637              		.loc 1 199 3 discriminator 1 view .LVU180
 199:Middlewares/Third_Party/LwIP/src/api/netbuf.c ****   LWIP_ERROR("netbuf_data: invalid len", (len != NULL), return ERR_ARG;);
 638              		.loc 1 199 3 discriminator 1 view .LVU181
 639 002e 0A4B     		ldr	r3, .L58
 640 0030 C722     		movs	r2, #199
 641              	.LVL57:
 199:Middlewares/Third_Party/LwIP/src/api/netbuf.c ****   LWIP_ERROR("netbuf_data: invalid len", (len != NULL), return ERR_ARG;);
 642              		.loc 1 199 3 is_stmt 0 discriminator 1 view .LVU182
 643 0032 0C49     		ldr	r1, .L58+12
 644              	.LVL58:
 199:Middlewares/Third_Party/LwIP/src/api/netbuf.c ****   LWIP_ERROR("netbuf_data: invalid len", (len != NULL), return ERR_ARG;);
 645              		.loc 1 199 3 discriminator 1 view .LVU183
 646 0034 0A48     		ldr	r0, .L58+8
 647              	.LVL59:
 199:Middlewares/Third_Party/LwIP/src/api/netbuf.c ****   LWIP_ERROR("netbuf_data: invalid len", (len != NULL), return ERR_ARG;);
 648              		.loc 1 199 3 discriminator 1 view .LVU184
 649 0036 FFF7FEFF 		bl	printf
 650              	.LVL60:
 199:Middlewares/Third_Party/LwIP/src/api/netbuf.c ****   LWIP_ERROR("netbuf_data: invalid len", (len != NULL), return ERR_ARG;);
 651              		.loc 1 199 3 is_stmt 1 discriminator 1 view .LVU185
 199:Middlewares/Third_Party/LwIP/src/api/netbuf.c ****   LWIP_ERROR("netbuf_data: invalid len", (len != NULL), return ERR_ARG;);
 652              		.loc 1 199 3 discriminator 1 view .LVU186
 653 003a 6FF00F00 		mvn	r0, #15
 654 003e ECE7     		b	.L50
 655              	.LVL61:
 656              	.L57:
 200:Middlewares/Third_Party/LwIP/src/api/netbuf.c **** 
 657              		.loc 1 200 3 discriminator 1 view .LVU187
 200:Middlewares/Third_Party/LwIP/src/api/netbuf.c **** 
 658              		.loc 1 200 3 discriminator 1 view .LVU188
 659 0040 054B     		ldr	r3, .L58
 660 0042 C822     		movs	r2, #200
 661              	.LVL62:
 200:Middlewares/Third_Party/LwIP/src/api/netbuf.c **** 
 662              		.loc 1 200 3 is_stmt 0 discriminator 1 view .LVU189
 663 0044 0849     		ldr	r1, .L58+16
 664              	.LVL63:
 200:Middlewares/Third_Party/LwIP/src/api/netbuf.c **** 
 665              		.loc 1 200 3 discriminator 1 view .LVU190
 666 0046 0648     		ldr	r0, .L58+8
 667              	.LVL64:
 200:Middlewares/Third_Party/LwIP/src/api/netbuf.c **** 
 668              		.loc 1 200 3 discriminator 1 view .LVU191
 669 0048 FFF7FEFF 		bl	printf
 670              	.LVL65:
 200:Middlewares/Third_Party/LwIP/src/api/netbuf.c **** 
 671              		.loc 1 200 3 is_stmt 1 discriminator 1 view .LVU192
 200:Middlewares/Third_Party/LwIP/src/api/netbuf.c **** 
 672              		.loc 1 200 3 discriminator 1 view .LVU193
ARM GAS  C:\Users\zdy\AppData\Local\Temp\ccZdt3H2.s 			page 18


 673 004c 6FF00F00 		mvn	r0, #15
 674 0050 E3E7     		b	.L50
 675              	.LVL66:
 676              	.L53:
 203:Middlewares/Third_Party/LwIP/src/api/netbuf.c ****   }
 677              		.loc 1 203 12 is_stmt 0 view .LVU194
 678 0052 6FF00100 		mvn	r0, #1
 679 0056 E0E7     		b	.L50
 680              	.L59:
 681              		.align	2
 682              	.L58:
 683 0058 00000000 		.word	.LC0
 684 005c 00000000 		.word	.LC8
 685 0060 4C000000 		.word	.LC2
 686 0064 1C000000 		.word	.LC9
 687 0068 3C000000 		.word	.LC10
 688              		.cfi_endproc
 689              	.LFE365:
 691              		.section	.rodata.netbuf_next.str1.4,"aMS",%progbits,1
 692              		.align	2
 693              	.LC11:
 694 0000 6E657462 		.ascii	"netbuf_next: invalid buf\000"
 694      75665F6E 
 694      6578743A 
 694      20696E76 
 694      616C6964 
 695              		.section	.text.netbuf_next,"ax",%progbits
 696              		.align	1
 697              		.global	netbuf_next
 698              		.syntax unified
 699              		.thumb
 700              		.thumb_func
 702              	netbuf_next:
 703              	.LVL67:
 704              	.LFB366:
 209:Middlewares/Third_Party/LwIP/src/api/netbuf.c **** 
 210:Middlewares/Third_Party/LwIP/src/api/netbuf.c **** /**
 211:Middlewares/Third_Party/LwIP/src/api/netbuf.c ****  * @ingroup netbuf
 212:Middlewares/Third_Party/LwIP/src/api/netbuf.c ****  * Move the current data pointer of a packet buffer contained in a netbuf
 213:Middlewares/Third_Party/LwIP/src/api/netbuf.c ****  * to the next part.
 214:Middlewares/Third_Party/LwIP/src/api/netbuf.c ****  * The packet buffer itself is not modified.
 215:Middlewares/Third_Party/LwIP/src/api/netbuf.c ****  *
 216:Middlewares/Third_Party/LwIP/src/api/netbuf.c ****  * @param buf the netbuf to modify
 217:Middlewares/Third_Party/LwIP/src/api/netbuf.c ****  * @return -1 if there is no next part
 218:Middlewares/Third_Party/LwIP/src/api/netbuf.c ****  *         1  if moved to the next part but now there is no next part
 219:Middlewares/Third_Party/LwIP/src/api/netbuf.c ****  *         0  if moved to the next part and there are still more parts
 220:Middlewares/Third_Party/LwIP/src/api/netbuf.c ****  */
 221:Middlewares/Third_Party/LwIP/src/api/netbuf.c **** s8_t
 222:Middlewares/Third_Party/LwIP/src/api/netbuf.c **** netbuf_next(struct netbuf *buf)
 223:Middlewares/Third_Party/LwIP/src/api/netbuf.c **** {
 705              		.loc 1 223 1 is_stmt 1 view -0
 706              		.cfi_startproc
 707              		@ args = 0, pretend = 0, frame = 0
 708              		@ frame_needed = 0, uses_anonymous_args = 0
 709              		.loc 1 223 1 is_stmt 0 view .LVU196
 710 0000 08B5     		push	{r3, lr}
 711              	.LCFI8:
ARM GAS  C:\Users\zdy\AppData\Local\Temp\ccZdt3H2.s 			page 19


 712              		.cfi_def_cfa_offset 8
 713              		.cfi_offset 3, -8
 714              		.cfi_offset 14, -4
 224:Middlewares/Third_Party/LwIP/src/api/netbuf.c ****   LWIP_ERROR("netbuf_next: invalid buf", (buf != NULL), return -1;);
 715              		.loc 1 224 3 is_stmt 1 view .LVU197
 716              		.loc 1 224 3 view .LVU198
 717 0002 38B1     		cbz	r0, .L66
 718              		.loc 1 224 3 discriminator 2 view .LVU199
 719              		.loc 1 224 3 discriminator 2 view .LVU200
 225:Middlewares/Third_Party/LwIP/src/api/netbuf.c ****   if (buf->ptr->next == NULL) {
 720              		.loc 1 225 3 discriminator 2 view .LVU201
 721              		.loc 1 225 10 is_stmt 0 discriminator 2 view .LVU202
 722 0004 4368     		ldr	r3, [r0, #4]
 723              		.loc 1 225 15 discriminator 2 view .LVU203
 724 0006 1B68     		ldr	r3, [r3]
 725              		.loc 1 225 6 discriminator 2 view .LVU204
 726 0008 6BB1     		cbz	r3, .L63
 226:Middlewares/Third_Party/LwIP/src/api/netbuf.c ****     return -1;
 227:Middlewares/Third_Party/LwIP/src/api/netbuf.c ****   }
 228:Middlewares/Third_Party/LwIP/src/api/netbuf.c ****   buf->ptr = buf->ptr->next;
 727              		.loc 1 228 3 is_stmt 1 view .LVU205
 728              		.loc 1 228 12 is_stmt 0 view .LVU206
 729 000a 4360     		str	r3, [r0, #4]
 229:Middlewares/Third_Party/LwIP/src/api/netbuf.c ****   if (buf->ptr->next == NULL) {
 730              		.loc 1 229 3 is_stmt 1 view .LVU207
 731              		.loc 1 229 15 is_stmt 0 view .LVU208
 732 000c 1B68     		ldr	r3, [r3]
 733              		.loc 1 229 6 view .LVU209
 734 000e 6BB1     		cbz	r3, .L64
 230:Middlewares/Third_Party/LwIP/src/api/netbuf.c ****     return 1;
 231:Middlewares/Third_Party/LwIP/src/api/netbuf.c ****   }
 232:Middlewares/Third_Party/LwIP/src/api/netbuf.c ****   return 0;
 735              		.loc 1 232 10 view .LVU210
 736 0010 0020     		movs	r0, #0
 737              	.LVL68:
 738              	.L62:
 233:Middlewares/Third_Party/LwIP/src/api/netbuf.c **** }
 739              		.loc 1 233 1 view .LVU211
 740 0012 08BD     		pop	{r3, pc}
 741              	.LVL69:
 742              	.L66:
 224:Middlewares/Third_Party/LwIP/src/api/netbuf.c ****   if (buf->ptr->next == NULL) {
 743              		.loc 1 224 3 is_stmt 1 discriminator 1 view .LVU212
 224:Middlewares/Third_Party/LwIP/src/api/netbuf.c ****   if (buf->ptr->next == NULL) {
 744              		.loc 1 224 3 discriminator 1 view .LVU213
 745 0014 064B     		ldr	r3, .L67
 746 0016 E022     		movs	r2, #224
 747 0018 0649     		ldr	r1, .L67+4
 748 001a 0748     		ldr	r0, .L67+8
 749              	.LVL70:
 224:Middlewares/Third_Party/LwIP/src/api/netbuf.c ****   if (buf->ptr->next == NULL) {
 750              		.loc 1 224 3 is_stmt 0 discriminator 1 view .LVU214
 751 001c FFF7FEFF 		bl	printf
 752              	.LVL71:
 224:Middlewares/Third_Party/LwIP/src/api/netbuf.c ****   if (buf->ptr->next == NULL) {
 753              		.loc 1 224 3 is_stmt 1 discriminator 1 view .LVU215
 224:Middlewares/Third_Party/LwIP/src/api/netbuf.c ****   if (buf->ptr->next == NULL) {
ARM GAS  C:\Users\zdy\AppData\Local\Temp\ccZdt3H2.s 			page 20


 754              		.loc 1 224 3 discriminator 1 view .LVU216
 755 0020 4FF0FF30 		mov	r0, #-1
 756 0024 F5E7     		b	.L62
 757              	.LVL72:
 758              	.L63:
 226:Middlewares/Third_Party/LwIP/src/api/netbuf.c ****   }
 759              		.loc 1 226 12 is_stmt 0 view .LVU217
 760 0026 4FF0FF30 		mov	r0, #-1
 761              	.LVL73:
 226:Middlewares/Third_Party/LwIP/src/api/netbuf.c ****   }
 762              		.loc 1 226 12 view .LVU218
 763 002a F2E7     		b	.L62
 764              	.LVL74:
 765              	.L64:
 230:Middlewares/Third_Party/LwIP/src/api/netbuf.c ****   }
 766              		.loc 1 230 12 view .LVU219
 767 002c 0120     		movs	r0, #1
 768              	.LVL75:
 230:Middlewares/Third_Party/LwIP/src/api/netbuf.c ****   }
 769              		.loc 1 230 12 view .LVU220
 770 002e F0E7     		b	.L62
 771              	.L68:
 772              		.align	2
 773              	.L67:
 774 0030 00000000 		.word	.LC0
 775 0034 00000000 		.word	.LC11
 776 0038 4C000000 		.word	.LC2
 777              		.cfi_endproc
 778              	.LFE366:
 780              		.section	.rodata.netbuf_first.str1.4,"aMS",%progbits,1
 781              		.align	2
 782              	.LC12:
 783 0000 6E657462 		.ascii	"netbuf_first: invalid buf\000"
 783      75665F66 
 783      69727374 
 783      3A20696E 
 783      76616C69 
 784              		.section	.text.netbuf_first,"ax",%progbits
 785              		.align	1
 786              		.global	netbuf_first
 787              		.syntax unified
 788              		.thumb
 789              		.thumb_func
 791              	netbuf_first:
 792              	.LVL76:
 793              	.LFB367:
 234:Middlewares/Third_Party/LwIP/src/api/netbuf.c **** 
 235:Middlewares/Third_Party/LwIP/src/api/netbuf.c **** /**
 236:Middlewares/Third_Party/LwIP/src/api/netbuf.c ****  * @ingroup netbuf
 237:Middlewares/Third_Party/LwIP/src/api/netbuf.c ****  * Move the current data pointer of a packet buffer contained in a netbuf
 238:Middlewares/Third_Party/LwIP/src/api/netbuf.c ****  * to the beginning of the packet.
 239:Middlewares/Third_Party/LwIP/src/api/netbuf.c ****  * The packet buffer itself is not modified.
 240:Middlewares/Third_Party/LwIP/src/api/netbuf.c ****  *
 241:Middlewares/Third_Party/LwIP/src/api/netbuf.c ****  * @param buf the netbuf to modify
 242:Middlewares/Third_Party/LwIP/src/api/netbuf.c ****  */
 243:Middlewares/Third_Party/LwIP/src/api/netbuf.c **** void
 244:Middlewares/Third_Party/LwIP/src/api/netbuf.c **** netbuf_first(struct netbuf *buf)
ARM GAS  C:\Users\zdy\AppData\Local\Temp\ccZdt3H2.s 			page 21


 245:Middlewares/Third_Party/LwIP/src/api/netbuf.c **** {
 794              		.loc 1 245 1 is_stmt 1 view -0
 795              		.cfi_startproc
 796              		@ args = 0, pretend = 0, frame = 0
 797              		@ frame_needed = 0, uses_anonymous_args = 0
 798              		.loc 1 245 1 is_stmt 0 view .LVU222
 799 0000 08B5     		push	{r3, lr}
 800              	.LCFI9:
 801              		.cfi_def_cfa_offset 8
 802              		.cfi_offset 3, -8
 803              		.cfi_offset 14, -4
 246:Middlewares/Third_Party/LwIP/src/api/netbuf.c ****   LWIP_ERROR("netbuf_first: invalid buf", (buf != NULL), return;);
 804              		.loc 1 246 3 is_stmt 1 view .LVU223
 805              		.loc 1 246 3 view .LVU224
 806 0002 10B1     		cbz	r0, .L73
 807              		.loc 1 246 3 discriminator 2 view .LVU225
 808              		.loc 1 246 3 discriminator 2 view .LVU226
 247:Middlewares/Third_Party/LwIP/src/api/netbuf.c ****   buf->ptr = buf->p;
 809              		.loc 1 247 3 discriminator 2 view .LVU227
 810              		.loc 1 247 17 is_stmt 0 discriminator 2 view .LVU228
 811 0004 0268     		ldr	r2, [r0]
 812              		.loc 1 247 12 discriminator 2 view .LVU229
 813 0006 4260     		str	r2, [r0, #4]
 814              	.LVL77:
 815              	.L69:
 248:Middlewares/Third_Party/LwIP/src/api/netbuf.c **** }
 816              		.loc 1 248 1 view .LVU230
 817 0008 08BD     		pop	{r3, pc}
 818              	.LVL78:
 819              	.L73:
 246:Middlewares/Third_Party/LwIP/src/api/netbuf.c ****   LWIP_ERROR("netbuf_first: invalid buf", (buf != NULL), return;);
 820              		.loc 1 246 3 is_stmt 1 discriminator 1 view .LVU231
 246:Middlewares/Third_Party/LwIP/src/api/netbuf.c ****   LWIP_ERROR("netbuf_first: invalid buf", (buf != NULL), return;);
 821              		.loc 1 246 3 discriminator 1 view .LVU232
 822 000a 034B     		ldr	r3, .L74
 823 000c F622     		movs	r2, #246
 824 000e 0349     		ldr	r1, .L74+4
 825 0010 0348     		ldr	r0, .L74+8
 826              	.LVL79:
 246:Middlewares/Third_Party/LwIP/src/api/netbuf.c ****   LWIP_ERROR("netbuf_first: invalid buf", (buf != NULL), return;);
 827              		.loc 1 246 3 is_stmt 0 discriminator 1 view .LVU233
 828 0012 FFF7FEFF 		bl	printf
 829              	.LVL80:
 246:Middlewares/Third_Party/LwIP/src/api/netbuf.c ****   LWIP_ERROR("netbuf_first: invalid buf", (buf != NULL), return;);
 830              		.loc 1 246 3 is_stmt 1 discriminator 1 view .LVU234
 246:Middlewares/Third_Party/LwIP/src/api/netbuf.c ****   LWIP_ERROR("netbuf_first: invalid buf", (buf != NULL), return;);
 831              		.loc 1 246 3 discriminator 1 view .LVU235
 832 0016 F7E7     		b	.L69
 833              	.L75:
 834              		.align	2
 835              	.L74:
 836 0018 00000000 		.word	.LC0
 837 001c 00000000 		.word	.LC12
 838 0020 4C000000 		.word	.LC2
 839              		.cfi_endproc
 840              	.LFE367:
 842              		.text
ARM GAS  C:\Users\zdy\AppData\Local\Temp\ccZdt3H2.s 			page 22


 843              	.Letext0:
 844              		.file 2 "c:\\program files (x86)\\gnu arm embedded toolchain\\10 2021.10\\arm-none-eabi\\include\\
 845              		.file 3 "c:\\program files (x86)\\gnu arm embedded toolchain\\10 2021.10\\arm-none-eabi\\include\\
 846              		.file 4 "Middlewares/Third_Party/LwIP/src/include/lwip/arch.h"
 847              		.file 5 "Middlewares/Third_Party/LwIP/src/include/lwip/err.h"
 848              		.file 6 "Middlewares/Third_Party/LwIP/src/include/lwip/pbuf.h"
 849              		.file 7 "Middlewares/Third_Party/LwIP/src/include/lwip/ip4_addr.h"
 850              		.file 8 "Middlewares/Third_Party/LwIP/src/include/lwip/ip_addr.h"
 851              		.file 9 "Middlewares/Third_Party/LwIP/src/include/lwip/netbuf.h"
 852              		.file 10 "Middlewares/Third_Party/LwIP/src/include/lwip/memp.h"
 853              		.file 11 "c:\\program files (x86)\\gnu arm embedded toolchain\\10 2021.10\\arm-none-eabi\\include\
ARM GAS  C:\Users\zdy\AppData\Local\Temp\ccZdt3H2.s 			page 23


DEFINED SYMBOLS
                            *ABS*:00000000 netbuf.c
C:\Users\zdy\AppData\Local\Temp\ccZdt3H2.s:19     .text.netbuf_new:00000000 $t
C:\Users\zdy\AppData\Local\Temp\ccZdt3H2.s:25     .text.netbuf_new:00000000 netbuf_new
C:\Users\zdy\AppData\Local\Temp\ccZdt3H2.s:65     .text.netbuf_delete:00000000 $t
C:\Users\zdy\AppData\Local\Temp\ccZdt3H2.s:71     .text.netbuf_delete:00000000 netbuf_delete
C:\Users\zdy\AppData\Local\Temp\ccZdt3H2.s:123    .rodata.netbuf_alloc.str1.4:00000000 $d
C:\Users\zdy\AppData\Local\Temp\ccZdt3H2.s:136    .text.netbuf_alloc:00000000 $t
C:\Users\zdy\AppData\Local\Temp\ccZdt3H2.s:142    .text.netbuf_alloc:00000000 netbuf_alloc
C:\Users\zdy\AppData\Local\Temp\ccZdt3H2.s:236    .text.netbuf_alloc:0000004c $d
C:\Users\zdy\AppData\Local\Temp\ccZdt3H2.s:244    .rodata.netbuf_free.str1.4:00000000 $d
C:\Users\zdy\AppData\Local\Temp\ccZdt3H2.s:248    .text.netbuf_free:00000000 $t
C:\Users\zdy\AppData\Local\Temp\ccZdt3H2.s:254    .text.netbuf_free:00000000 netbuf_free
C:\Users\zdy\AppData\Local\Temp\ccZdt3H2.s:311    .text.netbuf_free:00000024 $d
C:\Users\zdy\AppData\Local\Temp\ccZdt3H2.s:318    .rodata.netbuf_ref.str1.4:00000000 $d
C:\Users\zdy\AppData\Local\Temp\ccZdt3H2.s:322    .text.netbuf_ref:00000000 $t
C:\Users\zdy\AppData\Local\Temp\ccZdt3H2.s:328    .text.netbuf_ref:00000000 netbuf_ref
C:\Users\zdy\AppData\Local\Temp\ccZdt3H2.s:430    .text.netbuf_ref:00000050 $d
C:\Users\zdy\AppData\Local\Temp\ccZdt3H2.s:437    .rodata.netbuf_chain.str1.4:00000000 $d
C:\Users\zdy\AppData\Local\Temp\ccZdt3H2.s:444    .text.netbuf_chain:00000000 $t
C:\Users\zdy\AppData\Local\Temp\ccZdt3H2.s:450    .text.netbuf_chain:00000000 netbuf_chain
C:\Users\zdy\AppData\Local\Temp\ccZdt3H2.s:536    .text.netbuf_chain:0000003c $d
C:\Users\zdy\AppData\Local\Temp\ccZdt3H2.s:544    .rodata.netbuf_data.str1.4:00000000 $d
C:\Users\zdy\AppData\Local\Temp\ccZdt3H2.s:554    .text.netbuf_data:00000000 $t
C:\Users\zdy\AppData\Local\Temp\ccZdt3H2.s:560    .text.netbuf_data:00000000 netbuf_data
C:\Users\zdy\AppData\Local\Temp\ccZdt3H2.s:683    .text.netbuf_data:00000058 $d
C:\Users\zdy\AppData\Local\Temp\ccZdt3H2.s:692    .rodata.netbuf_next.str1.4:00000000 $d
C:\Users\zdy\AppData\Local\Temp\ccZdt3H2.s:696    .text.netbuf_next:00000000 $t
C:\Users\zdy\AppData\Local\Temp\ccZdt3H2.s:702    .text.netbuf_next:00000000 netbuf_next
C:\Users\zdy\AppData\Local\Temp\ccZdt3H2.s:774    .text.netbuf_next:00000030 $d
C:\Users\zdy\AppData\Local\Temp\ccZdt3H2.s:781    .rodata.netbuf_first.str1.4:00000000 $d
C:\Users\zdy\AppData\Local\Temp\ccZdt3H2.s:785    .text.netbuf_first:00000000 $t
C:\Users\zdy\AppData\Local\Temp\ccZdt3H2.s:791    .text.netbuf_first:00000000 netbuf_first
C:\Users\zdy\AppData\Local\Temp\ccZdt3H2.s:836    .text.netbuf_first:00000018 $d

UNDEFINED SYMBOLS
memp_malloc
pbuf_free
memp_free
pbuf_alloc
printf
pbuf_cat
