ARM GAS  C:\usertemp\cc8I3xIE.s 			page 1


   1              		.cpu cortex-m7
   2              		.arch armv7e-m
   3              		.fpu fpv5-d16
   4              		.eabi_attribute 28, 1
   5              		.eabi_attribute 20, 1
   6              		.eabi_attribute 21, 1
   7              		.eabi_attribute 23, 3
   8              		.eabi_attribute 24, 1
   9              		.eabi_attribute 25, 1
  10              		.eabi_attribute 26, 1
  11              		.eabi_attribute 30, 1
  12              		.eabi_attribute 34, 1
  13              		.eabi_attribute 18, 4
  14              		.file	"rtc.c"
  15              		.text
  16              	.Ltext0:
  17              		.cfi_sections	.debug_frame
  18              		.file 1 "Core/Src/rtc.c"
  19              		.section	.text.MX_RTC_Init,"ax",%progbits
  20              		.align	1
  21              		.global	MX_RTC_Init
  22              		.syntax unified
  23              		.thumb
  24              		.thumb_func
  26              	MX_RTC_Init:
  27              	.LFB333:
   1:Core/Src/rtc.c **** /**
   2:Core/Src/rtc.c ****   ******************************************************************************
   3:Core/Src/rtc.c ****   * @file    rtc.c
   4:Core/Src/rtc.c ****   * @brief   This file provides code for the configuration
   5:Core/Src/rtc.c ****   *          of the RTC instances.
   6:Core/Src/rtc.c ****   ******************************************************************************
   7:Core/Src/rtc.c ****   * @attention
   8:Core/Src/rtc.c ****   *
   9:Core/Src/rtc.c ****   * <h2><center>&copy; Copyright (c) 2025 STMicroelectronics.
  10:Core/Src/rtc.c ****   * All rights reserved.</center></h2>
  11:Core/Src/rtc.c ****   *
  12:Core/Src/rtc.c ****   * This software component is licensed by ST under Ultimate Liberty license
  13:Core/Src/rtc.c ****   * SLA0044, the "License"; You may not use this file except in compliance with
  14:Core/Src/rtc.c ****   * the License. You may obtain a copy of the License at:
  15:Core/Src/rtc.c ****   *                             www.st.com/SLA0044
  16:Core/Src/rtc.c ****   *
  17:Core/Src/rtc.c ****   ******************************************************************************
  18:Core/Src/rtc.c ****   */
  19:Core/Src/rtc.c **** 
  20:Core/Src/rtc.c **** /* Includes ------------------------------------------------------------------*/
  21:Core/Src/rtc.c **** #include "rtc.h"
  22:Core/Src/rtc.c **** 
  23:Core/Src/rtc.c **** /* USER CODE BEGIN 0 */
  24:Core/Src/rtc.c **** 
  25:Core/Src/rtc.c **** /* USER CODE END 0 */
  26:Core/Src/rtc.c **** 
  27:Core/Src/rtc.c **** RTC_HandleTypeDef hrtc;
  28:Core/Src/rtc.c **** 
  29:Core/Src/rtc.c **** /* RTC init function */
  30:Core/Src/rtc.c **** void MX_RTC_Init(void)
  31:Core/Src/rtc.c **** {
ARM GAS  C:\usertemp\cc8I3xIE.s 			page 2


  28              		.loc 1 31 1 view -0
  29              		.cfi_startproc
  30              		@ args = 0, pretend = 0, frame = 0
  31              		@ frame_needed = 0, uses_anonymous_args = 0
  32 0000 08B5     		push	{r3, lr}
  33              	.LCFI0:
  34              		.cfi_def_cfa_offset 8
  35              		.cfi_offset 3, -8
  36              		.cfi_offset 14, -4
  32:Core/Src/rtc.c **** 
  33:Core/Src/rtc.c ****   /* USER CODE BEGIN RTC_Init 0 */
  34:Core/Src/rtc.c **** 
  35:Core/Src/rtc.c ****   /* USER CODE END RTC_Init 0 */
  36:Core/Src/rtc.c **** 
  37:Core/Src/rtc.c ****   /* USER CODE BEGIN RTC_Init 1 */
  38:Core/Src/rtc.c **** 
  39:Core/Src/rtc.c ****   /* USER CODE END RTC_Init 1 */
  40:Core/Src/rtc.c ****   /** Initialize RTC Only
  41:Core/Src/rtc.c ****   */
  42:Core/Src/rtc.c ****   hrtc.Instance = RTC;
  37              		.loc 1 42 3 view .LVU1
  38              		.loc 1 42 17 is_stmt 0 view .LVU2
  39 0002 0A48     		ldr	r0, .L5
  40 0004 0A4B     		ldr	r3, .L5+4
  41 0006 0360     		str	r3, [r0]
  43:Core/Src/rtc.c ****   hrtc.Init.HourFormat = RTC_HOURFORMAT_24;
  42              		.loc 1 43 3 is_stmt 1 view .LVU3
  43              		.loc 1 43 24 is_stmt 0 view .LVU4
  44 0008 0023     		movs	r3, #0
  45 000a 4360     		str	r3, [r0, #4]
  44:Core/Src/rtc.c ****   hrtc.Init.AsynchPrediv = 127;
  46              		.loc 1 44 3 is_stmt 1 view .LVU5
  47              		.loc 1 44 26 is_stmt 0 view .LVU6
  48 000c 7F22     		movs	r2, #127
  49 000e 8260     		str	r2, [r0, #8]
  45:Core/Src/rtc.c ****   hrtc.Init.SynchPrediv = 255;
  50              		.loc 1 45 3 is_stmt 1 view .LVU7
  51              		.loc 1 45 25 is_stmt 0 view .LVU8
  52 0010 FF22     		movs	r2, #255
  53 0012 C260     		str	r2, [r0, #12]
  46:Core/Src/rtc.c ****   hrtc.Init.OutPut = RTC_OUTPUT_DISABLE;
  54              		.loc 1 46 3 is_stmt 1 view .LVU9
  55              		.loc 1 46 20 is_stmt 0 view .LVU10
  56 0014 0361     		str	r3, [r0, #16]
  47:Core/Src/rtc.c ****   hrtc.Init.OutPutPolarity = RTC_OUTPUT_POLARITY_HIGH;
  57              		.loc 1 47 3 is_stmt 1 view .LVU11
  58              		.loc 1 47 28 is_stmt 0 view .LVU12
  59 0016 8361     		str	r3, [r0, #24]
  48:Core/Src/rtc.c ****   hrtc.Init.OutPutType = RTC_OUTPUT_TYPE_OPENDRAIN;
  60              		.loc 1 48 3 is_stmt 1 view .LVU13
  61              		.loc 1 48 24 is_stmt 0 view .LVU14
  62 0018 C361     		str	r3, [r0, #28]
  49:Core/Src/rtc.c ****   hrtc.Init.OutPutRemap = RTC_OUTPUT_REMAP_NONE;
  63              		.loc 1 49 3 is_stmt 1 view .LVU15
  64              		.loc 1 49 25 is_stmt 0 view .LVU16
  65 001a 4361     		str	r3, [r0, #20]
  50:Core/Src/rtc.c ****   if (HAL_RTC_Init(&hrtc) != HAL_OK)
ARM GAS  C:\usertemp\cc8I3xIE.s 			page 3


  66              		.loc 1 50 3 is_stmt 1 view .LVU17
  67              		.loc 1 50 7 is_stmt 0 view .LVU18
  68 001c FFF7FEFF 		bl	HAL_RTC_Init
  69              	.LVL0:
  70              		.loc 1 50 6 discriminator 1 view .LVU19
  71 0020 00B9     		cbnz	r0, .L4
  72              	.L1:
  51:Core/Src/rtc.c ****   {
  52:Core/Src/rtc.c ****     Error_Handler();
  53:Core/Src/rtc.c ****   }
  54:Core/Src/rtc.c ****   /* USER CODE BEGIN RTC_Init 2 */
  55:Core/Src/rtc.c **** 
  56:Core/Src/rtc.c ****   /* USER CODE END RTC_Init 2 */
  57:Core/Src/rtc.c **** 
  58:Core/Src/rtc.c **** }
  73              		.loc 1 58 1 view .LVU20
  74 0022 08BD     		pop	{r3, pc}
  75              	.L4:
  52:Core/Src/rtc.c ****   }
  76              		.loc 1 52 5 is_stmt 1 view .LVU21
  77 0024 FFF7FEFF 		bl	Error_Handler
  78              	.LVL1:
  79              		.loc 1 58 1 is_stmt 0 view .LVU22
  80 0028 FBE7     		b	.L1
  81              	.L6:
  82 002a 00BF     		.align	2
  83              	.L5:
  84 002c 00000000 		.word	hrtc
  85 0030 00400058 		.word	1476411392
  86              		.cfi_endproc
  87              	.LFE333:
  89              		.section	.text.HAL_RTC_MspInit,"ax",%progbits
  90              		.align	1
  91              		.global	HAL_RTC_MspInit
  92              		.syntax unified
  93              		.thumb
  94              		.thumb_func
  96              	HAL_RTC_MspInit:
  97              	.LVL2:
  98              	.LFB334:
  59:Core/Src/rtc.c **** 
  60:Core/Src/rtc.c **** void HAL_RTC_MspInit(RTC_HandleTypeDef* rtcHandle)
  61:Core/Src/rtc.c **** {
  99              		.loc 1 61 1 is_stmt 1 view -0
 100              		.cfi_startproc
 101              		@ args = 0, pretend = 0, frame = 192
 102              		@ frame_needed = 0, uses_anonymous_args = 0
 103              		.loc 1 61 1 is_stmt 0 view .LVU24
 104 0000 10B5     		push	{r4, lr}
 105              	.LCFI1:
 106              		.cfi_def_cfa_offset 8
 107              		.cfi_offset 4, -8
 108              		.cfi_offset 14, -4
 109 0002 B0B0     		sub	sp, sp, #192
 110              	.LCFI2:
 111              		.cfi_def_cfa_offset 200
 112 0004 0446     		mov	r4, r0
ARM GAS  C:\usertemp\cc8I3xIE.s 			page 4


  62:Core/Src/rtc.c **** 
  63:Core/Src/rtc.c ****   RCC_PeriphCLKInitTypeDef PeriphClkInitStruct = {0};
 113              		.loc 1 63 3 is_stmt 1 view .LVU25
 114              		.loc 1 63 28 is_stmt 0 view .LVU26
 115 0006 BC22     		movs	r2, #188
 116 0008 0021     		movs	r1, #0
 117 000a 01A8     		add	r0, sp, #4
 118              	.LVL3:
 119              		.loc 1 63 28 view .LVU27
 120 000c FFF7FEFF 		bl	memset
 121              	.LVL4:
  64:Core/Src/rtc.c ****   if(rtcHandle->Instance==RTC)
 122              		.loc 1 64 3 is_stmt 1 view .LVU28
 123              		.loc 1 64 15 is_stmt 0 view .LVU29
 124 0010 2268     		ldr	r2, [r4]
 125              		.loc 1 64 5 view .LVU30
 126 0012 0C4B     		ldr	r3, .L13
 127 0014 9A42     		cmp	r2, r3
 128 0016 01D0     		beq	.L11
 129              	.L7:
  65:Core/Src/rtc.c ****   {
  66:Core/Src/rtc.c ****   /* USER CODE BEGIN RTC_MspInit 0 */
  67:Core/Src/rtc.c **** 
  68:Core/Src/rtc.c ****   /* USER CODE END RTC_MspInit 0 */
  69:Core/Src/rtc.c ****   /** Initializes the peripherals clock
  70:Core/Src/rtc.c ****   */
  71:Core/Src/rtc.c ****     PeriphClkInitStruct.PeriphClockSelection = RCC_PERIPHCLK_RTC;
  72:Core/Src/rtc.c ****     PeriphClkInitStruct.RTCClockSelection = RCC_RTCCLKSOURCE_LSE;
  73:Core/Src/rtc.c ****     if (HAL_RCCEx_PeriphCLKConfig(&PeriphClkInitStruct) != HAL_OK)
  74:Core/Src/rtc.c ****     {
  75:Core/Src/rtc.c ****       Error_Handler();
  76:Core/Src/rtc.c ****     }
  77:Core/Src/rtc.c **** 
  78:Core/Src/rtc.c ****     /* RTC clock enable */
  79:Core/Src/rtc.c ****     __HAL_RCC_RTC_ENABLE();
  80:Core/Src/rtc.c ****   /* USER CODE BEGIN RTC_MspInit 1 */
  81:Core/Src/rtc.c **** 
  82:Core/Src/rtc.c ****   /* USER CODE END RTC_MspInit 1 */
  83:Core/Src/rtc.c ****   }
  84:Core/Src/rtc.c **** }
 130              		.loc 1 84 1 view .LVU31
 131 0018 30B0     		add	sp, sp, #192
 132              	.LCFI3:
 133              		.cfi_remember_state
 134              		.cfi_def_cfa_offset 8
 135              		@ sp needed
 136 001a 10BD     		pop	{r4, pc}
 137              	.LVL5:
 138              	.L11:
 139              	.LCFI4:
 140              		.cfi_restore_state
  71:Core/Src/rtc.c ****     PeriphClkInitStruct.RTCClockSelection = RCC_RTCCLKSOURCE_LSE;
 141              		.loc 1 71 5 is_stmt 1 view .LVU32
  71:Core/Src/rtc.c ****     PeriphClkInitStruct.RTCClockSelection = RCC_RTCCLKSOURCE_LSE;
 142              		.loc 1 71 46 is_stmt 0 view .LVU33
 143 001c 4FF48003 		mov	r3, #4194304
 144 0020 0193     		str	r3, [sp, #4]
ARM GAS  C:\usertemp\cc8I3xIE.s 			page 5


  72:Core/Src/rtc.c ****     if (HAL_RCCEx_PeriphCLKConfig(&PeriphClkInitStruct) != HAL_OK)
 145              		.loc 1 72 5 is_stmt 1 view .LVU34
  72:Core/Src/rtc.c ****     if (HAL_RCCEx_PeriphCLKConfig(&PeriphClkInitStruct) != HAL_OK)
 146              		.loc 1 72 43 is_stmt 0 view .LVU35
 147 0022 4FF48073 		mov	r3, #256
 148 0026 2D93     		str	r3, [sp, #180]
  73:Core/Src/rtc.c ****     {
 149              		.loc 1 73 5 is_stmt 1 view .LVU36
  73:Core/Src/rtc.c ****     {
 150              		.loc 1 73 9 is_stmt 0 view .LVU37
 151 0028 01A8     		add	r0, sp, #4
 152 002a FFF7FEFF 		bl	HAL_RCCEx_PeriphCLKConfig
 153              	.LVL6:
  73:Core/Src/rtc.c ****     {
 154              		.loc 1 73 8 discriminator 1 view .LVU38
 155 002e 28B9     		cbnz	r0, .L12
 156              	.L9:
  79:Core/Src/rtc.c ****   /* USER CODE BEGIN RTC_MspInit 1 */
 157              		.loc 1 79 5 is_stmt 1 view .LVU39
 158 0030 054A     		ldr	r2, .L13+4
 159 0032 136F     		ldr	r3, [r2, #112]
 160 0034 43F40043 		orr	r3, r3, #32768
 161 0038 1367     		str	r3, [r2, #112]
 162              		.loc 1 84 1 is_stmt 0 view .LVU40
 163 003a EDE7     		b	.L7
 164              	.L12:
  75:Core/Src/rtc.c ****     }
 165              		.loc 1 75 7 is_stmt 1 view .LVU41
 166 003c FFF7FEFF 		bl	Error_Handler
 167              	.LVL7:
 168 0040 F6E7     		b	.L9
 169              	.L14:
 170 0042 00BF     		.align	2
 171              	.L13:
 172 0044 00400058 		.word	1476411392
 173 0048 00440258 		.word	1476543488
 174              		.cfi_endproc
 175              	.LFE334:
 177              		.section	.text.HAL_RTC_MspDeInit,"ax",%progbits
 178              		.align	1
 179              		.global	HAL_RTC_MspDeInit
 180              		.syntax unified
 181              		.thumb
 182              		.thumb_func
 184              	HAL_RTC_MspDeInit:
 185              	.LVL8:
 186              	.LFB335:
  85:Core/Src/rtc.c **** 
  86:Core/Src/rtc.c **** void HAL_RTC_MspDeInit(RTC_HandleTypeDef* rtcHandle)
  87:Core/Src/rtc.c **** {
 187              		.loc 1 87 1 view -0
 188              		.cfi_startproc
 189              		@ args = 0, pretend = 0, frame = 0
 190              		@ frame_needed = 0, uses_anonymous_args = 0
 191              		@ link register save eliminated.
  88:Core/Src/rtc.c **** 
  89:Core/Src/rtc.c ****   if(rtcHandle->Instance==RTC)
ARM GAS  C:\usertemp\cc8I3xIE.s 			page 6


 192              		.loc 1 89 3 view .LVU43
 193              		.loc 1 89 15 is_stmt 0 view .LVU44
 194 0000 0268     		ldr	r2, [r0]
 195              		.loc 1 89 5 view .LVU45
 196 0002 054B     		ldr	r3, .L18
 197 0004 9A42     		cmp	r2, r3
 198 0006 00D0     		beq	.L17
 199              	.L15:
  90:Core/Src/rtc.c ****   {
  91:Core/Src/rtc.c ****   /* USER CODE BEGIN RTC_MspDeInit 0 */
  92:Core/Src/rtc.c **** 
  93:Core/Src/rtc.c ****   /* USER CODE END RTC_MspDeInit 0 */
  94:Core/Src/rtc.c ****     /* Peripheral clock disable */
  95:Core/Src/rtc.c ****     __HAL_RCC_RTC_DISABLE();
  96:Core/Src/rtc.c ****   /* USER CODE BEGIN RTC_MspDeInit 1 */
  97:Core/Src/rtc.c **** 
  98:Core/Src/rtc.c ****   /* USER CODE END RTC_MspDeInit 1 */
  99:Core/Src/rtc.c ****   }
 100:Core/Src/rtc.c **** }
 200              		.loc 1 100 1 view .LVU46
 201 0008 7047     		bx	lr
 202              	.L17:
  95:Core/Src/rtc.c ****   /* USER CODE BEGIN RTC_MspDeInit 1 */
 203              		.loc 1 95 5 is_stmt 1 view .LVU47
 204 000a 044A     		ldr	r2, .L18+4
 205 000c 136F     		ldr	r3, [r2, #112]
 206 000e 23F40043 		bic	r3, r3, #32768
 207 0012 1367     		str	r3, [r2, #112]
 208              		.loc 1 100 1 is_stmt 0 view .LVU48
 209 0014 F8E7     		b	.L15
 210              	.L19:
 211 0016 00BF     		.align	2
 212              	.L18:
 213 0018 00400058 		.word	1476411392
 214 001c 00440258 		.word	1476543488
 215              		.cfi_endproc
 216              	.LFE335:
 218              		.global	hrtc
 219              		.section	.bss.hrtc,"aw",%nobits
 220              		.align	2
 223              	hrtc:
 224 0000 00000000 		.space	36
 224      00000000 
 224      00000000 
 224      00000000 
 224      00000000 
 225              		.text
 226              	.Letext0:
 227              		.file 2 "D:/armtoolchain/arm-gnu-toolchain-13.3.rel1-mingw-w64-i686-arm-none-eabi/arm-none-eabi/in
 228              		.file 3 "D:/armtoolchain/arm-gnu-toolchain-13.3.rel1-mingw-w64-i686-arm-none-eabi/arm-none-eabi/in
 229              		.file 4 "Drivers/CMSIS/Device/ST/STM32H7xx/Include/stm32h743xx.h"
 230              		.file 5 "Drivers/STM32H7xx_HAL_Driver/Inc/stm32h7xx_hal_def.h"
 231              		.file 6 "Drivers/STM32H7xx_HAL_Driver/Inc/stm32h7xx_hal_rcc_ex.h"
 232              		.file 7 "Drivers/STM32H7xx_HAL_Driver/Inc/stm32h7xx_hal_rtc.h"
 233              		.file 8 "Core/Inc/rtc.h"
 234              		.file 9 "Core/Inc/main.h"
 235              		.file 10 "<built-in>"
ARM GAS  C:\usertemp\cc8I3xIE.s 			page 7


ARM GAS  C:\usertemp\cc8I3xIE.s 			page 8


DEFINED SYMBOLS
                            *ABS*:00000000 rtc.c
C:\usertemp\cc8I3xIE.s:20     .text.MX_RTC_Init:00000000 $t
C:\usertemp\cc8I3xIE.s:26     .text.MX_RTC_Init:00000000 MX_RTC_Init
C:\usertemp\cc8I3xIE.s:84     .text.MX_RTC_Init:0000002c $d
C:\usertemp\cc8I3xIE.s:223    .bss.hrtc:00000000 hrtc
C:\usertemp\cc8I3xIE.s:90     .text.HAL_RTC_MspInit:00000000 $t
C:\usertemp\cc8I3xIE.s:96     .text.HAL_RTC_MspInit:00000000 HAL_RTC_MspInit
C:\usertemp\cc8I3xIE.s:172    .text.HAL_RTC_MspInit:00000044 $d
C:\usertemp\cc8I3xIE.s:178    .text.HAL_RTC_MspDeInit:00000000 $t
C:\usertemp\cc8I3xIE.s:184    .text.HAL_RTC_MspDeInit:00000000 HAL_RTC_MspDeInit
C:\usertemp\cc8I3xIE.s:213    .text.HAL_RTC_MspDeInit:00000018 $d
C:\usertemp\cc8I3xIE.s:220    .bss.hrtc:00000000 $d

UNDEFINED SYMBOLS
HAL_RTC_Init
Error_Handler
memset
HAL_RCCEx_PeriphCLKConfig
