ARM GAS  C:\usertemp\ccXEeejk.s 			page 1


   1              		.cpu cortex-m7
   2              		.arch armv7e-m
   3              		.fpu fpv5-d16
   4              		.eabi_attribute 28, 1
   5              		.eabi_attribute 20, 1
   6              		.eabi_attribute 21, 1
   7              		.eabi_attribute 23, 3
   8              		.eabi_attribute 24, 1
   9              		.eabi_attribute 25, 1
  10              		.eabi_attribute 26, 1
  11              		.eabi_attribute 30, 1
  12              		.eabi_attribute 34, 1
  13              		.eabi_attribute 18, 4
  14              		.file	"usb_otg.c"
  15              		.text
  16              	.Ltext0:
  17              		.cfi_sections	.debug_frame
  18              		.file 1 "Core/Src/usb_otg.c"
  19              		.section	.text.MX_USB_OTG_FS_PCD_Init,"ax",%progbits
  20              		.align	1
  21              		.global	MX_USB_OTG_FS_PCD_Init
  22              		.syntax unified
  23              		.thumb
  24              		.thumb_func
  26              	MX_USB_OTG_FS_PCD_Init:
  27              	.LFB333:
   1:Core/Src/usb_otg.c **** /**
   2:Core/Src/usb_otg.c ****   ******************************************************************************
   3:Core/Src/usb_otg.c ****   * @file    usb_otg.c
   4:Core/Src/usb_otg.c ****   * @brief   This file provides code for the configuration
   5:Core/Src/usb_otg.c ****   *          of the USB_OTG instances.
   6:Core/Src/usb_otg.c ****   ******************************************************************************
   7:Core/Src/usb_otg.c ****   * @attention
   8:Core/Src/usb_otg.c ****   *
   9:Core/Src/usb_otg.c ****   * <h2><center>&copy; Copyright (c) 2025 STMicroelectronics.
  10:Core/Src/usb_otg.c ****   * All rights reserved.</center></h2>
  11:Core/Src/usb_otg.c ****   *
  12:Core/Src/usb_otg.c ****   * This software component is licensed by ST under Ultimate Liberty license
  13:Core/Src/usb_otg.c ****   * SLA0044, the "License"; You may not use this file except in compliance with
  14:Core/Src/usb_otg.c ****   * the License. You may obtain a copy of the License at:
  15:Core/Src/usb_otg.c ****   *                             www.st.com/SLA0044
  16:Core/Src/usb_otg.c ****   *
  17:Core/Src/usb_otg.c ****   ******************************************************************************
  18:Core/Src/usb_otg.c ****   */
  19:Core/Src/usb_otg.c **** 
  20:Core/Src/usb_otg.c **** /* Includes ------------------------------------------------------------------*/
  21:Core/Src/usb_otg.c **** #include "usb_otg.h"
  22:Core/Src/usb_otg.c **** 
  23:Core/Src/usb_otg.c **** /* USER CODE BEGIN 0 */
  24:Core/Src/usb_otg.c **** 
  25:Core/Src/usb_otg.c **** /* USER CODE END 0 */
  26:Core/Src/usb_otg.c **** 
  27:Core/Src/usb_otg.c **** PCD_HandleTypeDef hpcd_USB_OTG_FS;
  28:Core/Src/usb_otg.c **** 
  29:Core/Src/usb_otg.c **** /* USB_OTG_FS init function */
  30:Core/Src/usb_otg.c **** 
  31:Core/Src/usb_otg.c **** void MX_USB_OTG_FS_PCD_Init(void)
ARM GAS  C:\usertemp\ccXEeejk.s 			page 2


  32:Core/Src/usb_otg.c **** {
  28              		.loc 1 32 1 view -0
  29              		.cfi_startproc
  30              		@ args = 0, pretend = 0, frame = 0
  31              		@ frame_needed = 0, uses_anonymous_args = 0
  32 0000 08B5     		push	{r3, lr}
  33              	.LCFI0:
  34              		.cfi_def_cfa_offset 8
  35              		.cfi_offset 3, -8
  36              		.cfi_offset 14, -4
  33:Core/Src/usb_otg.c **** 
  34:Core/Src/usb_otg.c ****   /* USER CODE BEGIN USB_OTG_FS_Init 0 */
  35:Core/Src/usb_otg.c **** 
  36:Core/Src/usb_otg.c ****   /* USER CODE END USB_OTG_FS_Init 0 */
  37:Core/Src/usb_otg.c **** 
  38:Core/Src/usb_otg.c ****   /* USER CODE BEGIN USB_OTG_FS_Init 1 */
  39:Core/Src/usb_otg.c **** 
  40:Core/Src/usb_otg.c ****   /* USER CODE END USB_OTG_FS_Init 1 */
  41:Core/Src/usb_otg.c ****   hpcd_USB_OTG_FS.Instance = USB_OTG_FS;
  37              		.loc 1 41 3 view .LVU1
  38              		.loc 1 41 28 is_stmt 0 view .LVU2
  39 0002 0B48     		ldr	r0, .L5
  40 0004 0B4B     		ldr	r3, .L5+4
  41 0006 0360     		str	r3, [r0]
  42:Core/Src/usb_otg.c ****   hpcd_USB_OTG_FS.Init.dev_endpoints = 9;
  42              		.loc 1 42 3 is_stmt 1 view .LVU3
  43              		.loc 1 42 38 is_stmt 0 view .LVU4
  44 0008 0923     		movs	r3, #9
  45 000a 4360     		str	r3, [r0, #4]
  43:Core/Src/usb_otg.c ****   hpcd_USB_OTG_FS.Init.speed = PCD_SPEED_FULL;
  46              		.loc 1 43 3 is_stmt 1 view .LVU5
  47              		.loc 1 43 30 is_stmt 0 view .LVU6
  48 000c 0222     		movs	r2, #2
  49 000e C260     		str	r2, [r0, #12]
  44:Core/Src/usb_otg.c ****   hpcd_USB_OTG_FS.Init.dma_enable = DISABLE;
  50              		.loc 1 44 3 is_stmt 1 view .LVU7
  51              		.loc 1 44 35 is_stmt 0 view .LVU8
  52 0010 0023     		movs	r3, #0
  53 0012 0361     		str	r3, [r0, #16]
  45:Core/Src/usb_otg.c ****   hpcd_USB_OTG_FS.Init.phy_itface = PCD_PHY_EMBEDDED;
  54              		.loc 1 45 3 is_stmt 1 view .LVU9
  55              		.loc 1 45 35 is_stmt 0 view .LVU10
  56 0014 8261     		str	r2, [r0, #24]
  46:Core/Src/usb_otg.c ****   hpcd_USB_OTG_FS.Init.Sof_enable = DISABLE;
  57              		.loc 1 46 3 is_stmt 1 view .LVU11
  58              		.loc 1 46 35 is_stmt 0 view .LVU12
  59 0016 C361     		str	r3, [r0, #28]
  47:Core/Src/usb_otg.c ****   hpcd_USB_OTG_FS.Init.low_power_enable = DISABLE;
  60              		.loc 1 47 3 is_stmt 1 view .LVU13
  61              		.loc 1 47 41 is_stmt 0 view .LVU14
  62 0018 0362     		str	r3, [r0, #32]
  48:Core/Src/usb_otg.c ****   hpcd_USB_OTG_FS.Init.lpm_enable = DISABLE;
  63              		.loc 1 48 3 is_stmt 1 view .LVU15
  64              		.loc 1 48 35 is_stmt 0 view .LVU16
  65 001a 4362     		str	r3, [r0, #36]
  49:Core/Src/usb_otg.c ****   hpcd_USB_OTG_FS.Init.battery_charging_enable = DISABLE;
  66              		.loc 1 49 3 is_stmt 1 view .LVU17
ARM GAS  C:\usertemp\ccXEeejk.s 			page 3


  67              		.loc 1 49 48 is_stmt 0 view .LVU18
  68 001c 8362     		str	r3, [r0, #40]
  50:Core/Src/usb_otg.c ****   hpcd_USB_OTG_FS.Init.vbus_sensing_enable = DISABLE;
  69              		.loc 1 50 3 is_stmt 1 view .LVU19
  70              		.loc 1 50 44 is_stmt 0 view .LVU20
  71 001e C362     		str	r3, [r0, #44]
  51:Core/Src/usb_otg.c ****   hpcd_USB_OTG_FS.Init.use_dedicated_ep1 = DISABLE;
  72              		.loc 1 51 3 is_stmt 1 view .LVU21
  73              		.loc 1 51 42 is_stmt 0 view .LVU22
  74 0020 0363     		str	r3, [r0, #48]
  52:Core/Src/usb_otg.c ****   if (HAL_PCD_Init(&hpcd_USB_OTG_FS) != HAL_OK)
  75              		.loc 1 52 3 is_stmt 1 view .LVU23
  76              		.loc 1 52 7 is_stmt 0 view .LVU24
  77 0022 FFF7FEFF 		bl	HAL_PCD_Init
  78              	.LVL0:
  79              		.loc 1 52 6 discriminator 1 view .LVU25
  80 0026 00B9     		cbnz	r0, .L4
  81              	.L1:
  53:Core/Src/usb_otg.c ****   {
  54:Core/Src/usb_otg.c ****     Error_Handler();
  55:Core/Src/usb_otg.c ****   }
  56:Core/Src/usb_otg.c ****   /* USER CODE BEGIN USB_OTG_FS_Init 2 */
  57:Core/Src/usb_otg.c **** 
  58:Core/Src/usb_otg.c ****   /* USER CODE END USB_OTG_FS_Init 2 */
  59:Core/Src/usb_otg.c **** 
  60:Core/Src/usb_otg.c **** }
  82              		.loc 1 60 1 view .LVU26
  83 0028 08BD     		pop	{r3, pc}
  84              	.L4:
  54:Core/Src/usb_otg.c ****   }
  85              		.loc 1 54 5 is_stmt 1 view .LVU27
  86 002a FFF7FEFF 		bl	Error_Handler
  87              	.LVL1:
  88              		.loc 1 60 1 is_stmt 0 view .LVU28
  89 002e FBE7     		b	.L1
  90              	.L6:
  91              		.align	2
  92              	.L5:
  93 0030 00000000 		.word	hpcd_USB_OTG_FS
  94 0034 00000840 		.word	1074266112
  95              		.cfi_endproc
  96              	.LFE333:
  98              		.section	.text.HAL_PCD_MspInit,"ax",%progbits
  99              		.align	1
 100              		.global	HAL_PCD_MspInit
 101              		.syntax unified
 102              		.thumb
 103              		.thumb_func
 105              	HAL_PCD_MspInit:
 106              	.LVL2:
 107              	.LFB334:
  61:Core/Src/usb_otg.c **** 
  62:Core/Src/usb_otg.c **** void HAL_PCD_MspInit(PCD_HandleTypeDef* pcdHandle)
  63:Core/Src/usb_otg.c **** {
 108              		.loc 1 63 1 is_stmt 1 view -0
 109              		.cfi_startproc
 110              		@ args = 0, pretend = 0, frame = 216
ARM GAS  C:\usertemp\ccXEeejk.s 			page 4


 111              		@ frame_needed = 0, uses_anonymous_args = 0
 112              		.loc 1 63 1 is_stmt 0 view .LVU30
 113 0000 10B5     		push	{r4, lr}
 114              	.LCFI1:
 115              		.cfi_def_cfa_offset 8
 116              		.cfi_offset 4, -8
 117              		.cfi_offset 14, -4
 118 0002 B6B0     		sub	sp, sp, #216
 119              	.LCFI2:
 120              		.cfi_def_cfa_offset 224
 121 0004 0446     		mov	r4, r0
  64:Core/Src/usb_otg.c **** 
  65:Core/Src/usb_otg.c ****   GPIO_InitTypeDef GPIO_InitStruct = {0};
 122              		.loc 1 65 3 is_stmt 1 view .LVU31
 123              		.loc 1 65 20 is_stmt 0 view .LVU32
 124 0006 0021     		movs	r1, #0
 125 0008 3191     		str	r1, [sp, #196]
 126 000a 3291     		str	r1, [sp, #200]
 127 000c 3391     		str	r1, [sp, #204]
 128 000e 3491     		str	r1, [sp, #208]
 129 0010 3591     		str	r1, [sp, #212]
  66:Core/Src/usb_otg.c ****   RCC_PeriphCLKInitTypeDef PeriphClkInitStruct = {0};
 130              		.loc 1 66 3 is_stmt 1 view .LVU33
 131              		.loc 1 66 28 is_stmt 0 view .LVU34
 132 0012 BC22     		movs	r2, #188
 133 0014 02A8     		add	r0, sp, #8
 134              	.LVL3:
 135              		.loc 1 66 28 view .LVU35
 136 0016 FFF7FEFF 		bl	memset
 137              	.LVL4:
  67:Core/Src/usb_otg.c ****   if(pcdHandle->Instance==USB_OTG_FS)
 138              		.loc 1 67 3 is_stmt 1 view .LVU36
 139              		.loc 1 67 15 is_stmt 0 view .LVU37
 140 001a 2268     		ldr	r2, [r4]
 141              		.loc 1 67 5 view .LVU38
 142 001c 1E4B     		ldr	r3, .L13
 143 001e 9A42     		cmp	r2, r3
 144 0020 01D0     		beq	.L11
 145              	.LVL5:
 146              	.L7:
  68:Core/Src/usb_otg.c ****   {
  69:Core/Src/usb_otg.c ****   /* USER CODE BEGIN USB_OTG_FS_MspInit 0 */
  70:Core/Src/usb_otg.c **** 
  71:Core/Src/usb_otg.c ****   /* USER CODE END USB_OTG_FS_MspInit 0 */
  72:Core/Src/usb_otg.c ****   /** Initializes the peripherals clock
  73:Core/Src/usb_otg.c ****   */
  74:Core/Src/usb_otg.c ****     PeriphClkInitStruct.PeriphClockSelection = RCC_PERIPHCLK_USB;
  75:Core/Src/usb_otg.c ****     PeriphClkInitStruct.UsbClockSelection = RCC_USBCLKSOURCE_HSI48;
  76:Core/Src/usb_otg.c ****     if (HAL_RCCEx_PeriphCLKConfig(&PeriphClkInitStruct) != HAL_OK)
  77:Core/Src/usb_otg.c ****     {
  78:Core/Src/usb_otg.c ****       Error_Handler();
  79:Core/Src/usb_otg.c ****     }
  80:Core/Src/usb_otg.c ****   /** Enable USB Voltage detector
  81:Core/Src/usb_otg.c ****   */
  82:Core/Src/usb_otg.c ****     HAL_PWREx_EnableUSBVoltageDetector();
  83:Core/Src/usb_otg.c **** 
  84:Core/Src/usb_otg.c ****     __HAL_RCC_GPIOA_CLK_ENABLE();
ARM GAS  C:\usertemp\ccXEeejk.s 			page 5


  85:Core/Src/usb_otg.c ****     /**USB_OTG_FS GPIO Configuration
  86:Core/Src/usb_otg.c ****     PA11     ------> USB_OTG_FS_DM
  87:Core/Src/usb_otg.c ****     PA12     ------> USB_OTG_FS_DP
  88:Core/Src/usb_otg.c ****     */
  89:Core/Src/usb_otg.c ****     GPIO_InitStruct.Pin = GPIO_PIN_11|GPIO_PIN_12;
  90:Core/Src/usb_otg.c ****     GPIO_InitStruct.Mode = GPIO_MODE_AF_PP;
  91:Core/Src/usb_otg.c ****     GPIO_InitStruct.Pull = GPIO_NOPULL;
  92:Core/Src/usb_otg.c ****     GPIO_InitStruct.Speed = GPIO_SPEED_FREQ_VERY_HIGH;
  93:Core/Src/usb_otg.c ****     GPIO_InitStruct.Alternate = GPIO_AF10_OTG1_FS;
  94:Core/Src/usb_otg.c ****     HAL_GPIO_Init(GPIOA, &GPIO_InitStruct);
  95:Core/Src/usb_otg.c **** 
  96:Core/Src/usb_otg.c ****     /* USB_OTG_FS clock enable */
  97:Core/Src/usb_otg.c ****     __HAL_RCC_USB_OTG_FS_CLK_ENABLE();
  98:Core/Src/usb_otg.c ****   /* USER CODE BEGIN USB_OTG_FS_MspInit 1 */
  99:Core/Src/usb_otg.c **** 
 100:Core/Src/usb_otg.c ****   /* USER CODE END USB_OTG_FS_MspInit 1 */
 101:Core/Src/usb_otg.c ****   }
 102:Core/Src/usb_otg.c **** }
 147              		.loc 1 102 1 view .LVU39
 148 0022 36B0     		add	sp, sp, #216
 149              	.LCFI3:
 150              		.cfi_remember_state
 151              		.cfi_def_cfa_offset 8
 152              		@ sp needed
 153 0024 10BD     		pop	{r4, pc}
 154              	.LVL6:
 155              	.L11:
 156              	.LCFI4:
 157              		.cfi_restore_state
  74:Core/Src/usb_otg.c ****     PeriphClkInitStruct.UsbClockSelection = RCC_USBCLKSOURCE_HSI48;
 158              		.loc 1 74 5 is_stmt 1 view .LVU40
  74:Core/Src/usb_otg.c ****     PeriphClkInitStruct.UsbClockSelection = RCC_USBCLKSOURCE_HSI48;
 159              		.loc 1 74 46 is_stmt 0 view .LVU41
 160 0026 4FF48023 		mov	r3, #262144
 161 002a 0293     		str	r3, [sp, #8]
  75:Core/Src/usb_otg.c ****     if (HAL_RCCEx_PeriphCLKConfig(&PeriphClkInitStruct) != HAL_OK)
 162              		.loc 1 75 5 is_stmt 1 view .LVU42
  75:Core/Src/usb_otg.c ****     if (HAL_RCCEx_PeriphCLKConfig(&PeriphClkInitStruct) != HAL_OK)
 163              		.loc 1 75 43 is_stmt 0 view .LVU43
 164 002c 4FF44013 		mov	r3, #3145728
 165 0030 2393     		str	r3, [sp, #140]
  76:Core/Src/usb_otg.c ****     {
 166              		.loc 1 76 5 is_stmt 1 view .LVU44
  76:Core/Src/usb_otg.c ****     {
 167              		.loc 1 76 9 is_stmt 0 view .LVU45
 168 0032 02A8     		add	r0, sp, #8
 169 0034 FFF7FEFF 		bl	HAL_RCCEx_PeriphCLKConfig
 170              	.LVL7:
  76:Core/Src/usb_otg.c ****     {
 171              		.loc 1 76 8 discriminator 1 view .LVU46
 172 0038 50BB     		cbnz	r0, .L12
 173              	.L9:
  82:Core/Src/usb_otg.c **** 
 174              		.loc 1 82 5 is_stmt 1 view .LVU47
 175 003a FFF7FEFF 		bl	HAL_PWREx_EnableUSBVoltageDetector
 176              	.LVL8:
  84:Core/Src/usb_otg.c ****     /**USB_OTG_FS GPIO Configuration
ARM GAS  C:\usertemp\ccXEeejk.s 			page 6


 177              		.loc 1 84 5 view .LVU48
 178              	.LBB2:
  84:Core/Src/usb_otg.c ****     /**USB_OTG_FS GPIO Configuration
 179              		.loc 1 84 5 view .LVU49
  84:Core/Src/usb_otg.c ****     /**USB_OTG_FS GPIO Configuration
 180              		.loc 1 84 5 view .LVU50
 181 003e 174C     		ldr	r4, .L13+4
 182              	.LVL9:
  84:Core/Src/usb_otg.c ****     /**USB_OTG_FS GPIO Configuration
 183              		.loc 1 84 5 is_stmt 0 view .LVU51
 184 0040 D4F8E030 		ldr	r3, [r4, #224]
 185 0044 43F00103 		orr	r3, r3, #1
 186 0048 C4F8E030 		str	r3, [r4, #224]
  84:Core/Src/usb_otg.c ****     /**USB_OTG_FS GPIO Configuration
 187              		.loc 1 84 5 is_stmt 1 view .LVU52
 188 004c D4F8E030 		ldr	r3, [r4, #224]
 189 0050 03F00103 		and	r3, r3, #1
 190 0054 0093     		str	r3, [sp]
  84:Core/Src/usb_otg.c ****     /**USB_OTG_FS GPIO Configuration
 191              		.loc 1 84 5 view .LVU53
 192 0056 009B     		ldr	r3, [sp]
 193              	.LBE2:
  84:Core/Src/usb_otg.c ****     /**USB_OTG_FS GPIO Configuration
 194              		.loc 1 84 5 view .LVU54
  89:Core/Src/usb_otg.c ****     GPIO_InitStruct.Mode = GPIO_MODE_AF_PP;
 195              		.loc 1 89 5 view .LVU55
  89:Core/Src/usb_otg.c ****     GPIO_InitStruct.Mode = GPIO_MODE_AF_PP;
 196              		.loc 1 89 25 is_stmt 0 view .LVU56
 197 0058 4FF4C053 		mov	r3, #6144
 198 005c 3193     		str	r3, [sp, #196]
  90:Core/Src/usb_otg.c ****     GPIO_InitStruct.Pull = GPIO_NOPULL;
 199              		.loc 1 90 5 is_stmt 1 view .LVU57
  90:Core/Src/usb_otg.c ****     GPIO_InitStruct.Pull = GPIO_NOPULL;
 200              		.loc 1 90 26 is_stmt 0 view .LVU58
 201 005e 0223     		movs	r3, #2
 202 0060 3293     		str	r3, [sp, #200]
  91:Core/Src/usb_otg.c ****     GPIO_InitStruct.Speed = GPIO_SPEED_FREQ_VERY_HIGH;
 203              		.loc 1 91 5 is_stmt 1 view .LVU59
  91:Core/Src/usb_otg.c ****     GPIO_InitStruct.Speed = GPIO_SPEED_FREQ_VERY_HIGH;
 204              		.loc 1 91 26 is_stmt 0 view .LVU60
 205 0062 0023     		movs	r3, #0
 206 0064 3393     		str	r3, [sp, #204]
  92:Core/Src/usb_otg.c ****     GPIO_InitStruct.Alternate = GPIO_AF10_OTG1_FS;
 207              		.loc 1 92 5 is_stmt 1 view .LVU61
  92:Core/Src/usb_otg.c ****     GPIO_InitStruct.Alternate = GPIO_AF10_OTG1_FS;
 208              		.loc 1 92 27 is_stmt 0 view .LVU62
 209 0066 0323     		movs	r3, #3
 210 0068 3493     		str	r3, [sp, #208]
  93:Core/Src/usb_otg.c ****     HAL_GPIO_Init(GPIOA, &GPIO_InitStruct);
 211              		.loc 1 93 5 is_stmt 1 view .LVU63
  93:Core/Src/usb_otg.c ****     HAL_GPIO_Init(GPIOA, &GPIO_InitStruct);
 212              		.loc 1 93 31 is_stmt 0 view .LVU64
 213 006a 0A23     		movs	r3, #10
 214 006c 3593     		str	r3, [sp, #212]
  94:Core/Src/usb_otg.c **** 
 215              		.loc 1 94 5 is_stmt 1 view .LVU65
 216 006e 31A9     		add	r1, sp, #196
ARM GAS  C:\usertemp\ccXEeejk.s 			page 7


 217 0070 0B48     		ldr	r0, .L13+8
 218 0072 FFF7FEFF 		bl	HAL_GPIO_Init
 219              	.LVL10:
  97:Core/Src/usb_otg.c ****   /* USER CODE BEGIN USB_OTG_FS_MspInit 1 */
 220              		.loc 1 97 5 view .LVU66
 221              	.LBB3:
  97:Core/Src/usb_otg.c ****   /* USER CODE BEGIN USB_OTG_FS_MspInit 1 */
 222              		.loc 1 97 5 view .LVU67
  97:Core/Src/usb_otg.c ****   /* USER CODE BEGIN USB_OTG_FS_MspInit 1 */
 223              		.loc 1 97 5 view .LVU68
 224 0076 D4F8D830 		ldr	r3, [r4, #216]
 225 007a 43F00063 		orr	r3, r3, #134217728
 226 007e C4F8D830 		str	r3, [r4, #216]
  97:Core/Src/usb_otg.c ****   /* USER CODE BEGIN USB_OTG_FS_MspInit 1 */
 227              		.loc 1 97 5 view .LVU69
 228 0082 D4F8D830 		ldr	r3, [r4, #216]
 229 0086 03F00063 		and	r3, r3, #134217728
 230 008a 0193     		str	r3, [sp, #4]
  97:Core/Src/usb_otg.c ****   /* USER CODE BEGIN USB_OTG_FS_MspInit 1 */
 231              		.loc 1 97 5 view .LVU70
 232 008c 019B     		ldr	r3, [sp, #4]
 233              	.LBE3:
  97:Core/Src/usb_otg.c ****   /* USER CODE BEGIN USB_OTG_FS_MspInit 1 */
 234              		.loc 1 97 5 discriminator 1 view .LVU71
 235              		.loc 1 102 1 is_stmt 0 view .LVU72
 236 008e C8E7     		b	.L7
 237              	.LVL11:
 238              	.L12:
  78:Core/Src/usb_otg.c ****     }
 239              		.loc 1 78 7 is_stmt 1 view .LVU73
 240 0090 FFF7FEFF 		bl	Error_Handler
 241              	.LVL12:
 242 0094 D1E7     		b	.L9
 243              	.L14:
 244 0096 00BF     		.align	2
 245              	.L13:
 246 0098 00000840 		.word	1074266112
 247 009c 00440258 		.word	1476543488
 248 00a0 00000258 		.word	1476526080
 249              		.cfi_endproc
 250              	.LFE334:
 252              		.section	.text.HAL_PCD_MspDeInit,"ax",%progbits
 253              		.align	1
 254              		.global	HAL_PCD_MspDeInit
 255              		.syntax unified
 256              		.thumb
 257              		.thumb_func
 259              	HAL_PCD_MspDeInit:
 260              	.LVL13:
 261              	.LFB335:
 103:Core/Src/usb_otg.c **** 
 104:Core/Src/usb_otg.c **** void HAL_PCD_MspDeInit(PCD_HandleTypeDef* pcdHandle)
 105:Core/Src/usb_otg.c **** {
 262              		.loc 1 105 1 view -0
 263              		.cfi_startproc
 264              		@ args = 0, pretend = 0, frame = 0
 265              		@ frame_needed = 0, uses_anonymous_args = 0
ARM GAS  C:\usertemp\ccXEeejk.s 			page 8


 266              		.loc 1 105 1 is_stmt 0 view .LVU75
 267 0000 08B5     		push	{r3, lr}
 268              	.LCFI5:
 269              		.cfi_def_cfa_offset 8
 270              		.cfi_offset 3, -8
 271              		.cfi_offset 14, -4
 106:Core/Src/usb_otg.c **** 
 107:Core/Src/usb_otg.c ****   if(pcdHandle->Instance==USB_OTG_FS)
 272              		.loc 1 107 3 is_stmt 1 view .LVU76
 273              		.loc 1 107 15 is_stmt 0 view .LVU77
 274 0002 0268     		ldr	r2, [r0]
 275              		.loc 1 107 5 view .LVU78
 276 0004 084B     		ldr	r3, .L19
 277 0006 9A42     		cmp	r2, r3
 278 0008 00D0     		beq	.L18
 279              	.LVL14:
 280              	.L15:
 108:Core/Src/usb_otg.c ****   {
 109:Core/Src/usb_otg.c ****   /* USER CODE BEGIN USB_OTG_FS_MspDeInit 0 */
 110:Core/Src/usb_otg.c **** 
 111:Core/Src/usb_otg.c ****   /* USER CODE END USB_OTG_FS_MspDeInit 0 */
 112:Core/Src/usb_otg.c ****     /* Peripheral clock disable */
 113:Core/Src/usb_otg.c ****     __HAL_RCC_USB_OTG_FS_CLK_DISABLE();
 114:Core/Src/usb_otg.c **** 
 115:Core/Src/usb_otg.c ****     /**USB_OTG_FS GPIO Configuration
 116:Core/Src/usb_otg.c ****     PA11     ------> USB_OTG_FS_DM
 117:Core/Src/usb_otg.c ****     PA12     ------> USB_OTG_FS_DP
 118:Core/Src/usb_otg.c ****     */
 119:Core/Src/usb_otg.c ****     HAL_GPIO_DeInit(GPIOA, GPIO_PIN_11|GPIO_PIN_12);
 120:Core/Src/usb_otg.c **** 
 121:Core/Src/usb_otg.c ****   /* USER CODE BEGIN USB_OTG_FS_MspDeInit 1 */
 122:Core/Src/usb_otg.c **** 
 123:Core/Src/usb_otg.c ****   /* USER CODE END USB_OTG_FS_MspDeInit 1 */
 124:Core/Src/usb_otg.c ****   }
 125:Core/Src/usb_otg.c **** }
 281              		.loc 1 125 1 view .LVU79
 282 000a 08BD     		pop	{r3, pc}
 283              	.LVL15:
 284              	.L18:
 113:Core/Src/usb_otg.c **** 
 285              		.loc 1 113 5 is_stmt 1 view .LVU80
 286 000c 074A     		ldr	r2, .L19+4
 287 000e D2F8D830 		ldr	r3, [r2, #216]
 288 0012 23F00063 		bic	r3, r3, #134217728
 289 0016 C2F8D830 		str	r3, [r2, #216]
 119:Core/Src/usb_otg.c **** 
 290              		.loc 1 119 5 view .LVU81
 291 001a 4FF4C051 		mov	r1, #6144
 292 001e 0448     		ldr	r0, .L19+8
 293              	.LVL16:
 119:Core/Src/usb_otg.c **** 
 294              		.loc 1 119 5 is_stmt 0 view .LVU82
 295 0020 FFF7FEFF 		bl	HAL_GPIO_DeInit
 296              	.LVL17:
 297              		.loc 1 125 1 view .LVU83
 298 0024 F1E7     		b	.L15
 299              	.L20:
ARM GAS  C:\usertemp\ccXEeejk.s 			page 9


 300 0026 00BF     		.align	2
 301              	.L19:
 302 0028 00000840 		.word	1074266112
 303 002c 00440258 		.word	1476543488
 304 0030 00000258 		.word	1476526080
 305              		.cfi_endproc
 306              	.LFE335:
 308              		.global	hpcd_USB_OTG_FS
 309              		.section	.bss.hpcd_USB_OTG_FS,"aw",%nobits
 310              		.align	2
 313              	hpcd_USB_OTG_FS:
 314 0000 00000000 		.space	1032
 314      00000000 
 314      00000000 
 314      00000000 
 314      00000000 
 315              		.text
 316              	.Letext0:
 317              		.file 2 "D:/armtoolchain/arm-gnu-toolchain-13.3.rel1-mingw-w64-i686-arm-none-eabi/arm-none-eabi/in
 318              		.file 3 "D:/armtoolchain/arm-gnu-toolchain-13.3.rel1-mingw-w64-i686-arm-none-eabi/arm-none-eabi/in
 319              		.file 4 "Drivers/CMSIS/Device/ST/STM32H7xx/Include/stm32h743xx.h"
 320              		.file 5 "Drivers/CMSIS/Device/ST/STM32H7xx/Include/stm32h7xx.h"
 321              		.file 6 "Drivers/STM32H7xx_HAL_Driver/Inc/stm32h7xx_hal_def.h"
 322              		.file 7 "Drivers/STM32H7xx_HAL_Driver/Inc/stm32h7xx_hal_rcc_ex.h"
 323              		.file 8 "Drivers/STM32H7xx_HAL_Driver/Inc/stm32h7xx_hal_gpio.h"
 324              		.file 9 "Drivers/STM32H7xx_HAL_Driver/Inc/stm32h7xx_ll_usb.h"
 325              		.file 10 "Drivers/STM32H7xx_HAL_Driver/Inc/stm32h7xx_hal_pcd.h"
 326              		.file 11 "Drivers/STM32H7xx_HAL_Driver/Inc/stm32h7xx_hal_pwr_ex.h"
 327              		.file 12 "Core/Inc/main.h"
 328              		.file 13 "Core/Inc/usb_otg.h"
 329              		.file 14 "<built-in>"
ARM GAS  C:\usertemp\ccXEeejk.s 			page 10


DEFINED SYMBOLS
                            *ABS*:00000000 usb_otg.c
C:\usertemp\ccXEeejk.s:20     .text.MX_USB_OTG_FS_PCD_Init:00000000 $t
C:\usertemp\ccXEeejk.s:26     .text.MX_USB_OTG_FS_PCD_Init:00000000 MX_USB_OTG_FS_PCD_Init
C:\usertemp\ccXEeejk.s:93     .text.MX_USB_OTG_FS_PCD_Init:00000030 $d
C:\usertemp\ccXEeejk.s:313    .bss.hpcd_USB_OTG_FS:00000000 hpcd_USB_OTG_FS
C:\usertemp\ccXEeejk.s:99     .text.HAL_PCD_MspInit:00000000 $t
C:\usertemp\ccXEeejk.s:105    .text.HAL_PCD_MspInit:00000000 HAL_PCD_MspInit
C:\usertemp\ccXEeejk.s:246    .text.HAL_PCD_MspInit:00000098 $d
C:\usertemp\ccXEeejk.s:253    .text.HAL_PCD_MspDeInit:00000000 $t
C:\usertemp\ccXEeejk.s:259    .text.HAL_PCD_MspDeInit:00000000 HAL_PCD_MspDeInit
C:\usertemp\ccXEeejk.s:302    .text.HAL_PCD_MspDeInit:00000028 $d
C:\usertemp\ccXEeejk.s:310    .bss.hpcd_USB_OTG_FS:00000000 $d

UNDEFINED SYMBOLS
HAL_PCD_Init
Error_Handler
memset
HAL_RCCEx_PeriphCLKConfig
HAL_PWREx_EnableUSBVoltageDetector
HAL_GPIO_Init
HAL_GPIO_DeInit
